   1              		.syntax unified
   2              		.cpu cortex-m3
   3              		.fpu softvfp
   4              		.eabi_attribute 20, 1
   5              		.eabi_attribute 21, 1
   6              		.eabi_attribute 23, 3
   7              		.eabi_attribute 24, 1
   8              		.eabi_attribute 25, 1
   9              		.eabi_attribute 26, 1
  10              		.eabi_attribute 30, 6
  11              		.eabi_attribute 34, 1
  12              		.eabi_attribute 18, 4
  13              		.thumb
  14              		.file	"SD_task.c"
  15              		.text
  16              	.Ltext0:
  17              		.cfi_sections	.debug_frame
  18              		.comm	uSdHandle,96,4
  19              		.comm	SD_CardInfo,88,8
  20              		.comm	SDFatFs,564,4
  21              		.comm	MyFileSD,556,4
  22              		.comm	LogFileOnSD,556,4
  23              		.comm	FileFont,556,4
  24              		.comm	SDPath,4,4
  25              		.section	.rodata
  26              		.align	2
  27              	.LC0:
  28 0000 4552524F 		.ascii	"ERROR: [SDTask] Error_Handler\000"
  28      523A205B 
  28      53445461 
  28      736B5D20 
  28      4572726F 
  29              		.text
  30              		.align	2
  31              		.thumb
  32              		.thumb_func
  34              	Error_Handler:
  35              	.LFB55:
  36              		.file 1 "../tasks/SDMMC/SD_task.c"
   1:../tasks/SDMMC/SD_task.c **** /*
   2:../tasks/SDMMC/SD_task.c ****  * SD_task.c
   3:../tasks/SDMMC/SD_task.c ****  *
   4:../tasks/SDMMC/SD_task.c ****  *  Created on: 15.09.2014
   5:../tasks/SDMMC/SD_task.c ****  *      Author: sagok
   6:../tasks/SDMMC/SD_task.c ****  */
   7:../tasks/SDMMC/SD_task.c **** 
   8:../tasks/SDMMC/SD_task.c **** /*		SPISD_MISO	-	PB4	(JTRST)
   9:../tasks/SDMMC/SD_task.c ****  * 		SPISD_MOSI	-	PB5
  10:../tasks/SDMMC/SD_task.c ****  * 		SPISD_SCK	-	PB3	(JTDO)
  11:../tasks/SDMMC/SD_task.c ****  * 	SPISD_MEM_NCS	-	PA4
  12:../tasks/SDMMC/SD_task.c ****  *
  13:../tasks/SDMMC/SD_task.c ****  *
  14:../tasks/SDMMC/SD_task.c ****  */
  15:../tasks/SDMMC/SD_task.c **** #ifndef SD_TASK_C_
  16:../tasks/SDMMC/SD_task.c **** #define SD_TASK_C_
  17:../tasks/SDMMC/SD_task.c **** 
  18:../tasks/SDMMC/SD_task.c **** /* Standard includes. */
  19:../tasks/SDMMC/SD_task.c **** #include <stdint.h>
  20:../tasks/SDMMC/SD_task.c **** 
  21:../tasks/SDMMC/SD_task.c **** /* Scheduler include files. */
  22:../tasks/SDMMC/SD_task.c **** #include "FreeRTOS.h"
  23:../tasks/SDMMC/SD_task.c **** #include "task.h"
  24:../tasks/SDMMC/SD_task.c **** #include "queue.h"
  25:../tasks/SDMMC/SD_task.c **** #include "semphr.h"
  26:../tasks/SDMMC/SD_task.c **** 
  27:../tasks/SDMMC/SD_task.c **** #include "main.h"
  28:../tasks/SDMMC/SD_task.c **** #include "SD_task.h"
  29:../tasks/SDMMC/SD_task.c **** #include "LEDs.h"
  30:../tasks/SDMMC/SD_task.c **** #include "RTC.h"
  31:../tasks/SDMMC/SD_task.c **** #include "Board_lcd.h"
  32:../tasks/SDMMC/SD_task.c **** 
  33:../tasks/SDMMC/SD_task.c **** /* FatFs includes component */
  34:../tasks/SDMMC/SD_task.c **** #include "ff_gen_drv.h"
  35:../tasks/SDMMC/SD_task.c **** 
  36:../tasks/SDMMC/SD_task.c **** #include "DiscBrowser.h"
  37:../tasks/SDMMC/SD_task.c **** //#include "sd_diskio.h"
  38:../tasks/SDMMC/SD_task.c **** 
  39:../tasks/SDMMC/SD_task.c **** 
  40:../tasks/SDMMC/SD_task.c **** /************************************************************************************
  41:../tasks/SDMMC/SD_task.c ****  * глобальные переменные
  42:../tasks/SDMMC/SD_task.c **** *************************************************************************************/
  43:../tasks/SDMMC/SD_task.c **** extern uint8_t aShowTime[50];
  44:../tasks/SDMMC/SD_task.c **** extern uint8_t aShowDate[50];
  45:../tasks/SDMMC/SD_task.c **** /************************************************************************************
  46:../tasks/SDMMC/SD_task.c ****  * локальные функции
  47:../tasks/SDMMC/SD_task.c **** *************************************************************************************/
  48:../tasks/SDMMC/SD_task.c **** 
  49:../tasks/SDMMC/SD_task.c **** /************************************************************************************
  50:../tasks/SDMMC/SD_task.c ****  * локальные переменные
  51:../tasks/SDMMC/SD_task.c **** *************************************************************************************/
  52:../tasks/SDMMC/SD_task.c **** FATFS SDFatFs;  /* File system object for SD card logical drive */
  53:../tasks/SDMMC/SD_task.c **** FIL MyFileSD;     /* File object */
  54:../tasks/SDMMC/SD_task.c **** FIL LogFileOnSD;     					// логфайл на карточке
  55:../tasks/SDMMC/SD_task.c **** 
  56:../tasks/SDMMC/SD_task.c **** FIL FileFont;
  57:../tasks/SDMMC/SD_task.c **** char SDPath[4]; 						/* SD card logical drive path */
  58:../tasks/SDMMC/SD_task.c **** 
  59:../tasks/SDMMC/SD_task.c **** extern Diskio_drvTypeDef  SD_Driver;
  60:../tasks/SDMMC/SD_task.c **** 
  61:../tasks/SDMMC/SD_task.c **** /*****************************************************************
  62:../tasks/SDMMC/SD_task.c **** * @brief  This function is executed in case of error occurrence.
  63:../tasks/SDMMC/SD_task.c **** ******************************************************************/
  64:../tasks/SDMMC/SD_task.c **** static void Error_Handler(void)
  65:../tasks/SDMMC/SD_task.c **** {
  37              		.loc 1 65 0
  38              		.cfi_startproc
  39              		@ args = 0, pretend = 0, frame = 0
  40              		@ frame_needed = 1, uses_anonymous_args = 0
  41 0000 80B5     		push	{r7, lr}
  42              		.cfi_def_cfa_offset 8
  43              		.cfi_offset 7, -8
  44              		.cfi_offset 14, -4
  45 0002 00AF     		add	r7, sp, #0
  46              		.cfi_def_cfa_register 7
  66:../tasks/SDMMC/SD_task.c ****   TST_High(TST4);
  47              		.loc 1 66 0
  48 0004 0220     		movs	r0, #2
  49 0006 FFF7FEFF 		bl	TST_High
  67:../tasks/SDMMC/SD_task.c ****   printf("ERROR: [SDTask] Error_Handler\n");
  50              		.loc 1 67 0
  51 000a 40F20000 		movw	r0, #:lower16:.LC0
  52 000e C0F20000 		movt	r0, #:upper16:.LC0
  53 0012 FFF7FEFF 		bl	puts
  54              	.L2:
  68:../tasks/SDMMC/SD_task.c ****   while(1)  {  }
  55              		.loc 1 68 0 discriminator 1
  56 0016 FEE7     		b	.L2
  57              		.cfi_endproc
  58              	.LFE55:
  60              		.section	.rodata
  61 001e 0000     		.align	2
  62              	.LC1:
  63 0020 5B53445D 		.ascii	"[SD] I:vTaskSDMMC - Link the SD disk I/O driver .. "
  63      20493A76 
  63      5461736B 
  63      53444D4D 
  63      43202D20 
  64 0053 6F6B00   		.ascii	"ok\000"
  65 0056 0000     		.align	2
  66              	.LC2:
  67 0058 5B53445D 		.ascii	"[SD] E:vTaskSDMMC - FatFs Initialization Error\000"
  67      20453A76 
  67      5461736B 
  67      53444D4D 
  67      43202D20 
  68 0087 00       		.align	2
  69              	.LC3:
  70 0088 506F7765 		.ascii	"Power on.\012\000"
  70      72206F6E 
  70      2E0A00
  71 0093 00       		.text
  72              		.align	2
  73              		.global	vTaskSDMMC
  74              		.thumb
  75              		.thumb_func
  77              	vTaskSDMMC:
  78              	.LFB56:
  69:../tasks/SDMMC/SD_task.c **** }
  70:../tasks/SDMMC/SD_task.c **** /************************************************************************************
  71:../tasks/SDMMC/SD_task.c ****  * vTaskDisplay
  72:../tasks/SDMMC/SD_task.c **** *************************************************************************************/
  73:../tasks/SDMMC/SD_task.c **** void vTaskSDMMC(void *pvParameters)
  74:../tasks/SDMMC/SD_task.c **** {
  79              		.loc 1 74 0
  80              		.cfi_startproc
  81              		@ args = 0, pretend = 0, frame = 264
  82              		@ frame_needed = 1, uses_anonymous_args = 0
  83 0018 80B5     		push	{r7, lr}
  84              		.cfi_def_cfa_offset 8
  85              		.cfi_offset 7, -8
  86              		.cfi_offset 14, -4
  87 001a C2B0     		sub	sp, sp, #264
  88              		.cfi_def_cfa_offset 272
  89 001c 00AF     		add	r7, sp, #0
  90              		.cfi_def_cfa_register 7
  91 001e 3B1D     		adds	r3, r7, #4
  92 0020 1860     		str	r0, [r3]
  75:../tasks/SDMMC/SD_task.c **** 	FRESULT		res;
  76:../tasks/SDMMC/SD_task.c **** 	uint32_t 	byteswritten;
  77:../tasks/SDMMC/SD_task.c **** 	uint8_t  	MessageLog[255];
  78:../tasks/SDMMC/SD_task.c **** 	int 		Hours, Minutes, Seconds, Date, Month, Year;
  79:../tasks/SDMMC/SD_task.c **** 
  80:../tasks/SDMMC/SD_task.c **** 
  81:../tasks/SDMMC/SD_task.c **** 	Init_RTC();																			//инит часов.
  93              		.loc 1 81 0
  94 0022 FFF7FEFF 		bl	Init_RTC
  82:../tasks/SDMMC/SD_task.c **** 
  83:../tasks/SDMMC/SD_task.c **** 	 RTC_CalendarShow(aShowTime, aShowDate);
  95              		.loc 1 83 0
  96 0026 40F20000 		movw	r0, #:lower16:aShowTime
  97 002a C0F20000 		movt	r0, #:upper16:aShowTime
  98 002e 40F20001 		movw	r1, #:lower16:aShowDate
  99 0032 C0F20001 		movt	r1, #:upper16:aShowDate
 100 0036 FFF7FEFF 		bl	RTC_CalendarShow
  84:../tasks/SDMMC/SD_task.c **** 
  85:../tasks/SDMMC/SD_task.c **** 	  if(FATFS_LinkDriver(&SD_Driver, SDPath) == 0)										// Запускаем драйвер SD диска
 101              		.loc 1 85 0
 102 003a 40F20000 		movw	r0, #:lower16:SD_Driver
 103 003e C0F20000 		movt	r0, #:upper16:SD_Driver
 104 0042 40F20001 		movw	r1, #:lower16:SDPath
 105 0046 C0F20001 		movt	r1, #:upper16:SDPath
 106 004a FFF7FEFF 		bl	FATFS_LinkDriver
 107 004e 0346     		mov	r3, r0
 108 0050 002B     		cmp	r3, #0
 109 0052 27D1     		bne	.L4
  86:../tasks/SDMMC/SD_task.c **** 	  {
  87:../tasks/SDMMC/SD_task.c **** 			printf("[SD] I:vTaskSDMMC - Link the SD disk I/O driver .. ok\n");
 110              		.loc 1 87 0
 111 0054 40F20000 		movw	r0, #:lower16:.LC1
 112 0058 C0F20000 		movt	r0, #:upper16:.LC1
 113 005c FFF7FEFF 		bl	puts
  88:../tasks/SDMMC/SD_task.c **** 		    if(f_mount(&SDFatFs, (TCHAR const*)SDPath, 0) != FR_OK)						// запускаем поддержку ФАТ на ди
 114              		.loc 1 88 0
 115 0060 40F20000 		movw	r0, #:lower16:SDFatFs
 116 0064 C0F20000 		movt	r0, #:upper16:SDFatFs
 117 0068 40F20001 		movw	r1, #:lower16:SDPath
 118 006c C0F20001 		movt	r1, #:upper16:SDPath
 119 0070 0022     		movs	r2, #0
 120 0072 FFF7FEFF 		bl	f_mount
 121 0076 0346     		mov	r3, r0
 122 0078 002B     		cmp	r3, #0
 123 007a 08D0     		beq	.L5
  89:../tasks/SDMMC/SD_task.c **** 		    {
  90:../tasks/SDMMC/SD_task.c **** 			  printf("[SD] E:vTaskSDMMC - FatFs Initialization Error\n");
 124              		.loc 1 90 0
 125 007c 40F20000 		movw	r0, #:lower16:.LC2
 126 0080 C0F20000 		movt	r0, #:upper16:.LC2
 127 0084 FFF7FEFF 		bl	puts
  91:../tasks/SDMMC/SD_task.c **** 		      Error_Handler();
 128              		.loc 1 91 0
 129 0088 FFF7BAFF 		bl	Error_Handler
 130 008c 0AE0     		b	.L4
 131              	.L5:
  92:../tasks/SDMMC/SD_task.c **** 		    }
  93:../tasks/SDMMC/SD_task.c **** 		    else
  94:../tasks/SDMMC/SD_task.c **** 		     {
  95:../tasks/SDMMC/SD_task.c **** 		    	Write_to_logFile(&LogFileOnSD, (char *)"Power on.\n",sizeof("Power on.\n")-1);	// добавим в 
 132              		.loc 1 95 0
 133 008e 40F20000 		movw	r0, #:lower16:LogFileOnSD
 134 0092 C0F20000 		movt	r0, #:upper16:LogFileOnSD
 135 0096 40F20001 		movw	r1, #:lower16:.LC3
 136 009a C0F20001 		movt	r1, #:upper16:.LC3
 137 009e 0A22     		movs	r2, #10
 138 00a0 FFF7FEFF 		bl	Write_to_logFile
 139              	.L4:
  96:../tasks/SDMMC/SD_task.c **** 
  97:../tasks/SDMMC/SD_task.c **** //				RTC_GetTime(Hours,Minutes,Seconds);
  98:../tasks/SDMMC/SD_task.c **** //				RTC_GetDate(Date,Month,Year);
  99:../tasks/SDMMC/SD_task.c **** //				set_timestamp("log.txt",2015,Month,Date,Hours,Minutes,Seconds);
 100:../tasks/SDMMC/SD_task.c **** 		     }
 101:../tasks/SDMMC/SD_task.c **** 
 102:../tasks/SDMMC/SD_task.c **** 	  }
 103:../tasks/SDMMC/SD_task.c **** //	  FATFS_UnLinkDriver(SDPath);				// отключаем диск
 104:../tasks/SDMMC/SD_task.c **** 
 105:../tasks/SDMMC/SD_task.c **** 	  for (;;)
 106:../tasks/SDMMC/SD_task.c **** 	  {
 107:../tasks/SDMMC/SD_task.c **** 	 	 TST_Toggle(TST5);
 140              		.loc 1 107 0 discriminator 1
 141 00a4 0320     		movs	r0, #3
 142 00a6 FFF7FEFF 		bl	TST_Toggle
 108:../tasks/SDMMC/SD_task.c **** 		 RTC_CalendarShow(aShowTime, aShowDate);
 143              		.loc 1 108 0 discriminator 1
 144 00aa 40F20000 		movw	r0, #:lower16:aShowTime
 145 00ae C0F20000 		movt	r0, #:upper16:aShowTime
 146 00b2 40F20001 		movw	r1, #:lower16:aShowDate
 147 00b6 C0F20001 		movt	r1, #:upper16:aShowDate
 148 00ba FFF7FEFF 		bl	RTC_CalendarShow
 109:../tasks/SDMMC/SD_task.c **** 		 vTaskDelay(1000);
 149              		.loc 1 109 0 discriminator 1
 150 00be 4FF47A70 		mov	r0, #1000
 151 00c2 FFF7FEFF 		bl	vTaskDelay
 110:../tasks/SDMMC/SD_task.c **** 		 taskYIELD();									// все что нужно выполнили
 152              		.loc 1 110 0 discriminator 1
 153 00c6 FFF7FEFF 		bl	vPortYield
 111:../tasks/SDMMC/SD_task.c **** //		 vTaskDelete(NULL);				// удаляем таск если вдруг вывалился из цикла таска
 112:../tasks/SDMMC/SD_task.c **** 	  }
 154              		.loc 1 112 0 discriminator 1
 155 00ca EBE7     		b	.L4
 156              		.cfi_endproc
 157              	.LFE56:
 159              	.Letext0:
 160              		.file 2 "c:\\program files (x86)\\codesourcery\\arm-none-eabi\\include\\stdint.h"
 161              		.file 3 "D:\\workspace\\console800480\\system/stm32f217xx.h"
 162              		.file 4 "D:\\workspace\\console800480\\STM32F2xx_HAL_Driver\\Inc/stm32f2xx_hal_def.h"
 163              		.file 5 "D:\\workspace\\console800480\\STM32F2xx_HAL_Driver\\Inc/stm32f2xx_hal_dma.h"
 164              		.file 6 "D:\\workspace\\console800480\\STM32F2xx_HAL_Driver\\Inc/stm32f2xx_ll_sdmmc.h"
 165              		.file 7 "D:\\workspace\\console800480\\STM32F2xx_HAL_Driver\\Inc/stm32f2xx_hal_sd.h"
 166              		.file 8 "D:\\workspace\\console800480\\tasks\\SDMMC/integer.h"
 167              		.file 9 "D:\\workspace\\console800480\\src/LEDs.h"
 168              		.file 10 "D:\\workspace\\console800480\\tasks\\SDMMC/diskio.h"
 169              		.file 11 "D:\\workspace\\console800480\\tasks\\SDMMC/ff.h"
 170              		.file 12 "D:\\workspace\\console800480\\tasks\\SDMMC/ff_gen_drv.h"
 171              		.file 13 "D:\\workspace\\console800480\\system/core_cm3.h"
 172              		.file 14 "D:\\workspace\\console800480/main.h"
DEFINED SYMBOLS
                            *ABS*:00000000 SD_task.c
                            *COM*:00000060 uSdHandle
                            *COM*:00000058 SD_CardInfo
                            *COM*:00000234 SDFatFs
                            *COM*:0000022c MyFileSD
                            *COM*:0000022c LogFileOnSD
                            *COM*:0000022c FileFont
                            *COM*:00000004 SDPath
C:\Users\sagok\AppData\Local\Temp\ccGWQyPY.s:26     .rodata:00000000 $d
C:\Users\sagok\AppData\Local\Temp\ccGWQyPY.s:27     .rodata:00000000 .LC0
C:\Users\sagok\AppData\Local\Temp\ccGWQyPY.s:30     .text:00000000 $t
C:\Users\sagok\AppData\Local\Temp\ccGWQyPY.s:34     .text:00000000 Error_Handler
C:\Users\sagok\AppData\Local\Temp\ccGWQyPY.s:62     .rodata:00000020 .LC1
C:\Users\sagok\AppData\Local\Temp\ccGWQyPY.s:66     .rodata:00000058 .LC2
C:\Users\sagok\AppData\Local\Temp\ccGWQyPY.s:69     .rodata:00000088 .LC3
C:\Users\sagok\AppData\Local\Temp\ccGWQyPY.s:77     .text:00000018 vTaskSDMMC
                     .debug_frame:00000010 $d
                           .group:00000000 wm4.1.7f551ac7fcad8b79b9df4bfdaa536673
                           .group:00000000 wm4.newlib.h.8.384a112feabb3bef7b573ae48cde2e3b
                           .group:00000000 wm4.features.h.22.6a4ca7cd053637cc1d0db6c16f39b2d7
                           .group:00000000 wm4.config.h.183.aa62afef667fb61d15fa64c48beb2f14
                           .group:00000000 wm4._ansi.h.23.5644b60c990a4800b02a6e654e88f93a
                           .group:00000000 wm4.stdint.h.20.54ad762faa59e3c05491630641c8d8bf
                           .group:00000000 wm4.stddef.h.39.daafd3d79fe2f3a84d2d73d7d4e706f8
                           .group:00000000 wm4.projdefs.h.67.1891ed3aab788f154f6e7a8ff42f2cfd
                           .group:00000000 wm4.FreeRTOSConfig.h.51.b259e2e835793b5f31e6fb224a543b76
                           .group:00000000 wm4.portmacro.h.68.b9ad41c1c2fd3fb36d97939d17ebacd9
                           .group:00000000 wm4.portable.h.325.a31e8973a246cd28421ddb595e37fd13
                           .group:00000000 wm4.mpu_wrappers.h.67.4bcfd12ce15e5313ce3efd77400f8168
                           .group:00000000 wm4.FreeRTOS.h.177.d801ec107caaf24697618049ed7605b1
                           .group:00000000 wm4.list.h.96.eaa3d29743bd681933f9f5e726c756a1
                           .group:00000000 wm4.task.h.84.ff846741c7bdac87bd4a7636d5320d68
                           .group:00000000 wm4.queue.h.68.1266563298ebacb4a83c08ead1e4111f
                           .group:00000000 wm4.semphr.h.77.cfc41285e8d228b828c00c3fce52801f
                           .group:00000000 wm4.stm32f2xx_hal_conf.h.40.007126baefb9f966c36646edbf8040d2
                           .group:00000000 wm4.stm32f2xx.h.57.5ec1581efc43612c411d33a8686e9ec7
                           .group:00000000 wm4.stm32f217xx.h.52.9c940d76d00294b78837dc334c172fdd
                           .group:00000000 wm4.core_cm3.h.32.49180ccb4d36cabd2d7016d2a51d91ae
                           .group:00000000 wm4.core_cmInstr.h.25.f50f886f2edf670cf199b35fd96f5c91
                           .group:00000000 wm4.core_cm3.h.130.63ab2348a6eed0fdb318040d970b676c
                           .group:00000000 wm4.stm32f217xx.h.978.a5c681952b2f704a0e7f2ba21d08adf5
                           .group:00000000 wm4.stm32f2xx.h.142.bc2155a1f7498bab16371e38413a9e41
                           .group:00000000 wm4.stm32f2xx_hal_def.h.77.f01e0b08acb70880298bffe6e4d93d24
                           .group:00000000 wm4.stm32f2xx_hal_rcc.h.142.ec0f91cc6576a6acebd17e6dd85829ae
                           .group:00000000 wm4.stm32f2xx_hal_rcc_ex.h.40.0829033e864455c6bdd0db01f8ba5a50
                           .group:00000000 wm4.stm32f2xx_hal_gpio.h.40.ba64e0bb94d9a68835f80159f39a86f1
                           .group:00000000 wm4.stm32f2xx_hal_gpio_ex.h.40.24e547fd402281923f446b510381083f
                           .group:00000000 wm4.stm32f2xx_hal_dma.h.40.5d9732ace2a21a4526ce8f0c52428fff
                           .group:00000000 wm4.stm32f2xx_hal_cortex.h.40.e10263d2ec5d4fa79b4180ce1a38aff1
                           .group:00000000 wm4.stm32f2xx_hal_adc.h.40.89ac8b78113cac4cf63847587daabac9
                           .group:00000000 wm4.stm32f2xx_hal_adc_ex.h.40.7de68ed256ef25526ee31cc017f2c291
                           .group:00000000 wm4.stm32f2xx_hal_flash.h.40.c3171719ce015e9cff20c795e44e886d
                           .group:00000000 wm4.stm32f2xx_hal_flash_ex.h.40.7389508bd24a0aeb077bde0c9fb651eb
                           .group:00000000 wm4.stm32f2xx_ll_fsmc.h.40.c1c32f2e1862f4dd342bd9b80fb895bb
                           .group:00000000 wm4.stm32f2xx_hal_pwr.h.40.812df32e5c31b609a128e9db0eb4cbd0
                           .group:00000000 wm4.stm32f2xx_hal_rtc.h.40.850fda5fe2cce8797446913dee18382f
                           .group:00000000 wm4.stm32f2xx_hal_rtc_ex.h.40.f3e0c408e3bf4e8a0352d7ec9a18a822
                           .group:00000000 wm4.stm32f2xx_ll_sdmmc.h.40.3719ab487c4b77401c572f459adf6eb7
                           .group:00000000 wm4.stm32f2xx_hal_sd.h.58.760215394dcc316161a6482c0af9b866
                           .group:00000000 wm4.stm32f2xx_hal_spi.h.40.7984243dbaba8b21c6392998a47e6987
                           .group:00000000 wm4.stm32f2xx_hal_tim.h.40.d79172f25d0e9a15dc346aba8515bdd6
                           .group:00000000 wm4.stm32f2xx_hal_tim_ex.h.40.361f280a7a3f60b4b238bb99ca728d83
                           .group:00000000 wm4.stm32f2xx_hal_uart.h.40.d74def561ae6f78f40f477c8426ecbef
                           .group:00000000 wm4.stm32f2xx_ll_usb.h.40.9b0206a05bc6ce3bec1648b51f22cb81
                           .group:00000000 wm4.stm32f2xx_hal_pcd.h.99.11faba414c39e357b2f23364912d0605
                           .group:00000000 wm4.stm32f2xx_hal_hcd.h.40.44ee5e972983ae0139ddbacdc75c44ef
                           .group:00000000 wm4.stm32f2xx_hal.h.64.ed79ee83e52b151b3c365392b398f866
                           .group:00000000 wm4.stdio.h.31.7c0e28c411445f3f9c5b11accf882760
                           .group:00000000 wm4.stddef.h.158.a7efb00f6cbc6f43213b50e183c9830c
                           .group:00000000 wm4.stdarg.h.34.3a23a216c0c293b3d2ea2e89281481e6
                           .group:00000000 wm4._default_types.h.6.5e12cd604db8ce00b62bb2f02708eaf3
                           .group:00000000 wm4.lock.h.2.9bc98482741e5e2a9450b12934a684ea
                           .group:00000000 wm4._types.h.59.db8450f33c1f6150c0372fa1091a887a
                           .group:00000000 wm4.stddef.h.158.61317cdbfb4026324507d123a50b0fd6
                           .group:00000000 wm4.reent.h.16.567d760e6ae9ad7f917851a308bd7a57
                           .group:00000000 wm4.types.h.23.0d949686bbcadd1621462d4fa1f884f9
                           .group:00000000 wm4.types.h.2.e9cec8c90ab35f77d9f499e06ae02400
                           .group:00000000 wm4.types.h.80.5759fe41f87f5211a5952dfb1fc64f19
                           .group:00000000 wm4.stdio.h.2.4aa87247282eca6c8f36f9de33d8df1a
                           .group:00000000 wm4.stdio.h.64.f9f1bb6b0d3d7e12f6a27968d859709c
                           .group:00000000 wm4.stdlib.h.18.8bab2fb43ac4e90235390733c30a4530
                           .group:00000000 wm4.alloca.h.8.dfc0c703c47ec3e69746825b17d9e66d
                           .group:00000000 wm4.stdlib.h.55.7091a050e07f1c4abd225630fe3d62f1
                           .group:00000000 wm4.cdefs.h.56.efab90f4d89fbc41d6b3a5c5fb0d3d0f
                           .group:00000000 wm4.string.h.15.dab3980bf35408a4c507182805e2de3a
                           .group:00000000 wm4.string.h.126.6ff3aa59129e7f66b2c273baf353e066
                           .group:00000000 wm4.Display.h.39.49592f1e6d055d6383457fd20cdd98de
                           .group:00000000 wm4.usbd_conf.h.42.6b5dabdfef26be13dabbf5c06e1837cb
                           .group:00000000 wm4.usbd_def.h.54.f0a777e557f44b0cdc32a86cdf6d44e8
                           .group:00000000 wm4.usbd_cdc.h.48.93470a15f0b6146c8b31621ae3de674b
                           .group:00000000 wm4.LEDs.h.9.36ffa4b30bd168dc58d64fa6e53a9a30
                           .group:00000000 wm4.RTC.h.9.d2e9f8e3c405bedc3cda5764e7f71017
                           .group:00000000 wm4.ampire800480.h.41.5ff3ff7f2f2f1dee044ea79164b8097b
                           .group:00000000 wm4.ili9320.h.50.f761f52cfdd99924b98cb91d8ee9ccd3
                           .group:00000000 wm4.fonts.h.40.da354735f9216c5e20df37a85cbaf4e6
                           .group:00000000 wm4.diskio.h.6.8da7330f9b93c43e88f440080fbc00d0
                           .group:00000000 wm4.diskio.h.43.17c6f92f3f6ff58b941e8553c0aeafe2
                           .group:00000000 wm4.usbh_conf.h.30.444586ff5f8e9ffa91d43bb9026a16ef
                           .group:00000000 wm4.usbh_def.h.42.e5773f0fe2e07d0c2c7284f319cefcfb
                           .group:00000000 wm4.usbh_ioreq.h.53.3586266a62e1adb6014256f47bfe28ae
                           .group:00000000 wm4.usbh_ctlreq.h.30.baf76fe1032fc0ccc3b759e321acc69d
                           .group:00000000 wm4.usbh_core.h.60.126ed10f424484efe8e3332cf8789488
                           .group:00000000 wm4.usbh_msc_bot.h.150.7a573dd4700e98f78a08f0e60cd8a2e8
                           .group:00000000 wm4.usbh_msc_scsi.h.30.7ac65aef8ad2b1cb473eb44388537ea2
                           .group:00000000 wm4.usbh_msc.h.92.1eaed72009e45245618cff3cc0ab5900
                           .group:00000000 wm4.ffconf.h.19.cf478c53f215b23144e0b163e0b92c6c
                           .group:00000000 wm4.ff.h.45.ea85cd9763a25d97ae88799c83ef7c63
                           .group:00000000 wm4.Board_lcd.h.71.7c41836bcc6ef6378c5f61621a36b530

UNDEFINED SYMBOLS
TST_High
puts
Init_RTC
aShowTime
aShowDate
RTC_CalendarShow
SD_Driver
FATFS_LinkDriver
f_mount
Write_to_logFile
TST_Toggle
vTaskDelay
vPortYield
