   1              		.syntax unified
   2              		.cpu cortex-m3
   3              		.fpu softvfp
   4              		.eabi_attribute 20, 1
   5              		.eabi_attribute 21, 1
   6              		.eabi_attribute 23, 3
   7              		.eabi_attribute 24, 1
   8              		.eabi_attribute 25, 1
   9              		.eabi_attribute 26, 1
  10              		.eabi_attribute 30, 6
  11              		.eabi_attribute 34, 1
  12              		.eabi_attribute 18, 4
  13              		.thumb
  14              		.file	"timers.c"
  15              		.text
  16              	.Ltext0:
  17              		.cfi_sections	.debug_frame
  18              	.Letext0:
DEFINED SYMBOLS
                            *ABS*:00000000 timers.c
                           .group:00000000 wm4.1.7f551ac7fcad8b79b9df4bfdaa536673
                           .group:00000000 wm4.newlib.h.8.384a112feabb3bef7b573ae48cde2e3b
                           .group:00000000 wm4.features.h.22.6a4ca7cd053637cc1d0db6c16f39b2d7
                           .group:00000000 wm4.config.h.183.aa62afef667fb61d15fa64c48beb2f14
                           .group:00000000 wm4._ansi.h.23.5644b60c990a4800b02a6e654e88f93a
                           .group:00000000 wm4.stdlib.h.18.8bab2fb43ac4e90235390733c30a4530
                           .group:00000000 wm4.stddef.h.184.aa65fb7281d578229bbad41b91862635
                           .group:00000000 wm4._default_types.h.6.5e12cd604db8ce00b62bb2f02708eaf3
                           .group:00000000 wm4.lock.h.2.9bc98482741e5e2a9450b12934a684ea
                           .group:00000000 wm4._types.h.59.db8450f33c1f6150c0372fa1091a887a
                           .group:00000000 wm4.stddef.h.348.9a99de77b6ba3b4278b57e9cc6d6e349
                           .group:00000000 wm4.reent.h.16.567d760e6ae9ad7f917851a308bd7a57
                           .group:00000000 wm4.alloca.h.8.dfc0c703c47ec3e69746825b17d9e66d
                           .group:00000000 wm4.stdlib.h.55.7091a050e07f1c4abd225630fe3d62f1
                           .group:00000000 wm4.stddef.h.39.d0197034aa5fd947cae140b9289e6734
                           .group:00000000 wm4.stdint.h.10.90b695f550ca6cc3fb08fa83baf01e05
                           .group:00000000 wm4.projdefs.h.67.1891ed3aab788f154f6e7a8ff42f2cfd
                           .group:00000000 wm4.FreeRTOSConfig.h.51.b259e2e835793b5f31e6fb224a543b76
                           .group:00000000 wm4.portmacro.h.68.b9ad41c1c2fd3fb36d97939d17ebacd9
                           .group:00000000 wm4.portable.h.325.a31e8973a246cd28421ddb595e37fd13
                           .group:00000000 wm4.mpu_wrappers.h.67.4bcfd12ce15e5313ce3efd77400f8168
                           .group:00000000 wm4.FreeRTOS.h.177.d801ec107caaf24697618049ed7605b1
                           .group:00000000 wm4.list.h.96.eaa3d29743bd681933f9f5e726c756a1
                           .group:00000000 wm4.task.h.84.ff846741c7bdac87bd4a7636d5320d68
                           .group:00000000 wm4.queue.h.68.1266563298ebacb4a83c08ead1e4111f
                           .group:00000000 wm4.timers.h.92.7e7e1a9bf65701faf3dfc9cf90e720c0

NO UNDEFINED SYMBOLS
