   1              		.syntax unified
   2              		.cpu cortex-m3
   3              		.fpu softvfp
   4              		.eabi_attribute 20, 1
   5              		.eabi_attribute 21, 1
   6              		.eabi_attribute 23, 3
   7              		.eabi_attribute 24, 1
   8              		.eabi_attribute 25, 1
   9              		.eabi_attribute 26, 1
  10              		.eabi_attribute 30, 6
  11              		.eabi_attribute 34, 1
  12              		.eabi_attribute 18, 4
  13              		.thumb
  14              		.file	"stm32f2xx_hal_msp_template.c"
  15              		.text
  16              	.Ltext0:
  17              		.cfi_sections	.debug_frame
  18              		.align	2
  19              		.global	HAL_MspInit
  20              		.thumb
  21              		.thumb_func
  23              	HAL_MspInit:
  24              	.LFB55:
  25              		.file 1 "../STM32F2xx_HAL_Driver/Src/stm32f2xx_hal_msp_template.c"
   1:../STM32F2xx_HAL_Driver/Src/stm32f2xx_hal_msp_template.c **** /**
   2:../STM32F2xx_HAL_Driver/Src/stm32f2xx_hal_msp_template.c ****   ******************************************************************************
   3:../STM32F2xx_HAL_Driver/Src/stm32f2xx_hal_msp_template.c ****   * @file    stm32f2xx_hal_msp_template.c
   4:../STM32F2xx_HAL_Driver/Src/stm32f2xx_hal_msp_template.c ****   * @author  MCD Application Team
   5:../STM32F2xx_HAL_Driver/Src/stm32f2xx_hal_msp_template.c ****   * @version V1.0.1
   6:../STM32F2xx_HAL_Driver/Src/stm32f2xx_hal_msp_template.c ****   * @date    25-March-2014
   7:../STM32F2xx_HAL_Driver/Src/stm32f2xx_hal_msp_template.c ****   * @brief   HAL MSP module.
   8:../STM32F2xx_HAL_Driver/Src/stm32f2xx_hal_msp_template.c ****   *          This file template is located in the HAL folder and should be copied 
   9:../STM32F2xx_HAL_Driver/Src/stm32f2xx_hal_msp_template.c ****   *          to the user folder.
  10:../STM32F2xx_HAL_Driver/Src/stm32f2xx_hal_msp_template.c ****   *         
  11:../STM32F2xx_HAL_Driver/Src/stm32f2xx_hal_msp_template.c ****   @verbatim
  12:../STM32F2xx_HAL_Driver/Src/stm32f2xx_hal_msp_template.c ****  ===============================================================================
  13:../STM32F2xx_HAL_Driver/Src/stm32f2xx_hal_msp_template.c ****                      ##### How to use this driver #####
  14:../STM32F2xx_HAL_Driver/Src/stm32f2xx_hal_msp_template.c ****  ===============================================================================
  15:../STM32F2xx_HAL_Driver/Src/stm32f2xx_hal_msp_template.c ****     [..]
  16:../STM32F2xx_HAL_Driver/Src/stm32f2xx_hal_msp_template.c ****     This file is generated automatically by MicroXplorer and eventually modified 
  17:../STM32F2xx_HAL_Driver/Src/stm32f2xx_hal_msp_template.c ****     by the user
  18:../STM32F2xx_HAL_Driver/Src/stm32f2xx_hal_msp_template.c **** 
  19:../STM32F2xx_HAL_Driver/Src/stm32f2xx_hal_msp_template.c ****   @endverbatim
  20:../STM32F2xx_HAL_Driver/Src/stm32f2xx_hal_msp_template.c ****   ******************************************************************************
  21:../STM32F2xx_HAL_Driver/Src/stm32f2xx_hal_msp_template.c ****   * @attention
  22:../STM32F2xx_HAL_Driver/Src/stm32f2xx_hal_msp_template.c ****   *
  23:../STM32F2xx_HAL_Driver/Src/stm32f2xx_hal_msp_template.c ****   * <h2><center>&copy; COPYRIGHT(c) 2014 STMicroelectronics</center></h2>
  24:../STM32F2xx_HAL_Driver/Src/stm32f2xx_hal_msp_template.c ****   *
  25:../STM32F2xx_HAL_Driver/Src/stm32f2xx_hal_msp_template.c ****   * Redistribution and use in source and binary forms, with or without modification,
  26:../STM32F2xx_HAL_Driver/Src/stm32f2xx_hal_msp_template.c ****   * are permitted provided that the following conditions are met:
  27:../STM32F2xx_HAL_Driver/Src/stm32f2xx_hal_msp_template.c ****   *   1. Redistributions of source code must retain the above copyright notice,
  28:../STM32F2xx_HAL_Driver/Src/stm32f2xx_hal_msp_template.c ****   *      this list of conditions and the following disclaimer.
  29:../STM32F2xx_HAL_Driver/Src/stm32f2xx_hal_msp_template.c ****   *   2. Redistributions in binary form must reproduce the above copyright notice,
  30:../STM32F2xx_HAL_Driver/Src/stm32f2xx_hal_msp_template.c ****   *      this list of conditions and the following disclaimer in the documentation
  31:../STM32F2xx_HAL_Driver/Src/stm32f2xx_hal_msp_template.c ****   *      and/or other materials provided with the distribution.
  32:../STM32F2xx_HAL_Driver/Src/stm32f2xx_hal_msp_template.c ****   *   3. Neither the name of STMicroelectronics nor the names of its contributors
  33:../STM32F2xx_HAL_Driver/Src/stm32f2xx_hal_msp_template.c ****   *      may be used to endorse or promote products derived from this software
  34:../STM32F2xx_HAL_Driver/Src/stm32f2xx_hal_msp_template.c ****   *      without specific prior written permission.
  35:../STM32F2xx_HAL_Driver/Src/stm32f2xx_hal_msp_template.c ****   *
  36:../STM32F2xx_HAL_Driver/Src/stm32f2xx_hal_msp_template.c ****   * THIS SOFTWARE IS PROVIDED BY THE COPYRIGHT HOLDERS AND CONTRIBUTORS "AS IS"
  37:../STM32F2xx_HAL_Driver/Src/stm32f2xx_hal_msp_template.c ****   * AND ANY EXPRESS OR IMPLIED WARRANTIES, INCLUDING, BUT NOT LIMITED TO, THE
  38:../STM32F2xx_HAL_Driver/Src/stm32f2xx_hal_msp_template.c ****   * IMPLIED WARRANTIES OF MERCHANTABILITY AND FITNESS FOR A PARTICULAR PURPOSE ARE
  39:../STM32F2xx_HAL_Driver/Src/stm32f2xx_hal_msp_template.c ****   * DISCLAIMED. IN NO EVENT SHALL THE COPYRIGHT HOLDER OR CONTRIBUTORS BE LIABLE
  40:../STM32F2xx_HAL_Driver/Src/stm32f2xx_hal_msp_template.c ****   * FOR ANY DIRECT, INDIRECT, INCIDENTAL, SPECIAL, EXEMPLARY, OR CONSEQUENTIAL
  41:../STM32F2xx_HAL_Driver/Src/stm32f2xx_hal_msp_template.c ****   * DAMAGES (INCLUDING, BUT NOT LIMITED TO, PROCUREMENT OF SUBSTITUTE GOODS OR
  42:../STM32F2xx_HAL_Driver/Src/stm32f2xx_hal_msp_template.c ****   * SERVICES; LOSS OF USE, DATA, OR PROFITS; OR BUSINESS INTERRUPTION) HOWEVER
  43:../STM32F2xx_HAL_Driver/Src/stm32f2xx_hal_msp_template.c ****   * CAUSED AND ON ANY THEORY OF LIABILITY, WHETHER IN CONTRACT, STRICT LIABILITY,
  44:../STM32F2xx_HAL_Driver/Src/stm32f2xx_hal_msp_template.c ****   * OR TORT (INCLUDING NEGLIGENCE OR OTHERWISE) ARISING IN ANY WAY OUT OF THE USE
  45:../STM32F2xx_HAL_Driver/Src/stm32f2xx_hal_msp_template.c ****   * OF THIS SOFTWARE, EVEN IF ADVISED OF THE POSSIBILITY OF SUCH DAMAGE.
  46:../STM32F2xx_HAL_Driver/Src/stm32f2xx_hal_msp_template.c ****   *
  47:../STM32F2xx_HAL_Driver/Src/stm32f2xx_hal_msp_template.c ****   ******************************************************************************
  48:../STM32F2xx_HAL_Driver/Src/stm32f2xx_hal_msp_template.c ****   */ 
  49:../STM32F2xx_HAL_Driver/Src/stm32f2xx_hal_msp_template.c **** 
  50:../STM32F2xx_HAL_Driver/Src/stm32f2xx_hal_msp_template.c **** /* Includes ------------------------------------------------------------------*/
  51:../STM32F2xx_HAL_Driver/Src/stm32f2xx_hal_msp_template.c **** #include "stm32f2xx_hal.h"
  52:../STM32F2xx_HAL_Driver/Src/stm32f2xx_hal_msp_template.c **** 
  53:../STM32F2xx_HAL_Driver/Src/stm32f2xx_hal_msp_template.c **** /** @addtogroup STM32F2xx_HAL_Driver
  54:../STM32F2xx_HAL_Driver/Src/stm32f2xx_hal_msp_template.c ****   * @{
  55:../STM32F2xx_HAL_Driver/Src/stm32f2xx_hal_msp_template.c ****   */
  56:../STM32F2xx_HAL_Driver/Src/stm32f2xx_hal_msp_template.c **** 
  57:../STM32F2xx_HAL_Driver/Src/stm32f2xx_hal_msp_template.c **** /** @defgroup HAL_MSP
  58:../STM32F2xx_HAL_Driver/Src/stm32f2xx_hal_msp_template.c ****   * @brief HAL MSP module.
  59:../STM32F2xx_HAL_Driver/Src/stm32f2xx_hal_msp_template.c ****   * @{
  60:../STM32F2xx_HAL_Driver/Src/stm32f2xx_hal_msp_template.c ****   */
  61:../STM32F2xx_HAL_Driver/Src/stm32f2xx_hal_msp_template.c **** 
  62:../STM32F2xx_HAL_Driver/Src/stm32f2xx_hal_msp_template.c **** /* Private typedef -----------------------------------------------------------*/
  63:../STM32F2xx_HAL_Driver/Src/stm32f2xx_hal_msp_template.c **** /* Private define ------------------------------------------------------------*/
  64:../STM32F2xx_HAL_Driver/Src/stm32f2xx_hal_msp_template.c **** /* Private macro -------------------------------------------------------------*/
  65:../STM32F2xx_HAL_Driver/Src/stm32f2xx_hal_msp_template.c **** /* Private variables ---------------------------------------------------------*/
  66:../STM32F2xx_HAL_Driver/Src/stm32f2xx_hal_msp_template.c **** /* Private function prototypes -----------------------------------------------*/
  67:../STM32F2xx_HAL_Driver/Src/stm32f2xx_hal_msp_template.c **** /* Private functions ---------------------------------------------------------*/
  68:../STM32F2xx_HAL_Driver/Src/stm32f2xx_hal_msp_template.c **** 
  69:../STM32F2xx_HAL_Driver/Src/stm32f2xx_hal_msp_template.c **** /** @defgroup HAL_MSP_Private_Functions
  70:../STM32F2xx_HAL_Driver/Src/stm32f2xx_hal_msp_template.c ****   * @{
  71:../STM32F2xx_HAL_Driver/Src/stm32f2xx_hal_msp_template.c ****   */
  72:../STM32F2xx_HAL_Driver/Src/stm32f2xx_hal_msp_template.c **** 
  73:../STM32F2xx_HAL_Driver/Src/stm32f2xx_hal_msp_template.c **** /**
  74:../STM32F2xx_HAL_Driver/Src/stm32f2xx_hal_msp_template.c ****   * @brief  Initializes the Global MSP.
  75:../STM32F2xx_HAL_Driver/Src/stm32f2xx_hal_msp_template.c ****   * @param  None
  76:../STM32F2xx_HAL_Driver/Src/stm32f2xx_hal_msp_template.c ****   * @retval None
  77:../STM32F2xx_HAL_Driver/Src/stm32f2xx_hal_msp_template.c ****   */
  78:../STM32F2xx_HAL_Driver/Src/stm32f2xx_hal_msp_template.c **** void HAL_MspInit(void)
  79:../STM32F2xx_HAL_Driver/Src/stm32f2xx_hal_msp_template.c **** {
  26              		.loc 1 79 0
  27              		.cfi_startproc
  28              		@ args = 0, pretend = 0, frame = 0
  29              		@ frame_needed = 1, uses_anonymous_args = 0
  30              		@ link register save eliminated.
  31 0000 80B4     		push	{r7}
  32              		.cfi_def_cfa_offset 4
  33              		.cfi_offset 7, -4
  34 0002 00AF     		add	r7, sp, #0
  35              		.cfi_def_cfa_register 7
  80:../STM32F2xx_HAL_Driver/Src/stm32f2xx_hal_msp_template.c ****   /* NOTE : This function is generated automatically by MicroXplorer and eventually  
  81:../STM32F2xx_HAL_Driver/Src/stm32f2xx_hal_msp_template.c ****             modified by the user
  82:../STM32F2xx_HAL_Driver/Src/stm32f2xx_hal_msp_template.c ****    */ 
  83:../STM32F2xx_HAL_Driver/Src/stm32f2xx_hal_msp_template.c **** }
  36              		.loc 1 83 0
  37 0004 BD46     		mov	sp, r7
  38              		@ sp needed
  39 0006 5DF8047B 		ldr	r7, [sp], #4
  40 000a 7047     		bx	lr
  41              		.cfi_endproc
  42              	.LFE55:
  44              		.align	2
  45              		.global	HAL_MspDeInit
  46              		.thumb
  47              		.thumb_func
  49              	HAL_MspDeInit:
  50              	.LFB56:
  84:../STM32F2xx_HAL_Driver/Src/stm32f2xx_hal_msp_template.c **** 
  85:../STM32F2xx_HAL_Driver/Src/stm32f2xx_hal_msp_template.c **** /**
  86:../STM32F2xx_HAL_Driver/Src/stm32f2xx_hal_msp_template.c ****   * @brief  DeInitializes the Global MSP.
  87:../STM32F2xx_HAL_Driver/Src/stm32f2xx_hal_msp_template.c ****   * @param  None  
  88:../STM32F2xx_HAL_Driver/Src/stm32f2xx_hal_msp_template.c ****   * @retval None
  89:../STM32F2xx_HAL_Driver/Src/stm32f2xx_hal_msp_template.c ****   */
  90:../STM32F2xx_HAL_Driver/Src/stm32f2xx_hal_msp_template.c **** void HAL_MspDeInit(void)
  91:../STM32F2xx_HAL_Driver/Src/stm32f2xx_hal_msp_template.c **** {
  51              		.loc 1 91 0
  52              		.cfi_startproc
  53              		@ args = 0, pretend = 0, frame = 0
  54              		@ frame_needed = 1, uses_anonymous_args = 0
  55              		@ link register save eliminated.
  56 000c 80B4     		push	{r7}
  57              		.cfi_def_cfa_offset 4
  58              		.cfi_offset 7, -4
  59 000e 00AF     		add	r7, sp, #0
  60              		.cfi_def_cfa_register 7
  92:../STM32F2xx_HAL_Driver/Src/stm32f2xx_hal_msp_template.c ****   /* NOTE : This function is generated automatically by MicroXplorer and eventually  
  93:../STM32F2xx_HAL_Driver/Src/stm32f2xx_hal_msp_template.c ****             modified by the user
  94:../STM32F2xx_HAL_Driver/Src/stm32f2xx_hal_msp_template.c ****    */
  95:../STM32F2xx_HAL_Driver/Src/stm32f2xx_hal_msp_template.c **** }
  61              		.loc 1 95 0
  62 0010 BD46     		mov	sp, r7
  63              		@ sp needed
  64 0012 5DF8047B 		ldr	r7, [sp], #4
  65 0016 7047     		bx	lr
  66              		.cfi_endproc
  67              	.LFE56:
  69              		.align	2
  70              		.global	HAL_PPP_MspInit
  71              		.thumb
  72              		.thumb_func
  74              	HAL_PPP_MspInit:
  75              	.LFB57:
  96:../STM32F2xx_HAL_Driver/Src/stm32f2xx_hal_msp_template.c **** 
  97:../STM32F2xx_HAL_Driver/Src/stm32f2xx_hal_msp_template.c **** /**
  98:../STM32F2xx_HAL_Driver/Src/stm32f2xx_hal_msp_template.c ****   * @brief  Initializes the PPP MSP.
  99:../STM32F2xx_HAL_Driver/Src/stm32f2xx_hal_msp_template.c ****   * @param  None
 100:../STM32F2xx_HAL_Driver/Src/stm32f2xx_hal_msp_template.c ****   * @retval None
 101:../STM32F2xx_HAL_Driver/Src/stm32f2xx_hal_msp_template.c ****   */
 102:../STM32F2xx_HAL_Driver/Src/stm32f2xx_hal_msp_template.c **** void HAL_PPP_MspInit(void)
 103:../STM32F2xx_HAL_Driver/Src/stm32f2xx_hal_msp_template.c **** {
  76              		.loc 1 103 0
  77              		.cfi_startproc
  78              		@ args = 0, pretend = 0, frame = 0
  79              		@ frame_needed = 1, uses_anonymous_args = 0
  80              		@ link register save eliminated.
  81 0018 80B4     		push	{r7}
  82              		.cfi_def_cfa_offset 4
  83              		.cfi_offset 7, -4
  84 001a 00AF     		add	r7, sp, #0
  85              		.cfi_def_cfa_register 7
 104:../STM32F2xx_HAL_Driver/Src/stm32f2xx_hal_msp_template.c ****   /* NOTE : This function is generated automatically by MicroXplorer and eventually  
 105:../STM32F2xx_HAL_Driver/Src/stm32f2xx_hal_msp_template.c ****             modified by the user
 106:../STM32F2xx_HAL_Driver/Src/stm32f2xx_hal_msp_template.c ****    */ 
 107:../STM32F2xx_HAL_Driver/Src/stm32f2xx_hal_msp_template.c **** }
  86              		.loc 1 107 0
  87 001c BD46     		mov	sp, r7
  88              		@ sp needed
  89 001e 5DF8047B 		ldr	r7, [sp], #4
  90 0022 7047     		bx	lr
  91              		.cfi_endproc
  92              	.LFE57:
  94              		.align	2
  95              		.global	HAL_PPP_MspDeInit
  96              		.thumb
  97              		.thumb_func
  99              	HAL_PPP_MspDeInit:
 100              	.LFB58:
 108:../STM32F2xx_HAL_Driver/Src/stm32f2xx_hal_msp_template.c **** 
 109:../STM32F2xx_HAL_Driver/Src/stm32f2xx_hal_msp_template.c **** /**
 110:../STM32F2xx_HAL_Driver/Src/stm32f2xx_hal_msp_template.c ****   * @brief  DeInitializes the PPP MSP.
 111:../STM32F2xx_HAL_Driver/Src/stm32f2xx_hal_msp_template.c ****   * @param  None  
 112:../STM32F2xx_HAL_Driver/Src/stm32f2xx_hal_msp_template.c ****   * @retval None
 113:../STM32F2xx_HAL_Driver/Src/stm32f2xx_hal_msp_template.c ****   */
 114:../STM32F2xx_HAL_Driver/Src/stm32f2xx_hal_msp_template.c **** void HAL_PPP_MspDeInit(void)
 115:../STM32F2xx_HAL_Driver/Src/stm32f2xx_hal_msp_template.c **** {
 101              		.loc 1 115 0
 102              		.cfi_startproc
 103              		@ args = 0, pretend = 0, frame = 0
 104              		@ frame_needed = 1, uses_anonymous_args = 0
 105              		@ link register save eliminated.
 106 0024 80B4     		push	{r7}
 107              		.cfi_def_cfa_offset 4
 108              		.cfi_offset 7, -4
 109 0026 00AF     		add	r7, sp, #0
 110              		.cfi_def_cfa_register 7
 116:../STM32F2xx_HAL_Driver/Src/stm32f2xx_hal_msp_template.c ****   /* NOTE : This function is generated automatically by MicroXplorer and eventually  
 117:../STM32F2xx_HAL_Driver/Src/stm32f2xx_hal_msp_template.c ****             modified by the user
 118:../STM32F2xx_HAL_Driver/Src/stm32f2xx_hal_msp_template.c ****    */
 119:../STM32F2xx_HAL_Driver/Src/stm32f2xx_hal_msp_template.c **** }
 111              		.loc 1 119 0
 112 0028 BD46     		mov	sp, r7
 113              		@ sp needed
 114 002a 5DF8047B 		ldr	r7, [sp], #4
 115 002e 7047     		bx	lr
 116              		.cfi_endproc
 117              	.LFE58:
 119              	.Letext0:
 120              		.file 2 "c:\\program files (x86)\\codesourcery\\arm-none-eabi\\include\\stdint.h"
 121              		.file 3 "D:\\workspace\\console800480\\system/core_cm3.h"
DEFINED SYMBOLS
                            *ABS*:00000000 stm32f2xx_hal_msp_template.c
C:\Users\sagok\AppData\Local\Temp\ccXE7K3W.s:18     .text:00000000 $t
C:\Users\sagok\AppData\Local\Temp\ccXE7K3W.s:23     .text:00000000 HAL_MspInit
C:\Users\sagok\AppData\Local\Temp\ccXE7K3W.s:49     .text:0000000c HAL_MspDeInit
C:\Users\sagok\AppData\Local\Temp\ccXE7K3W.s:74     .text:00000018 HAL_PPP_MspInit
C:\Users\sagok\AppData\Local\Temp\ccXE7K3W.s:99     .text:00000024 HAL_PPP_MspDeInit
                     .debug_frame:00000010 $d
                           .group:00000000 wm4.1.7f551ac7fcad8b79b9df4bfdaa536673
                           .group:00000000 wm4.stm32f2xx_hal_conf.h.40.007126baefb9f966c36646edbf8040d2
                           .group:00000000 wm4.stm32f2xx.h.57.5ec1581efc43612c411d33a8686e9ec7
                           .group:00000000 wm4.stm32f217xx.h.52.9c940d76d00294b78837dc334c172fdd
                           .group:00000000 wm4.core_cm3.h.32.49180ccb4d36cabd2d7016d2a51d91ae
                           .group:00000000 wm4.newlib.h.8.384a112feabb3bef7b573ae48cde2e3b
                           .group:00000000 wm4.features.h.22.6a4ca7cd053637cc1d0db6c16f39b2d7
                           .group:00000000 wm4.config.h.183.aa62afef667fb61d15fa64c48beb2f14
                           .group:00000000 wm4._ansi.h.23.5644b60c990a4800b02a6e654e88f93a
                           .group:00000000 wm4.stdint.h.20.54ad762faa59e3c05491630641c8d8bf
                           .group:00000000 wm4.core_cmInstr.h.25.f50f886f2edf670cf199b35fd96f5c91
                           .group:00000000 wm4.core_cm3.h.130.63ab2348a6eed0fdb318040d970b676c
                           .group:00000000 wm4.stm32f217xx.h.978.a5c681952b2f704a0e7f2ba21d08adf5
                           .group:00000000 wm4.stm32f2xx.h.142.bc2155a1f7498bab16371e38413a9e41
                           .group:00000000 wm4.stm32f2xx_hal_def.h.74.8ad2dc8aa82c4fd02e5aeaae592641ba
                           .group:00000000 wm4.stm32f2xx_hal_rcc.h.142.ec0f91cc6576a6acebd17e6dd85829ae
                           .group:00000000 wm4.stm32f2xx_hal_rcc_ex.h.40.0829033e864455c6bdd0db01f8ba5a50
                           .group:00000000 wm4.stm32f2xx_hal_gpio.h.40.ba64e0bb94d9a68835f80159f39a86f1
                           .group:00000000 wm4.stm32f2xx_hal_gpio_ex.h.40.24e547fd402281923f446b510381083f
                           .group:00000000 wm4.stm32f2xx_hal_dma.h.40.5d9732ace2a21a4526ce8f0c52428fff
                           .group:00000000 wm4.stm32f2xx_hal_cortex.h.40.e10263d2ec5d4fa79b4180ce1a38aff1
                           .group:00000000 wm4.stm32f2xx_hal_adc.h.40.89ac8b78113cac4cf63847587daabac9
                           .group:00000000 wm4.stm32f2xx_hal_adc_ex.h.40.7de68ed256ef25526ee31cc017f2c291
                           .group:00000000 wm4.stm32f2xx_hal_flash.h.40.c3171719ce015e9cff20c795e44e886d
                           .group:00000000 wm4.stm32f2xx_hal_flash_ex.h.40.7389508bd24a0aeb077bde0c9fb651eb
                           .group:00000000 wm4.stm32f2xx_ll_fsmc.h.40.c1c32f2e1862f4dd342bd9b80fb895bb
                           .group:00000000 wm4.stm32f2xx_hal_pwr.h.40.812df32e5c31b609a128e9db0eb4cbd0
                           .group:00000000 wm4.stm32f2xx_hal_rtc.h.40.850fda5fe2cce8797446913dee18382f
                           .group:00000000 wm4.stm32f2xx_hal_rtc_ex.h.40.f3e0c408e3bf4e8a0352d7ec9a18a822
                           .group:00000000 wm4.stm32f2xx_ll_sdmmc.h.40.3719ab487c4b77401c572f459adf6eb7
                           .group:00000000 wm4.stm32f2xx_hal_sd.h.58.760215394dcc316161a6482c0af9b866
                           .group:00000000 wm4.stm32f2xx_hal_spi.h.40.7984243dbaba8b21c6392998a47e6987
                           .group:00000000 wm4.stm32f2xx_hal_tim.h.40.d79172f25d0e9a15dc346aba8515bdd6
                           .group:00000000 wm4.stm32f2xx_hal_tim_ex.h.40.361f280a7a3f60b4b238bb99ca728d83
                           .group:00000000 wm4.stm32f2xx_hal_uart.h.40.d74def561ae6f78f40f477c8426ecbef
                           .group:00000000 wm4.stm32f2xx_ll_usb.h.40.9b0206a05bc6ce3bec1648b51f22cb81
                           .group:00000000 wm4.stm32f2xx_hal_pcd.h.99.11faba414c39e357b2f23364912d0605
                           .group:00000000 wm4.stm32f2xx_hal_hcd.h.40.44ee5e972983ae0139ddbacdc75c44ef
                           .group:00000000 wm4.stm32f2xx_hal.h.64.ed79ee83e52b151b3c365392b398f866

NO UNDEFINED SYMBOLS
