   1              		.syntax unified
   2              		.cpu cortex-m3
   3              		.fpu softvfp
   4              		.eabi_attribute 20, 1
   5              		.eabi_attribute 21, 1
   6              		.eabi_attribute 23, 3
   7              		.eabi_attribute 24, 1
   8              		.eabi_attribute 25, 1
   9              		.eabi_attribute 26, 1
  10              		.eabi_attribute 30, 6
  11              		.eabi_attribute 34, 1
  12              		.eabi_attribute 18, 4
  13              		.thumb
  14              		.file	"stm32f2xx_hal_rcc_ex.c"
  15              		.text
  16              	.Ltext0:
  17              		.cfi_sections	.debug_frame
  18              		.align	2
  19              		.global	HAL_RCCEx_PeriphCLKConfig
  20              		.thumb
  21              		.thumb_func
  23              	HAL_RCCEx_PeriphCLKConfig:
  24              	.LFB55:
  25              		.file 1 "../STM32F2xx_HAL_Driver/Src/stm32f2xx_hal_rcc_ex.c"
   1:../STM32F2xx_HAL_Driver/Src/stm32f2xx_hal_rcc_ex.c **** /**
   2:../STM32F2xx_HAL_Driver/Src/stm32f2xx_hal_rcc_ex.c ****   ******************************************************************************
   3:../STM32F2xx_HAL_Driver/Src/stm32f2xx_hal_rcc_ex.c ****   * @file    stm32f2xx_hal_rcc_ex.c
   4:../STM32F2xx_HAL_Driver/Src/stm32f2xx_hal_rcc_ex.c ****   * @author  MCD Application Team
   5:../STM32F2xx_HAL_Driver/Src/stm32f2xx_hal_rcc_ex.c ****   * @version V1.0.1
   6:../STM32F2xx_HAL_Driver/Src/stm32f2xx_hal_rcc_ex.c ****   * @date    25-March-2014
   7:../STM32F2xx_HAL_Driver/Src/stm32f2xx_hal_rcc_ex.c ****   * @brief   Extension RCC HAL module driver.
   8:../STM32F2xx_HAL_Driver/Src/stm32f2xx_hal_rcc_ex.c ****   *          This file provides firmware functions to manage the following 
   9:../STM32F2xx_HAL_Driver/Src/stm32f2xx_hal_rcc_ex.c ****   *          functionalities RCC extension peripheral:
  10:../STM32F2xx_HAL_Driver/Src/stm32f2xx_hal_rcc_ex.c ****   *           + Extended Peripheral Control functions
  11:../STM32F2xx_HAL_Driver/Src/stm32f2xx_hal_rcc_ex.c ****   *  
  12:../STM32F2xx_HAL_Driver/Src/stm32f2xx_hal_rcc_ex.c ****   ******************************************************************************
  13:../STM32F2xx_HAL_Driver/Src/stm32f2xx_hal_rcc_ex.c ****   * @attention
  14:../STM32F2xx_HAL_Driver/Src/stm32f2xx_hal_rcc_ex.c ****   *
  15:../STM32F2xx_HAL_Driver/Src/stm32f2xx_hal_rcc_ex.c ****   * <h2><center>&copy; COPYRIGHT(c) 2014 STMicroelectronics</center></h2>
  16:../STM32F2xx_HAL_Driver/Src/stm32f2xx_hal_rcc_ex.c ****   *
  17:../STM32F2xx_HAL_Driver/Src/stm32f2xx_hal_rcc_ex.c ****   * Redistribution and use in source and binary forms, with or without modification,
  18:../STM32F2xx_HAL_Driver/Src/stm32f2xx_hal_rcc_ex.c ****   * are permitted provided that the following conditions are met:
  19:../STM32F2xx_HAL_Driver/Src/stm32f2xx_hal_rcc_ex.c ****   *   1. Redistributions of source code must retain the above copyright notice,
  20:../STM32F2xx_HAL_Driver/Src/stm32f2xx_hal_rcc_ex.c ****   *      this list of conditions and the following disclaimer.
  21:../STM32F2xx_HAL_Driver/Src/stm32f2xx_hal_rcc_ex.c ****   *   2. Redistributions in binary form must reproduce the above copyright notice,
  22:../STM32F2xx_HAL_Driver/Src/stm32f2xx_hal_rcc_ex.c ****   *      this list of conditions and the following disclaimer in the documentation
  23:../STM32F2xx_HAL_Driver/Src/stm32f2xx_hal_rcc_ex.c ****   *      and/or other materials provided with the distribution.
  24:../STM32F2xx_HAL_Driver/Src/stm32f2xx_hal_rcc_ex.c ****   *   3. Neither the name of STMicroelectronics nor the names of its contributors
  25:../STM32F2xx_HAL_Driver/Src/stm32f2xx_hal_rcc_ex.c ****   *      may be used to endorse or promote products derived from this software
  26:../STM32F2xx_HAL_Driver/Src/stm32f2xx_hal_rcc_ex.c ****   *      without specific prior written permission.
  27:../STM32F2xx_HAL_Driver/Src/stm32f2xx_hal_rcc_ex.c ****   *
  28:../STM32F2xx_HAL_Driver/Src/stm32f2xx_hal_rcc_ex.c ****   * THIS SOFTWARE IS PROVIDED BY THE COPYRIGHT HOLDERS AND CONTRIBUTORS "AS IS"
  29:../STM32F2xx_HAL_Driver/Src/stm32f2xx_hal_rcc_ex.c ****   * AND ANY EXPRESS OR IMPLIED WARRANTIES, INCLUDING, BUT NOT LIMITED TO, THE
  30:../STM32F2xx_HAL_Driver/Src/stm32f2xx_hal_rcc_ex.c ****   * IMPLIED WARRANTIES OF MERCHANTABILITY AND FITNESS FOR A PARTICULAR PURPOSE ARE
  31:../STM32F2xx_HAL_Driver/Src/stm32f2xx_hal_rcc_ex.c ****   * DISCLAIMED. IN NO EVENT SHALL THE COPYRIGHT HOLDER OR CONTRIBUTORS BE LIABLE
  32:../STM32F2xx_HAL_Driver/Src/stm32f2xx_hal_rcc_ex.c ****   * FOR ANY DIRECT, INDIRECT, INCIDENTAL, SPECIAL, EXEMPLARY, OR CONSEQUENTIAL
  33:../STM32F2xx_HAL_Driver/Src/stm32f2xx_hal_rcc_ex.c ****   * DAMAGES (INCLUDING, BUT NOT LIMITED TO, PROCUREMENT OF SUBSTITUTE GOODS OR
  34:../STM32F2xx_HAL_Driver/Src/stm32f2xx_hal_rcc_ex.c ****   * SERVICES; LOSS OF USE, DATA, OR PROFITS; OR BUSINESS INTERRUPTION) HOWEVER
  35:../STM32F2xx_HAL_Driver/Src/stm32f2xx_hal_rcc_ex.c ****   * CAUSED AND ON ANY THEORY OF LIABILITY, WHETHER IN CONTRACT, STRICT LIABILITY,
  36:../STM32F2xx_HAL_Driver/Src/stm32f2xx_hal_rcc_ex.c ****   * OR TORT (INCLUDING NEGLIGENCE OR OTHERWISE) ARISING IN ANY WAY OUT OF THE USE
  37:../STM32F2xx_HAL_Driver/Src/stm32f2xx_hal_rcc_ex.c ****   * OF THIS SOFTWARE, EVEN IF ADVISED OF THE POSSIBILITY OF SUCH DAMAGE.
  38:../STM32F2xx_HAL_Driver/Src/stm32f2xx_hal_rcc_ex.c ****   *
  39:../STM32F2xx_HAL_Driver/Src/stm32f2xx_hal_rcc_ex.c ****   ******************************************************************************
  40:../STM32F2xx_HAL_Driver/Src/stm32f2xx_hal_rcc_ex.c ****   */ 
  41:../STM32F2xx_HAL_Driver/Src/stm32f2xx_hal_rcc_ex.c **** 
  42:../STM32F2xx_HAL_Driver/Src/stm32f2xx_hal_rcc_ex.c **** /* Includes ------------------------------------------------------------------*/
  43:../STM32F2xx_HAL_Driver/Src/stm32f2xx_hal_rcc_ex.c **** #include "stm32f2xx_hal.h"
  44:../STM32F2xx_HAL_Driver/Src/stm32f2xx_hal_rcc_ex.c **** 
  45:../STM32F2xx_HAL_Driver/Src/stm32f2xx_hal_rcc_ex.c **** /** @addtogroup STM32F2xx_HAL_Driver
  46:../STM32F2xx_HAL_Driver/Src/stm32f2xx_hal_rcc_ex.c ****   * @{
  47:../STM32F2xx_HAL_Driver/Src/stm32f2xx_hal_rcc_ex.c ****   */
  48:../STM32F2xx_HAL_Driver/Src/stm32f2xx_hal_rcc_ex.c **** 
  49:../STM32F2xx_HAL_Driver/Src/stm32f2xx_hal_rcc_ex.c **** /** @defgroup RCC 
  50:../STM32F2xx_HAL_Driver/Src/stm32f2xx_hal_rcc_ex.c ****   * @brief RCC HAL module driver
  51:../STM32F2xx_HAL_Driver/Src/stm32f2xx_hal_rcc_ex.c ****   * @{
  52:../STM32F2xx_HAL_Driver/Src/stm32f2xx_hal_rcc_ex.c ****   */
  53:../STM32F2xx_HAL_Driver/Src/stm32f2xx_hal_rcc_ex.c **** 
  54:../STM32F2xx_HAL_Driver/Src/stm32f2xx_hal_rcc_ex.c **** #ifdef HAL_RCC_MODULE_ENABLED
  55:../STM32F2xx_HAL_Driver/Src/stm32f2xx_hal_rcc_ex.c **** 
  56:../STM32F2xx_HAL_Driver/Src/stm32f2xx_hal_rcc_ex.c **** /* Private typedef -----------------------------------------------------------*/
  57:../STM32F2xx_HAL_Driver/Src/stm32f2xx_hal_rcc_ex.c **** /* Private define ------------------------------------------------------------*/
  58:../STM32F2xx_HAL_Driver/Src/stm32f2xx_hal_rcc_ex.c **** #define PLLI2S_TIMEOUT_VALUE    100 /* Timeout value fixed to 100 ms  */
  59:../STM32F2xx_HAL_Driver/Src/stm32f2xx_hal_rcc_ex.c **** /* Private macro -------------------------------------------------------------*/
  60:../STM32F2xx_HAL_Driver/Src/stm32f2xx_hal_rcc_ex.c **** /* Private variables ---------------------------------------------------------*/
  61:../STM32F2xx_HAL_Driver/Src/stm32f2xx_hal_rcc_ex.c **** /* Private function prototypes -----------------------------------------------*/
  62:../STM32F2xx_HAL_Driver/Src/stm32f2xx_hal_rcc_ex.c **** /* Private functions ---------------------------------------------------------*/
  63:../STM32F2xx_HAL_Driver/Src/stm32f2xx_hal_rcc_ex.c **** 
  64:../STM32F2xx_HAL_Driver/Src/stm32f2xx_hal_rcc_ex.c **** /** @defgroup RCCEx_Private_Functions
  65:../STM32F2xx_HAL_Driver/Src/stm32f2xx_hal_rcc_ex.c ****   * @{
  66:../STM32F2xx_HAL_Driver/Src/stm32f2xx_hal_rcc_ex.c ****   */
  67:../STM32F2xx_HAL_Driver/Src/stm32f2xx_hal_rcc_ex.c **** 
  68:../STM32F2xx_HAL_Driver/Src/stm32f2xx_hal_rcc_ex.c **** /** @defgroup RCCEx_Group1 Extended Peripheral Control functions 
  69:../STM32F2xx_HAL_Driver/Src/stm32f2xx_hal_rcc_ex.c ****  *  @brief  Extended Peripheral Control functions  
  70:../STM32F2xx_HAL_Driver/Src/stm32f2xx_hal_rcc_ex.c ****  *
  71:../STM32F2xx_HAL_Driver/Src/stm32f2xx_hal_rcc_ex.c **** @verbatim   
  72:../STM32F2xx_HAL_Driver/Src/stm32f2xx_hal_rcc_ex.c ****  ===============================================================================
  73:../STM32F2xx_HAL_Driver/Src/stm32f2xx_hal_rcc_ex.c ****                 ##### Extended Peripheral Control functions  #####
  74:../STM32F2xx_HAL_Driver/Src/stm32f2xx_hal_rcc_ex.c ****  ===============================================================================  
  75:../STM32F2xx_HAL_Driver/Src/stm32f2xx_hal_rcc_ex.c ****     [..]
  76:../STM32F2xx_HAL_Driver/Src/stm32f2xx_hal_rcc_ex.c ****     This subsection provides a set of functions allowing to control the RCC Clocks 
  77:../STM32F2xx_HAL_Driver/Src/stm32f2xx_hal_rcc_ex.c ****     frequencies.
  78:../STM32F2xx_HAL_Driver/Src/stm32f2xx_hal_rcc_ex.c ****     [..] 
  79:../STM32F2xx_HAL_Driver/Src/stm32f2xx_hal_rcc_ex.c ****     (@) Important note: A caution to be taken when HAL_RCCEx_PeriphCLKConfig() is used to select RT
  80:../STM32F2xx_HAL_Driver/Src/stm32f2xx_hal_rcc_ex.c ****   *         the Reset of Backup domain will be applied in order to modify the RTC Clock source as c
  81:../STM32F2xx_HAL_Driver/Src/stm32f2xx_hal_rcc_ex.c ****   *        domain (RTC and RCC_BDCR register expect BKPSRAM) will be reset.
  82:../STM32F2xx_HAL_Driver/Src/stm32f2xx_hal_rcc_ex.c ****       
  83:../STM32F2xx_HAL_Driver/Src/stm32f2xx_hal_rcc_ex.c **** @endverbatim
  84:../STM32F2xx_HAL_Driver/Src/stm32f2xx_hal_rcc_ex.c ****   * @{
  85:../STM32F2xx_HAL_Driver/Src/stm32f2xx_hal_rcc_ex.c ****   */
  86:../STM32F2xx_HAL_Driver/Src/stm32f2xx_hal_rcc_ex.c **** 
  87:../STM32F2xx_HAL_Driver/Src/stm32f2xx_hal_rcc_ex.c **** /**
  88:../STM32F2xx_HAL_Driver/Src/stm32f2xx_hal_rcc_ex.c ****   * @brief  Initializes the RCC extended peripherals clocks according to the specified parameters i
  89:../STM32F2xx_HAL_Driver/Src/stm32f2xx_hal_rcc_ex.c ****   *         RCC_PeriphCLKInitTypeDef.
  90:../STM32F2xx_HAL_Driver/Src/stm32f2xx_hal_rcc_ex.c ****   * @param  PeriphClkInit: pointer to an RCC_PeriphCLKInitTypeDef structure that
  91:../STM32F2xx_HAL_Driver/Src/stm32f2xx_hal_rcc_ex.c ****   *         contains the configuration information for the Extended Peripherals clocks(I2S and RTC 
  92:../STM32F2xx_HAL_Driver/Src/stm32f2xx_hal_rcc_ex.c ****   *         
  93:../STM32F2xx_HAL_Driver/Src/stm32f2xx_hal_rcc_ex.c ****   * @note   A caution to be taken when HAL_RCCEx_PeriphCLKConfig() is used to select RTC clock sour
  94:../STM32F2xx_HAL_Driver/Src/stm32f2xx_hal_rcc_ex.c ****   *         the Reset of Backup domain will be applied in order to modify the RTC Clock source as c
  95:../STM32F2xx_HAL_Driver/Src/stm32f2xx_hal_rcc_ex.c ****   *        domain (RTC and RCC_BDCR register expect BKPSRAM) will be reset
  96:../STM32F2xx_HAL_Driver/Src/stm32f2xx_hal_rcc_ex.c ****   *              
  97:../STM32F2xx_HAL_Driver/Src/stm32f2xx_hal_rcc_ex.c ****   * @retval HAL status
  98:../STM32F2xx_HAL_Driver/Src/stm32f2xx_hal_rcc_ex.c ****   */
  99:../STM32F2xx_HAL_Driver/Src/stm32f2xx_hal_rcc_ex.c **** HAL_StatusTypeDef HAL_RCCEx_PeriphCLKConfig(RCC_PeriphCLKInitTypeDef  *PeriphClkInit)
 100:../STM32F2xx_HAL_Driver/Src/stm32f2xx_hal_rcc_ex.c **** {
  26              		.loc 1 100 0
  27              		.cfi_startproc
  28              		@ args = 0, pretend = 0, frame = 48
  29              		@ frame_needed = 1, uses_anonymous_args = 0
  30 0000 80B5     		push	{r7, lr}
  31              		.cfi_def_cfa_offset 8
  32              		.cfi_offset 7, -8
  33              		.cfi_offset 14, -4
  34 0002 8CB0     		sub	sp, sp, #48
  35              		.cfi_def_cfa_offset 56
  36 0004 00AF     		add	r7, sp, #0
  37              		.cfi_def_cfa_register 7
  38 0006 7860     		str	r0, [r7, #4]
 101:../STM32F2xx_HAL_Driver/Src/stm32f2xx_hal_rcc_ex.c ****   uint32_t timeout = 0;
  39              		.loc 1 101 0
  40 0008 0023     		movs	r3, #0
  41 000a FB62     		str	r3, [r7, #44]
 102:../STM32F2xx_HAL_Driver/Src/stm32f2xx_hal_rcc_ex.c ****   uint32_t tmpreg = 0;
  42              		.loc 1 102 0
  43 000c 0023     		movs	r3, #0
  44 000e BB62     		str	r3, [r7, #40]
 103:../STM32F2xx_HAL_Driver/Src/stm32f2xx_hal_rcc_ex.c ****     
 104:../STM32F2xx_HAL_Driver/Src/stm32f2xx_hal_rcc_ex.c ****   /* Check the parameters */
 105:../STM32F2xx_HAL_Driver/Src/stm32f2xx_hal_rcc_ex.c ****   assert_param(IS_RCC_PERIPHCLOCK(PeriphClkInit->PeriphClockSelection));
 106:../STM32F2xx_HAL_Driver/Src/stm32f2xx_hal_rcc_ex.c ****   
 107:../STM32F2xx_HAL_Driver/Src/stm32f2xx_hal_rcc_ex.c ****   /*---------------------------- I2S configuration -------------------------------*/      
 108:../STM32F2xx_HAL_Driver/Src/stm32f2xx_hal_rcc_ex.c ****   if(((PeriphClkInit->PeriphClockSelection) & RCC_PERIPHCLK_I2S) == (RCC_PERIPHCLK_I2S))
  45              		.loc 1 108 0
  46 0010 7B68     		ldr	r3, [r7, #4]
  47 0012 1B68     		ldr	r3, [r3]
  48 0014 03F00103 		and	r3, r3, #1
  49 0018 002B     		cmp	r3, #0
  50 001a 61D0     		beq	.L2
 109:../STM32F2xx_HAL_Driver/Src/stm32f2xx_hal_rcc_ex.c ****   {
 110:../STM32F2xx_HAL_Driver/Src/stm32f2xx_hal_rcc_ex.c ****     /* check for Parameters */
 111:../STM32F2xx_HAL_Driver/Src/stm32f2xx_hal_rcc_ex.c ****     assert_param(IS_RCC_PLLI2SR_VALUE(PeriphClkInit->PLLI2S.PLLI2SR));
 112:../STM32F2xx_HAL_Driver/Src/stm32f2xx_hal_rcc_ex.c ****     assert_param(IS_RCC_PLLI2SN_VALUE(PeriphClkInit->PLLI2S.PLLI2SN));
 113:../STM32F2xx_HAL_Driver/Src/stm32f2xx_hal_rcc_ex.c ****       
 114:../STM32F2xx_HAL_Driver/Src/stm32f2xx_hal_rcc_ex.c ****     /* Disable the PLLI2S */
 115:../STM32F2xx_HAL_Driver/Src/stm32f2xx_hal_rcc_ex.c ****     __HAL_RCC_PLLI2S_DISABLE();    
  51              		.loc 1 115 0
  52 001c 6823     		movs	r3, #104
  53 001e C4F24723 		movt	r3, 16967
  54 0022 0022     		movs	r2, #0
  55 0024 1A60     		str	r2, [r3]
 116:../STM32F2xx_HAL_Driver/Src/stm32f2xx_hal_rcc_ex.c ****     /* Get new Timeout value */
 117:../STM32F2xx_HAL_Driver/Src/stm32f2xx_hal_rcc_ex.c ****     timeout = HAL_GetTick() + PLLI2S_TIMEOUT_VALUE;
  56              		.loc 1 117 0
  57 0026 FFF7FEFF 		bl	HAL_GetTick
  58 002a 0346     		mov	r3, r0
  59 002c 6433     		adds	r3, r3, #100
  60 002e FB62     		str	r3, [r7, #44]
 118:../STM32F2xx_HAL_Driver/Src/stm32f2xx_hal_rcc_ex.c ****     /* Wait till PLLI2S is disabled */
 119:../STM32F2xx_HAL_Driver/Src/stm32f2xx_hal_rcc_ex.c ****     while(__HAL_RCC_GET_FLAG(RCC_FLAG_PLLI2SRDY)  != RESET)
  61              		.loc 1 119 0
  62 0030 07E0     		b	.L3
  63              	.L5:
 120:../STM32F2xx_HAL_Driver/Src/stm32f2xx_hal_rcc_ex.c ****     {
 121:../STM32F2xx_HAL_Driver/Src/stm32f2xx_hal_rcc_ex.c ****       if(HAL_GetTick() >= timeout)
  64              		.loc 1 121 0
  65 0032 FFF7FEFF 		bl	HAL_GetTick
  66 0036 0246     		mov	r2, r0
  67 0038 FB6A     		ldr	r3, [r7, #44]
  68 003a 9A42     		cmp	r2, r3
  69 003c 01D3     		bcc	.L3
 122:../STM32F2xx_HAL_Driver/Src/stm32f2xx_hal_rcc_ex.c ****       {
 123:../STM32F2xx_HAL_Driver/Src/stm32f2xx_hal_rcc_ex.c ****         /* return in case of Timeout detected */         
 124:../STM32F2xx_HAL_Driver/Src/stm32f2xx_hal_rcc_ex.c ****         return HAL_TIMEOUT;
  70              		.loc 1 124 0
  71 003e 0323     		movs	r3, #3
  72 0040 FFE0     		b	.L4
  73              	.L3:
 119:../STM32F2xx_HAL_Driver/Src/stm32f2xx_hal_rcc_ex.c ****     {
  74              		.loc 1 119 0 discriminator 1
  75 0042 4FF46053 		mov	r3, #14336
  76 0046 C4F20203 		movt	r3, 16386
  77 004a 1B68     		ldr	r3, [r3]
  78 004c 03F00063 		and	r3, r3, #134217728
  79 0050 002B     		cmp	r3, #0
  80 0052 EED1     		bne	.L5
 125:../STM32F2xx_HAL_Driver/Src/stm32f2xx_hal_rcc_ex.c ****       } 
 126:../STM32F2xx_HAL_Driver/Src/stm32f2xx_hal_rcc_ex.c ****     }
 127:../STM32F2xx_HAL_Driver/Src/stm32f2xx_hal_rcc_ex.c ****     /* Configure the PLLI2S division factors */
 128:../STM32F2xx_HAL_Driver/Src/stm32f2xx_hal_rcc_ex.c ****     /* PLLI2S_VCO = f(VCO clock) = f(PLLI2S clock input) × (PLLI2SN/PLLM) */
 129:../STM32F2xx_HAL_Driver/Src/stm32f2xx_hal_rcc_ex.c ****     /* I2SCLK = f(PLLI2S clock output) = f(VCO clock) / PLLI2SR */
 130:../STM32F2xx_HAL_Driver/Src/stm32f2xx_hal_rcc_ex.c ****     __HAL_RCC_PLLI2S_CONFIG(PeriphClkInit->PLLI2S.PLLI2SN , PeriphClkInit->PLLI2S.PLLI2SR);
  81              		.loc 1 130 0
  82 0054 4FF46053 		mov	r3, #14336
  83 0058 C4F20203 		movt	r3, 16386
  84 005c 7A68     		ldr	r2, [r7, #4]
  85 005e 5168     		ldr	r1, [r2, #4]
  86 0060 47F6C072 		movw	r2, #32704
  87 0064 7A62     		str	r2, [r7, #36]
  88              	.LBB18:
  89              	.LBB19:
  90              		.file 2 "D:\\workspace\\console800480\\system/core_cmInstr.h"
   1:D:\workspace\console800480\system\core_cmInstr.h **** /**************************************************************************//**
   2:D:\workspace\console800480\system\core_cmInstr.h ****  * @file     core_cmInstr.h
   3:D:\workspace\console800480\system\core_cmInstr.h ****  * @brief    CMSIS Cortex-M Core Instruction Access Header File
   4:D:\workspace\console800480\system\core_cmInstr.h ****  * @version  V2.10
   5:D:\workspace\console800480\system\core_cmInstr.h ****  * @date     19. July 2011
   6:D:\workspace\console800480\system\core_cmInstr.h ****  *
   7:D:\workspace\console800480\system\core_cmInstr.h ****  * @note
   8:D:\workspace\console800480\system\core_cmInstr.h ****  * Copyright (C) 2009-2011 ARM Limited. All rights reserved.
   9:D:\workspace\console800480\system\core_cmInstr.h ****  *
  10:D:\workspace\console800480\system\core_cmInstr.h ****  * @par
  11:D:\workspace\console800480\system\core_cmInstr.h ****  * ARM Limited (ARM) is supplying this software for use with Cortex-M 
  12:D:\workspace\console800480\system\core_cmInstr.h ****  * processor based microcontrollers.  This file can be freely distributed 
  13:D:\workspace\console800480\system\core_cmInstr.h ****  * within development tools that are supporting such ARM based processors. 
  14:D:\workspace\console800480\system\core_cmInstr.h ****  *
  15:D:\workspace\console800480\system\core_cmInstr.h ****  * @par
  16:D:\workspace\console800480\system\core_cmInstr.h ****  * THIS SOFTWARE IS PROVIDED "AS IS".  NO WARRANTIES, WHETHER EXPRESS, IMPLIED
  17:D:\workspace\console800480\system\core_cmInstr.h ****  * OR STATUTORY, INCLUDING, BUT NOT LIMITED TO, IMPLIED WARRANTIES OF
  18:D:\workspace\console800480\system\core_cmInstr.h ****  * MERCHANTABILITY AND FITNESS FOR A PARTICULAR PURPOSE APPLY TO THIS SOFTWARE.
  19:D:\workspace\console800480\system\core_cmInstr.h ****  * ARM SHALL NOT, IN ANY CIRCUMSTANCES, BE LIABLE FOR SPECIAL, INCIDENTAL, OR
  20:D:\workspace\console800480\system\core_cmInstr.h ****  * CONSEQUENTIAL DAMAGES, FOR ANY REASON WHATSOEVER.
  21:D:\workspace\console800480\system\core_cmInstr.h ****  *
  22:D:\workspace\console800480\system\core_cmInstr.h ****  ******************************************************************************/
  23:D:\workspace\console800480\system\core_cmInstr.h **** 
  24:D:\workspace\console800480\system\core_cmInstr.h **** #ifndef __CORE_CMINSTR_H
  25:D:\workspace\console800480\system\core_cmInstr.h **** #define __CORE_CMINSTR_H
  26:D:\workspace\console800480\system\core_cmInstr.h **** 
  27:D:\workspace\console800480\system\core_cmInstr.h **** 
  28:D:\workspace\console800480\system\core_cmInstr.h **** /* ##########################  Core Instruction Access  ######################### */
  29:D:\workspace\console800480\system\core_cmInstr.h **** /** \defgroup CMSIS_Core_InstructionInterface CMSIS Core Instruction Interface
  30:D:\workspace\console800480\system\core_cmInstr.h ****   Access to dedicated instructions
  31:D:\workspace\console800480\system\core_cmInstr.h ****   @{
  32:D:\workspace\console800480\system\core_cmInstr.h **** */
  33:D:\workspace\console800480\system\core_cmInstr.h **** 
  34:D:\workspace\console800480\system\core_cmInstr.h **** #if   defined ( __CC_ARM ) /*------------------RealView Compiler -----------------*/
  35:D:\workspace\console800480\system\core_cmInstr.h **** /* ARM armcc specific functions */
  36:D:\workspace\console800480\system\core_cmInstr.h **** 
  37:D:\workspace\console800480\system\core_cmInstr.h **** #if (__ARMCC_VERSION < 400677)
  38:D:\workspace\console800480\system\core_cmInstr.h ****   #error "Please use ARM Compiler Toolchain V4.0.677 or later!"
  39:D:\workspace\console800480\system\core_cmInstr.h **** #endif
  40:D:\workspace\console800480\system\core_cmInstr.h **** 
  41:D:\workspace\console800480\system\core_cmInstr.h **** 
  42:D:\workspace\console800480\system\core_cmInstr.h **** /** \brief  No Operation
  43:D:\workspace\console800480\system\core_cmInstr.h **** 
  44:D:\workspace\console800480\system\core_cmInstr.h ****     No Operation does nothing. This instruction can be used for code alignment purposes.
  45:D:\workspace\console800480\system\core_cmInstr.h ****  */
  46:D:\workspace\console800480\system\core_cmInstr.h **** #define __NOP                             __nop
  47:D:\workspace\console800480\system\core_cmInstr.h **** 
  48:D:\workspace\console800480\system\core_cmInstr.h **** 
  49:D:\workspace\console800480\system\core_cmInstr.h **** /** \brief  Wait For Interrupt
  50:D:\workspace\console800480\system\core_cmInstr.h **** 
  51:D:\workspace\console800480\system\core_cmInstr.h ****     Wait For Interrupt is a hint instruction that suspends execution
  52:D:\workspace\console800480\system\core_cmInstr.h ****     until one of a number of events occurs.
  53:D:\workspace\console800480\system\core_cmInstr.h ****  */
  54:D:\workspace\console800480\system\core_cmInstr.h **** #define __WFI                             __wfi
  55:D:\workspace\console800480\system\core_cmInstr.h **** 
  56:D:\workspace\console800480\system\core_cmInstr.h **** 
  57:D:\workspace\console800480\system\core_cmInstr.h **** /** \brief  Wait For Event
  58:D:\workspace\console800480\system\core_cmInstr.h **** 
  59:D:\workspace\console800480\system\core_cmInstr.h ****     Wait For Event is a hint instruction that permits the processor to enter
  60:D:\workspace\console800480\system\core_cmInstr.h ****     a low-power state until one of a number of events occurs.
  61:D:\workspace\console800480\system\core_cmInstr.h ****  */
  62:D:\workspace\console800480\system\core_cmInstr.h **** #define __WFE                             __wfe
  63:D:\workspace\console800480\system\core_cmInstr.h **** 
  64:D:\workspace\console800480\system\core_cmInstr.h **** 
  65:D:\workspace\console800480\system\core_cmInstr.h **** /** \brief  Send Event
  66:D:\workspace\console800480\system\core_cmInstr.h **** 
  67:D:\workspace\console800480\system\core_cmInstr.h ****     Send Event is a hint instruction. It causes an event to be signaled to the CPU.
  68:D:\workspace\console800480\system\core_cmInstr.h ****  */
  69:D:\workspace\console800480\system\core_cmInstr.h **** #define __SEV                             __sev
  70:D:\workspace\console800480\system\core_cmInstr.h **** 
  71:D:\workspace\console800480\system\core_cmInstr.h **** 
  72:D:\workspace\console800480\system\core_cmInstr.h **** /** \brief  Instruction Synchronization Barrier
  73:D:\workspace\console800480\system\core_cmInstr.h **** 
  74:D:\workspace\console800480\system\core_cmInstr.h ****     Instruction Synchronization Barrier flushes the pipeline in the processor, 
  75:D:\workspace\console800480\system\core_cmInstr.h ****     so that all instructions following the ISB are fetched from cache or 
  76:D:\workspace\console800480\system\core_cmInstr.h ****     memory, after the instruction has been completed.
  77:D:\workspace\console800480\system\core_cmInstr.h ****  */
  78:D:\workspace\console800480\system\core_cmInstr.h **** #define __ISB()                           __isb(0xF)
  79:D:\workspace\console800480\system\core_cmInstr.h **** 
  80:D:\workspace\console800480\system\core_cmInstr.h **** 
  81:D:\workspace\console800480\system\core_cmInstr.h **** /** \brief  Data Synchronization Barrier
  82:D:\workspace\console800480\system\core_cmInstr.h **** 
  83:D:\workspace\console800480\system\core_cmInstr.h ****     This function acts as a special kind of Data Memory Barrier. 
  84:D:\workspace\console800480\system\core_cmInstr.h ****     It completes when all explicit memory accesses before this instruction complete.
  85:D:\workspace\console800480\system\core_cmInstr.h ****  */
  86:D:\workspace\console800480\system\core_cmInstr.h **** #define __DSB()                           __dsb(0xF)
  87:D:\workspace\console800480\system\core_cmInstr.h **** 
  88:D:\workspace\console800480\system\core_cmInstr.h **** 
  89:D:\workspace\console800480\system\core_cmInstr.h **** /** \brief  Data Memory Barrier
  90:D:\workspace\console800480\system\core_cmInstr.h **** 
  91:D:\workspace\console800480\system\core_cmInstr.h ****     This function ensures the apparent order of the explicit memory operations before 
  92:D:\workspace\console800480\system\core_cmInstr.h ****     and after the instruction, without ensuring their completion.
  93:D:\workspace\console800480\system\core_cmInstr.h ****  */
  94:D:\workspace\console800480\system\core_cmInstr.h **** #define __DMB()                           __dmb(0xF)
  95:D:\workspace\console800480\system\core_cmInstr.h **** 
  96:D:\workspace\console800480\system\core_cmInstr.h **** 
  97:D:\workspace\console800480\system\core_cmInstr.h **** /** \brief  Reverse byte order (32 bit)
  98:D:\workspace\console800480\system\core_cmInstr.h **** 
  99:D:\workspace\console800480\system\core_cmInstr.h ****     This function reverses the byte order in integer value.
 100:D:\workspace\console800480\system\core_cmInstr.h **** 
 101:D:\workspace\console800480\system\core_cmInstr.h ****     \param [in]    value  Value to reverse
 102:D:\workspace\console800480\system\core_cmInstr.h ****     \return               Reversed value
 103:D:\workspace\console800480\system\core_cmInstr.h ****  */
 104:D:\workspace\console800480\system\core_cmInstr.h **** #define __REV                             __rev
 105:D:\workspace\console800480\system\core_cmInstr.h **** 
 106:D:\workspace\console800480\system\core_cmInstr.h **** 
 107:D:\workspace\console800480\system\core_cmInstr.h **** /** \brief  Reverse byte order (16 bit)
 108:D:\workspace\console800480\system\core_cmInstr.h **** 
 109:D:\workspace\console800480\system\core_cmInstr.h ****     This function reverses the byte order in two unsigned short values.
 110:D:\workspace\console800480\system\core_cmInstr.h **** 
 111:D:\workspace\console800480\system\core_cmInstr.h ****     \param [in]    value  Value to reverse
 112:D:\workspace\console800480\system\core_cmInstr.h ****     \return               Reversed value
 113:D:\workspace\console800480\system\core_cmInstr.h ****  */
 114:D:\workspace\console800480\system\core_cmInstr.h **** static __INLINE __ASM uint32_t __REV16(uint32_t value)
 115:D:\workspace\console800480\system\core_cmInstr.h **** {
 116:D:\workspace\console800480\system\core_cmInstr.h ****   rev16 r0, r0
 117:D:\workspace\console800480\system\core_cmInstr.h ****   bx lr
 118:D:\workspace\console800480\system\core_cmInstr.h **** }
 119:D:\workspace\console800480\system\core_cmInstr.h **** 
 120:D:\workspace\console800480\system\core_cmInstr.h **** 
 121:D:\workspace\console800480\system\core_cmInstr.h **** /** \brief  Reverse byte order in signed short value
 122:D:\workspace\console800480\system\core_cmInstr.h **** 
 123:D:\workspace\console800480\system\core_cmInstr.h ****     This function reverses the byte order in a signed short value with sign extension to integer.
 124:D:\workspace\console800480\system\core_cmInstr.h **** 
 125:D:\workspace\console800480\system\core_cmInstr.h ****     \param [in]    value  Value to reverse
 126:D:\workspace\console800480\system\core_cmInstr.h ****     \return               Reversed value
 127:D:\workspace\console800480\system\core_cmInstr.h ****  */
 128:D:\workspace\console800480\system\core_cmInstr.h **** static __INLINE __ASM int32_t __REVSH(int32_t value)
 129:D:\workspace\console800480\system\core_cmInstr.h **** {
 130:D:\workspace\console800480\system\core_cmInstr.h ****   revsh r0, r0
 131:D:\workspace\console800480\system\core_cmInstr.h ****   bx lr
 132:D:\workspace\console800480\system\core_cmInstr.h **** }
 133:D:\workspace\console800480\system\core_cmInstr.h **** 
 134:D:\workspace\console800480\system\core_cmInstr.h **** 
 135:D:\workspace\console800480\system\core_cmInstr.h **** #if       (__CORTEX_M >= 0x03)
 136:D:\workspace\console800480\system\core_cmInstr.h **** 
 137:D:\workspace\console800480\system\core_cmInstr.h **** /** \brief  Reverse bit order of value
 138:D:\workspace\console800480\system\core_cmInstr.h **** 
 139:D:\workspace\console800480\system\core_cmInstr.h ****     This function reverses the bit order of the given value.
 140:D:\workspace\console800480\system\core_cmInstr.h **** 
 141:D:\workspace\console800480\system\core_cmInstr.h ****     \param [in]    value  Value to reverse
 142:D:\workspace\console800480\system\core_cmInstr.h ****     \return               Reversed value
 143:D:\workspace\console800480\system\core_cmInstr.h ****  */
 144:D:\workspace\console800480\system\core_cmInstr.h **** #define __RBIT                            __rbit
 145:D:\workspace\console800480\system\core_cmInstr.h **** 
 146:D:\workspace\console800480\system\core_cmInstr.h **** 
 147:D:\workspace\console800480\system\core_cmInstr.h **** /** \brief  LDR Exclusive (8 bit)
 148:D:\workspace\console800480\system\core_cmInstr.h **** 
 149:D:\workspace\console800480\system\core_cmInstr.h ****     This function performs a exclusive LDR command for 8 bit value.
 150:D:\workspace\console800480\system\core_cmInstr.h **** 
 151:D:\workspace\console800480\system\core_cmInstr.h ****     \param [in]    ptr  Pointer to data
 152:D:\workspace\console800480\system\core_cmInstr.h ****     \return             value of type uint8_t at (*ptr)
 153:D:\workspace\console800480\system\core_cmInstr.h ****  */
 154:D:\workspace\console800480\system\core_cmInstr.h **** #define __LDREXB(ptr)                     ((uint8_t ) __ldrex(ptr))
 155:D:\workspace\console800480\system\core_cmInstr.h **** 
 156:D:\workspace\console800480\system\core_cmInstr.h **** 
 157:D:\workspace\console800480\system\core_cmInstr.h **** /** \brief  LDR Exclusive (16 bit)
 158:D:\workspace\console800480\system\core_cmInstr.h **** 
 159:D:\workspace\console800480\system\core_cmInstr.h ****     This function performs a exclusive LDR command for 16 bit values.
 160:D:\workspace\console800480\system\core_cmInstr.h **** 
 161:D:\workspace\console800480\system\core_cmInstr.h ****     \param [in]    ptr  Pointer to data
 162:D:\workspace\console800480\system\core_cmInstr.h ****     \return        value of type uint16_t at (*ptr)
 163:D:\workspace\console800480\system\core_cmInstr.h ****  */
 164:D:\workspace\console800480\system\core_cmInstr.h **** #define __LDREXH(ptr)                     ((uint16_t) __ldrex(ptr))
 165:D:\workspace\console800480\system\core_cmInstr.h **** 
 166:D:\workspace\console800480\system\core_cmInstr.h **** 
 167:D:\workspace\console800480\system\core_cmInstr.h **** /** \brief  LDR Exclusive (32 bit)
 168:D:\workspace\console800480\system\core_cmInstr.h **** 
 169:D:\workspace\console800480\system\core_cmInstr.h ****     This function performs a exclusive LDR command for 32 bit values.
 170:D:\workspace\console800480\system\core_cmInstr.h **** 
 171:D:\workspace\console800480\system\core_cmInstr.h ****     \param [in]    ptr  Pointer to data
 172:D:\workspace\console800480\system\core_cmInstr.h ****     \return        value of type uint32_t at (*ptr)
 173:D:\workspace\console800480\system\core_cmInstr.h ****  */
 174:D:\workspace\console800480\system\core_cmInstr.h **** #define __LDREXW(ptr)                     ((uint32_t ) __ldrex(ptr))
 175:D:\workspace\console800480\system\core_cmInstr.h **** 
 176:D:\workspace\console800480\system\core_cmInstr.h **** 
 177:D:\workspace\console800480\system\core_cmInstr.h **** /** \brief  STR Exclusive (8 bit)
 178:D:\workspace\console800480\system\core_cmInstr.h **** 
 179:D:\workspace\console800480\system\core_cmInstr.h ****     This function performs a exclusive STR command for 8 bit values.
 180:D:\workspace\console800480\system\core_cmInstr.h **** 
 181:D:\workspace\console800480\system\core_cmInstr.h ****     \param [in]  value  Value to store
 182:D:\workspace\console800480\system\core_cmInstr.h ****     \param [in]    ptr  Pointer to location
 183:D:\workspace\console800480\system\core_cmInstr.h ****     \return          0  Function succeeded
 184:D:\workspace\console800480\system\core_cmInstr.h ****     \return          1  Function failed
 185:D:\workspace\console800480\system\core_cmInstr.h ****  */
 186:D:\workspace\console800480\system\core_cmInstr.h **** #define __STREXB(value, ptr)              __strex(value, ptr)
 187:D:\workspace\console800480\system\core_cmInstr.h **** 
 188:D:\workspace\console800480\system\core_cmInstr.h **** 
 189:D:\workspace\console800480\system\core_cmInstr.h **** /** \brief  STR Exclusive (16 bit)
 190:D:\workspace\console800480\system\core_cmInstr.h **** 
 191:D:\workspace\console800480\system\core_cmInstr.h ****     This function performs a exclusive STR command for 16 bit values.
 192:D:\workspace\console800480\system\core_cmInstr.h **** 
 193:D:\workspace\console800480\system\core_cmInstr.h ****     \param [in]  value  Value to store
 194:D:\workspace\console800480\system\core_cmInstr.h ****     \param [in]    ptr  Pointer to location
 195:D:\workspace\console800480\system\core_cmInstr.h ****     \return          0  Function succeeded
 196:D:\workspace\console800480\system\core_cmInstr.h ****     \return          1  Function failed
 197:D:\workspace\console800480\system\core_cmInstr.h ****  */
 198:D:\workspace\console800480\system\core_cmInstr.h **** #define __STREXH(value, ptr)              __strex(value, ptr)
 199:D:\workspace\console800480\system\core_cmInstr.h **** 
 200:D:\workspace\console800480\system\core_cmInstr.h **** 
 201:D:\workspace\console800480\system\core_cmInstr.h **** /** \brief  STR Exclusive (32 bit)
 202:D:\workspace\console800480\system\core_cmInstr.h **** 
 203:D:\workspace\console800480\system\core_cmInstr.h ****     This function performs a exclusive STR command for 32 bit values.
 204:D:\workspace\console800480\system\core_cmInstr.h **** 
 205:D:\workspace\console800480\system\core_cmInstr.h ****     \param [in]  value  Value to store
 206:D:\workspace\console800480\system\core_cmInstr.h ****     \param [in]    ptr  Pointer to location
 207:D:\workspace\console800480\system\core_cmInstr.h ****     \return          0  Function succeeded
 208:D:\workspace\console800480\system\core_cmInstr.h ****     \return          1  Function failed
 209:D:\workspace\console800480\system\core_cmInstr.h ****  */
 210:D:\workspace\console800480\system\core_cmInstr.h **** #define __STREXW(value, ptr)              __strex(value, ptr)
 211:D:\workspace\console800480\system\core_cmInstr.h **** 
 212:D:\workspace\console800480\system\core_cmInstr.h **** 
 213:D:\workspace\console800480\system\core_cmInstr.h **** /** \brief  Remove the exclusive lock
 214:D:\workspace\console800480\system\core_cmInstr.h **** 
 215:D:\workspace\console800480\system\core_cmInstr.h ****     This function removes the exclusive lock which is created by LDREX.
 216:D:\workspace\console800480\system\core_cmInstr.h **** 
 217:D:\workspace\console800480\system\core_cmInstr.h ****  */
 218:D:\workspace\console800480\system\core_cmInstr.h **** #define __CLREX                           __clrex
 219:D:\workspace\console800480\system\core_cmInstr.h **** 
 220:D:\workspace\console800480\system\core_cmInstr.h **** 
 221:D:\workspace\console800480\system\core_cmInstr.h **** /** \brief  Signed Saturate
 222:D:\workspace\console800480\system\core_cmInstr.h **** 
 223:D:\workspace\console800480\system\core_cmInstr.h ****     This function saturates a signed value.
 224:D:\workspace\console800480\system\core_cmInstr.h **** 
 225:D:\workspace\console800480\system\core_cmInstr.h ****     \param [in]  value  Value to be saturated
 226:D:\workspace\console800480\system\core_cmInstr.h ****     \param [in]    sat  Bit position to saturate to (1..32)
 227:D:\workspace\console800480\system\core_cmInstr.h ****     \return             Saturated value
 228:D:\workspace\console800480\system\core_cmInstr.h ****  */
 229:D:\workspace\console800480\system\core_cmInstr.h **** #define __SSAT                            __ssat
 230:D:\workspace\console800480\system\core_cmInstr.h **** 
 231:D:\workspace\console800480\system\core_cmInstr.h **** 
 232:D:\workspace\console800480\system\core_cmInstr.h **** /** \brief  Unsigned Saturate
 233:D:\workspace\console800480\system\core_cmInstr.h **** 
 234:D:\workspace\console800480\system\core_cmInstr.h ****     This function saturates an unsigned value.
 235:D:\workspace\console800480\system\core_cmInstr.h **** 
 236:D:\workspace\console800480\system\core_cmInstr.h ****     \param [in]  value  Value to be saturated
 237:D:\workspace\console800480\system\core_cmInstr.h ****     \param [in]    sat  Bit position to saturate to (0..31)
 238:D:\workspace\console800480\system\core_cmInstr.h ****     \return             Saturated value
 239:D:\workspace\console800480\system\core_cmInstr.h ****  */
 240:D:\workspace\console800480\system\core_cmInstr.h **** #define __USAT                            __usat
 241:D:\workspace\console800480\system\core_cmInstr.h **** 
 242:D:\workspace\console800480\system\core_cmInstr.h **** 
 243:D:\workspace\console800480\system\core_cmInstr.h **** /** \brief  Count leading zeros
 244:D:\workspace\console800480\system\core_cmInstr.h **** 
 245:D:\workspace\console800480\system\core_cmInstr.h ****     This function counts the number of leading zeros of a data value.
 246:D:\workspace\console800480\system\core_cmInstr.h **** 
 247:D:\workspace\console800480\system\core_cmInstr.h ****     \param [in]  value  Value to count the leading zeros
 248:D:\workspace\console800480\system\core_cmInstr.h ****     \return             number of leading zeros in value
 249:D:\workspace\console800480\system\core_cmInstr.h ****  */
 250:D:\workspace\console800480\system\core_cmInstr.h **** #define __CLZ                             __clz 
 251:D:\workspace\console800480\system\core_cmInstr.h **** 
 252:D:\workspace\console800480\system\core_cmInstr.h **** #endif /* (__CORTEX_M >= 0x03) */
 253:D:\workspace\console800480\system\core_cmInstr.h **** 
 254:D:\workspace\console800480\system\core_cmInstr.h **** 
 255:D:\workspace\console800480\system\core_cmInstr.h **** 
 256:D:\workspace\console800480\system\core_cmInstr.h **** #elif defined ( __ICCARM__ ) /*------------------ ICC Compiler -------------------*/
 257:D:\workspace\console800480\system\core_cmInstr.h **** /* IAR iccarm specific functions */
 258:D:\workspace\console800480\system\core_cmInstr.h **** 
 259:D:\workspace\console800480\system\core_cmInstr.h **** #include <cmsis_iar.h>
 260:D:\workspace\console800480\system\core_cmInstr.h **** 
 261:D:\workspace\console800480\system\core_cmInstr.h **** 
 262:D:\workspace\console800480\system\core_cmInstr.h **** #elif defined ( __GNUC__ ) /*------------------ GNU Compiler ---------------------*/
 263:D:\workspace\console800480\system\core_cmInstr.h **** /* GNU gcc specific functions */
 264:D:\workspace\console800480\system\core_cmInstr.h **** 
 265:D:\workspace\console800480\system\core_cmInstr.h **** /** \brief  No Operation
 266:D:\workspace\console800480\system\core_cmInstr.h **** 
 267:D:\workspace\console800480\system\core_cmInstr.h ****     No Operation does nothing. This instruction can be used for code alignment purposes.
 268:D:\workspace\console800480\system\core_cmInstr.h ****  */
 269:D:\workspace\console800480\system\core_cmInstr.h **** __attribute__( ( always_inline ) ) static __INLINE void __NOP(void)
 270:D:\workspace\console800480\system\core_cmInstr.h **** {
 271:D:\workspace\console800480\system\core_cmInstr.h ****   __ASM volatile ("nop");
 272:D:\workspace\console800480\system\core_cmInstr.h **** }
 273:D:\workspace\console800480\system\core_cmInstr.h **** 
 274:D:\workspace\console800480\system\core_cmInstr.h **** 
 275:D:\workspace\console800480\system\core_cmInstr.h **** /** \brief  Wait For Interrupt
 276:D:\workspace\console800480\system\core_cmInstr.h **** 
 277:D:\workspace\console800480\system\core_cmInstr.h ****     Wait For Interrupt is a hint instruction that suspends execution
 278:D:\workspace\console800480\system\core_cmInstr.h ****     until one of a number of events occurs.
 279:D:\workspace\console800480\system\core_cmInstr.h ****  */
 280:D:\workspace\console800480\system\core_cmInstr.h **** __attribute__( ( always_inline ) ) static __INLINE void __WFI(void)
 281:D:\workspace\console800480\system\core_cmInstr.h **** {
 282:D:\workspace\console800480\system\core_cmInstr.h ****   __ASM volatile ("wfi");
 283:D:\workspace\console800480\system\core_cmInstr.h **** }
 284:D:\workspace\console800480\system\core_cmInstr.h **** 
 285:D:\workspace\console800480\system\core_cmInstr.h **** 
 286:D:\workspace\console800480\system\core_cmInstr.h **** /** \brief  Wait For Event
 287:D:\workspace\console800480\system\core_cmInstr.h **** 
 288:D:\workspace\console800480\system\core_cmInstr.h ****     Wait For Event is a hint instruction that permits the processor to enter
 289:D:\workspace\console800480\system\core_cmInstr.h ****     a low-power state until one of a number of events occurs.
 290:D:\workspace\console800480\system\core_cmInstr.h ****  */
 291:D:\workspace\console800480\system\core_cmInstr.h **** __attribute__( ( always_inline ) ) static __INLINE void __WFE(void)
 292:D:\workspace\console800480\system\core_cmInstr.h **** {
 293:D:\workspace\console800480\system\core_cmInstr.h ****   __ASM volatile ("wfe");
 294:D:\workspace\console800480\system\core_cmInstr.h **** }
 295:D:\workspace\console800480\system\core_cmInstr.h **** 
 296:D:\workspace\console800480\system\core_cmInstr.h **** 
 297:D:\workspace\console800480\system\core_cmInstr.h **** /** \brief  Send Event
 298:D:\workspace\console800480\system\core_cmInstr.h **** 
 299:D:\workspace\console800480\system\core_cmInstr.h ****     Send Event is a hint instruction. It causes an event to be signaled to the CPU.
 300:D:\workspace\console800480\system\core_cmInstr.h ****  */
 301:D:\workspace\console800480\system\core_cmInstr.h **** __attribute__( ( always_inline ) ) static __INLINE void __SEV(void)
 302:D:\workspace\console800480\system\core_cmInstr.h **** {
 303:D:\workspace\console800480\system\core_cmInstr.h ****   __ASM volatile ("sev");
 304:D:\workspace\console800480\system\core_cmInstr.h **** }
 305:D:\workspace\console800480\system\core_cmInstr.h **** 
 306:D:\workspace\console800480\system\core_cmInstr.h **** 
 307:D:\workspace\console800480\system\core_cmInstr.h **** /** \brief  Instruction Synchronization Barrier
 308:D:\workspace\console800480\system\core_cmInstr.h **** 
 309:D:\workspace\console800480\system\core_cmInstr.h ****     Instruction Synchronization Barrier flushes the pipeline in the processor, 
 310:D:\workspace\console800480\system\core_cmInstr.h ****     so that all instructions following the ISB are fetched from cache or 
 311:D:\workspace\console800480\system\core_cmInstr.h ****     memory, after the instruction has been completed.
 312:D:\workspace\console800480\system\core_cmInstr.h ****  */
 313:D:\workspace\console800480\system\core_cmInstr.h **** __attribute__( ( always_inline ) ) static __INLINE void __ISB(void)
 314:D:\workspace\console800480\system\core_cmInstr.h **** {
 315:D:\workspace\console800480\system\core_cmInstr.h ****   __ASM volatile ("isb");
 316:D:\workspace\console800480\system\core_cmInstr.h **** }
 317:D:\workspace\console800480\system\core_cmInstr.h **** 
 318:D:\workspace\console800480\system\core_cmInstr.h **** 
 319:D:\workspace\console800480\system\core_cmInstr.h **** /** \brief  Data Synchronization Barrier
 320:D:\workspace\console800480\system\core_cmInstr.h **** 
 321:D:\workspace\console800480\system\core_cmInstr.h ****     This function acts as a special kind of Data Memory Barrier. 
 322:D:\workspace\console800480\system\core_cmInstr.h ****     It completes when all explicit memory accesses before this instruction complete.
 323:D:\workspace\console800480\system\core_cmInstr.h ****  */
 324:D:\workspace\console800480\system\core_cmInstr.h **** __attribute__( ( always_inline ) ) static __INLINE void __DSB(void)
 325:D:\workspace\console800480\system\core_cmInstr.h **** {
 326:D:\workspace\console800480\system\core_cmInstr.h ****   __ASM volatile ("dsb");
 327:D:\workspace\console800480\system\core_cmInstr.h **** }
 328:D:\workspace\console800480\system\core_cmInstr.h **** 
 329:D:\workspace\console800480\system\core_cmInstr.h **** 
 330:D:\workspace\console800480\system\core_cmInstr.h **** /** \brief  Data Memory Barrier
 331:D:\workspace\console800480\system\core_cmInstr.h **** 
 332:D:\workspace\console800480\system\core_cmInstr.h ****     This function ensures the apparent order of the explicit memory operations before 
 333:D:\workspace\console800480\system\core_cmInstr.h ****     and after the instruction, without ensuring their completion.
 334:D:\workspace\console800480\system\core_cmInstr.h ****  */
 335:D:\workspace\console800480\system\core_cmInstr.h **** __attribute__( ( always_inline ) ) static __INLINE void __DMB(void)
 336:D:\workspace\console800480\system\core_cmInstr.h **** {
 337:D:\workspace\console800480\system\core_cmInstr.h ****   __ASM volatile ("dmb");
 338:D:\workspace\console800480\system\core_cmInstr.h **** }
 339:D:\workspace\console800480\system\core_cmInstr.h **** 
 340:D:\workspace\console800480\system\core_cmInstr.h **** 
 341:D:\workspace\console800480\system\core_cmInstr.h **** /** \brief  Reverse byte order (32 bit)
 342:D:\workspace\console800480\system\core_cmInstr.h **** 
 343:D:\workspace\console800480\system\core_cmInstr.h ****     This function reverses the byte order in integer value.
 344:D:\workspace\console800480\system\core_cmInstr.h **** 
 345:D:\workspace\console800480\system\core_cmInstr.h ****     \param [in]    value  Value to reverse
 346:D:\workspace\console800480\system\core_cmInstr.h ****     \return               Reversed value
 347:D:\workspace\console800480\system\core_cmInstr.h ****  */
 348:D:\workspace\console800480\system\core_cmInstr.h **** __attribute__( ( always_inline ) ) static __INLINE uint32_t __REV(uint32_t value)
 349:D:\workspace\console800480\system\core_cmInstr.h **** {
 350:D:\workspace\console800480\system\core_cmInstr.h ****   uint32_t result;
 351:D:\workspace\console800480\system\core_cmInstr.h ****   
 352:D:\workspace\console800480\system\core_cmInstr.h ****   __ASM volatile ("rev %0, %1" : "=r" (result) : "r" (value) );
 353:D:\workspace\console800480\system\core_cmInstr.h ****   return(result);
 354:D:\workspace\console800480\system\core_cmInstr.h **** }
 355:D:\workspace\console800480\system\core_cmInstr.h **** 
 356:D:\workspace\console800480\system\core_cmInstr.h **** 
 357:D:\workspace\console800480\system\core_cmInstr.h **** /** \brief  Reverse byte order (16 bit)
 358:D:\workspace\console800480\system\core_cmInstr.h **** 
 359:D:\workspace\console800480\system\core_cmInstr.h ****     This function reverses the byte order in two unsigned short values.
 360:D:\workspace\console800480\system\core_cmInstr.h **** 
 361:D:\workspace\console800480\system\core_cmInstr.h ****     \param [in]    value  Value to reverse
 362:D:\workspace\console800480\system\core_cmInstr.h ****     \return               Reversed value
 363:D:\workspace\console800480\system\core_cmInstr.h ****  */
 364:D:\workspace\console800480\system\core_cmInstr.h **** __attribute__( ( always_inline ) ) static __INLINE uint32_t __REV16(uint32_t value)
 365:D:\workspace\console800480\system\core_cmInstr.h **** {
 366:D:\workspace\console800480\system\core_cmInstr.h ****   uint32_t result;
 367:D:\workspace\console800480\system\core_cmInstr.h ****   
 368:D:\workspace\console800480\system\core_cmInstr.h ****   __ASM volatile ("rev16 %0, %1" : "=r" (result) : "r" (value) );
 369:D:\workspace\console800480\system\core_cmInstr.h ****   return(result);
 370:D:\workspace\console800480\system\core_cmInstr.h **** }
 371:D:\workspace\console800480\system\core_cmInstr.h **** 
 372:D:\workspace\console800480\system\core_cmInstr.h **** 
 373:D:\workspace\console800480\system\core_cmInstr.h **** /** \brief  Reverse byte order in signed short value
 374:D:\workspace\console800480\system\core_cmInstr.h **** 
 375:D:\workspace\console800480\system\core_cmInstr.h ****     This function reverses the byte order in a signed short value with sign extension to integer.
 376:D:\workspace\console800480\system\core_cmInstr.h **** 
 377:D:\workspace\console800480\system\core_cmInstr.h ****     \param [in]    value  Value to reverse
 378:D:\workspace\console800480\system\core_cmInstr.h ****     \return               Reversed value
 379:D:\workspace\console800480\system\core_cmInstr.h ****  */
 380:D:\workspace\console800480\system\core_cmInstr.h **** __attribute__( ( always_inline ) ) static __INLINE int32_t __REVSH(int32_t value)
 381:D:\workspace\console800480\system\core_cmInstr.h **** {
 382:D:\workspace\console800480\system\core_cmInstr.h ****   uint32_t result;
 383:D:\workspace\console800480\system\core_cmInstr.h ****   
 384:D:\workspace\console800480\system\core_cmInstr.h ****   __ASM volatile ("revsh %0, %1" : "=r" (result) : "r" (value) );
 385:D:\workspace\console800480\system\core_cmInstr.h ****   return(result);
 386:D:\workspace\console800480\system\core_cmInstr.h **** }
 387:D:\workspace\console800480\system\core_cmInstr.h **** 
 388:D:\workspace\console800480\system\core_cmInstr.h **** 
 389:D:\workspace\console800480\system\core_cmInstr.h **** #if       (__CORTEX_M >= 0x03)
 390:D:\workspace\console800480\system\core_cmInstr.h **** 
 391:D:\workspace\console800480\system\core_cmInstr.h **** /** \brief  Reverse bit order of value
 392:D:\workspace\console800480\system\core_cmInstr.h **** 
 393:D:\workspace\console800480\system\core_cmInstr.h ****     This function reverses the bit order of the given value.
 394:D:\workspace\console800480\system\core_cmInstr.h **** 
 395:D:\workspace\console800480\system\core_cmInstr.h ****     \param [in]    value  Value to reverse
 396:D:\workspace\console800480\system\core_cmInstr.h ****     \return               Reversed value
 397:D:\workspace\console800480\system\core_cmInstr.h ****  */
 398:D:\workspace\console800480\system\core_cmInstr.h **** __attribute__( ( always_inline ) ) static __INLINE uint32_t __RBIT(uint32_t value)
 399:D:\workspace\console800480\system\core_cmInstr.h **** {
 400:D:\workspace\console800480\system\core_cmInstr.h ****   uint32_t result;
 401:D:\workspace\console800480\system\core_cmInstr.h ****   
 402:D:\workspace\console800480\system\core_cmInstr.h ****    __ASM volatile ("rbit %0, %1" : "=r" (result) : "r" (value) );
  91              		.loc 2 402 0
  92 0066 7A6A     		ldr	r2, [r7, #36]
  93              	@ 402 "D:\workspace\console800480\system/core_cmInstr.h" 1
  94 0068 92FAA2F2 		rbit r2, r2
  95              	@ 0 "" 2
  96              		.thumb
  97 006c 3A62     		str	r2, [r7, #32]
 403:D:\workspace\console800480\system\core_cmInstr.h ****    return(result);
  98              		.loc 2 403 0
  99 006e 3A6A     		ldr	r2, [r7, #32]
 100 0070 FA61     		str	r2, [r7, #28]
 101              	.LBE19:
 102              	.LBE18:
 103              	.LBB20:
 104              	.LBB21:
 404:D:\workspace\console800480\system\core_cmInstr.h **** }
 405:D:\workspace\console800480\system\core_cmInstr.h **** 
 406:D:\workspace\console800480\system\core_cmInstr.h **** 
 407:D:\workspace\console800480\system\core_cmInstr.h **** /** \brief  LDR Exclusive (8 bit)
 408:D:\workspace\console800480\system\core_cmInstr.h **** 
 409:D:\workspace\console800480\system\core_cmInstr.h ****     This function performs a exclusive LDR command for 8 bit value.
 410:D:\workspace\console800480\system\core_cmInstr.h **** 
 411:D:\workspace\console800480\system\core_cmInstr.h ****     \param [in]    ptr  Pointer to data
 412:D:\workspace\console800480\system\core_cmInstr.h ****     \return             value of type uint8_t at (*ptr)
 413:D:\workspace\console800480\system\core_cmInstr.h ****  */
 414:D:\workspace\console800480\system\core_cmInstr.h **** __attribute__( ( always_inline ) ) static __INLINE uint8_t __LDREXB(volatile uint8_t *addr)
 415:D:\workspace\console800480\system\core_cmInstr.h **** {
 416:D:\workspace\console800480\system\core_cmInstr.h ****     uint8_t result;
 417:D:\workspace\console800480\system\core_cmInstr.h ****   
 418:D:\workspace\console800480\system\core_cmInstr.h ****    __ASM volatile ("ldrexb %0, [%1]" : "=r" (result) : "r" (addr) );
 419:D:\workspace\console800480\system\core_cmInstr.h ****    return(result);
 420:D:\workspace\console800480\system\core_cmInstr.h **** }
 421:D:\workspace\console800480\system\core_cmInstr.h **** 
 422:D:\workspace\console800480\system\core_cmInstr.h **** 
 423:D:\workspace\console800480\system\core_cmInstr.h **** /** \brief  LDR Exclusive (16 bit)
 424:D:\workspace\console800480\system\core_cmInstr.h **** 
 425:D:\workspace\console800480\system\core_cmInstr.h ****     This function performs a exclusive LDR command for 16 bit values.
 426:D:\workspace\console800480\system\core_cmInstr.h **** 
 427:D:\workspace\console800480\system\core_cmInstr.h ****     \param [in]    ptr  Pointer to data
 428:D:\workspace\console800480\system\core_cmInstr.h ****     \return        value of type uint16_t at (*ptr)
 429:D:\workspace\console800480\system\core_cmInstr.h ****  */
 430:D:\workspace\console800480\system\core_cmInstr.h **** __attribute__( ( always_inline ) ) static __INLINE uint16_t __LDREXH(volatile uint16_t *addr)
 431:D:\workspace\console800480\system\core_cmInstr.h **** {
 432:D:\workspace\console800480\system\core_cmInstr.h ****     uint16_t result;
 433:D:\workspace\console800480\system\core_cmInstr.h ****   
 434:D:\workspace\console800480\system\core_cmInstr.h ****    __ASM volatile ("ldrexh %0, [%1]" : "=r" (result) : "r" (addr) );
 435:D:\workspace\console800480\system\core_cmInstr.h ****    return(result);
 436:D:\workspace\console800480\system\core_cmInstr.h **** }
 437:D:\workspace\console800480\system\core_cmInstr.h **** 
 438:D:\workspace\console800480\system\core_cmInstr.h **** 
 439:D:\workspace\console800480\system\core_cmInstr.h **** /** \brief  LDR Exclusive (32 bit)
 440:D:\workspace\console800480\system\core_cmInstr.h **** 
 441:D:\workspace\console800480\system\core_cmInstr.h ****     This function performs a exclusive LDR command for 32 bit values.
 442:D:\workspace\console800480\system\core_cmInstr.h **** 
 443:D:\workspace\console800480\system\core_cmInstr.h ****     \param [in]    ptr  Pointer to data
 444:D:\workspace\console800480\system\core_cmInstr.h ****     \return        value of type uint32_t at (*ptr)
 445:D:\workspace\console800480\system\core_cmInstr.h ****  */
 446:D:\workspace\console800480\system\core_cmInstr.h **** __attribute__( ( always_inline ) ) static __INLINE uint32_t __LDREXW(volatile uint32_t *addr)
 447:D:\workspace\console800480\system\core_cmInstr.h **** {
 448:D:\workspace\console800480\system\core_cmInstr.h ****     uint32_t result;
 449:D:\workspace\console800480\system\core_cmInstr.h ****   
 450:D:\workspace\console800480\system\core_cmInstr.h ****    __ASM volatile ("ldrex %0, [%1]" : "=r" (result) : "r" (addr) );
 451:D:\workspace\console800480\system\core_cmInstr.h ****    return(result);
 452:D:\workspace\console800480\system\core_cmInstr.h **** }
 453:D:\workspace\console800480\system\core_cmInstr.h **** 
 454:D:\workspace\console800480\system\core_cmInstr.h **** 
 455:D:\workspace\console800480\system\core_cmInstr.h **** /** \brief  STR Exclusive (8 bit)
 456:D:\workspace\console800480\system\core_cmInstr.h **** 
 457:D:\workspace\console800480\system\core_cmInstr.h ****     This function performs a exclusive STR command for 8 bit values.
 458:D:\workspace\console800480\system\core_cmInstr.h **** 
 459:D:\workspace\console800480\system\core_cmInstr.h ****     \param [in]  value  Value to store
 460:D:\workspace\console800480\system\core_cmInstr.h ****     \param [in]    ptr  Pointer to location
 461:D:\workspace\console800480\system\core_cmInstr.h ****     \return          0  Function succeeded
 462:D:\workspace\console800480\system\core_cmInstr.h ****     \return          1  Function failed
 463:D:\workspace\console800480\system\core_cmInstr.h ****  */
 464:D:\workspace\console800480\system\core_cmInstr.h **** __attribute__( ( always_inline ) ) static __INLINE uint32_t __STREXB(uint8_t value, volatile uint8_
 465:D:\workspace\console800480\system\core_cmInstr.h **** {
 466:D:\workspace\console800480\system\core_cmInstr.h ****    uint32_t result;
 467:D:\workspace\console800480\system\core_cmInstr.h ****   
 468:D:\workspace\console800480\system\core_cmInstr.h ****    __ASM volatile ("strexb %0, %2, [%1]" : "=r" (result) : "r" (addr), "r" (value) );
 469:D:\workspace\console800480\system\core_cmInstr.h ****    return(result);
 470:D:\workspace\console800480\system\core_cmInstr.h **** }
 471:D:\workspace\console800480\system\core_cmInstr.h **** 
 472:D:\workspace\console800480\system\core_cmInstr.h **** 
 473:D:\workspace\console800480\system\core_cmInstr.h **** /** \brief  STR Exclusive (16 bit)
 474:D:\workspace\console800480\system\core_cmInstr.h **** 
 475:D:\workspace\console800480\system\core_cmInstr.h ****     This function performs a exclusive STR command for 16 bit values.
 476:D:\workspace\console800480\system\core_cmInstr.h **** 
 477:D:\workspace\console800480\system\core_cmInstr.h ****     \param [in]  value  Value to store
 478:D:\workspace\console800480\system\core_cmInstr.h ****     \param [in]    ptr  Pointer to location
 479:D:\workspace\console800480\system\core_cmInstr.h ****     \return          0  Function succeeded
 480:D:\workspace\console800480\system\core_cmInstr.h ****     \return          1  Function failed
 481:D:\workspace\console800480\system\core_cmInstr.h ****  */
 482:D:\workspace\console800480\system\core_cmInstr.h **** __attribute__( ( always_inline ) ) static __INLINE uint32_t __STREXH(uint16_t value, volatile uint1
 483:D:\workspace\console800480\system\core_cmInstr.h **** {
 484:D:\workspace\console800480\system\core_cmInstr.h ****    uint32_t result;
 485:D:\workspace\console800480\system\core_cmInstr.h ****   
 486:D:\workspace\console800480\system\core_cmInstr.h ****    __ASM volatile ("strexh %0, %2, [%1]" : "=r" (result) : "r" (addr), "r" (value) );
 487:D:\workspace\console800480\system\core_cmInstr.h ****    return(result);
 488:D:\workspace\console800480\system\core_cmInstr.h **** }
 489:D:\workspace\console800480\system\core_cmInstr.h **** 
 490:D:\workspace\console800480\system\core_cmInstr.h **** 
 491:D:\workspace\console800480\system\core_cmInstr.h **** /** \brief  STR Exclusive (32 bit)
 492:D:\workspace\console800480\system\core_cmInstr.h **** 
 493:D:\workspace\console800480\system\core_cmInstr.h ****     This function performs a exclusive STR command for 32 bit values.
 494:D:\workspace\console800480\system\core_cmInstr.h **** 
 495:D:\workspace\console800480\system\core_cmInstr.h ****     \param [in]  value  Value to store
 496:D:\workspace\console800480\system\core_cmInstr.h ****     \param [in]    ptr  Pointer to location
 497:D:\workspace\console800480\system\core_cmInstr.h ****     \return          0  Function succeeded
 498:D:\workspace\console800480\system\core_cmInstr.h ****     \return          1  Function failed
 499:D:\workspace\console800480\system\core_cmInstr.h ****  */
 500:D:\workspace\console800480\system\core_cmInstr.h **** __attribute__( ( always_inline ) ) static __INLINE uint32_t __STREXW(uint32_t value, volatile uint3
 501:D:\workspace\console800480\system\core_cmInstr.h **** {
 502:D:\workspace\console800480\system\core_cmInstr.h ****    uint32_t result;
 503:D:\workspace\console800480\system\core_cmInstr.h ****   
 504:D:\workspace\console800480\system\core_cmInstr.h ****    __ASM volatile ("strex %0, %2, [%1]" : "=r" (result) : "r" (addr), "r" (value) );
 505:D:\workspace\console800480\system\core_cmInstr.h ****    return(result);
 506:D:\workspace\console800480\system\core_cmInstr.h **** }
 507:D:\workspace\console800480\system\core_cmInstr.h **** 
 508:D:\workspace\console800480\system\core_cmInstr.h **** 
 509:D:\workspace\console800480\system\core_cmInstr.h **** /** \brief  Remove the exclusive lock
 510:D:\workspace\console800480\system\core_cmInstr.h **** 
 511:D:\workspace\console800480\system\core_cmInstr.h ****     This function removes the exclusive lock which is created by LDREX.
 512:D:\workspace\console800480\system\core_cmInstr.h **** 
 513:D:\workspace\console800480\system\core_cmInstr.h ****  */
 514:D:\workspace\console800480\system\core_cmInstr.h **** __attribute__( ( always_inline ) ) static __INLINE void __CLREX(void)
 515:D:\workspace\console800480\system\core_cmInstr.h **** {
 516:D:\workspace\console800480\system\core_cmInstr.h ****   __ASM volatile ("clrex");
 517:D:\workspace\console800480\system\core_cmInstr.h **** }
 518:D:\workspace\console800480\system\core_cmInstr.h **** 
 519:D:\workspace\console800480\system\core_cmInstr.h **** 
 520:D:\workspace\console800480\system\core_cmInstr.h **** /** \brief  Signed Saturate
 521:D:\workspace\console800480\system\core_cmInstr.h **** 
 522:D:\workspace\console800480\system\core_cmInstr.h ****     This function saturates a signed value.
 523:D:\workspace\console800480\system\core_cmInstr.h **** 
 524:D:\workspace\console800480\system\core_cmInstr.h ****     \param [in]  value  Value to be saturated
 525:D:\workspace\console800480\system\core_cmInstr.h ****     \param [in]    sat  Bit position to saturate to (1..32)
 526:D:\workspace\console800480\system\core_cmInstr.h ****     \return             Saturated value
 527:D:\workspace\console800480\system\core_cmInstr.h ****  */
 528:D:\workspace\console800480\system\core_cmInstr.h **** #define __SSAT(ARG1,ARG2) \
 529:D:\workspace\console800480\system\core_cmInstr.h **** ({                          \
 530:D:\workspace\console800480\system\core_cmInstr.h ****   uint32_t __RES, __ARG1 = (ARG1); \
 531:D:\workspace\console800480\system\core_cmInstr.h ****   __ASM ("ssat %0, %1, %2" : "=r" (__RES) :  "I" (ARG2), "r" (__ARG1) ); \
 532:D:\workspace\console800480\system\core_cmInstr.h ****   __RES; \
 533:D:\workspace\console800480\system\core_cmInstr.h ****  })
 534:D:\workspace\console800480\system\core_cmInstr.h **** 
 535:D:\workspace\console800480\system\core_cmInstr.h **** 
 536:D:\workspace\console800480\system\core_cmInstr.h **** /** \brief  Unsigned Saturate
 537:D:\workspace\console800480\system\core_cmInstr.h **** 
 538:D:\workspace\console800480\system\core_cmInstr.h ****     This function saturates an unsigned value.
 539:D:\workspace\console800480\system\core_cmInstr.h **** 
 540:D:\workspace\console800480\system\core_cmInstr.h ****     \param [in]  value  Value to be saturated
 541:D:\workspace\console800480\system\core_cmInstr.h ****     \param [in]    sat  Bit position to saturate to (0..31)
 542:D:\workspace\console800480\system\core_cmInstr.h ****     \return             Saturated value
 543:D:\workspace\console800480\system\core_cmInstr.h ****  */
 544:D:\workspace\console800480\system\core_cmInstr.h **** #define __USAT(ARG1,ARG2) \
 545:D:\workspace\console800480\system\core_cmInstr.h **** ({                          \
 546:D:\workspace\console800480\system\core_cmInstr.h ****   uint32_t __RES, __ARG1 = (ARG1); \
 547:D:\workspace\console800480\system\core_cmInstr.h ****   __ASM ("usat %0, %1, %2" : "=r" (__RES) :  "I" (ARG2), "r" (__ARG1) ); \
 548:D:\workspace\console800480\system\core_cmInstr.h ****   __RES; \
 549:D:\workspace\console800480\system\core_cmInstr.h ****  })
 550:D:\workspace\console800480\system\core_cmInstr.h **** 
 551:D:\workspace\console800480\system\core_cmInstr.h **** 
 552:D:\workspace\console800480\system\core_cmInstr.h **** /** \brief  Count leading zeros
 553:D:\workspace\console800480\system\core_cmInstr.h **** 
 554:D:\workspace\console800480\system\core_cmInstr.h ****     This function counts the number of leading zeros of a data value.
 555:D:\workspace\console800480\system\core_cmInstr.h **** 
 556:D:\workspace\console800480\system\core_cmInstr.h ****     \param [in]  value  Value to count the leading zeros
 557:D:\workspace\console800480\system\core_cmInstr.h ****     \return             number of leading zeros in value
 558:D:\workspace\console800480\system\core_cmInstr.h ****  */
 559:D:\workspace\console800480\system\core_cmInstr.h **** __attribute__( ( always_inline ) ) static __INLINE uint8_t __CLZ(uint32_t value)
 560:D:\workspace\console800480\system\core_cmInstr.h **** {
 561:D:\workspace\console800480\system\core_cmInstr.h ****   uint8_t result;
 562:D:\workspace\console800480\system\core_cmInstr.h ****   
 563:D:\workspace\console800480\system\core_cmInstr.h ****   __ASM volatile ("clz %0, %1" : "=r" (result) : "r" (value) );
 105              		.loc 2 563 0
 106 0072 FA69     		ldr	r2, [r7, #28]
 107              	@ 563 "D:\workspace\console800480\system/core_cmInstr.h" 1
 108 0074 B2FA82F2 		clz r2, r2
 109              	@ 0 "" 2
 110              		.thumb
 111 0078 FA76     		strb	r2, [r7, #27]
 564:D:\workspace\console800480\system\core_cmInstr.h ****   return(result);
 112              		.loc 2 564 0
 113 007a FA7E     		ldrb	r2, [r7, #27]	@ zero_extendqisi2
 114              	.LBE21:
 115              	.LBE20:
 116              		.loc 1 130 0
 117 007c 9140     		lsls	r1, r1, r2
 118 007e 7A68     		ldr	r2, [r7, #4]
 119 0080 9068     		ldr	r0, [r2, #8]
 120 0082 4FF0E042 		mov	r2, #1879048192
 121 0086 7A61     		str	r2, [r7, #20]
 122              	.LBB22:
 123              	.LBB23:
 402:D:\workspace\console800480\system\core_cmInstr.h ****    return(result);
 124              		.loc 2 402 0
 125 0088 7A69     		ldr	r2, [r7, #20]
 126              	@ 402 "D:\workspace\console800480\system/core_cmInstr.h" 1
 127 008a 92FAA2F2 		rbit r2, r2
 128              	@ 0 "" 2
 129              		.thumb
 130 008e 3A61     		str	r2, [r7, #16]
 403:D:\workspace\console800480\system\core_cmInstr.h **** }
 131              		.loc 2 403 0
 132 0090 3A69     		ldr	r2, [r7, #16]
 133 0092 FA60     		str	r2, [r7, #12]
 134              	.LBE23:
 135              	.LBE22:
 136              	.LBB24:
 137              	.LBB25:
 563:D:\workspace\console800480\system\core_cmInstr.h ****   return(result);
 138              		.loc 2 563 0
 139 0094 FA68     		ldr	r2, [r7, #12]
 140              	@ 563 "D:\workspace\console800480\system/core_cmInstr.h" 1
 141 0096 B2FA82F2 		clz r2, r2
 142              	@ 0 "" 2
 143              		.thumb
 144 009a FA72     		strb	r2, [r7, #11]
 145              		.loc 2 564 0
 146 009c FA7A     		ldrb	r2, [r7, #11]	@ zero_extendqisi2
 147              	.LBE25:
 148              	.LBE24:
 149              		.loc 1 130 0
 150 009e 00FA02F2 		lsl	r2, r0, r2
 151 00a2 0A43     		orrs	r2, r2, r1
 152 00a4 C3F88420 		str	r2, [r3, #132]
 131:../STM32F2xx_HAL_Driver/Src/stm32f2xx_hal_rcc_ex.c ****     
 132:../STM32F2xx_HAL_Driver/Src/stm32f2xx_hal_rcc_ex.c ****     /* Enable the PLLI2S */
 133:../STM32F2xx_HAL_Driver/Src/stm32f2xx_hal_rcc_ex.c ****     __HAL_RCC_PLLI2S_ENABLE();
 153              		.loc 1 133 0
 154 00a8 6823     		movs	r3, #104
 155 00aa C4F24723 		movt	r3, 16967
 156 00ae 0122     		movs	r2, #1
 157 00b0 1A60     		str	r2, [r3]
 134:../STM32F2xx_HAL_Driver/Src/stm32f2xx_hal_rcc_ex.c ****     /* Get new Timeout value */
 135:../STM32F2xx_HAL_Driver/Src/stm32f2xx_hal_rcc_ex.c ****     timeout = HAL_GetTick() + PLLI2S_TIMEOUT_VALUE;
 158              		.loc 1 135 0
 159 00b2 FFF7FEFF 		bl	HAL_GetTick
 160 00b6 0346     		mov	r3, r0
 161 00b8 6433     		adds	r3, r3, #100
 162 00ba FB62     		str	r3, [r7, #44]
 136:../STM32F2xx_HAL_Driver/Src/stm32f2xx_hal_rcc_ex.c ****     /* Wait till PLLI2S is ready */
 137:../STM32F2xx_HAL_Driver/Src/stm32f2xx_hal_rcc_ex.c ****     while(__HAL_RCC_GET_FLAG(RCC_FLAG_PLLI2SRDY)  == RESET)
 163              		.loc 1 137 0
 164 00bc 07E0     		b	.L10
 165              	.L11:
 138:../STM32F2xx_HAL_Driver/Src/stm32f2xx_hal_rcc_ex.c ****     {
 139:../STM32F2xx_HAL_Driver/Src/stm32f2xx_hal_rcc_ex.c ****       if(HAL_GetTick() >= timeout)
 166              		.loc 1 139 0
 167 00be FFF7FEFF 		bl	HAL_GetTick
 168 00c2 0246     		mov	r2, r0
 169 00c4 FB6A     		ldr	r3, [r7, #44]
 170 00c6 9A42     		cmp	r2, r3
 171 00c8 01D3     		bcc	.L10
 140:../STM32F2xx_HAL_Driver/Src/stm32f2xx_hal_rcc_ex.c ****       {
 141:../STM32F2xx_HAL_Driver/Src/stm32f2xx_hal_rcc_ex.c ****         /* return in case of Timeout detected */         
 142:../STM32F2xx_HAL_Driver/Src/stm32f2xx_hal_rcc_ex.c ****         return HAL_TIMEOUT;
 172              		.loc 1 142 0
 173 00ca 0323     		movs	r3, #3
 174 00cc B9E0     		b	.L4
 175              	.L10:
 137:../STM32F2xx_HAL_Driver/Src/stm32f2xx_hal_rcc_ex.c ****     {
 176              		.loc 1 137 0 discriminator 1
 177 00ce 4FF46053 		mov	r3, #14336
 178 00d2 C4F20203 		movt	r3, 16386
 179 00d6 1B68     		ldr	r3, [r3]
 180 00d8 03F00063 		and	r3, r3, #134217728
 181 00dc 002B     		cmp	r3, #0
 182 00de EED0     		beq	.L11
 183              	.L2:
 143:../STM32F2xx_HAL_Driver/Src/stm32f2xx_hal_rcc_ex.c ****       }
 144:../STM32F2xx_HAL_Driver/Src/stm32f2xx_hal_rcc_ex.c ****     }
 145:../STM32F2xx_HAL_Driver/Src/stm32f2xx_hal_rcc_ex.c ****   }
 146:../STM32F2xx_HAL_Driver/Src/stm32f2xx_hal_rcc_ex.c ****   
 147:../STM32F2xx_HAL_Driver/Src/stm32f2xx_hal_rcc_ex.c ****   /*---------------------------- RTC configuration -------------------------------*/
 148:../STM32F2xx_HAL_Driver/Src/stm32f2xx_hal_rcc_ex.c ****   if(((PeriphClkInit->PeriphClockSelection) & RCC_PERIPHCLK_RTC) == (RCC_PERIPHCLK_RTC))
 184              		.loc 1 148 0
 185 00e0 7B68     		ldr	r3, [r7, #4]
 186 00e2 1B68     		ldr	r3, [r3]
 187 00e4 03F00803 		and	r3, r3, #8
 188 00e8 002B     		cmp	r3, #0
 189 00ea 00F0A980 		beq	.L12
 149:../STM32F2xx_HAL_Driver/Src/stm32f2xx_hal_rcc_ex.c ****   {
 150:../STM32F2xx_HAL_Driver/Src/stm32f2xx_hal_rcc_ex.c ****     /* Enable Power Clock*/
 151:../STM32F2xx_HAL_Driver/Src/stm32f2xx_hal_rcc_ex.c ****     __PWR_CLK_ENABLE();
 190              		.loc 1 151 0
 191 00ee 4FF46053 		mov	r3, #14336
 192 00f2 C4F20203 		movt	r3, 16386
 193 00f6 4FF46052 		mov	r2, #14336
 194 00fa C4F20202 		movt	r2, 16386
 195 00fe 126C     		ldr	r2, [r2, #64]
 196 0100 42F08052 		orr	r2, r2, #268435456
 197 0104 1A64     		str	r2, [r3, #64]
 152:../STM32F2xx_HAL_Driver/Src/stm32f2xx_hal_rcc_ex.c ****     
 153:../STM32F2xx_HAL_Driver/Src/stm32f2xx_hal_rcc_ex.c ****     /* Enable write access to Backup domain */
 154:../STM32F2xx_HAL_Driver/Src/stm32f2xx_hal_rcc_ex.c ****     PWR->CR |= PWR_CR_DBP;
 198              		.loc 1 154 0
 199 0106 4FF4E043 		mov	r3, #28672
 200 010a C4F20003 		movt	r3, 16384
 201 010e 4FF4E042 		mov	r2, #28672
 202 0112 C4F20002 		movt	r2, 16384
 203 0116 1268     		ldr	r2, [r2]
 204 0118 42F48072 		orr	r2, r2, #256
 205 011c 1A60     		str	r2, [r3]
 155:../STM32F2xx_HAL_Driver/Src/stm32f2xx_hal_rcc_ex.c ****     
 156:../STM32F2xx_HAL_Driver/Src/stm32f2xx_hal_rcc_ex.c ****     /* Wait for Backup domain Write protection disable */
 157:../STM32F2xx_HAL_Driver/Src/stm32f2xx_hal_rcc_ex.c ****     timeout = HAL_GetTick() + DBP_TIMEOUT_VALUE;
 206              		.loc 1 157 0
 207 011e FFF7FEFF 		bl	HAL_GetTick
 208 0122 0346     		mov	r3, r0
 209 0124 6433     		adds	r3, r3, #100
 210 0126 FB62     		str	r3, [r7, #44]
 158:../STM32F2xx_HAL_Driver/Src/stm32f2xx_hal_rcc_ex.c ****     
 159:../STM32F2xx_HAL_Driver/Src/stm32f2xx_hal_rcc_ex.c ****     while((PWR->CR & PWR_CR_DBP) == RESET)
 211              		.loc 1 159 0
 212 0128 07E0     		b	.L13
 213              	.L14:
 160:../STM32F2xx_HAL_Driver/Src/stm32f2xx_hal_rcc_ex.c ****     {
 161:../STM32F2xx_HAL_Driver/Src/stm32f2xx_hal_rcc_ex.c ****       if(HAL_GetTick() >= timeout)
 214              		.loc 1 161 0
 215 012a FFF7FEFF 		bl	HAL_GetTick
 216 012e 0246     		mov	r2, r0
 217 0130 FB6A     		ldr	r3, [r7, #44]
 218 0132 9A42     		cmp	r2, r3
 219 0134 01D3     		bcc	.L13
 162:../STM32F2xx_HAL_Driver/Src/stm32f2xx_hal_rcc_ex.c ****       {
 163:../STM32F2xx_HAL_Driver/Src/stm32f2xx_hal_rcc_ex.c ****         return HAL_TIMEOUT;
 220              		.loc 1 163 0
 221 0136 0323     		movs	r3, #3
 222 0138 83E0     		b	.L4
 223              	.L13:
 159:../STM32F2xx_HAL_Driver/Src/stm32f2xx_hal_rcc_ex.c ****     {
 224              		.loc 1 159 0 discriminator 1
 225 013a 4FF4E043 		mov	r3, #28672
 226 013e C4F20003 		movt	r3, 16384
 227 0142 1B68     		ldr	r3, [r3]
 228 0144 03F48073 		and	r3, r3, #256
 229 0148 002B     		cmp	r3, #0
 230 014a EED0     		beq	.L14
 164:../STM32F2xx_HAL_Driver/Src/stm32f2xx_hal_rcc_ex.c ****       }      
 165:../STM32F2xx_HAL_Driver/Src/stm32f2xx_hal_rcc_ex.c ****     }
 166:../STM32F2xx_HAL_Driver/Src/stm32f2xx_hal_rcc_ex.c ****         
 167:../STM32F2xx_HAL_Driver/Src/stm32f2xx_hal_rcc_ex.c ****     /* Reset the Backup domain only if the RTC Clock source selction is modified */ 
 168:../STM32F2xx_HAL_Driver/Src/stm32f2xx_hal_rcc_ex.c ****     if((RCC->BDCR & RCC_BDCR_RTCSEL) != (PeriphClkInit->RTCClockSelection & RCC_BDCR_RTCSEL))
 231              		.loc 1 168 0
 232 014c 4FF46053 		mov	r3, #14336
 233 0150 C4F20203 		movt	r3, 16386
 234 0154 1A6F     		ldr	r2, [r3, #112]
 235 0156 7B68     		ldr	r3, [r7, #4]
 236 0158 DB68     		ldr	r3, [r3, #12]
 237 015a 5340     		eors	r3, r3, r2
 238 015c 03F44073 		and	r3, r3, #768
 239 0160 002B     		cmp	r3, #0
 240 0162 19D0     		beq	.L15
 169:../STM32F2xx_HAL_Driver/Src/stm32f2xx_hal_rcc_ex.c ****     {
 170:../STM32F2xx_HAL_Driver/Src/stm32f2xx_hal_rcc_ex.c ****       /* Store the content of BDCR register before the reset of Backup Domain */
 171:../STM32F2xx_HAL_Driver/Src/stm32f2xx_hal_rcc_ex.c ****       tmpreg = (RCC->BDCR & ~(RCC_BDCR_RTCSEL));
 241              		.loc 1 171 0
 242 0164 4FF46053 		mov	r3, #14336
 243 0168 C4F20203 		movt	r3, 16386
 244 016c 1B6F     		ldr	r3, [r3, #112]
 245 016e 23F44073 		bic	r3, r3, #768
 246 0172 BB62     		str	r3, [r7, #40]
 172:../STM32F2xx_HAL_Driver/Src/stm32f2xx_hal_rcc_ex.c ****       /* RTC Clock selection can be changed only if the Backup Domain is reset */
 173:../STM32F2xx_HAL_Driver/Src/stm32f2xx_hal_rcc_ex.c ****       __HAL_RCC_BACKUPRESET_FORCE();
 247              		.loc 1 173 0
 248 0174 4FF46463 		mov	r3, #3648
 249 0178 C4F24723 		movt	r3, 16967
 250 017c 0122     		movs	r2, #1
 251 017e 1A60     		str	r2, [r3]
 174:../STM32F2xx_HAL_Driver/Src/stm32f2xx_hal_rcc_ex.c ****       __HAL_RCC_BACKUPRESET_RELEASE();
 252              		.loc 1 174 0
 253 0180 4FF46463 		mov	r3, #3648
 254 0184 C4F24723 		movt	r3, 16967
 255 0188 0022     		movs	r2, #0
 256 018a 1A60     		str	r2, [r3]
 175:../STM32F2xx_HAL_Driver/Src/stm32f2xx_hal_rcc_ex.c ****       /* Restore the Content of BDCR register */
 176:../STM32F2xx_HAL_Driver/Src/stm32f2xx_hal_rcc_ex.c ****       RCC->BDCR = tmpreg;
 257              		.loc 1 176 0
 258 018c 4FF46053 		mov	r3, #14336
 259 0190 C4F20203 		movt	r3, 16386
 260 0194 BA6A     		ldr	r2, [r7, #40]
 261 0196 1A67     		str	r2, [r3, #112]
 262              	.L15:
 177:../STM32F2xx_HAL_Driver/Src/stm32f2xx_hal_rcc_ex.c ****     }
 178:../STM32F2xx_HAL_Driver/Src/stm32f2xx_hal_rcc_ex.c ****       
 179:../STM32F2xx_HAL_Driver/Src/stm32f2xx_hal_rcc_ex.c ****     /* If LSE is selected as RTC clock source, wait for LSE reactivation */
 180:../STM32F2xx_HAL_Driver/Src/stm32f2xx_hal_rcc_ex.c ****     if(PeriphClkInit->RTCClockSelection == RCC_RTCCLKSOURCE_LSE)
 263              		.loc 1 180 0
 264 0198 7B68     		ldr	r3, [r7, #4]
 265 019a DB68     		ldr	r3, [r3, #12]
 266 019c B3F5807F 		cmp	r3, #256
 267 01a0 18D1     		bne	.L16
 181:../STM32F2xx_HAL_Driver/Src/stm32f2xx_hal_rcc_ex.c ****     {
 182:../STM32F2xx_HAL_Driver/Src/stm32f2xx_hal_rcc_ex.c ****       /* Get timeout */
 183:../STM32F2xx_HAL_Driver/Src/stm32f2xx_hal_rcc_ex.c ****       timeout = HAL_GetTick() + LSE_TIMEOUT_VALUE;
 268              		.loc 1 183 0
 269 01a2 FFF7FEFF 		bl	HAL_GetTick
 270 01a6 0346     		mov	r3, r0
 271 01a8 03F59C53 		add	r3, r3, #4992
 272 01ac 0833     		adds	r3, r3, #8
 273 01ae FB62     		str	r3, [r7, #44]
 184:../STM32F2xx_HAL_Driver/Src/stm32f2xx_hal_rcc_ex.c ****       
 185:../STM32F2xx_HAL_Driver/Src/stm32f2xx_hal_rcc_ex.c ****       /* Wait till LSE is ready */  
 186:../STM32F2xx_HAL_Driver/Src/stm32f2xx_hal_rcc_ex.c ****       while(__HAL_RCC_GET_FLAG(RCC_FLAG_LSERDY) == RESET)
 274              		.loc 1 186 0
 275 01b0 07E0     		b	.L17
 276              	.L18:
 187:../STM32F2xx_HAL_Driver/Src/stm32f2xx_hal_rcc_ex.c ****       {
 188:../STM32F2xx_HAL_Driver/Src/stm32f2xx_hal_rcc_ex.c ****         if(HAL_GetTick() >= timeout)
 277              		.loc 1 188 0
 278 01b2 FFF7FEFF 		bl	HAL_GetTick
 279 01b6 0246     		mov	r2, r0
 280 01b8 FB6A     		ldr	r3, [r7, #44]
 281 01ba 9A42     		cmp	r2, r3
 282 01bc 01D3     		bcc	.L17
 189:../STM32F2xx_HAL_Driver/Src/stm32f2xx_hal_rcc_ex.c ****         {
 190:../STM32F2xx_HAL_Driver/Src/stm32f2xx_hal_rcc_ex.c ****           return HAL_TIMEOUT;
 283              		.loc 1 190 0
 284 01be 0323     		movs	r3, #3
 285 01c0 3FE0     		b	.L4
 286              	.L17:
 186:../STM32F2xx_HAL_Driver/Src/stm32f2xx_hal_rcc_ex.c ****       {
 287              		.loc 1 186 0 discriminator 1
 288 01c2 4FF46053 		mov	r3, #14336
 289 01c6 C4F20203 		movt	r3, 16386
 290 01ca 1B6F     		ldr	r3, [r3, #112]
 291 01cc 03F00203 		and	r3, r3, #2
 292 01d0 002B     		cmp	r3, #0
 293 01d2 EED0     		beq	.L18
 294              	.L16:
 191:../STM32F2xx_HAL_Driver/Src/stm32f2xx_hal_rcc_ex.c ****         }      
 192:../STM32F2xx_HAL_Driver/Src/stm32f2xx_hal_rcc_ex.c ****       }  
 193:../STM32F2xx_HAL_Driver/Src/stm32f2xx_hal_rcc_ex.c ****     }
 194:../STM32F2xx_HAL_Driver/Src/stm32f2xx_hal_rcc_ex.c ****     __HAL_RCC_RTC_CONFIG(PeriphClkInit->RTCClockSelection); 
 295              		.loc 1 194 0
 296 01d4 7B68     		ldr	r3, [r7, #4]
 297 01d6 DB68     		ldr	r3, [r3, #12]
 298 01d8 03F44073 		and	r3, r3, #768
 299 01dc B3F5407F 		cmp	r3, #768
 300 01e0 13D1     		bne	.L19
 301              		.loc 1 194 0 is_stmt 0 discriminator 1
 302 01e2 4FF46053 		mov	r3, #14336
 303 01e6 C4F20203 		movt	r3, 16386
 304 01ea 4FF46052 		mov	r2, #14336
 305 01ee C4F20202 		movt	r2, 16386
 306 01f2 9268     		ldr	r2, [r2, #8]
 307 01f4 22F4F811 		bic	r1, r2, #2031616
 308 01f8 7A68     		ldr	r2, [r7, #4]
 309 01fa D268     		ldr	r2, [r2, #12]
 310 01fc 22F07042 		bic	r2, r2, #-268435456
 311 0200 22F44072 		bic	r2, r2, #768
 312 0204 0A43     		orrs	r2, r2, r1
 313 0206 9A60     		str	r2, [r3, #8]
 314 0208 0BE0     		b	.L20
 315              	.L19:
 316              		.loc 1 194 0 discriminator 2
 317 020a 4FF46053 		mov	r3, #14336
 318 020e C4F20203 		movt	r3, 16386
 319 0212 4FF46052 		mov	r2, #14336
 320 0216 C4F20202 		movt	r2, 16386
 321 021a 9268     		ldr	r2, [r2, #8]
 322 021c 22F4F812 		bic	r2, r2, #2031616
 323 0220 9A60     		str	r2, [r3, #8]
 324              	.L20:
 325              		.loc 1 194 0 discriminator 3
 326 0222 4FF46053 		mov	r3, #14336
 327 0226 C4F20203 		movt	r3, 16386
 328 022a 4FF46052 		mov	r2, #14336
 329 022e C4F20202 		movt	r2, 16386
 330 0232 116F     		ldr	r1, [r2, #112]
 331 0234 7A68     		ldr	r2, [r7, #4]
 332 0236 D268     		ldr	r2, [r2, #12]
 333 0238 C2F30B02 		ubfx	r2, r2, #0, #12
 334 023c 0A43     		orrs	r2, r2, r1
 335 023e 1A67     		str	r2, [r3, #112]
 336              	.L12:
 195:../STM32F2xx_HAL_Driver/Src/stm32f2xx_hal_rcc_ex.c ****   }
 196:../STM32F2xx_HAL_Driver/Src/stm32f2xx_hal_rcc_ex.c ****   
 197:../STM32F2xx_HAL_Driver/Src/stm32f2xx_hal_rcc_ex.c ****   return HAL_OK;
 337              		.loc 1 197 0 is_stmt 1
 338 0240 0023     		movs	r3, #0
 339              	.L4:
 198:../STM32F2xx_HAL_Driver/Src/stm32f2xx_hal_rcc_ex.c **** }
 340              		.loc 1 198 0
 341 0242 1846     		mov	r0, r3
 342 0244 3037     		adds	r7, r7, #48
 343 0246 BD46     		mov	sp, r7
 344              		@ sp needed
 345 0248 80BD     		pop	{r7, pc}
 346              		.cfi_endproc
 347              	.LFE55:
 349 024a 00BF     		.align	2
 350              		.global	HAL_RCCEx_GetPeriphCLKConfig
 351              		.thumb
 352              		.thumb_func
 354              	HAL_RCCEx_GetPeriphCLKConfig:
 355              	.LFB56:
 199:../STM32F2xx_HAL_Driver/Src/stm32f2xx_hal_rcc_ex.c **** 
 200:../STM32F2xx_HAL_Driver/Src/stm32f2xx_hal_rcc_ex.c **** /**
 201:../STM32F2xx_HAL_Driver/Src/stm32f2xx_hal_rcc_ex.c ****   * @brief  Configures the RCC_OscInitStruct according to the internal 
 202:../STM32F2xx_HAL_Driver/Src/stm32f2xx_hal_rcc_ex.c ****   * RCC configuration registers.
 203:../STM32F2xx_HAL_Driver/Src/stm32f2xx_hal_rcc_ex.c ****   * @param  RCC_OscInitStruct: pointer to an RCC_OscInitTypeDef structure that 
 204:../STM32F2xx_HAL_Driver/Src/stm32f2xx_hal_rcc_ex.c ****   * will be configured.
 205:../STM32F2xx_HAL_Driver/Src/stm32f2xx_hal_rcc_ex.c ****   * @retval None
 206:../STM32F2xx_HAL_Driver/Src/stm32f2xx_hal_rcc_ex.c ****   */
 207:../STM32F2xx_HAL_Driver/Src/stm32f2xx_hal_rcc_ex.c **** void HAL_RCCEx_GetPeriphCLKConfig(RCC_PeriphCLKInitTypeDef  *PeriphClkInit)
 208:../STM32F2xx_HAL_Driver/Src/stm32f2xx_hal_rcc_ex.c **** {
 356              		.loc 1 208 0
 357              		.cfi_startproc
 358              		@ args = 0, pretend = 0, frame = 48
 359              		@ frame_needed = 1, uses_anonymous_args = 0
 360              		@ link register save eliminated.
 361 024c 80B4     		push	{r7}
 362              		.cfi_def_cfa_offset 4
 363              		.cfi_offset 7, -4
 364 024e 8DB0     		sub	sp, sp, #52
 365              		.cfi_def_cfa_offset 56
 366 0250 00AF     		add	r7, sp, #0
 367              		.cfi_def_cfa_register 7
 368 0252 7860     		str	r0, [r7, #4]
 209:../STM32F2xx_HAL_Driver/Src/stm32f2xx_hal_rcc_ex.c ****   uint32_t tempreg;
 210:../STM32F2xx_HAL_Driver/Src/stm32f2xx_hal_rcc_ex.c ****   
 211:../STM32F2xx_HAL_Driver/Src/stm32f2xx_hal_rcc_ex.c ****   /* Set all possible values for the extended clock type parameter------------*/
 212:../STM32F2xx_HAL_Driver/Src/stm32f2xx_hal_rcc_ex.c ****   PeriphClkInit->PeriphClockSelection = RCC_PERIPHCLK_I2S | RCC_PERIPHCLK_RTC;
 369              		.loc 1 212 0
 370 0254 7B68     		ldr	r3, [r7, #4]
 371 0256 0922     		movs	r2, #9
 372 0258 1A60     		str	r2, [r3]
 213:../STM32F2xx_HAL_Driver/Src/stm32f2xx_hal_rcc_ex.c ****   
 214:../STM32F2xx_HAL_Driver/Src/stm32f2xx_hal_rcc_ex.c ****   /* Get the PLLI2S Clock configuration -----------------------------------------------*/
 215:../STM32F2xx_HAL_Driver/Src/stm32f2xx_hal_rcc_ex.c ****   PeriphClkInit->PLLI2S.PLLI2SN = (uint32_t)((RCC->PLLI2SCFGR & RCC_PLLI2SCFGR_PLLI2SN) >> POSITION
 373              		.loc 1 215 0
 374 025a 4FF46053 		mov	r3, #14336
 375 025e C4F20203 		movt	r3, 16386
 376 0262 D3F88420 		ldr	r2, [r3, #132]
 377 0266 47F6C073 		movw	r3, #32704
 378 026a 1340     		ands	r3, r3, r2
 379 026c 47F6C072 		movw	r2, #32704
 380 0270 BA62     		str	r2, [r7, #40]
 381              	.LBB26:
 382              	.LBB27:
 402:D:\workspace\console800480\system\core_cmInstr.h ****    return(result);
 383              		.loc 2 402 0
 384 0272 BA6A     		ldr	r2, [r7, #40]
 385              	@ 402 "D:\workspace\console800480\system/core_cmInstr.h" 1
 386 0274 92FAA2F2 		rbit r2, r2
 387              	@ 0 "" 2
 388              		.thumb
 389 0278 7A62     		str	r2, [r7, #36]
 403:D:\workspace\console800480\system\core_cmInstr.h **** }
 390              		.loc 2 403 0
 391 027a 7A6A     		ldr	r2, [r7, #36]
 392 027c 3A62     		str	r2, [r7, #32]
 393              	.LBE27:
 394              	.LBE26:
 395              	.LBB28:
 396              	.LBB29:
 563:D:\workspace\console800480\system\core_cmInstr.h ****   return(result);
 397              		.loc 2 563 0
 398 027e 3A6A     		ldr	r2, [r7, #32]
 399              	@ 563 "D:\workspace\console800480\system/core_cmInstr.h" 1
 400 0280 B2FA82F2 		clz r2, r2
 401              	@ 0 "" 2
 402              		.thumb
 403 0284 FA77     		strb	r2, [r7, #31]
 404              		.loc 2 564 0
 405 0286 FA7F     		ldrb	r2, [r7, #31]	@ zero_extendqisi2
 406              	.LBE29:
 407              	.LBE28:
 408              		.loc 1 215 0
 409 0288 23FA02F2 		lsr	r2, r3, r2
 410 028c 7B68     		ldr	r3, [r7, #4]
 411 028e 5A60     		str	r2, [r3, #4]
 216:../STM32F2xx_HAL_Driver/Src/stm32f2xx_hal_rcc_ex.c ****   PeriphClkInit->PLLI2S.PLLI2SR = (uint32_t)((RCC->PLLI2SCFGR & RCC_PLLI2SCFGR_PLLI2SR) >> POSITION
 412              		.loc 1 216 0
 413 0290 4FF46053 		mov	r3, #14336
 414 0294 C4F20203 		movt	r3, 16386
 415 0298 D3F88430 		ldr	r3, [r3, #132]
 416 029c 03F0E042 		and	r2, r3, #1879048192
 417 02a0 4FF0E043 		mov	r3, #1879048192
 418 02a4 BB61     		str	r3, [r7, #24]
 419              	.LBB30:
 420              	.LBB31:
 402:D:\workspace\console800480\system\core_cmInstr.h ****    return(result);
 421              		.loc 2 402 0
 422 02a6 BB69     		ldr	r3, [r7, #24]
 423              	@ 402 "D:\workspace\console800480\system/core_cmInstr.h" 1
 424 02a8 93FAA3F3 		rbit r3, r3
 425              	@ 0 "" 2
 426              		.thumb
 427 02ac 7B61     		str	r3, [r7, #20]
 403:D:\workspace\console800480\system\core_cmInstr.h **** }
 428              		.loc 2 403 0
 429 02ae 7B69     		ldr	r3, [r7, #20]
 430 02b0 3B61     		str	r3, [r7, #16]
 431              	.LBE31:
 432              	.LBE30:
 433              	.LBB32:
 434              	.LBB33:
 563:D:\workspace\console800480\system\core_cmInstr.h ****   return(result);
 435              		.loc 2 563 0
 436 02b2 3B69     		ldr	r3, [r7, #16]
 437              	@ 563 "D:\workspace\console800480\system/core_cmInstr.h" 1
 438 02b4 B3FA83F3 		clz r3, r3
 439              	@ 0 "" 2
 440              		.thumb
 441 02b8 FB73     		strb	r3, [r7, #15]
 442              		.loc 2 564 0
 443 02ba FB7B     		ldrb	r3, [r7, #15]	@ zero_extendqisi2
 444              	.LBE33:
 445              	.LBE32:
 446              		.loc 1 216 0
 447 02bc DA40     		lsrs	r2, r2, r3
 448 02be 7B68     		ldr	r3, [r7, #4]
 449 02c0 9A60     		str	r2, [r3, #8]
 217:../STM32F2xx_HAL_Driver/Src/stm32f2xx_hal_rcc_ex.c ****   
 218:../STM32F2xx_HAL_Driver/Src/stm32f2xx_hal_rcc_ex.c ****   /* Get the RTC Clock configuration -----------------------------------------------*/
 219:../STM32F2xx_HAL_Driver/Src/stm32f2xx_hal_rcc_ex.c ****   tempreg = (RCC->CFGR & RCC_CFGR_RTCPRE);
 450              		.loc 1 219 0
 451 02c2 4FF46053 		mov	r3, #14336
 452 02c6 C4F20203 		movt	r3, 16386
 453 02ca 9B68     		ldr	r3, [r3, #8]
 454 02cc 03F4F813 		and	r3, r3, #2031616
 455 02d0 FB62     		str	r3, [r7, #44]
 220:../STM32F2xx_HAL_Driver/Src/stm32f2xx_hal_rcc_ex.c ****   PeriphClkInit->RTCClockSelection = (uint32_t)((tempreg) | (RCC->BDCR & RCC_BDCR_RTCSEL));
 456              		.loc 1 220 0
 457 02d2 4FF46053 		mov	r3, #14336
 458 02d6 C4F20203 		movt	r3, 16386
 459 02da 1B6F     		ldr	r3, [r3, #112]
 460 02dc 03F44072 		and	r2, r3, #768
 461 02e0 FB6A     		ldr	r3, [r7, #44]
 462 02e2 1A43     		orrs	r2, r2, r3
 463 02e4 7B68     		ldr	r3, [r7, #4]
 464 02e6 DA60     		str	r2, [r3, #12]
 221:../STM32F2xx_HAL_Driver/Src/stm32f2xx_hal_rcc_ex.c ****   
 222:../STM32F2xx_HAL_Driver/Src/stm32f2xx_hal_rcc_ex.c **** }
 465              		.loc 1 222 0
 466 02e8 3437     		adds	r7, r7, #52
 467 02ea BD46     		mov	sp, r7
 468              		@ sp needed
 469 02ec 5DF8047B 		ldr	r7, [sp], #4
 470 02f0 7047     		bx	lr
 471              		.cfi_endproc
 472              	.LFE56:
 474              	.Letext0:
 475              		.file 3 "c:\\program files (x86)\\codesourcery\\arm-none-eabi\\include\\stdint.h"
 476              		.file 4 "D:\\workspace\\console800480\\system/stm32f217xx.h"
 477              		.file 5 "D:\\workspace\\console800480\\system/stm32f2xx.h"
 478              		.file 6 "D:\\workspace\\console800480\\STM32F2xx_HAL_Driver\\Inc/stm32f2xx_hal_def.h"
 479              		.file 7 "D:\\workspace\\console800480\\STM32F2xx_HAL_Driver\\Inc/stm32f2xx_hal_rcc_ex.h"
 480              		.file 8 "D:\\workspace\\console800480\\system/core_cm3.h"
DEFINED SYMBOLS
                            *ABS*:00000000 stm32f2xx_hal_rcc_ex.c
C:\Users\sagok\AppData\Local\Temp\ccTOrTZe.s:18     .text:00000000 $t
C:\Users\sagok\AppData\Local\Temp\ccTOrTZe.s:23     .text:00000000 HAL_RCCEx_PeriphCLKConfig
C:\Users\sagok\AppData\Local\Temp\ccTOrTZe.s:354    .text:0000024c HAL_RCCEx_GetPeriphCLKConfig
                     .debug_frame:00000010 $d
                           .group:00000000 wm4.1.7f551ac7fcad8b79b9df4bfdaa536673
                           .group:00000000 wm4.stm32f2xx_hal_conf.h.40.007126baefb9f966c36646edbf8040d2
                           .group:00000000 wm4.stm32f2xx.h.57.5ec1581efc43612c411d33a8686e9ec7
                           .group:00000000 wm4.stm32f217xx.h.52.9c940d76d00294b78837dc334c172fdd
                           .group:00000000 wm4.core_cm3.h.32.49180ccb4d36cabd2d7016d2a51d91ae
                           .group:00000000 wm4.newlib.h.8.384a112feabb3bef7b573ae48cde2e3b
                           .group:00000000 wm4.features.h.22.6a4ca7cd053637cc1d0db6c16f39b2d7
                           .group:00000000 wm4.config.h.183.aa62afef667fb61d15fa64c48beb2f14
                           .group:00000000 wm4._ansi.h.23.5644b60c990a4800b02a6e654e88f93a
                           .group:00000000 wm4.stdint.h.20.54ad762faa59e3c05491630641c8d8bf
                           .group:00000000 wm4.core_cmInstr.h.25.f50f886f2edf670cf199b35fd96f5c91
                           .group:00000000 wm4.core_cm3.h.130.63ab2348a6eed0fdb318040d970b676c
                           .group:00000000 wm4.stm32f217xx.h.978.a5c681952b2f704a0e7f2ba21d08adf5
                           .group:00000000 wm4.stm32f2xx.h.142.bc2155a1f7498bab16371e38413a9e41
                           .group:00000000 wm4.stm32f2xx_hal_def.h.74.8ad2dc8aa82c4fd02e5aeaae592641ba
                           .group:00000000 wm4.stm32f2xx_hal_rcc.h.142.ec0f91cc6576a6acebd17e6dd85829ae
                           .group:00000000 wm4.stm32f2xx_hal_rcc_ex.h.40.0829033e864455c6bdd0db01f8ba5a50
                           .group:00000000 wm4.stm32f2xx_hal_gpio.h.40.ba64e0bb94d9a68835f80159f39a86f1
                           .group:00000000 wm4.stm32f2xx_hal_gpio_ex.h.40.24e547fd402281923f446b510381083f
                           .group:00000000 wm4.stm32f2xx_hal_dma.h.40.5d9732ace2a21a4526ce8f0c52428fff
                           .group:00000000 wm4.stm32f2xx_hal_cortex.h.40.e10263d2ec5d4fa79b4180ce1a38aff1
                           .group:00000000 wm4.stm32f2xx_hal_adc.h.40.89ac8b78113cac4cf63847587daabac9
                           .group:00000000 wm4.stm32f2xx_hal_adc_ex.h.40.7de68ed256ef25526ee31cc017f2c291
                           .group:00000000 wm4.stm32f2xx_hal_flash.h.40.c3171719ce015e9cff20c795e44e886d
                           .group:00000000 wm4.stm32f2xx_hal_flash_ex.h.40.7389508bd24a0aeb077bde0c9fb651eb
                           .group:00000000 wm4.stm32f2xx_ll_fsmc.h.40.c1c32f2e1862f4dd342bd9b80fb895bb
                           .group:00000000 wm4.stm32f2xx_hal_pwr.h.40.812df32e5c31b609a128e9db0eb4cbd0
                           .group:00000000 wm4.stm32f2xx_hal_rtc.h.40.850fda5fe2cce8797446913dee18382f
                           .group:00000000 wm4.stm32f2xx_hal_rtc_ex.h.40.f3e0c408e3bf4e8a0352d7ec9a18a822
                           .group:00000000 wm4.stm32f2xx_ll_sdmmc.h.40.3719ab487c4b77401c572f459adf6eb7
                           .group:00000000 wm4.stm32f2xx_hal_sd.h.58.760215394dcc316161a6482c0af9b866
                           .group:00000000 wm4.stm32f2xx_hal_spi.h.40.7984243dbaba8b21c6392998a47e6987
                           .group:00000000 wm4.stm32f2xx_hal_tim.h.40.d79172f25d0e9a15dc346aba8515bdd6
                           .group:00000000 wm4.stm32f2xx_hal_tim_ex.h.40.361f280a7a3f60b4b238bb99ca728d83
                           .group:00000000 wm4.stm32f2xx_hal_uart.h.40.d74def561ae6f78f40f477c8426ecbef
                           .group:00000000 wm4.stm32f2xx_ll_usb.h.40.9b0206a05bc6ce3bec1648b51f22cb81
                           .group:00000000 wm4.stm32f2xx_hal_pcd.h.99.11faba414c39e357b2f23364912d0605
                           .group:00000000 wm4.stm32f2xx_hal_hcd.h.40.44ee5e972983ae0139ddbacdc75c44ef
                           .group:00000000 wm4.stm32f2xx_hal.h.64.ed79ee83e52b151b3c365392b398f866

UNDEFINED SYMBOLS
HAL_GetTick
