   1              		.syntax unified
   2              		.cpu cortex-m3
   3              		.fpu softvfp
   4              		.eabi_attribute 20, 1
   5              		.eabi_attribute 21, 1
   6              		.eabi_attribute 23, 3
   7              		.eabi_attribute 24, 1
   8              		.eabi_attribute 25, 1
   9              		.eabi_attribute 26, 1
  10              		.eabi_attribute 30, 6
  11              		.eabi_attribute 34, 1
  12              		.eabi_attribute 18, 4
  13              		.thumb
  14              		.file	"stm32f2xx_hal_dma_ex.c"
  15              		.text
  16              	.Ltext0:
  17              		.cfi_sections	.debug_frame
  18              		.align	2
  19              		.global	HAL_DMAEx_MultiBufferStart
  20              		.thumb
  21              		.thumb_func
  23              	HAL_DMAEx_MultiBufferStart:
  24              	.LFB55:
  25              		.file 1 "../STM32F2xx_HAL_Driver/Src/stm32f2xx_hal_dma_ex.c"
   1:../STM32F2xx_HAL_Driver/Src/stm32f2xx_hal_dma_ex.c **** /**
   2:../STM32F2xx_HAL_Driver/Src/stm32f2xx_hal_dma_ex.c ****   ******************************************************************************
   3:../STM32F2xx_HAL_Driver/Src/stm32f2xx_hal_dma_ex.c ****   * @file    stm32f2xx_hal_dma_ex.c
   4:../STM32F2xx_HAL_Driver/Src/stm32f2xx_hal_dma_ex.c ****   * @author  MCD Application Team
   5:../STM32F2xx_HAL_Driver/Src/stm32f2xx_hal_dma_ex.c ****   * @version V1.0.1
   6:../STM32F2xx_HAL_Driver/Src/stm32f2xx_hal_dma_ex.c ****   * @date    25-March-2014
   7:../STM32F2xx_HAL_Driver/Src/stm32f2xx_hal_dma_ex.c ****   * @brief   DMA Extension HAL module driver
   8:../STM32F2xx_HAL_Driver/Src/stm32f2xx_hal_dma_ex.c ****   *         This file provides firmware functions to manage the following 
   9:../STM32F2xx_HAL_Driver/Src/stm32f2xx_hal_dma_ex.c ****   *         functionalities of the DMA Extension peripheral:
  10:../STM32F2xx_HAL_Driver/Src/stm32f2xx_hal_dma_ex.c ****   *           + Extended features functions
  11:../STM32F2xx_HAL_Driver/Src/stm32f2xx_hal_dma_ex.c ****   *
  12:../STM32F2xx_HAL_Driver/Src/stm32f2xx_hal_dma_ex.c ****   @verbatim
  13:../STM32F2xx_HAL_Driver/Src/stm32f2xx_hal_dma_ex.c ****   ==============================================================================
  14:../STM32F2xx_HAL_Driver/Src/stm32f2xx_hal_dma_ex.c ****                         ##### How to use this driver #####
  15:../STM32F2xx_HAL_Driver/Src/stm32f2xx_hal_dma_ex.c ****   ==============================================================================
  16:../STM32F2xx_HAL_Driver/Src/stm32f2xx_hal_dma_ex.c ****   [..]
  17:../STM32F2xx_HAL_Driver/Src/stm32f2xx_hal_dma_ex.c ****   The DMA Extension HAL driver can be used as follows:
  18:../STM32F2xx_HAL_Driver/Src/stm32f2xx_hal_dma_ex.c ****    (#) Start a multi buffer transfer using the HAL_DMA_MultiBufferStart() function
  19:../STM32F2xx_HAL_Driver/Src/stm32f2xx_hal_dma_ex.c ****        for polling mode or HAL_DMA_MultiBufferStart_IT() for interrupt mode.
  20:../STM32F2xx_HAL_Driver/Src/stm32f2xx_hal_dma_ex.c ****                    
  21:../STM32F2xx_HAL_Driver/Src/stm32f2xx_hal_dma_ex.c ****      -@-  In Memory-to-Memory transfer mode, Multi (Double) Buffer mode is not allowed.
  22:../STM32F2xx_HAL_Driver/Src/stm32f2xx_hal_dma_ex.c ****      -@-  When Multi (Double) Buffer mode is enabled the, transfer is circular by default.
  23:../STM32F2xx_HAL_Driver/Src/stm32f2xx_hal_dma_ex.c ****      -@-  In Multi (Double) buffer mode, it is possible to update the base address for 
  24:../STM32F2xx_HAL_Driver/Src/stm32f2xx_hal_dma_ex.c ****           the AHB memory port on-the-fly (DMA_SxM0AR or DMA_SxM1AR) when the stream is enabled. 
  25:../STM32F2xx_HAL_Driver/Src/stm32f2xx_hal_dma_ex.c ****   
  26:../STM32F2xx_HAL_Driver/Src/stm32f2xx_hal_dma_ex.c ****   @endverbatim
  27:../STM32F2xx_HAL_Driver/Src/stm32f2xx_hal_dma_ex.c ****   ******************************************************************************
  28:../STM32F2xx_HAL_Driver/Src/stm32f2xx_hal_dma_ex.c ****   * @attention
  29:../STM32F2xx_HAL_Driver/Src/stm32f2xx_hal_dma_ex.c ****   *
  30:../STM32F2xx_HAL_Driver/Src/stm32f2xx_hal_dma_ex.c ****   * <h2><center>&copy; COPYRIGHT(c) 2014 STMicroelectronics</center></h2>
  31:../STM32F2xx_HAL_Driver/Src/stm32f2xx_hal_dma_ex.c ****   *
  32:../STM32F2xx_HAL_Driver/Src/stm32f2xx_hal_dma_ex.c ****   * Redistribution and use in source and binary forms, with or without modification,
  33:../STM32F2xx_HAL_Driver/Src/stm32f2xx_hal_dma_ex.c ****   * are permitted provided that the following conditions are met:
  34:../STM32F2xx_HAL_Driver/Src/stm32f2xx_hal_dma_ex.c ****   *   1. Redistributions of source code must retain the above copyright notice,
  35:../STM32F2xx_HAL_Driver/Src/stm32f2xx_hal_dma_ex.c ****   *      this list of conditions and the following disclaimer.
  36:../STM32F2xx_HAL_Driver/Src/stm32f2xx_hal_dma_ex.c ****   *   2. Redistributions in binary form must reproduce the above copyright notice,
  37:../STM32F2xx_HAL_Driver/Src/stm32f2xx_hal_dma_ex.c ****   *      this list of conditions and the following disclaimer in the documentation
  38:../STM32F2xx_HAL_Driver/Src/stm32f2xx_hal_dma_ex.c ****   *      and/or other materials provided with the distribution.
  39:../STM32F2xx_HAL_Driver/Src/stm32f2xx_hal_dma_ex.c ****   *   3. Neither the name of STMicroelectronics nor the names of its contributors
  40:../STM32F2xx_HAL_Driver/Src/stm32f2xx_hal_dma_ex.c ****   *      may be used to endorse or promote products derived from this software
  41:../STM32F2xx_HAL_Driver/Src/stm32f2xx_hal_dma_ex.c ****   *      without specific prior written permission.
  42:../STM32F2xx_HAL_Driver/Src/stm32f2xx_hal_dma_ex.c ****   *
  43:../STM32F2xx_HAL_Driver/Src/stm32f2xx_hal_dma_ex.c ****   * THIS SOFTWARE IS PROVIDED BY THE COPYRIGHT HOLDERS AND CONTRIBUTORS "AS IS"
  44:../STM32F2xx_HAL_Driver/Src/stm32f2xx_hal_dma_ex.c ****   * AND ANY EXPRESS OR IMPLIED WARRANTIES, INCLUDING, BUT NOT LIMITED TO, THE
  45:../STM32F2xx_HAL_Driver/Src/stm32f2xx_hal_dma_ex.c ****   * IMPLIED WARRANTIES OF MERCHANTABILITY AND FITNESS FOR A PARTICULAR PURPOSE ARE
  46:../STM32F2xx_HAL_Driver/Src/stm32f2xx_hal_dma_ex.c ****   * DISCLAIMED. IN NO EVENT SHALL THE COPYRIGHT HOLDER OR CONTRIBUTORS BE LIABLE
  47:../STM32F2xx_HAL_Driver/Src/stm32f2xx_hal_dma_ex.c ****   * FOR ANY DIRECT, INDIRECT, INCIDENTAL, SPECIAL, EXEMPLARY, OR CONSEQUENTIAL
  48:../STM32F2xx_HAL_Driver/Src/stm32f2xx_hal_dma_ex.c ****   * DAMAGES (INCLUDING, BUT NOT LIMITED TO, PROCUREMENT OF SUBSTITUTE GOODS OR
  49:../STM32F2xx_HAL_Driver/Src/stm32f2xx_hal_dma_ex.c ****   * SERVICES; LOSS OF USE, DATA, OR PROFITS; OR BUSINESS INTERRUPTION) HOWEVER
  50:../STM32F2xx_HAL_Driver/Src/stm32f2xx_hal_dma_ex.c ****   * CAUSED AND ON ANY THEORY OF LIABILITY, WHETHER IN CONTRACT, STRICT LIABILITY,
  51:../STM32F2xx_HAL_Driver/Src/stm32f2xx_hal_dma_ex.c ****   * OR TORT (INCLUDING NEGLIGENCE OR OTHERWISE) ARISING IN ANY WAY OUT OF THE USE
  52:../STM32F2xx_HAL_Driver/Src/stm32f2xx_hal_dma_ex.c ****   * OF THIS SOFTWARE, EVEN IF ADVISED OF THE POSSIBILITY OF SUCH DAMAGE.
  53:../STM32F2xx_HAL_Driver/Src/stm32f2xx_hal_dma_ex.c ****   *
  54:../STM32F2xx_HAL_Driver/Src/stm32f2xx_hal_dma_ex.c ****   ******************************************************************************
  55:../STM32F2xx_HAL_Driver/Src/stm32f2xx_hal_dma_ex.c ****   */
  56:../STM32F2xx_HAL_Driver/Src/stm32f2xx_hal_dma_ex.c **** 
  57:../STM32F2xx_HAL_Driver/Src/stm32f2xx_hal_dma_ex.c **** /* Includes ------------------------------------------------------------------*/
  58:../STM32F2xx_HAL_Driver/Src/stm32f2xx_hal_dma_ex.c **** #include "stm32f2xx_hal.h"
  59:../STM32F2xx_HAL_Driver/Src/stm32f2xx_hal_dma_ex.c **** 
  60:../STM32F2xx_HAL_Driver/Src/stm32f2xx_hal_dma_ex.c **** /** @addtogroup STM32F2xx_HAL_Driver
  61:../STM32F2xx_HAL_Driver/Src/stm32f2xx_hal_dma_ex.c ****   * @{
  62:../STM32F2xx_HAL_Driver/Src/stm32f2xx_hal_dma_ex.c ****   */
  63:../STM32F2xx_HAL_Driver/Src/stm32f2xx_hal_dma_ex.c **** 
  64:../STM32F2xx_HAL_Driver/Src/stm32f2xx_hal_dma_ex.c **** /** @defgroup DMAEx 
  65:../STM32F2xx_HAL_Driver/Src/stm32f2xx_hal_dma_ex.c ****   * @brief DMA Extended HAL module driver
  66:../STM32F2xx_HAL_Driver/Src/stm32f2xx_hal_dma_ex.c ****   * @{
  67:../STM32F2xx_HAL_Driver/Src/stm32f2xx_hal_dma_ex.c ****   */
  68:../STM32F2xx_HAL_Driver/Src/stm32f2xx_hal_dma_ex.c **** 
  69:../STM32F2xx_HAL_Driver/Src/stm32f2xx_hal_dma_ex.c **** #ifdef HAL_DMA_MODULE_ENABLED
  70:../STM32F2xx_HAL_Driver/Src/stm32f2xx_hal_dma_ex.c **** 
  71:../STM32F2xx_HAL_Driver/Src/stm32f2xx_hal_dma_ex.c **** /* Private typedef -----------------------------------------------------------*/
  72:../STM32F2xx_HAL_Driver/Src/stm32f2xx_hal_dma_ex.c **** /* Private define ------------------------------------------------------------*/
  73:../STM32F2xx_HAL_Driver/Src/stm32f2xx_hal_dma_ex.c **** /* Private macro -------------------------------------------------------------*/
  74:../STM32F2xx_HAL_Driver/Src/stm32f2xx_hal_dma_ex.c **** /* Private variables ---------------------------------------------------------*/
  75:../STM32F2xx_HAL_Driver/Src/stm32f2xx_hal_dma_ex.c **** /* Private function prototypes -----------------------------------------------*/
  76:../STM32F2xx_HAL_Driver/Src/stm32f2xx_hal_dma_ex.c **** static void DMA_MultiBufferSetConfig(DMA_HandleTypeDef *hdma, uint32_t SrcAddress, uint32_t DstAddr
  77:../STM32F2xx_HAL_Driver/Src/stm32f2xx_hal_dma_ex.c **** 
  78:../STM32F2xx_HAL_Driver/Src/stm32f2xx_hal_dma_ex.c **** /* Private functions ---------------------------------------------------------*/
  79:../STM32F2xx_HAL_Driver/Src/stm32f2xx_hal_dma_ex.c **** 
  80:../STM32F2xx_HAL_Driver/Src/stm32f2xx_hal_dma_ex.c **** /** @defgroup DMAEx_Private_Functions
  81:../STM32F2xx_HAL_Driver/Src/stm32f2xx_hal_dma_ex.c ****   * @{
  82:../STM32F2xx_HAL_Driver/Src/stm32f2xx_hal_dma_ex.c ****   */
  83:../STM32F2xx_HAL_Driver/Src/stm32f2xx_hal_dma_ex.c **** 
  84:../STM32F2xx_HAL_Driver/Src/stm32f2xx_hal_dma_ex.c **** 
  85:../STM32F2xx_HAL_Driver/Src/stm32f2xx_hal_dma_ex.c **** /** @defgroup DMAEx_Group1 Extended features functions 
  86:../STM32F2xx_HAL_Driver/Src/stm32f2xx_hal_dma_ex.c ****  *  @brief   Extended features functions   
  87:../STM32F2xx_HAL_Driver/Src/stm32f2xx_hal_dma_ex.c ****  *
  88:../STM32F2xx_HAL_Driver/Src/stm32f2xx_hal_dma_ex.c **** @verbatim   
  89:../STM32F2xx_HAL_Driver/Src/stm32f2xx_hal_dma_ex.c ****  ===============================================================================
  90:../STM32F2xx_HAL_Driver/Src/stm32f2xx_hal_dma_ex.c ****                 #####  Extended features functions  #####
  91:../STM32F2xx_HAL_Driver/Src/stm32f2xx_hal_dma_ex.c ****  ===============================================================================  
  92:../STM32F2xx_HAL_Driver/Src/stm32f2xx_hal_dma_ex.c ****     [..]  This section provides functions allowing to:
  93:../STM32F2xx_HAL_Driver/Src/stm32f2xx_hal_dma_ex.c ****       (+) Configure the source, destination address and data length and 
  94:../STM32F2xx_HAL_Driver/Src/stm32f2xx_hal_dma_ex.c ****           Start MultiBuffer DMA transfer
  95:../STM32F2xx_HAL_Driver/Src/stm32f2xx_hal_dma_ex.c ****       (+) Configure the source, destination address and data length and 
  96:../STM32F2xx_HAL_Driver/Src/stm32f2xx_hal_dma_ex.c ****           Start MultiBuffer DMA transfer with interrupt
  97:../STM32F2xx_HAL_Driver/Src/stm32f2xx_hal_dma_ex.c ****       (+) Change on the fly the memory0 or memory1 address.
  98:../STM32F2xx_HAL_Driver/Src/stm32f2xx_hal_dma_ex.c ****       
  99:../STM32F2xx_HAL_Driver/Src/stm32f2xx_hal_dma_ex.c **** @endverbatim
 100:../STM32F2xx_HAL_Driver/Src/stm32f2xx_hal_dma_ex.c ****   * @{
 101:../STM32F2xx_HAL_Driver/Src/stm32f2xx_hal_dma_ex.c ****   */
 102:../STM32F2xx_HAL_Driver/Src/stm32f2xx_hal_dma_ex.c **** 
 103:../STM32F2xx_HAL_Driver/Src/stm32f2xx_hal_dma_ex.c **** 
 104:../STM32F2xx_HAL_Driver/Src/stm32f2xx_hal_dma_ex.c **** /**
 105:../STM32F2xx_HAL_Driver/Src/stm32f2xx_hal_dma_ex.c ****   * @brief  Starts the multi_buffer DMA Transfer.
 106:../STM32F2xx_HAL_Driver/Src/stm32f2xx_hal_dma_ex.c ****   * @param  hdma      : pointer to a DMA_HandleTypeDef structure that contains
 107:../STM32F2xx_HAL_Driver/Src/stm32f2xx_hal_dma_ex.c ****   *                     the configuration information for the specified DMA Stream.  
 108:../STM32F2xx_HAL_Driver/Src/stm32f2xx_hal_dma_ex.c ****   * @param  SrcAddress: The source memory Buffer address
 109:../STM32F2xx_HAL_Driver/Src/stm32f2xx_hal_dma_ex.c ****   * @param  DstAddress: The destination memory Buffer address
 110:../STM32F2xx_HAL_Driver/Src/stm32f2xx_hal_dma_ex.c ****   * @param  SecondMemAddress: The second memory Buffer address in case of multi buffer Transfer  
 111:../STM32F2xx_HAL_Driver/Src/stm32f2xx_hal_dma_ex.c ****   * @param  DataLength: The length of data to be transferred from source to destination
 112:../STM32F2xx_HAL_Driver/Src/stm32f2xx_hal_dma_ex.c ****   * @retval HAL status
 113:../STM32F2xx_HAL_Driver/Src/stm32f2xx_hal_dma_ex.c ****   */
 114:../STM32F2xx_HAL_Driver/Src/stm32f2xx_hal_dma_ex.c **** HAL_StatusTypeDef HAL_DMAEx_MultiBufferStart(DMA_HandleTypeDef *hdma, uint32_t SrcAddress, uint32_t
 115:../STM32F2xx_HAL_Driver/Src/stm32f2xx_hal_dma_ex.c **** {
  26              		.loc 1 115 0
  27              		.cfi_startproc
  28              		@ args = 4, pretend = 0, frame = 16
  29              		@ frame_needed = 1, uses_anonymous_args = 0
  30 0000 80B5     		push	{r7, lr}
  31              		.cfi_def_cfa_offset 8
  32              		.cfi_offset 7, -8
  33              		.cfi_offset 14, -4
  34 0002 84B0     		sub	sp, sp, #16
  35              		.cfi_def_cfa_offset 24
  36 0004 00AF     		add	r7, sp, #0
  37              		.cfi_def_cfa_register 7
  38 0006 F860     		str	r0, [r7, #12]
  39 0008 B960     		str	r1, [r7, #8]
  40 000a 7A60     		str	r2, [r7, #4]
  41 000c 3B60     		str	r3, [r7]
 116:../STM32F2xx_HAL_Driver/Src/stm32f2xx_hal_dma_ex.c ****   /* Process Locked */
 117:../STM32F2xx_HAL_Driver/Src/stm32f2xx_hal_dma_ex.c ****   __HAL_LOCK(hdma);
  42              		.loc 1 117 0
  43 000e FB68     		ldr	r3, [r7, #12]
  44 0010 93F83430 		ldrb	r3, [r3, #52]	@ zero_extendqisi2
  45 0014 012B     		cmp	r3, #1
  46 0016 01D1     		bne	.L2
  47              		.loc 1 117 0 is_stmt 0 discriminator 1
  48 0018 0223     		movs	r3, #2
  49 001a 3DE0     		b	.L3
  50              	.L2:
  51              		.loc 1 117 0 discriminator 2
  52 001c FB68     		ldr	r3, [r7, #12]
  53 001e 0122     		movs	r2, #1
  54 0020 83F83420 		strb	r2, [r3, #52]
 118:../STM32F2xx_HAL_Driver/Src/stm32f2xx_hal_dma_ex.c **** 
 119:../STM32F2xx_HAL_Driver/Src/stm32f2xx_hal_dma_ex.c ****   /* Current memory buffer used is Memory 0 */
 120:../STM32F2xx_HAL_Driver/Src/stm32f2xx_hal_dma_ex.c ****   if((hdma->Instance->CR & DMA_SxCR_CT) == 0)
  55              		.loc 1 120 0 is_stmt 1 discriminator 2
  56 0024 FB68     		ldr	r3, [r7, #12]
  57 0026 1B68     		ldr	r3, [r3]
  58 0028 1B68     		ldr	r3, [r3]
  59 002a 03F40023 		and	r3, r3, #524288
  60 002e 002B     		cmp	r3, #0
  61 0030 04D1     		bne	.L4
 121:../STM32F2xx_HAL_Driver/Src/stm32f2xx_hal_dma_ex.c ****   {
 122:../STM32F2xx_HAL_Driver/Src/stm32f2xx_hal_dma_ex.c ****     hdma->State = HAL_DMA_STATE_BUSY_MEM0;
  62              		.loc 1 122 0
  63 0032 FB68     		ldr	r3, [r7, #12]
  64 0034 1222     		movs	r2, #18
  65 0036 83F83520 		strb	r2, [r3, #53]
  66 003a 0AE0     		b	.L5
  67              	.L4:
 123:../STM32F2xx_HAL_Driver/Src/stm32f2xx_hal_dma_ex.c ****   }
 124:../STM32F2xx_HAL_Driver/Src/stm32f2xx_hal_dma_ex.c ****   /* Current memory buffer used is Memory 1 */
 125:../STM32F2xx_HAL_Driver/Src/stm32f2xx_hal_dma_ex.c ****   else if((hdma->Instance->CR & DMA_SxCR_CT) != 0)
  68              		.loc 1 125 0
  69 003c FB68     		ldr	r3, [r7, #12]
  70 003e 1B68     		ldr	r3, [r3]
  71 0040 1B68     		ldr	r3, [r3]
  72 0042 03F40023 		and	r3, r3, #524288
  73 0046 002B     		cmp	r3, #0
  74 0048 03D0     		beq	.L5
 126:../STM32F2xx_HAL_Driver/Src/stm32f2xx_hal_dma_ex.c ****   {
 127:../STM32F2xx_HAL_Driver/Src/stm32f2xx_hal_dma_ex.c ****     hdma->State = HAL_DMA_STATE_BUSY_MEM1;
  75              		.loc 1 127 0
  76 004a FB68     		ldr	r3, [r7, #12]
  77 004c 2222     		movs	r2, #34
  78 004e 83F83520 		strb	r2, [r3, #53]
  79              	.L5:
 128:../STM32F2xx_HAL_Driver/Src/stm32f2xx_hal_dma_ex.c ****   }
 129:../STM32F2xx_HAL_Driver/Src/stm32f2xx_hal_dma_ex.c **** 
 130:../STM32F2xx_HAL_Driver/Src/stm32f2xx_hal_dma_ex.c ****    /* Check the parameters */
 131:../STM32F2xx_HAL_Driver/Src/stm32f2xx_hal_dma_ex.c ****   assert_param(IS_DMA_BUFFER_SIZE(DataLength));
 132:../STM32F2xx_HAL_Driver/Src/stm32f2xx_hal_dma_ex.c **** 
 133:../STM32F2xx_HAL_Driver/Src/stm32f2xx_hal_dma_ex.c ****   /* Disable the peripheral */
 134:../STM32F2xx_HAL_Driver/Src/stm32f2xx_hal_dma_ex.c ****   __HAL_DMA_DISABLE(hdma);  
  80              		.loc 1 134 0
  81 0052 FB68     		ldr	r3, [r7, #12]
  82 0054 1B68     		ldr	r3, [r3]
  83 0056 FA68     		ldr	r2, [r7, #12]
  84 0058 1268     		ldr	r2, [r2]
  85 005a 1268     		ldr	r2, [r2]
  86 005c 22F00102 		bic	r2, r2, #1
  87 0060 1A60     		str	r2, [r3]
 135:../STM32F2xx_HAL_Driver/Src/stm32f2xx_hal_dma_ex.c **** 
 136:../STM32F2xx_HAL_Driver/Src/stm32f2xx_hal_dma_ex.c ****   /* Enable the double buffer mode */
 137:../STM32F2xx_HAL_Driver/Src/stm32f2xx_hal_dma_ex.c ****   hdma->Instance->CR |= (uint32_t)DMA_SxCR_DBM;
  88              		.loc 1 137 0
  89 0062 FB68     		ldr	r3, [r7, #12]
  90 0064 1B68     		ldr	r3, [r3]
  91 0066 FA68     		ldr	r2, [r7, #12]
  92 0068 1268     		ldr	r2, [r2]
  93 006a 1268     		ldr	r2, [r2]
  94 006c 42F48022 		orr	r2, r2, #262144
  95 0070 1A60     		str	r2, [r3]
 138:../STM32F2xx_HAL_Driver/Src/stm32f2xx_hal_dma_ex.c **** 
 139:../STM32F2xx_HAL_Driver/Src/stm32f2xx_hal_dma_ex.c ****   /* Configure DMA Stream destination address */
 140:../STM32F2xx_HAL_Driver/Src/stm32f2xx_hal_dma_ex.c ****   hdma->Instance->M1AR = SecondMemAddress;
  96              		.loc 1 140 0
  97 0072 FB68     		ldr	r3, [r7, #12]
  98 0074 1B68     		ldr	r3, [r3]
  99 0076 3A68     		ldr	r2, [r7]
 100 0078 1A61     		str	r2, [r3, #16]
 141:../STM32F2xx_HAL_Driver/Src/stm32f2xx_hal_dma_ex.c **** 
 142:../STM32F2xx_HAL_Driver/Src/stm32f2xx_hal_dma_ex.c ****   /* Configure the source, destination address and the data length */
 143:../STM32F2xx_HAL_Driver/Src/stm32f2xx_hal_dma_ex.c ****   DMA_MultiBufferSetConfig(hdma, SrcAddress, DstAddress, DataLength);
 101              		.loc 1 143 0
 102 007a F868     		ldr	r0, [r7, #12]
 103 007c B968     		ldr	r1, [r7, #8]
 104 007e 7A68     		ldr	r2, [r7, #4]
 105 0080 BB69     		ldr	r3, [r7, #24]
 106 0082 00F09FF8 		bl	DMA_MultiBufferSetConfig
 144:../STM32F2xx_HAL_Driver/Src/stm32f2xx_hal_dma_ex.c **** 
 145:../STM32F2xx_HAL_Driver/Src/stm32f2xx_hal_dma_ex.c ****   /* Enable the peripheral */
 146:../STM32F2xx_HAL_Driver/Src/stm32f2xx_hal_dma_ex.c ****   __HAL_DMA_ENABLE(hdma);
 107              		.loc 1 146 0
 108 0086 FB68     		ldr	r3, [r7, #12]
 109 0088 1B68     		ldr	r3, [r3]
 110 008a FA68     		ldr	r2, [r7, #12]
 111 008c 1268     		ldr	r2, [r2]
 112 008e 1268     		ldr	r2, [r2]
 113 0090 42F00102 		orr	r2, r2, #1
 114 0094 1A60     		str	r2, [r3]
 147:../STM32F2xx_HAL_Driver/Src/stm32f2xx_hal_dma_ex.c **** 
 148:../STM32F2xx_HAL_Driver/Src/stm32f2xx_hal_dma_ex.c ****   return HAL_OK;
 115              		.loc 1 148 0
 116 0096 0023     		movs	r3, #0
 117              	.L3:
 149:../STM32F2xx_HAL_Driver/Src/stm32f2xx_hal_dma_ex.c **** }
 118              		.loc 1 149 0
 119 0098 1846     		mov	r0, r3
 120 009a 1037     		adds	r7, r7, #16
 121 009c BD46     		mov	sp, r7
 122              		@ sp needed
 123 009e 80BD     		pop	{r7, pc}
 124              		.cfi_endproc
 125              	.LFE55:
 127              		.align	2
 128              		.global	HAL_DMAEx_MultiBufferStart_IT
 129              		.thumb
 130              		.thumb_func
 132              	HAL_DMAEx_MultiBufferStart_IT:
 133              	.LFB56:
 150:../STM32F2xx_HAL_Driver/Src/stm32f2xx_hal_dma_ex.c **** 
 151:../STM32F2xx_HAL_Driver/Src/stm32f2xx_hal_dma_ex.c **** /**
 152:../STM32F2xx_HAL_Driver/Src/stm32f2xx_hal_dma_ex.c ****   * @brief  Starts the multi_buffer DMA Transfer with interrupt enabled.
 153:../STM32F2xx_HAL_Driver/Src/stm32f2xx_hal_dma_ex.c ****   * @param  hdma:       pointer to a DMA_HandleTypeDef structure that contains
 154:../STM32F2xx_HAL_Driver/Src/stm32f2xx_hal_dma_ex.c ****   *                     the configuration information for the specified DMA Stream.  
 155:../STM32F2xx_HAL_Driver/Src/stm32f2xx_hal_dma_ex.c ****   * @param  SrcAddress: The source memory Buffer address
 156:../STM32F2xx_HAL_Driver/Src/stm32f2xx_hal_dma_ex.c ****   * @param  DstAddress: The destination memory Buffer address
 157:../STM32F2xx_HAL_Driver/Src/stm32f2xx_hal_dma_ex.c ****   * @param  SecondMemAddress: The second memory Buffer address in case of multi buffer Transfer  
 158:../STM32F2xx_HAL_Driver/Src/stm32f2xx_hal_dma_ex.c ****   * @param  DataLength: The length of data to be transferred from source to destination
 159:../STM32F2xx_HAL_Driver/Src/stm32f2xx_hal_dma_ex.c ****   * @retval HAL status
 160:../STM32F2xx_HAL_Driver/Src/stm32f2xx_hal_dma_ex.c ****   */
 161:../STM32F2xx_HAL_Driver/Src/stm32f2xx_hal_dma_ex.c **** HAL_StatusTypeDef HAL_DMAEx_MultiBufferStart_IT(DMA_HandleTypeDef *hdma, uint32_t SrcAddress, uint3
 162:../STM32F2xx_HAL_Driver/Src/stm32f2xx_hal_dma_ex.c **** {
 134              		.loc 1 162 0
 135              		.cfi_startproc
 136              		@ args = 4, pretend = 0, frame = 16
 137              		@ frame_needed = 1, uses_anonymous_args = 0
 138 00a0 80B5     		push	{r7, lr}
 139              		.cfi_def_cfa_offset 8
 140              		.cfi_offset 7, -8
 141              		.cfi_offset 14, -4
 142 00a2 84B0     		sub	sp, sp, #16
 143              		.cfi_def_cfa_offset 24
 144 00a4 00AF     		add	r7, sp, #0
 145              		.cfi_def_cfa_register 7
 146 00a6 F860     		str	r0, [r7, #12]
 147 00a8 B960     		str	r1, [r7, #8]
 148 00aa 7A60     		str	r2, [r7, #4]
 149 00ac 3B60     		str	r3, [r7]
 163:../STM32F2xx_HAL_Driver/Src/stm32f2xx_hal_dma_ex.c ****   /* Process Locked */
 164:../STM32F2xx_HAL_Driver/Src/stm32f2xx_hal_dma_ex.c ****   __HAL_LOCK(hdma);
 150              		.loc 1 164 0
 151 00ae FB68     		ldr	r3, [r7, #12]
 152 00b0 93F83430 		ldrb	r3, [r3, #52]	@ zero_extendqisi2
 153 00b4 012B     		cmp	r3, #1
 154 00b6 01D1     		bne	.L7
 155              		.loc 1 164 0 is_stmt 0 discriminator 1
 156 00b8 0223     		movs	r3, #2
 157 00ba 65E0     		b	.L8
 158              	.L7:
 159              		.loc 1 164 0 discriminator 2
 160 00bc FB68     		ldr	r3, [r7, #12]
 161 00be 0122     		movs	r2, #1
 162 00c0 83F83420 		strb	r2, [r3, #52]
 165:../STM32F2xx_HAL_Driver/Src/stm32f2xx_hal_dma_ex.c **** 
 166:../STM32F2xx_HAL_Driver/Src/stm32f2xx_hal_dma_ex.c ****   /* Current memory buffer used is Memory 0 */
 167:../STM32F2xx_HAL_Driver/Src/stm32f2xx_hal_dma_ex.c ****   if((hdma->Instance->CR & DMA_SxCR_CT) == 0)
 163              		.loc 1 167 0 is_stmt 1 discriminator 2
 164 00c4 FB68     		ldr	r3, [r7, #12]
 165 00c6 1B68     		ldr	r3, [r3]
 166 00c8 1B68     		ldr	r3, [r3]
 167 00ca 03F40023 		and	r3, r3, #524288
 168 00ce 002B     		cmp	r3, #0
 169 00d0 04D1     		bne	.L9
 168:../STM32F2xx_HAL_Driver/Src/stm32f2xx_hal_dma_ex.c ****   {
 169:../STM32F2xx_HAL_Driver/Src/stm32f2xx_hal_dma_ex.c ****     hdma->State = HAL_DMA_STATE_BUSY_MEM0;
 170              		.loc 1 169 0
 171 00d2 FB68     		ldr	r3, [r7, #12]
 172 00d4 1222     		movs	r2, #18
 173 00d6 83F83520 		strb	r2, [r3, #53]
 174 00da 0AE0     		b	.L10
 175              	.L9:
 170:../STM32F2xx_HAL_Driver/Src/stm32f2xx_hal_dma_ex.c ****   }
 171:../STM32F2xx_HAL_Driver/Src/stm32f2xx_hal_dma_ex.c ****   /* Current memory buffer used is Memory 1 */
 172:../STM32F2xx_HAL_Driver/Src/stm32f2xx_hal_dma_ex.c ****   else if((hdma->Instance->CR & DMA_SxCR_CT) != 0)
 176              		.loc 1 172 0
 177 00dc FB68     		ldr	r3, [r7, #12]
 178 00de 1B68     		ldr	r3, [r3]
 179 00e0 1B68     		ldr	r3, [r3]
 180 00e2 03F40023 		and	r3, r3, #524288
 181 00e6 002B     		cmp	r3, #0
 182 00e8 03D0     		beq	.L10
 173:../STM32F2xx_HAL_Driver/Src/stm32f2xx_hal_dma_ex.c ****   {
 174:../STM32F2xx_HAL_Driver/Src/stm32f2xx_hal_dma_ex.c ****     hdma->State = HAL_DMA_STATE_BUSY_MEM1;
 183              		.loc 1 174 0
 184 00ea FB68     		ldr	r3, [r7, #12]
 185 00ec 2222     		movs	r2, #34
 186 00ee 83F83520 		strb	r2, [r3, #53]
 187              	.L10:
 175:../STM32F2xx_HAL_Driver/Src/stm32f2xx_hal_dma_ex.c ****   }
 176:../STM32F2xx_HAL_Driver/Src/stm32f2xx_hal_dma_ex.c **** 
 177:../STM32F2xx_HAL_Driver/Src/stm32f2xx_hal_dma_ex.c ****   /* Check the parameters */
 178:../STM32F2xx_HAL_Driver/Src/stm32f2xx_hal_dma_ex.c ****   assert_param(IS_DMA_BUFFER_SIZE(DataLength));
 179:../STM32F2xx_HAL_Driver/Src/stm32f2xx_hal_dma_ex.c **** 
 180:../STM32F2xx_HAL_Driver/Src/stm32f2xx_hal_dma_ex.c ****   /* Disable the peripheral */
 181:../STM32F2xx_HAL_Driver/Src/stm32f2xx_hal_dma_ex.c ****   __HAL_DMA_DISABLE(hdma);  
 188              		.loc 1 181 0
 189 00f2 FB68     		ldr	r3, [r7, #12]
 190 00f4 1B68     		ldr	r3, [r3]
 191 00f6 FA68     		ldr	r2, [r7, #12]
 192 00f8 1268     		ldr	r2, [r2]
 193 00fa 1268     		ldr	r2, [r2]
 194 00fc 22F00102 		bic	r2, r2, #1
 195 0100 1A60     		str	r2, [r3]
 182:../STM32F2xx_HAL_Driver/Src/stm32f2xx_hal_dma_ex.c **** 
 183:../STM32F2xx_HAL_Driver/Src/stm32f2xx_hal_dma_ex.c ****   /* Enable the Double buffer mode */
 184:../STM32F2xx_HAL_Driver/Src/stm32f2xx_hal_dma_ex.c ****   hdma->Instance->CR |= (uint32_t)DMA_SxCR_DBM;
 196              		.loc 1 184 0
 197 0102 FB68     		ldr	r3, [r7, #12]
 198 0104 1B68     		ldr	r3, [r3]
 199 0106 FA68     		ldr	r2, [r7, #12]
 200 0108 1268     		ldr	r2, [r2]
 201 010a 1268     		ldr	r2, [r2]
 202 010c 42F48022 		orr	r2, r2, #262144
 203 0110 1A60     		str	r2, [r3]
 185:../STM32F2xx_HAL_Driver/Src/stm32f2xx_hal_dma_ex.c **** 
 186:../STM32F2xx_HAL_Driver/Src/stm32f2xx_hal_dma_ex.c ****   /* Configure DMA Stream destination address */
 187:../STM32F2xx_HAL_Driver/Src/stm32f2xx_hal_dma_ex.c ****   hdma->Instance->M1AR = SecondMemAddress;
 204              		.loc 1 187 0
 205 0112 FB68     		ldr	r3, [r7, #12]
 206 0114 1B68     		ldr	r3, [r3]
 207 0116 3A68     		ldr	r2, [r7]
 208 0118 1A61     		str	r2, [r3, #16]
 188:../STM32F2xx_HAL_Driver/Src/stm32f2xx_hal_dma_ex.c **** 
 189:../STM32F2xx_HAL_Driver/Src/stm32f2xx_hal_dma_ex.c ****   /* Configure the source, destination address and the data length */
 190:../STM32F2xx_HAL_Driver/Src/stm32f2xx_hal_dma_ex.c ****   DMA_MultiBufferSetConfig(hdma, SrcAddress, DstAddress, DataLength); 
 209              		.loc 1 190 0
 210 011a F868     		ldr	r0, [r7, #12]
 211 011c B968     		ldr	r1, [r7, #8]
 212 011e 7A68     		ldr	r2, [r7, #4]
 213 0120 BB69     		ldr	r3, [r7, #24]
 214 0122 00F04FF8 		bl	DMA_MultiBufferSetConfig
 191:../STM32F2xx_HAL_Driver/Src/stm32f2xx_hal_dma_ex.c **** 
 192:../STM32F2xx_HAL_Driver/Src/stm32f2xx_hal_dma_ex.c ****   /* Enable the transfer complete interrupt */
 193:../STM32F2xx_HAL_Driver/Src/stm32f2xx_hal_dma_ex.c ****   __HAL_DMA_ENABLE_IT(hdma, DMA_IT_TC);
 215              		.loc 1 193 0
 216 0126 FB68     		ldr	r3, [r7, #12]
 217 0128 1B68     		ldr	r3, [r3]
 218 012a FA68     		ldr	r2, [r7, #12]
 219 012c 1268     		ldr	r2, [r2]
 220 012e 1268     		ldr	r2, [r2]
 221 0130 42F01002 		orr	r2, r2, #16
 222 0134 1A60     		str	r2, [r3]
 194:../STM32F2xx_HAL_Driver/Src/stm32f2xx_hal_dma_ex.c **** 
 195:../STM32F2xx_HAL_Driver/Src/stm32f2xx_hal_dma_ex.c ****   /* Enable the Half transfer interrupt */
 196:../STM32F2xx_HAL_Driver/Src/stm32f2xx_hal_dma_ex.c ****   __HAL_DMA_ENABLE_IT(hdma, DMA_IT_HT);
 223              		.loc 1 196 0
 224 0136 FB68     		ldr	r3, [r7, #12]
 225 0138 1B68     		ldr	r3, [r3]
 226 013a FA68     		ldr	r2, [r7, #12]
 227 013c 1268     		ldr	r2, [r2]
 228 013e 1268     		ldr	r2, [r2]
 229 0140 42F00802 		orr	r2, r2, #8
 230 0144 1A60     		str	r2, [r3]
 197:../STM32F2xx_HAL_Driver/Src/stm32f2xx_hal_dma_ex.c **** 
 198:../STM32F2xx_HAL_Driver/Src/stm32f2xx_hal_dma_ex.c ****   /* Enable the transfer Error interrupt */
 199:../STM32F2xx_HAL_Driver/Src/stm32f2xx_hal_dma_ex.c ****   __HAL_DMA_ENABLE_IT(hdma, DMA_IT_TE);
 231              		.loc 1 199 0
 232 0146 FB68     		ldr	r3, [r7, #12]
 233 0148 1B68     		ldr	r3, [r3]
 234 014a FA68     		ldr	r2, [r7, #12]
 235 014c 1268     		ldr	r2, [r2]
 236 014e 1268     		ldr	r2, [r2]
 237 0150 42F00402 		orr	r2, r2, #4
 238 0154 1A60     		str	r2, [r3]
 200:../STM32F2xx_HAL_Driver/Src/stm32f2xx_hal_dma_ex.c **** 
 201:../STM32F2xx_HAL_Driver/Src/stm32f2xx_hal_dma_ex.c ****   /* Enable the fifo Error interrupt */
 202:../STM32F2xx_HAL_Driver/Src/stm32f2xx_hal_dma_ex.c ****   __HAL_DMA_ENABLE_IT(hdma, DMA_IT_FE);  
 239              		.loc 1 202 0
 240 0156 FB68     		ldr	r3, [r7, #12]
 241 0158 1B68     		ldr	r3, [r3]
 242 015a FA68     		ldr	r2, [r7, #12]
 243 015c 1268     		ldr	r2, [r2]
 244 015e 5269     		ldr	r2, [r2, #20]
 245 0160 42F08002 		orr	r2, r2, #128
 246 0164 5A61     		str	r2, [r3, #20]
 203:../STM32F2xx_HAL_Driver/Src/stm32f2xx_hal_dma_ex.c **** 
 204:../STM32F2xx_HAL_Driver/Src/stm32f2xx_hal_dma_ex.c ****   /* Enable the direct mode Error interrupt */
 205:../STM32F2xx_HAL_Driver/Src/stm32f2xx_hal_dma_ex.c ****   __HAL_DMA_ENABLE_IT(hdma, DMA_IT_DME); 
 247              		.loc 1 205 0
 248 0166 FB68     		ldr	r3, [r7, #12]
 249 0168 1B68     		ldr	r3, [r3]
 250 016a FA68     		ldr	r2, [r7, #12]
 251 016c 1268     		ldr	r2, [r2]
 252 016e 1268     		ldr	r2, [r2]
 253 0170 42F00202 		orr	r2, r2, #2
 254 0174 1A60     		str	r2, [r3]
 206:../STM32F2xx_HAL_Driver/Src/stm32f2xx_hal_dma_ex.c **** 
 207:../STM32F2xx_HAL_Driver/Src/stm32f2xx_hal_dma_ex.c ****   /* Enable the peripheral */
 208:../STM32F2xx_HAL_Driver/Src/stm32f2xx_hal_dma_ex.c ****   __HAL_DMA_ENABLE(hdma); 
 255              		.loc 1 208 0
 256 0176 FB68     		ldr	r3, [r7, #12]
 257 0178 1B68     		ldr	r3, [r3]
 258 017a FA68     		ldr	r2, [r7, #12]
 259 017c 1268     		ldr	r2, [r2]
 260 017e 1268     		ldr	r2, [r2]
 261 0180 42F00102 		orr	r2, r2, #1
 262 0184 1A60     		str	r2, [r3]
 209:../STM32F2xx_HAL_Driver/Src/stm32f2xx_hal_dma_ex.c **** 
 210:../STM32F2xx_HAL_Driver/Src/stm32f2xx_hal_dma_ex.c ****   return HAL_OK; 
 263              		.loc 1 210 0
 264 0186 0023     		movs	r3, #0
 265              	.L8:
 211:../STM32F2xx_HAL_Driver/Src/stm32f2xx_hal_dma_ex.c **** }
 266              		.loc 1 211 0
 267 0188 1846     		mov	r0, r3
 268 018a 1037     		adds	r7, r7, #16
 269 018c BD46     		mov	sp, r7
 270              		@ sp needed
 271 018e 80BD     		pop	{r7, pc}
 272              		.cfi_endproc
 273              	.LFE56:
 275              		.align	2
 276              		.global	HAL_DMAEx_ChangeMemory
 277              		.thumb
 278              		.thumb_func
 280              	HAL_DMAEx_ChangeMemory:
 281              	.LFB57:
 212:../STM32F2xx_HAL_Driver/Src/stm32f2xx_hal_dma_ex.c **** 
 213:../STM32F2xx_HAL_Driver/Src/stm32f2xx_hal_dma_ex.c **** /**
 214:../STM32F2xx_HAL_Driver/Src/stm32f2xx_hal_dma_ex.c ****   * @brief  Change the memory0 or memory1 address on the fly.
 215:../STM32F2xx_HAL_Driver/Src/stm32f2xx_hal_dma_ex.c ****   * @param  hdma:       pointer to a DMA_HandleTypeDef structure that contains
 216:../STM32F2xx_HAL_Driver/Src/stm32f2xx_hal_dma_ex.c ****   *                     the configuration information for the specified DMA Stream.  
 217:../STM32F2xx_HAL_Driver/Src/stm32f2xx_hal_dma_ex.c ****   * @param  Address:    The new address
 218:../STM32F2xx_HAL_Driver/Src/stm32f2xx_hal_dma_ex.c ****   * @param  memory:     the memory to be changed, This parameter can be one of 
 219:../STM32F2xx_HAL_Driver/Src/stm32f2xx_hal_dma_ex.c ****   *                     the following values:
 220:../STM32F2xx_HAL_Driver/Src/stm32f2xx_hal_dma_ex.c ****   *                      @arg MEMORY0
 221:../STM32F2xx_HAL_Driver/Src/stm32f2xx_hal_dma_ex.c ****   *                      @arg MEMORY1
 222:../STM32F2xx_HAL_Driver/Src/stm32f2xx_hal_dma_ex.c ****   * @note   The MEMORY0 address can be changed only when the current transfer use
 223:../STM32F2xx_HAL_Driver/Src/stm32f2xx_hal_dma_ex.c ****   *         MEMORY1 and the MEMORY1 address can be changed only when the current 
 224:../STM32F2xx_HAL_Driver/Src/stm32f2xx_hal_dma_ex.c ****   *         transfer use MEMORY0.
 225:../STM32F2xx_HAL_Driver/Src/stm32f2xx_hal_dma_ex.c ****   * @retval HAL status
 226:../STM32F2xx_HAL_Driver/Src/stm32f2xx_hal_dma_ex.c ****   */
 227:../STM32F2xx_HAL_Driver/Src/stm32f2xx_hal_dma_ex.c **** HAL_StatusTypeDef HAL_DMAEx_ChangeMemory(DMA_HandleTypeDef *hdma, uint32_t Address, HAL_DMA_MemoryT
 228:../STM32F2xx_HAL_Driver/Src/stm32f2xx_hal_dma_ex.c **** {
 282              		.loc 1 228 0
 283              		.cfi_startproc
 284              		@ args = 0, pretend = 0, frame = 16
 285              		@ frame_needed = 1, uses_anonymous_args = 0
 286              		@ link register save eliminated.
 287 0190 80B4     		push	{r7}
 288              		.cfi_def_cfa_offset 4
 289              		.cfi_offset 7, -4
 290 0192 85B0     		sub	sp, sp, #20
 291              		.cfi_def_cfa_offset 24
 292 0194 00AF     		add	r7, sp, #0
 293              		.cfi_def_cfa_register 7
 294 0196 F860     		str	r0, [r7, #12]
 295 0198 B960     		str	r1, [r7, #8]
 296 019a 1346     		mov	r3, r2
 297 019c FB71     		strb	r3, [r7, #7]
 229:../STM32F2xx_HAL_Driver/Src/stm32f2xx_hal_dma_ex.c ****   if(memory == MEMORY0)
 298              		.loc 1 229 0
 299 019e FB79     		ldrb	r3, [r7, #7]	@ zero_extendqisi2
 300 01a0 002B     		cmp	r3, #0
 301 01a2 04D1     		bne	.L12
 230:../STM32F2xx_HAL_Driver/Src/stm32f2xx_hal_dma_ex.c ****   {
 231:../STM32F2xx_HAL_Driver/Src/stm32f2xx_hal_dma_ex.c ****     /* change the memory0 address */
 232:../STM32F2xx_HAL_Driver/Src/stm32f2xx_hal_dma_ex.c ****     hdma->Instance->M0AR = Address;
 302              		.loc 1 232 0
 303 01a4 FB68     		ldr	r3, [r7, #12]
 304 01a6 1B68     		ldr	r3, [r3]
 305 01a8 BA68     		ldr	r2, [r7, #8]
 306 01aa DA60     		str	r2, [r3, #12]
 307 01ac 03E0     		b	.L13
 308              	.L12:
 233:../STM32F2xx_HAL_Driver/Src/stm32f2xx_hal_dma_ex.c ****   }
 234:../STM32F2xx_HAL_Driver/Src/stm32f2xx_hal_dma_ex.c ****   else
 235:../STM32F2xx_HAL_Driver/Src/stm32f2xx_hal_dma_ex.c ****   {
 236:../STM32F2xx_HAL_Driver/Src/stm32f2xx_hal_dma_ex.c ****     /* change the memory1 address */
 237:../STM32F2xx_HAL_Driver/Src/stm32f2xx_hal_dma_ex.c ****     hdma->Instance->M1AR = Address;
 309              		.loc 1 237 0
 310 01ae FB68     		ldr	r3, [r7, #12]
 311 01b0 1B68     		ldr	r3, [r3]
 312 01b2 BA68     		ldr	r2, [r7, #8]
 313 01b4 1A61     		str	r2, [r3, #16]
 314              	.L13:
 238:../STM32F2xx_HAL_Driver/Src/stm32f2xx_hal_dma_ex.c ****   }
 239:../STM32F2xx_HAL_Driver/Src/stm32f2xx_hal_dma_ex.c **** 
 240:../STM32F2xx_HAL_Driver/Src/stm32f2xx_hal_dma_ex.c ****   return HAL_OK;
 315              		.loc 1 240 0
 316 01b6 0023     		movs	r3, #0
 241:../STM32F2xx_HAL_Driver/Src/stm32f2xx_hal_dma_ex.c **** }
 317              		.loc 1 241 0
 318 01b8 1846     		mov	r0, r3
 319 01ba 1437     		adds	r7, r7, #20
 320 01bc BD46     		mov	sp, r7
 321              		@ sp needed
 322 01be 5DF8047B 		ldr	r7, [sp], #4
 323 01c2 7047     		bx	lr
 324              		.cfi_endproc
 325              	.LFE57:
 327              		.align	2
 328              		.thumb
 329              		.thumb_func
 331              	DMA_MultiBufferSetConfig:
 332              	.LFB58:
 242:../STM32F2xx_HAL_Driver/Src/stm32f2xx_hal_dma_ex.c **** 
 243:../STM32F2xx_HAL_Driver/Src/stm32f2xx_hal_dma_ex.c **** /**
 244:../STM32F2xx_HAL_Driver/Src/stm32f2xx_hal_dma_ex.c ****   * @}
 245:../STM32F2xx_HAL_Driver/Src/stm32f2xx_hal_dma_ex.c ****   */
 246:../STM32F2xx_HAL_Driver/Src/stm32f2xx_hal_dma_ex.c **** 
 247:../STM32F2xx_HAL_Driver/Src/stm32f2xx_hal_dma_ex.c **** /**
 248:../STM32F2xx_HAL_Driver/Src/stm32f2xx_hal_dma_ex.c ****   * @brief  Set the DMA Transfer parameter.
 249:../STM32F2xx_HAL_Driver/Src/stm32f2xx_hal_dma_ex.c ****   * @param  hdma:       pointer to a DMA_HandleTypeDef structure that contains
 250:../STM32F2xx_HAL_Driver/Src/stm32f2xx_hal_dma_ex.c ****   *                     the configuration information for the specified DMA Stream.  
 251:../STM32F2xx_HAL_Driver/Src/stm32f2xx_hal_dma_ex.c ****   * @param  SrcAddress: The source memory Buffer address
 252:../STM32F2xx_HAL_Driver/Src/stm32f2xx_hal_dma_ex.c ****   * @param  DstAddress: The destination memory Buffer address
 253:../STM32F2xx_HAL_Driver/Src/stm32f2xx_hal_dma_ex.c ****   * @param  DataLength: The length of data to be transferred from source to destination
 254:../STM32F2xx_HAL_Driver/Src/stm32f2xx_hal_dma_ex.c ****   * @retval HAL status
 255:../STM32F2xx_HAL_Driver/Src/stm32f2xx_hal_dma_ex.c ****   */
 256:../STM32F2xx_HAL_Driver/Src/stm32f2xx_hal_dma_ex.c **** static void DMA_MultiBufferSetConfig(DMA_HandleTypeDef *hdma, uint32_t SrcAddress, uint32_t DstAddr
 257:../STM32F2xx_HAL_Driver/Src/stm32f2xx_hal_dma_ex.c **** {  
 333              		.loc 1 257 0
 334              		.cfi_startproc
 335              		@ args = 0, pretend = 0, frame = 16
 336              		@ frame_needed = 1, uses_anonymous_args = 0
 337              		@ link register save eliminated.
 338 01c4 80B4     		push	{r7}
 339              		.cfi_def_cfa_offset 4
 340              		.cfi_offset 7, -4
 341 01c6 85B0     		sub	sp, sp, #20
 342              		.cfi_def_cfa_offset 24
 343 01c8 00AF     		add	r7, sp, #0
 344              		.cfi_def_cfa_register 7
 345 01ca F860     		str	r0, [r7, #12]
 346 01cc B960     		str	r1, [r7, #8]
 347 01ce 7A60     		str	r2, [r7, #4]
 348 01d0 3B60     		str	r3, [r7]
 258:../STM32F2xx_HAL_Driver/Src/stm32f2xx_hal_dma_ex.c ****   /* Configure DMA Stream data length */
 259:../STM32F2xx_HAL_Driver/Src/stm32f2xx_hal_dma_ex.c ****   hdma->Instance->NDTR = DataLength;
 349              		.loc 1 259 0
 350 01d2 FB68     		ldr	r3, [r7, #12]
 351 01d4 1B68     		ldr	r3, [r3]
 352 01d6 3A68     		ldr	r2, [r7]
 353 01d8 5A60     		str	r2, [r3, #4]
 260:../STM32F2xx_HAL_Driver/Src/stm32f2xx_hal_dma_ex.c ****   
 261:../STM32F2xx_HAL_Driver/Src/stm32f2xx_hal_dma_ex.c ****   /* Peripheral to Memory */
 262:../STM32F2xx_HAL_Driver/Src/stm32f2xx_hal_dma_ex.c ****   if((hdma->Init.Direction) == DMA_MEMORY_TO_PERIPH)
 354              		.loc 1 262 0
 355 01da FB68     		ldr	r3, [r7, #12]
 356 01dc 9B68     		ldr	r3, [r3, #8]
 357 01de 402B     		cmp	r3, #64
 358 01e0 08D1     		bne	.L16
 263:../STM32F2xx_HAL_Driver/Src/stm32f2xx_hal_dma_ex.c ****   {   
 264:../STM32F2xx_HAL_Driver/Src/stm32f2xx_hal_dma_ex.c ****     /* Configure DMA Stream destination address */
 265:../STM32F2xx_HAL_Driver/Src/stm32f2xx_hal_dma_ex.c ****     hdma->Instance->PAR = DstAddress;
 359              		.loc 1 265 0
 360 01e2 FB68     		ldr	r3, [r7, #12]
 361 01e4 1B68     		ldr	r3, [r3]
 362 01e6 7A68     		ldr	r2, [r7, #4]
 363 01e8 9A60     		str	r2, [r3, #8]
 266:../STM32F2xx_HAL_Driver/Src/stm32f2xx_hal_dma_ex.c ****     
 267:../STM32F2xx_HAL_Driver/Src/stm32f2xx_hal_dma_ex.c ****     /* Configure DMA Stream source address */
 268:../STM32F2xx_HAL_Driver/Src/stm32f2xx_hal_dma_ex.c ****     hdma->Instance->M0AR = SrcAddress;
 364              		.loc 1 268 0
 365 01ea FB68     		ldr	r3, [r7, #12]
 366 01ec 1B68     		ldr	r3, [r3]
 367 01ee BA68     		ldr	r2, [r7, #8]
 368 01f0 DA60     		str	r2, [r3, #12]
 369 01f2 07E0     		b	.L15
 370              	.L16:
 269:../STM32F2xx_HAL_Driver/Src/stm32f2xx_hal_dma_ex.c ****   }
 270:../STM32F2xx_HAL_Driver/Src/stm32f2xx_hal_dma_ex.c ****   /* Memory to Peripheral */
 271:../STM32F2xx_HAL_Driver/Src/stm32f2xx_hal_dma_ex.c ****   else
 272:../STM32F2xx_HAL_Driver/Src/stm32f2xx_hal_dma_ex.c ****   {
 273:../STM32F2xx_HAL_Driver/Src/stm32f2xx_hal_dma_ex.c ****     /* Configure DMA Stream source address */
 274:../STM32F2xx_HAL_Driver/Src/stm32f2xx_hal_dma_ex.c ****     hdma->Instance->PAR = SrcAddress;
 371              		.loc 1 274 0
 372 01f4 FB68     		ldr	r3, [r7, #12]
 373 01f6 1B68     		ldr	r3, [r3]
 374 01f8 BA68     		ldr	r2, [r7, #8]
 375 01fa 9A60     		str	r2, [r3, #8]
 275:../STM32F2xx_HAL_Driver/Src/stm32f2xx_hal_dma_ex.c ****     
 276:../STM32F2xx_HAL_Driver/Src/stm32f2xx_hal_dma_ex.c ****     /* Configure DMA Stream destination address */
 277:../STM32F2xx_HAL_Driver/Src/stm32f2xx_hal_dma_ex.c ****     hdma->Instance->M0AR = DstAddress;
 376              		.loc 1 277 0
 377 01fc FB68     		ldr	r3, [r7, #12]
 378 01fe 1B68     		ldr	r3, [r3]
 379 0200 7A68     		ldr	r2, [r7, #4]
 380 0202 DA60     		str	r2, [r3, #12]
 381              	.L15:
 278:../STM32F2xx_HAL_Driver/Src/stm32f2xx_hal_dma_ex.c ****   }
 279:../STM32F2xx_HAL_Driver/Src/stm32f2xx_hal_dma_ex.c **** }
 382              		.loc 1 279 0
 383 0204 1437     		adds	r7, r7, #20
 384 0206 BD46     		mov	sp, r7
 385              		@ sp needed
 386 0208 5DF8047B 		ldr	r7, [sp], #4
 387 020c 7047     		bx	lr
 388              		.cfi_endproc
 389              	.LFE58:
 391              	.Letext0:
 392              		.file 2 "c:\\program files (x86)\\codesourcery\\arm-none-eabi\\include\\stdint.h"
 393              		.file 3 "D:\\workspace\\console800480\\system/stm32f217xx.h"
 394              		.file 4 "D:\\workspace\\console800480\\STM32F2xx_HAL_Driver\\Inc/stm32f2xx_hal_def.h"
 395              		.file 5 "D:\\workspace\\console800480\\STM32F2xx_HAL_Driver\\Inc/stm32f2xx_hal_dma.h"
 396              		.file 6 "D:\\workspace\\console800480\\STM32F2xx_HAL_Driver\\Inc/stm32f2xx_hal_dma_ex.h"
 397              		.file 7 "D:\\workspace\\console800480\\system/core_cm3.h"
DEFINED SYMBOLS
                            *ABS*:00000000 stm32f2xx_hal_dma_ex.c
C:\Users\sagok\AppData\Local\Temp\ccJK8T4g.s:18     .text:00000000 $t
C:\Users\sagok\AppData\Local\Temp\ccJK8T4g.s:23     .text:00000000 HAL_DMAEx_MultiBufferStart
C:\Users\sagok\AppData\Local\Temp\ccJK8T4g.s:331    .text:000001c4 DMA_MultiBufferSetConfig
C:\Users\sagok\AppData\Local\Temp\ccJK8T4g.s:132    .text:000000a0 HAL_DMAEx_MultiBufferStart_IT
C:\Users\sagok\AppData\Local\Temp\ccJK8T4g.s:280    .text:00000190 HAL_DMAEx_ChangeMemory
                     .debug_frame:00000010 $d
                           .group:00000000 wm4.1.7f551ac7fcad8b79b9df4bfdaa536673
                           .group:00000000 wm4.stm32f2xx_hal_conf.h.40.007126baefb9f966c36646edbf8040d2
                           .group:00000000 wm4.stm32f2xx.h.57.5ec1581efc43612c411d33a8686e9ec7
                           .group:00000000 wm4.stm32f217xx.h.52.9c940d76d00294b78837dc334c172fdd
                           .group:00000000 wm4.core_cm3.h.32.49180ccb4d36cabd2d7016d2a51d91ae
                           .group:00000000 wm4.newlib.h.8.384a112feabb3bef7b573ae48cde2e3b
                           .group:00000000 wm4.features.h.22.6a4ca7cd053637cc1d0db6c16f39b2d7
                           .group:00000000 wm4.config.h.183.aa62afef667fb61d15fa64c48beb2f14
                           .group:00000000 wm4._ansi.h.23.5644b60c990a4800b02a6e654e88f93a
                           .group:00000000 wm4.stdint.h.20.54ad762faa59e3c05491630641c8d8bf
                           .group:00000000 wm4.core_cmInstr.h.25.f50f886f2edf670cf199b35fd96f5c91
                           .group:00000000 wm4.core_cm3.h.130.63ab2348a6eed0fdb318040d970b676c
                           .group:00000000 wm4.stm32f217xx.h.978.a5c681952b2f704a0e7f2ba21d08adf5
                           .group:00000000 wm4.stm32f2xx.h.142.bc2155a1f7498bab16371e38413a9e41
                           .group:00000000 wm4.stm32f2xx_hal_def.h.74.8ad2dc8aa82c4fd02e5aeaae592641ba
                           .group:00000000 wm4.stm32f2xx_hal_rcc.h.142.ec0f91cc6576a6acebd17e6dd85829ae
                           .group:00000000 wm4.stm32f2xx_hal_rcc_ex.h.40.0829033e864455c6bdd0db01f8ba5a50
                           .group:00000000 wm4.stm32f2xx_hal_gpio.h.40.ba64e0bb94d9a68835f80159f39a86f1
                           .group:00000000 wm4.stm32f2xx_hal_gpio_ex.h.40.24e547fd402281923f446b510381083f
                           .group:00000000 wm4.stm32f2xx_hal_dma.h.40.5d9732ace2a21a4526ce8f0c52428fff
                           .group:00000000 wm4.stm32f2xx_hal_cortex.h.40.e10263d2ec5d4fa79b4180ce1a38aff1
                           .group:00000000 wm4.stm32f2xx_hal_adc.h.40.89ac8b78113cac4cf63847587daabac9
                           .group:00000000 wm4.stm32f2xx_hal_adc_ex.h.40.7de68ed256ef25526ee31cc017f2c291
                           .group:00000000 wm4.stm32f2xx_hal_flash.h.40.c3171719ce015e9cff20c795e44e886d
                           .group:00000000 wm4.stm32f2xx_hal_flash_ex.h.40.7389508bd24a0aeb077bde0c9fb651eb
                           .group:00000000 wm4.stm32f2xx_ll_fsmc.h.40.c1c32f2e1862f4dd342bd9b80fb895bb
                           .group:00000000 wm4.stm32f2xx_hal_pwr.h.40.812df32e5c31b609a128e9db0eb4cbd0
                           .group:00000000 wm4.stm32f2xx_hal_rtc.h.40.850fda5fe2cce8797446913dee18382f
                           .group:00000000 wm4.stm32f2xx_hal_rtc_ex.h.40.f3e0c408e3bf4e8a0352d7ec9a18a822
                           .group:00000000 wm4.stm32f2xx_ll_sdmmc.h.40.3719ab487c4b77401c572f459adf6eb7
                           .group:00000000 wm4.stm32f2xx_hal_sd.h.58.760215394dcc316161a6482c0af9b866
                           .group:00000000 wm4.stm32f2xx_hal_spi.h.40.7984243dbaba8b21c6392998a47e6987
                           .group:00000000 wm4.stm32f2xx_hal_tim.h.40.d79172f25d0e9a15dc346aba8515bdd6
                           .group:00000000 wm4.stm32f2xx_hal_tim_ex.h.40.361f280a7a3f60b4b238bb99ca728d83
                           .group:00000000 wm4.stm32f2xx_hal_uart.h.40.d74def561ae6f78f40f477c8426ecbef
                           .group:00000000 wm4.stm32f2xx_ll_usb.h.40.9b0206a05bc6ce3bec1648b51f22cb81
                           .group:00000000 wm4.stm32f2xx_hal_pcd.h.99.11faba414c39e357b2f23364912d0605
                           .group:00000000 wm4.stm32f2xx_hal_hcd.h.40.44ee5e972983ae0139ddbacdc75c44ef
                           .group:00000000 wm4.stm32f2xx_hal.h.64.ed79ee83e52b151b3c365392b398f866

NO UNDEFINED SYMBOLS
