   1              		.syntax unified
   2              		.cpu cortex-m3
   3              		.fpu softvfp
   4              		.eabi_attribute 20, 1
   5              		.eabi_attribute 21, 1
   6              		.eabi_attribute 23, 3
   7              		.eabi_attribute 24, 1
   8              		.eabi_attribute 25, 1
   9              		.eabi_attribute 26, 1
  10              		.eabi_attribute 30, 6
  11              		.eabi_attribute 34, 1
  12              		.eabi_attribute 18, 4
  13              		.thumb
  14              		.file	"font16.c"
  15              		.text
  16              	.Ltext0:
  17              		.cfi_sections	.debug_frame
  18              		.global	Font16_Table
  19              		.section	.rodata
  20              		.align	2
  23              	Font16_Table:
  24 0000 00       		.byte	0
  25 0001 00       		.byte	0
  26 0002 00       		.byte	0
  27 0003 00       		.byte	0
  28 0004 00       		.byte	0
  29 0005 00       		.byte	0
  30 0006 00       		.byte	0
  31 0007 00       		.byte	0
  32 0008 00       		.byte	0
  33 0009 00       		.byte	0
  34 000a 00       		.byte	0
  35 000b 00       		.byte	0
  36 000c 00       		.byte	0
  37 000d 00       		.byte	0
  38 000e 00       		.byte	0
  39 000f 00       		.byte	0
  40 0010 00       		.byte	0
  41 0011 00       		.byte	0
  42 0012 00       		.byte	0
  43 0013 00       		.byte	0
  44 0014 00       		.byte	0
  45 0015 00       		.byte	0
  46 0016 00       		.byte	0
  47 0017 00       		.byte	0
  48 0018 00       		.byte	0
  49 0019 00       		.byte	0
  50 001a 00       		.byte	0
  51 001b 00       		.byte	0
  52 001c 00       		.byte	0
  53 001d 00       		.byte	0
  54 001e 00       		.byte	0
  55 001f 00       		.byte	0
  56 0020 00       		.byte	0
  57 0021 00       		.byte	0
  58 0022 0C       		.byte	12
  59 0023 00       		.byte	0
  60 0024 0C       		.byte	12
  61 0025 00       		.byte	0
  62 0026 0C       		.byte	12
  63 0027 00       		.byte	0
  64 0028 0C       		.byte	12
  65 0029 00       		.byte	0
  66 002a 0C       		.byte	12
  67 002b 00       		.byte	0
  68 002c 0C       		.byte	12
  69 002d 00       		.byte	0
  70 002e 0C       		.byte	12
  71 002f 00       		.byte	0
  72 0030 0C       		.byte	12
  73 0031 00       		.byte	0
  74 0032 00       		.byte	0
  75 0033 00       		.byte	0
  76 0034 0C       		.byte	12
  77 0035 00       		.byte	0
  78 0036 00       		.byte	0
  79 0037 00       		.byte	0
  80 0038 00       		.byte	0
  81 0039 00       		.byte	0
  82 003a 00       		.byte	0
  83 003b 00       		.byte	0
  84 003c 00       		.byte	0
  85 003d 00       		.byte	0
  86 003e 00       		.byte	0
  87 003f 00       		.byte	0
  88 0040 00       		.byte	0
  89 0041 00       		.byte	0
  90 0042 00       		.byte	0
  91 0043 00       		.byte	0
  92 0044 1D       		.byte	29
  93 0045 C0       		.byte	-64
  94 0046 1D       		.byte	29
  95 0047 C0       		.byte	-64
  96 0048 08       		.byte	8
  97 0049 80       		.byte	-128
  98 004a 08       		.byte	8
  99 004b 80       		.byte	-128
 100 004c 08       		.byte	8
 101 004d 80       		.byte	-128
 102 004e 00       		.byte	0
 103 004f 00       		.byte	0
 104 0050 00       		.byte	0
 105 0051 00       		.byte	0
 106 0052 00       		.byte	0
 107 0053 00       		.byte	0
 108 0054 00       		.byte	0
 109 0055 00       		.byte	0
 110 0056 00       		.byte	0
 111 0057 00       		.byte	0
 112 0058 00       		.byte	0
 113 0059 00       		.byte	0
 114 005a 00       		.byte	0
 115 005b 00       		.byte	0
 116 005c 00       		.byte	0
 117 005d 00       		.byte	0
 118 005e 00       		.byte	0
 119 005f 00       		.byte	0
 120 0060 00       		.byte	0
 121 0061 00       		.byte	0
 122 0062 0D       		.byte	13
 123 0063 80       		.byte	-128
 124 0064 0D       		.byte	13
 125 0065 80       		.byte	-128
 126 0066 0D       		.byte	13
 127 0067 80       		.byte	-128
 128 0068 0D       		.byte	13
 129 0069 80       		.byte	-128
 130 006a 3F       		.byte	63
 131 006b C0       		.byte	-64
 132 006c 1B       		.byte	27
 133 006d 00       		.byte	0
 134 006e 3F       		.byte	63
 135 006f C0       		.byte	-64
 136 0070 1B       		.byte	27
 137 0071 00       		.byte	0
 138 0072 1B       		.byte	27
 139 0073 00       		.byte	0
 140 0074 1B       		.byte	27
 141 0075 00       		.byte	0
 142 0076 1B       		.byte	27
 143 0077 00       		.byte	0
 144 0078 00       		.byte	0
 145 0079 00       		.byte	0
 146 007a 00       		.byte	0
 147 007b 00       		.byte	0
 148 007c 00       		.byte	0
 149 007d 00       		.byte	0
 150 007e 00       		.byte	0
 151 007f 00       		.byte	0
 152 0080 04       		.byte	4
 153 0081 00       		.byte	0
 154 0082 1F       		.byte	31
 155 0083 80       		.byte	-128
 156 0084 31       		.byte	49
 157 0085 80       		.byte	-128
 158 0086 31       		.byte	49
 159 0087 80       		.byte	-128
 160 0088 38       		.byte	56
 161 0089 00       		.byte	0
 162 008a 1E       		.byte	30
 163 008b 00       		.byte	0
 164 008c 0F       		.byte	15
 165 008d 00       		.byte	0
 166 008e 03       		.byte	3
 167 008f 80       		.byte	-128
 168 0090 31       		.byte	49
 169 0091 80       		.byte	-128
 170 0092 31       		.byte	49
 171 0093 80       		.byte	-128
 172 0094 3F       		.byte	63
 173 0095 00       		.byte	0
 174 0096 04       		.byte	4
 175 0097 00       		.byte	0
 176 0098 04       		.byte	4
 177 0099 00       		.byte	0
 178 009a 00       		.byte	0
 179 009b 00       		.byte	0
 180 009c 00       		.byte	0
 181 009d 00       		.byte	0
 182 009e 00       		.byte	0
 183 009f 00       		.byte	0
 184 00a0 00       		.byte	0
 185 00a1 00       		.byte	0
 186 00a2 18       		.byte	24
 187 00a3 00       		.byte	0
 188 00a4 24       		.byte	36
 189 00a5 00       		.byte	0
 190 00a6 24       		.byte	36
 191 00a7 00       		.byte	0
 192 00a8 18       		.byte	24
 193 00a9 C0       		.byte	-64
 194 00aa 07       		.byte	7
 195 00ab 80       		.byte	-128
 196 00ac 1E       		.byte	30
 197 00ad 00       		.byte	0
 198 00ae 31       		.byte	49
 199 00af 80       		.byte	-128
 200 00b0 02       		.byte	2
 201 00b1 40       		.byte	64
 202 00b2 02       		.byte	2
 203 00b3 40       		.byte	64
 204 00b4 01       		.byte	1
 205 00b5 80       		.byte	-128
 206 00b6 00       		.byte	0
 207 00b7 00       		.byte	0
 208 00b8 00       		.byte	0
 209 00b9 00       		.byte	0
 210 00ba 00       		.byte	0
 211 00bb 00       		.byte	0
 212 00bc 00       		.byte	0
 213 00bd 00       		.byte	0
 214 00be 00       		.byte	0
 215 00bf 00       		.byte	0
 216 00c0 00       		.byte	0
 217 00c1 00       		.byte	0
 218 00c2 00       		.byte	0
 219 00c3 00       		.byte	0
 220 00c4 0F       		.byte	15
 221 00c5 00       		.byte	0
 222 00c6 18       		.byte	24
 223 00c7 00       		.byte	0
 224 00c8 18       		.byte	24
 225 00c9 00       		.byte	0
 226 00ca 18       		.byte	24
 227 00cb 00       		.byte	0
 228 00cc 0C       		.byte	12
 229 00cd 00       		.byte	0
 230 00ce 1D       		.byte	29
 231 00cf 80       		.byte	-128
 232 00d0 37       		.byte	55
 233 00d1 00       		.byte	0
 234 00d2 33       		.byte	51
 235 00d3 00       		.byte	0
 236 00d4 1D       		.byte	29
 237 00d5 80       		.byte	-128
 238 00d6 00       		.byte	0
 239 00d7 00       		.byte	0
 240 00d8 00       		.byte	0
 241 00d9 00       		.byte	0
 242 00da 00       		.byte	0
 243 00db 00       		.byte	0
 244 00dc 00       		.byte	0
 245 00dd 00       		.byte	0
 246 00de 00       		.byte	0
 247 00df 00       		.byte	0
 248 00e0 00       		.byte	0
 249 00e1 00       		.byte	0
 250 00e2 00       		.byte	0
 251 00e3 00       		.byte	0
 252 00e4 07       		.byte	7
 253 00e5 00       		.byte	0
 254 00e6 07       		.byte	7
 255 00e7 00       		.byte	0
 256 00e8 02       		.byte	2
 257 00e9 00       		.byte	0
 258 00ea 02       		.byte	2
 259 00eb 00       		.byte	0
 260 00ec 02       		.byte	2
 261 00ed 00       		.byte	0
 262 00ee 00       		.byte	0
 263 00ef 00       		.byte	0
 264 00f0 00       		.byte	0
 265 00f1 00       		.byte	0
 266 00f2 00       		.byte	0
 267 00f3 00       		.byte	0
 268 00f4 00       		.byte	0
 269 00f5 00       		.byte	0
 270 00f6 00       		.byte	0
 271 00f7 00       		.byte	0
 272 00f8 00       		.byte	0
 273 00f9 00       		.byte	0
 274 00fa 00       		.byte	0
 275 00fb 00       		.byte	0
 276 00fc 00       		.byte	0
 277 00fd 00       		.byte	0
 278 00fe 00       		.byte	0
 279 00ff 00       		.byte	0
 280 0100 00       		.byte	0
 281 0101 00       		.byte	0
 282 0102 03       		.byte	3
 283 0103 00       		.byte	0
 284 0104 03       		.byte	3
 285 0105 00       		.byte	0
 286 0106 06       		.byte	6
 287 0107 00       		.byte	0
 288 0108 0E       		.byte	14
 289 0109 00       		.byte	0
 290 010a 0C       		.byte	12
 291 010b 00       		.byte	0
 292 010c 0C       		.byte	12
 293 010d 00       		.byte	0
 294 010e 0C       		.byte	12
 295 010f 00       		.byte	0
 296 0110 0C       		.byte	12
 297 0111 00       		.byte	0
 298 0112 0E       		.byte	14
 299 0113 00       		.byte	0
 300 0114 06       		.byte	6
 301 0115 00       		.byte	0
 302 0116 03       		.byte	3
 303 0117 00       		.byte	0
 304 0118 03       		.byte	3
 305 0119 00       		.byte	0
 306 011a 00       		.byte	0
 307 011b 00       		.byte	0
 308 011c 00       		.byte	0
 309 011d 00       		.byte	0
 310 011e 00       		.byte	0
 311 011f 00       		.byte	0
 312 0120 00       		.byte	0
 313 0121 00       		.byte	0
 314 0122 18       		.byte	24
 315 0123 00       		.byte	0
 316 0124 18       		.byte	24
 317 0125 00       		.byte	0
 318 0126 0C       		.byte	12
 319 0127 00       		.byte	0
 320 0128 06       		.byte	6
 321 0129 00       		.byte	0
 322 012a 06       		.byte	6
 323 012b 00       		.byte	0
 324 012c 06       		.byte	6
 325 012d 00       		.byte	0
 326 012e 06       		.byte	6
 327 012f 00       		.byte	0
 328 0130 06       		.byte	6
 329 0131 00       		.byte	0
 330 0132 06       		.byte	6
 331 0133 00       		.byte	0
 332 0134 0C       		.byte	12
 333 0135 00       		.byte	0
 334 0136 1C       		.byte	28
 335 0137 00       		.byte	0
 336 0138 18       		.byte	24
 337 0139 00       		.byte	0
 338 013a 00       		.byte	0
 339 013b 00       		.byte	0
 340 013c 00       		.byte	0
 341 013d 00       		.byte	0
 342 013e 00       		.byte	0
 343 013f 00       		.byte	0
 344 0140 00       		.byte	0
 345 0141 00       		.byte	0
 346 0142 06       		.byte	6
 347 0143 00       		.byte	0
 348 0144 06       		.byte	6
 349 0145 00       		.byte	0
 350 0146 3F       		.byte	63
 351 0147 C0       		.byte	-64
 352 0148 3F       		.byte	63
 353 0149 C0       		.byte	-64
 354 014a 0F       		.byte	15
 355 014b 00       		.byte	0
 356 014c 1F       		.byte	31
 357 014d 80       		.byte	-128
 358 014e 19       		.byte	25
 359 014f 80       		.byte	-128
 360 0150 00       		.byte	0
 361 0151 00       		.byte	0
 362 0152 00       		.byte	0
 363 0153 00       		.byte	0
 364 0154 00       		.byte	0
 365 0155 00       		.byte	0
 366 0156 00       		.byte	0
 367 0157 00       		.byte	0
 368 0158 00       		.byte	0
 369 0159 00       		.byte	0
 370 015a 00       		.byte	0
 371 015b 00       		.byte	0
 372 015c 00       		.byte	0
 373 015d 00       		.byte	0
 374 015e 00       		.byte	0
 375 015f 00       		.byte	0
 376 0160 00       		.byte	0
 377 0161 00       		.byte	0
 378 0162 00       		.byte	0
 379 0163 00       		.byte	0
 380 0164 00       		.byte	0
 381 0165 00       		.byte	0
 382 0166 04       		.byte	4
 383 0167 00       		.byte	0
 384 0168 04       		.byte	4
 385 0169 00       		.byte	0
 386 016a 04       		.byte	4
 387 016b 00       		.byte	0
 388 016c 3F       		.byte	63
 389 016d 80       		.byte	-128
 390 016e 04       		.byte	4
 391 016f 00       		.byte	0
 392 0170 04       		.byte	4
 393 0171 00       		.byte	0
 394 0172 04       		.byte	4
 395 0173 00       		.byte	0
 396 0174 00       		.byte	0
 397 0175 00       		.byte	0
 398 0176 00       		.byte	0
 399 0177 00       		.byte	0
 400 0178 00       		.byte	0
 401 0179 00       		.byte	0
 402 017a 00       		.byte	0
 403 017b 00       		.byte	0
 404 017c 00       		.byte	0
 405 017d 00       		.byte	0
 406 017e 00       		.byte	0
 407 017f 00       		.byte	0
 408 0180 00       		.byte	0
 409 0181 00       		.byte	0
 410 0182 00       		.byte	0
 411 0183 00       		.byte	0
 412 0184 00       		.byte	0
 413 0185 00       		.byte	0
 414 0186 00       		.byte	0
 415 0187 00       		.byte	0
 416 0188 00       		.byte	0
 417 0189 00       		.byte	0
 418 018a 00       		.byte	0
 419 018b 00       		.byte	0
 420 018c 00       		.byte	0
 421 018d 00       		.byte	0
 422 018e 00       		.byte	0
 423 018f 00       		.byte	0
 424 0190 00       		.byte	0
 425 0191 00       		.byte	0
 426 0192 06       		.byte	6
 427 0193 00       		.byte	0
 428 0194 04       		.byte	4
 429 0195 00       		.byte	0
 430 0196 0C       		.byte	12
 431 0197 00       		.byte	0
 432 0198 08       		.byte	8
 433 0199 00       		.byte	0
 434 019a 08       		.byte	8
 435 019b 00       		.byte	0
 436 019c 00       		.byte	0
 437 019d 00       		.byte	0
 438 019e 00       		.byte	0
 439 019f 00       		.byte	0
 440 01a0 00       		.byte	0
 441 01a1 00       		.byte	0
 442 01a2 00       		.byte	0
 443 01a3 00       		.byte	0
 444 01a4 00       		.byte	0
 445 01a5 00       		.byte	0
 446 01a6 00       		.byte	0
 447 01a7 00       		.byte	0
 448 01a8 00       		.byte	0
 449 01a9 00       		.byte	0
 450 01aa 00       		.byte	0
 451 01ab 00       		.byte	0
 452 01ac 3F       		.byte	63
 453 01ad 80       		.byte	-128
 454 01ae 00       		.byte	0
 455 01af 00       		.byte	0
 456 01b0 00       		.byte	0
 457 01b1 00       		.byte	0
 458 01b2 00       		.byte	0
 459 01b3 00       		.byte	0
 460 01b4 00       		.byte	0
 461 01b5 00       		.byte	0
 462 01b6 00       		.byte	0
 463 01b7 00       		.byte	0
 464 01b8 00       		.byte	0
 465 01b9 00       		.byte	0
 466 01ba 00       		.byte	0
 467 01bb 00       		.byte	0
 468 01bc 00       		.byte	0
 469 01bd 00       		.byte	0
 470 01be 00       		.byte	0
 471 01bf 00       		.byte	0
 472 01c0 00       		.byte	0
 473 01c1 00       		.byte	0
 474 01c2 00       		.byte	0
 475 01c3 00       		.byte	0
 476 01c4 00       		.byte	0
 477 01c5 00       		.byte	0
 478 01c6 00       		.byte	0
 479 01c7 00       		.byte	0
 480 01c8 00       		.byte	0
 481 01c9 00       		.byte	0
 482 01ca 00       		.byte	0
 483 01cb 00       		.byte	0
 484 01cc 00       		.byte	0
 485 01cd 00       		.byte	0
 486 01ce 00       		.byte	0
 487 01cf 00       		.byte	0
 488 01d0 00       		.byte	0
 489 01d1 00       		.byte	0
 490 01d2 0C       		.byte	12
 491 01d3 00       		.byte	0
 492 01d4 0C       		.byte	12
 493 01d5 00       		.byte	0
 494 01d6 00       		.byte	0
 495 01d7 00       		.byte	0
 496 01d8 00       		.byte	0
 497 01d9 00       		.byte	0
 498 01da 00       		.byte	0
 499 01db 00       		.byte	0
 500 01dc 00       		.byte	0
 501 01dd 00       		.byte	0
 502 01de 00       		.byte	0
 503 01df 00       		.byte	0
 504 01e0 00       		.byte	0
 505 01e1 C0       		.byte	-64
 506 01e2 00       		.byte	0
 507 01e3 C0       		.byte	-64
 508 01e4 01       		.byte	1
 509 01e5 80       		.byte	-128
 510 01e6 01       		.byte	1
 511 01e7 80       		.byte	-128
 512 01e8 03       		.byte	3
 513 01e9 00       		.byte	0
 514 01ea 03       		.byte	3
 515 01eb 00       		.byte	0
 516 01ec 06       		.byte	6
 517 01ed 00       		.byte	0
 518 01ee 0C       		.byte	12
 519 01ef 00       		.byte	0
 520 01f0 0C       		.byte	12
 521 01f1 00       		.byte	0
 522 01f2 18       		.byte	24
 523 01f3 00       		.byte	0
 524 01f4 18       		.byte	24
 525 01f5 00       		.byte	0
 526 01f6 30       		.byte	48
 527 01f7 00       		.byte	0
 528 01f8 30       		.byte	48
 529 01f9 00       		.byte	0
 530 01fa 00       		.byte	0
 531 01fb 00       		.byte	0
 532 01fc 00       		.byte	0
 533 01fd 00       		.byte	0
 534 01fe 00       		.byte	0
 535 01ff 00       		.byte	0
 536 0200 00       		.byte	0
 537 0201 00       		.byte	0
 538 0202 0E       		.byte	14
 539 0203 00       		.byte	0
 540 0204 1B       		.byte	27
 541 0205 00       		.byte	0
 542 0206 31       		.byte	49
 543 0207 80       		.byte	-128
 544 0208 31       		.byte	49
 545 0209 80       		.byte	-128
 546 020a 31       		.byte	49
 547 020b 80       		.byte	-128
 548 020c 31       		.byte	49
 549 020d 80       		.byte	-128
 550 020e 31       		.byte	49
 551 020f 80       		.byte	-128
 552 0210 31       		.byte	49
 553 0211 80       		.byte	-128
 554 0212 1B       		.byte	27
 555 0213 00       		.byte	0
 556 0214 0E       		.byte	14
 557 0215 00       		.byte	0
 558 0216 00       		.byte	0
 559 0217 00       		.byte	0
 560 0218 00       		.byte	0
 561 0219 00       		.byte	0
 562 021a 00       		.byte	0
 563 021b 00       		.byte	0
 564 021c 00       		.byte	0
 565 021d 00       		.byte	0
 566 021e 00       		.byte	0
 567 021f 00       		.byte	0
 568 0220 00       		.byte	0
 569 0221 00       		.byte	0
 570 0222 06       		.byte	6
 571 0223 00       		.byte	0
 572 0224 3E       		.byte	62
 573 0225 00       		.byte	0
 574 0226 06       		.byte	6
 575 0227 00       		.byte	0
 576 0228 06       		.byte	6
 577 0229 00       		.byte	0
 578 022a 06       		.byte	6
 579 022b 00       		.byte	0
 580 022c 06       		.byte	6
 581 022d 00       		.byte	0
 582 022e 06       		.byte	6
 583 022f 00       		.byte	0
 584 0230 06       		.byte	6
 585 0231 00       		.byte	0
 586 0232 06       		.byte	6
 587 0233 00       		.byte	0
 588 0234 3F       		.byte	63
 589 0235 C0       		.byte	-64
 590 0236 00       		.byte	0
 591 0237 00       		.byte	0
 592 0238 00       		.byte	0
 593 0239 00       		.byte	0
 594 023a 00       		.byte	0
 595 023b 00       		.byte	0
 596 023c 00       		.byte	0
 597 023d 00       		.byte	0
 598 023e 00       		.byte	0
 599 023f 00       		.byte	0
 600 0240 00       		.byte	0
 601 0241 00       		.byte	0
 602 0242 0F       		.byte	15
 603 0243 00       		.byte	0
 604 0244 19       		.byte	25
 605 0245 80       		.byte	-128
 606 0246 31       		.byte	49
 607 0247 80       		.byte	-128
 608 0248 31       		.byte	49
 609 0249 80       		.byte	-128
 610 024a 03       		.byte	3
 611 024b 00       		.byte	0
 612 024c 06       		.byte	6
 613 024d 00       		.byte	0
 614 024e 0C       		.byte	12
 615 024f 00       		.byte	0
 616 0250 18       		.byte	24
 617 0251 00       		.byte	0
 618 0252 30       		.byte	48
 619 0253 00       		.byte	0
 620 0254 3F       		.byte	63
 621 0255 80       		.byte	-128
 622 0256 00       		.byte	0
 623 0257 00       		.byte	0
 624 0258 00       		.byte	0
 625 0259 00       		.byte	0
 626 025a 00       		.byte	0
 627 025b 00       		.byte	0
 628 025c 00       		.byte	0
 629 025d 00       		.byte	0
 630 025e 00       		.byte	0
 631 025f 00       		.byte	0
 632 0260 00       		.byte	0
 633 0261 00       		.byte	0
 634 0262 3F       		.byte	63
 635 0263 00       		.byte	0
 636 0264 61       		.byte	97
 637 0265 80       		.byte	-128
 638 0266 01       		.byte	1
 639 0267 80       		.byte	-128
 640 0268 03       		.byte	3
 641 0269 00       		.byte	0
 642 026a 1F       		.byte	31
 643 026b 00       		.byte	0
 644 026c 03       		.byte	3
 645 026d 80       		.byte	-128
 646 026e 01       		.byte	1
 647 026f 80       		.byte	-128
 648 0270 01       		.byte	1
 649 0271 80       		.byte	-128
 650 0272 61       		.byte	97
 651 0273 80       		.byte	-128
 652 0274 3F       		.byte	63
 653 0275 00       		.byte	0
 654 0276 00       		.byte	0
 655 0277 00       		.byte	0
 656 0278 00       		.byte	0
 657 0279 00       		.byte	0
 658 027a 00       		.byte	0
 659 027b 00       		.byte	0
 660 027c 00       		.byte	0
 661 027d 00       		.byte	0
 662 027e 00       		.byte	0
 663 027f 00       		.byte	0
 664 0280 00       		.byte	0
 665 0281 00       		.byte	0
 666 0282 07       		.byte	7
 667 0283 00       		.byte	0
 668 0284 07       		.byte	7
 669 0285 00       		.byte	0
 670 0286 0F       		.byte	15
 671 0287 00       		.byte	0
 672 0288 0B       		.byte	11
 673 0289 00       		.byte	0
 674 028a 1B       		.byte	27
 675 028b 00       		.byte	0
 676 028c 13       		.byte	19
 677 028d 00       		.byte	0
 678 028e 33       		.byte	51
 679 028f 00       		.byte	0
 680 0290 3F       		.byte	63
 681 0291 80       		.byte	-128
 682 0292 03       		.byte	3
 683 0293 00       		.byte	0
 684 0294 0F       		.byte	15
 685 0295 80       		.byte	-128
 686 0296 00       		.byte	0
 687 0297 00       		.byte	0
 688 0298 00       		.byte	0
 689 0299 00       		.byte	0
 690 029a 00       		.byte	0
 691 029b 00       		.byte	0
 692 029c 00       		.byte	0
 693 029d 00       		.byte	0
 694 029e 00       		.byte	0
 695 029f 00       		.byte	0
 696 02a0 00       		.byte	0
 697 02a1 00       		.byte	0
 698 02a2 1F       		.byte	31
 699 02a3 80       		.byte	-128
 700 02a4 18       		.byte	24
 701 02a5 00       		.byte	0
 702 02a6 18       		.byte	24
 703 02a7 00       		.byte	0
 704 02a8 18       		.byte	24
 705 02a9 00       		.byte	0
 706 02aa 1F       		.byte	31
 707 02ab 00       		.byte	0
 708 02ac 11       		.byte	17
 709 02ad 80       		.byte	-128
 710 02ae 01       		.byte	1
 711 02af 80       		.byte	-128
 712 02b0 01       		.byte	1
 713 02b1 80       		.byte	-128
 714 02b2 21       		.byte	33
 715 02b3 80       		.byte	-128
 716 02b4 1F       		.byte	31
 717 02b5 00       		.byte	0
 718 02b6 00       		.byte	0
 719 02b7 00       		.byte	0
 720 02b8 00       		.byte	0
 721 02b9 00       		.byte	0
 722 02ba 00       		.byte	0
 723 02bb 00       		.byte	0
 724 02bc 00       		.byte	0
 725 02bd 00       		.byte	0
 726 02be 00       		.byte	0
 727 02bf 00       		.byte	0
 728 02c0 00       		.byte	0
 729 02c1 00       		.byte	0
 730 02c2 07       		.byte	7
 731 02c3 80       		.byte	-128
 732 02c4 1C       		.byte	28
 733 02c5 00       		.byte	0
 734 02c6 18       		.byte	24
 735 02c7 00       		.byte	0
 736 02c8 30       		.byte	48
 737 02c9 00       		.byte	0
 738 02ca 37       		.byte	55
 739 02cb 00       		.byte	0
 740 02cc 39       		.byte	57
 741 02cd 80       		.byte	-128
 742 02ce 31       		.byte	49
 743 02cf 80       		.byte	-128
 744 02d0 31       		.byte	49
 745 02d1 80       		.byte	-128
 746 02d2 19       		.byte	25
 747 02d3 80       		.byte	-128
 748 02d4 0F       		.byte	15
 749 02d5 00       		.byte	0
 750 02d6 00       		.byte	0
 751 02d7 00       		.byte	0
 752 02d8 00       		.byte	0
 753 02d9 00       		.byte	0
 754 02da 00       		.byte	0
 755 02db 00       		.byte	0
 756 02dc 00       		.byte	0
 757 02dd 00       		.byte	0
 758 02de 00       		.byte	0
 759 02df 00       		.byte	0
 760 02e0 00       		.byte	0
 761 02e1 00       		.byte	0
 762 02e2 7F       		.byte	127
 763 02e3 00       		.byte	0
 764 02e4 43       		.byte	67
 765 02e5 00       		.byte	0
 766 02e6 03       		.byte	3
 767 02e7 00       		.byte	0
 768 02e8 06       		.byte	6
 769 02e9 00       		.byte	0
 770 02ea 06       		.byte	6
 771 02eb 00       		.byte	0
 772 02ec 06       		.byte	6
 773 02ed 00       		.byte	0
 774 02ee 06       		.byte	6
 775 02ef 00       		.byte	0
 776 02f0 0C       		.byte	12
 777 02f1 00       		.byte	0
 778 02f2 0C       		.byte	12
 779 02f3 00       		.byte	0
 780 02f4 0C       		.byte	12
 781 02f5 00       		.byte	0
 782 02f6 00       		.byte	0
 783 02f7 00       		.byte	0
 784 02f8 00       		.byte	0
 785 02f9 00       		.byte	0
 786 02fa 00       		.byte	0
 787 02fb 00       		.byte	0
 788 02fc 00       		.byte	0
 789 02fd 00       		.byte	0
 790 02fe 00       		.byte	0
 791 02ff 00       		.byte	0
 792 0300 00       		.byte	0
 793 0301 00       		.byte	0
 794 0302 1F       		.byte	31
 795 0303 00       		.byte	0
 796 0304 31       		.byte	49
 797 0305 80       		.byte	-128
 798 0306 31       		.byte	49
 799 0307 80       		.byte	-128
 800 0308 31       		.byte	49
 801 0309 80       		.byte	-128
 802 030a 1F       		.byte	31
 803 030b 00       		.byte	0
 804 030c 31       		.byte	49
 805 030d 80       		.byte	-128
 806 030e 31       		.byte	49
 807 030f 80       		.byte	-128
 808 0310 31       		.byte	49
 809 0311 80       		.byte	-128
 810 0312 31       		.byte	49
 811 0313 80       		.byte	-128
 812 0314 1F       		.byte	31
 813 0315 00       		.byte	0
 814 0316 00       		.byte	0
 815 0317 00       		.byte	0
 816 0318 00       		.byte	0
 817 0319 00       		.byte	0
 818 031a 00       		.byte	0
 819 031b 00       		.byte	0
 820 031c 00       		.byte	0
 821 031d 00       		.byte	0
 822 031e 00       		.byte	0
 823 031f 00       		.byte	0
 824 0320 00       		.byte	0
 825 0321 00       		.byte	0
 826 0322 1E       		.byte	30
 827 0323 00       		.byte	0
 828 0324 33       		.byte	51
 829 0325 00       		.byte	0
 830 0326 31       		.byte	49
 831 0327 80       		.byte	-128
 832 0328 31       		.byte	49
 833 0329 80       		.byte	-128
 834 032a 33       		.byte	51
 835 032b 80       		.byte	-128
 836 032c 1D       		.byte	29
 837 032d 80       		.byte	-128
 838 032e 01       		.byte	1
 839 032f 80       		.byte	-128
 840 0330 03       		.byte	3
 841 0331 00       		.byte	0
 842 0332 07       		.byte	7
 843 0333 00       		.byte	0
 844 0334 3C       		.byte	60
 845 0335 00       		.byte	0
 846 0336 00       		.byte	0
 847 0337 00       		.byte	0
 848 0338 00       		.byte	0
 849 0339 00       		.byte	0
 850 033a 00       		.byte	0
 851 033b 00       		.byte	0
 852 033c 00       		.byte	0
 853 033d 00       		.byte	0
 854 033e 00       		.byte	0
 855 033f 00       		.byte	0
 856 0340 00       		.byte	0
 857 0341 00       		.byte	0
 858 0342 00       		.byte	0
 859 0343 00       		.byte	0
 860 0344 00       		.byte	0
 861 0345 00       		.byte	0
 862 0346 00       		.byte	0
 863 0347 00       		.byte	0
 864 0348 0C       		.byte	12
 865 0349 00       		.byte	0
 866 034a 0C       		.byte	12
 867 034b 00       		.byte	0
 868 034c 00       		.byte	0
 869 034d 00       		.byte	0
 870 034e 00       		.byte	0
 871 034f 00       		.byte	0
 872 0350 00       		.byte	0
 873 0351 00       		.byte	0
 874 0352 0C       		.byte	12
 875 0353 00       		.byte	0
 876 0354 0C       		.byte	12
 877 0355 00       		.byte	0
 878 0356 00       		.byte	0
 879 0357 00       		.byte	0
 880 0358 00       		.byte	0
 881 0359 00       		.byte	0
 882 035a 00       		.byte	0
 883 035b 00       		.byte	0
 884 035c 00       		.byte	0
 885 035d 00       		.byte	0
 886 035e 00       		.byte	0
 887 035f 00       		.byte	0
 888 0360 00       		.byte	0
 889 0361 00       		.byte	0
 890 0362 00       		.byte	0
 891 0363 00       		.byte	0
 892 0364 00       		.byte	0
 893 0365 00       		.byte	0
 894 0366 00       		.byte	0
 895 0367 00       		.byte	0
 896 0368 03       		.byte	3
 897 0369 00       		.byte	0
 898 036a 03       		.byte	3
 899 036b 00       		.byte	0
 900 036c 00       		.byte	0
 901 036d 00       		.byte	0
 902 036e 00       		.byte	0
 903 036f 00       		.byte	0
 904 0370 00       		.byte	0
 905 0371 00       		.byte	0
 906 0372 06       		.byte	6
 907 0373 00       		.byte	0
 908 0374 04       		.byte	4
 909 0375 00       		.byte	0
 910 0376 08       		.byte	8
 911 0377 00       		.byte	0
 912 0378 08       		.byte	8
 913 0379 00       		.byte	0
 914 037a 00       		.byte	0
 915 037b 00       		.byte	0
 916 037c 00       		.byte	0
 917 037d 00       		.byte	0
 918 037e 00       		.byte	0
 919 037f 00       		.byte	0
 920 0380 00       		.byte	0
 921 0381 00       		.byte	0
 922 0382 00       		.byte	0
 923 0383 00       		.byte	0
 924 0384 00       		.byte	0
 925 0385 C0       		.byte	-64
 926 0386 03       		.byte	3
 927 0387 00       		.byte	0
 928 0388 04       		.byte	4
 929 0389 00       		.byte	0
 930 038a 18       		.byte	24
 931 038b 00       		.byte	0
 932 038c 60       		.byte	96
 933 038d 00       		.byte	0
 934 038e 18       		.byte	24
 935 038f 00       		.byte	0
 936 0390 04       		.byte	4
 937 0391 00       		.byte	0
 938 0392 03       		.byte	3
 939 0393 00       		.byte	0
 940 0394 00       		.byte	0
 941 0395 C0       		.byte	-64
 942 0396 00       		.byte	0
 943 0397 00       		.byte	0
 944 0398 00       		.byte	0
 945 0399 00       		.byte	0
 946 039a 00       		.byte	0
 947 039b 00       		.byte	0
 948 039c 00       		.byte	0
 949 039d 00       		.byte	0
 950 039e 00       		.byte	0
 951 039f 00       		.byte	0
 952 03a0 00       		.byte	0
 953 03a1 00       		.byte	0
 954 03a2 00       		.byte	0
 955 03a3 00       		.byte	0
 956 03a4 00       		.byte	0
 957 03a5 00       		.byte	0
 958 03a6 00       		.byte	0
 959 03a7 00       		.byte	0
 960 03a8 00       		.byte	0
 961 03a9 00       		.byte	0
 962 03aa 7F       		.byte	127
 963 03ab C0       		.byte	-64
 964 03ac 00       		.byte	0
 965 03ad 00       		.byte	0
 966 03ae 7F       		.byte	127
 967 03af C0       		.byte	-64
 968 03b0 00       		.byte	0
 969 03b1 00       		.byte	0
 970 03b2 00       		.byte	0
 971 03b3 00       		.byte	0
 972 03b4 00       		.byte	0
 973 03b5 00       		.byte	0
 974 03b6 00       		.byte	0
 975 03b7 00       		.byte	0
 976 03b8 00       		.byte	0
 977 03b9 00       		.byte	0
 978 03ba 00       		.byte	0
 979 03bb 00       		.byte	0
 980 03bc 00       		.byte	0
 981 03bd 00       		.byte	0
 982 03be 00       		.byte	0
 983 03bf 00       		.byte	0
 984 03c0 00       		.byte	0
 985 03c1 00       		.byte	0
 986 03c2 00       		.byte	0
 987 03c3 00       		.byte	0
 988 03c4 60       		.byte	96
 989 03c5 00       		.byte	0
 990 03c6 18       		.byte	24
 991 03c7 00       		.byte	0
 992 03c8 04       		.byte	4
 993 03c9 00       		.byte	0
 994 03ca 03       		.byte	3
 995 03cb 00       		.byte	0
 996 03cc 00       		.byte	0
 997 03cd C0       		.byte	-64
 998 03ce 03       		.byte	3
 999 03cf 00       		.byte	0
 1000 03d0 04       		.byte	4
 1001 03d1 00       		.byte	0
 1002 03d2 18       		.byte	24
 1003 03d3 00       		.byte	0
 1004 03d4 60       		.byte	96
 1005 03d5 00       		.byte	0
 1006 03d6 00       		.byte	0
 1007 03d7 00       		.byte	0
 1008 03d8 00       		.byte	0
 1009 03d9 00       		.byte	0
 1010 03da 00       		.byte	0
 1011 03db 00       		.byte	0
 1012 03dc 00       		.byte	0
 1013 03dd 00       		.byte	0
 1014 03de 00       		.byte	0
 1015 03df 00       		.byte	0
 1016 03e0 00       		.byte	0
 1017 03e1 00       		.byte	0
 1018 03e2 00       		.byte	0
 1019 03e3 00       		.byte	0
 1020 03e4 1F       		.byte	31
 1021 03e5 00       		.byte	0
 1022 03e6 31       		.byte	49
 1023 03e7 80       		.byte	-128
 1024 03e8 31       		.byte	49
 1025 03e9 80       		.byte	-128
 1026 03ea 01       		.byte	1
 1027 03eb 80       		.byte	-128
 1028 03ec 07       		.byte	7
 1029 03ed 00       		.byte	0
 1030 03ee 0C       		.byte	12
 1031 03ef 00       		.byte	0
 1032 03f0 0C       		.byte	12
 1033 03f1 00       		.byte	0
 1034 03f2 00       		.byte	0
 1035 03f3 00       		.byte	0
 1036 03f4 0C       		.byte	12
 1037 03f5 00       		.byte	0
 1038 03f6 00       		.byte	0
 1039 03f7 00       		.byte	0
 1040 03f8 00       		.byte	0
 1041 03f9 00       		.byte	0
 1042 03fa 00       		.byte	0
 1043 03fb 00       		.byte	0
 1044 03fc 00       		.byte	0
 1045 03fd 00       		.byte	0
 1046 03fe 00       		.byte	0
 1047 03ff 00       		.byte	0
 1048 0400 00       		.byte	0
 1049 0401 00       		.byte	0
 1050 0402 0E       		.byte	14
 1051 0403 00       		.byte	0
 1052 0404 11       		.byte	17
 1053 0405 00       		.byte	0
 1054 0406 21       		.byte	33
 1055 0407 00       		.byte	0
 1056 0408 21       		.byte	33
 1057 0409 00       		.byte	0
 1058 040a 27       		.byte	39
 1059 040b 00       		.byte	0
 1060 040c 29       		.byte	41
 1061 040d 00       		.byte	0
 1062 040e 29       		.byte	41
 1063 040f 00       		.byte	0
 1064 0410 27       		.byte	39
 1065 0411 00       		.byte	0
 1066 0412 20       		.byte	32
 1067 0413 00       		.byte	0
 1068 0414 11       		.byte	17
 1069 0415 00       		.byte	0
 1070 0416 0E       		.byte	14
 1071 0417 00       		.byte	0
 1072 0418 00       		.byte	0
 1073 0419 00       		.byte	0
 1074 041a 00       		.byte	0
 1075 041b 00       		.byte	0
 1076 041c 00       		.byte	0
 1077 041d 00       		.byte	0
 1078 041e 00       		.byte	0
 1079 041f 00       		.byte	0
 1080 0420 00       		.byte	0
 1081 0421 00       		.byte	0
 1082 0422 00       		.byte	0
 1083 0423 00       		.byte	0
 1084 0424 3F       		.byte	63
 1085 0425 00       		.byte	0
 1086 0426 0F       		.byte	15
 1087 0427 00       		.byte	0
 1088 0428 09       		.byte	9
 1089 0429 00       		.byte	0
 1090 042a 19       		.byte	25
 1091 042b 80       		.byte	-128
 1092 042c 19       		.byte	25
 1093 042d 80       		.byte	-128
 1094 042e 1F       		.byte	31
 1095 042f 80       		.byte	-128
 1096 0430 30       		.byte	48
 1097 0431 C0       		.byte	-64
 1098 0432 30       		.byte	48
 1099 0433 C0       		.byte	-64
 1100 0434 79       		.byte	121
 1101 0435 E0       		.byte	-32
 1102 0436 00       		.byte	0
 1103 0437 00       		.byte	0
 1104 0438 00       		.byte	0
 1105 0439 00       		.byte	0
 1106 043a 00       		.byte	0
 1107 043b 00       		.byte	0
 1108 043c 00       		.byte	0
 1109 043d 00       		.byte	0
 1110 043e 00       		.byte	0
 1111 043f 00       		.byte	0
 1112 0440 00       		.byte	0
 1113 0441 00       		.byte	0
 1114 0442 00       		.byte	0
 1115 0443 00       		.byte	0
 1116 0444 7F       		.byte	127
 1117 0445 00       		.byte	0
 1118 0446 31       		.byte	49
 1119 0447 80       		.byte	-128
 1120 0448 31       		.byte	49
 1121 0449 80       		.byte	-128
 1122 044a 31       		.byte	49
 1123 044b 80       		.byte	-128
 1124 044c 3F       		.byte	63
 1125 044d 00       		.byte	0
 1126 044e 31       		.byte	49
 1127 044f 80       		.byte	-128
 1128 0450 31       		.byte	49
 1129 0451 80       		.byte	-128
 1130 0452 31       		.byte	49
 1131 0453 80       		.byte	-128
 1132 0454 7F       		.byte	127
 1133 0455 00       		.byte	0
 1134 0456 00       		.byte	0
 1135 0457 00       		.byte	0
 1136 0458 00       		.byte	0
 1137 0459 00       		.byte	0
 1138 045a 00       		.byte	0
 1139 045b 00       		.byte	0
 1140 045c 00       		.byte	0
 1141 045d 00       		.byte	0
 1142 045e 00       		.byte	0
 1143 045f 00       		.byte	0
 1144 0460 00       		.byte	0
 1145 0461 00       		.byte	0
 1146 0462 00       		.byte	0
 1147 0463 00       		.byte	0
 1148 0464 1F       		.byte	31
 1149 0465 40       		.byte	64
 1150 0466 30       		.byte	48
 1151 0467 C0       		.byte	-64
 1152 0468 60       		.byte	96
 1153 0469 40       		.byte	64
 1154 046a 60       		.byte	96
 1155 046b 00       		.byte	0
 1156 046c 60       		.byte	96
 1157 046d 00       		.byte	0
 1158 046e 60       		.byte	96
 1159 046f 00       		.byte	0
 1160 0470 60       		.byte	96
 1161 0471 40       		.byte	64
 1162 0472 30       		.byte	48
 1163 0473 80       		.byte	-128
 1164 0474 1F       		.byte	31
 1165 0475 00       		.byte	0
 1166 0476 00       		.byte	0
 1167 0477 00       		.byte	0
 1168 0478 00       		.byte	0
 1169 0479 00       		.byte	0
 1170 047a 00       		.byte	0
 1171 047b 00       		.byte	0
 1172 047c 00       		.byte	0
 1173 047d 00       		.byte	0
 1174 047e 00       		.byte	0
 1175 047f 00       		.byte	0
 1176 0480 00       		.byte	0
 1177 0481 00       		.byte	0
 1178 0482 00       		.byte	0
 1179 0483 00       		.byte	0
 1180 0484 7F       		.byte	127
 1181 0485 00       		.byte	0
 1182 0486 31       		.byte	49
 1183 0487 80       		.byte	-128
 1184 0488 30       		.byte	48
 1185 0489 C0       		.byte	-64
 1186 048a 30       		.byte	48
 1187 048b C0       		.byte	-64
 1188 048c 30       		.byte	48
 1189 048d C0       		.byte	-64
 1190 048e 30       		.byte	48
 1191 048f C0       		.byte	-64
 1192 0490 30       		.byte	48
 1193 0491 C0       		.byte	-64
 1194 0492 31       		.byte	49
 1195 0493 80       		.byte	-128
 1196 0494 7F       		.byte	127
 1197 0495 00       		.byte	0
 1198 0496 00       		.byte	0
 1199 0497 00       		.byte	0
 1200 0498 00       		.byte	0
 1201 0499 00       		.byte	0
 1202 049a 00       		.byte	0
 1203 049b 00       		.byte	0
 1204 049c 00       		.byte	0
 1205 049d 00       		.byte	0
 1206 049e 00       		.byte	0
 1207 049f 00       		.byte	0
 1208 04a0 00       		.byte	0
 1209 04a1 00       		.byte	0
 1210 04a2 00       		.byte	0
 1211 04a3 00       		.byte	0
 1212 04a4 7F       		.byte	127
 1213 04a5 80       		.byte	-128
 1214 04a6 30       		.byte	48
 1215 04a7 80       		.byte	-128
 1216 04a8 30       		.byte	48
 1217 04a9 80       		.byte	-128
 1218 04aa 32       		.byte	50
 1219 04ab 00       		.byte	0
 1220 04ac 3E       		.byte	62
 1221 04ad 00       		.byte	0
 1222 04ae 32       		.byte	50
 1223 04af 00       		.byte	0
 1224 04b0 30       		.byte	48
 1225 04b1 80       		.byte	-128
 1226 04b2 30       		.byte	48
 1227 04b3 80       		.byte	-128
 1228 04b4 7F       		.byte	127
 1229 04b5 80       		.byte	-128
 1230 04b6 00       		.byte	0
 1231 04b7 00       		.byte	0
 1232 04b8 00       		.byte	0
 1233 04b9 00       		.byte	0
 1234 04ba 00       		.byte	0
 1235 04bb 00       		.byte	0
 1236 04bc 00       		.byte	0
 1237 04bd 00       		.byte	0
 1238 04be 00       		.byte	0
 1239 04bf 00       		.byte	0
 1240 04c0 00       		.byte	0
 1241 04c1 00       		.byte	0
 1242 04c2 00       		.byte	0
 1243 04c3 00       		.byte	0
 1244 04c4 7F       		.byte	127
 1245 04c5 C0       		.byte	-64
 1246 04c6 30       		.byte	48
 1247 04c7 40       		.byte	64
 1248 04c8 30       		.byte	48
 1249 04c9 40       		.byte	64
 1250 04ca 32       		.byte	50
 1251 04cb 00       		.byte	0
 1252 04cc 3E       		.byte	62
 1253 04cd 00       		.byte	0
 1254 04ce 32       		.byte	50
 1255 04cf 00       		.byte	0
 1256 04d0 30       		.byte	48
 1257 04d1 00       		.byte	0
 1258 04d2 30       		.byte	48
 1259 04d3 00       		.byte	0
 1260 04d4 7C       		.byte	124
 1261 04d5 00       		.byte	0
 1262 04d6 00       		.byte	0
 1263 04d7 00       		.byte	0
 1264 04d8 00       		.byte	0
 1265 04d9 00       		.byte	0
 1266 04da 00       		.byte	0
 1267 04db 00       		.byte	0
 1268 04dc 00       		.byte	0
 1269 04dd 00       		.byte	0
 1270 04de 00       		.byte	0
 1271 04df 00       		.byte	0
 1272 04e0 00       		.byte	0
 1273 04e1 00       		.byte	0
 1274 04e2 00       		.byte	0
 1275 04e3 00       		.byte	0
 1276 04e4 1E       		.byte	30
 1277 04e5 80       		.byte	-128
 1278 04e6 31       		.byte	49
 1279 04e7 80       		.byte	-128
 1280 04e8 60       		.byte	96
 1281 04e9 80       		.byte	-128
 1282 04ea 60       		.byte	96
 1283 04eb 00       		.byte	0
 1284 04ec 60       		.byte	96
 1285 04ed 00       		.byte	0
 1286 04ee 67       		.byte	103
 1287 04ef C0       		.byte	-64
 1288 04f0 61       		.byte	97
 1289 04f1 80       		.byte	-128
 1290 04f2 31       		.byte	49
 1291 04f3 80       		.byte	-128
 1292 04f4 1F       		.byte	31
 1293 04f5 00       		.byte	0
 1294 04f6 00       		.byte	0
 1295 04f7 00       		.byte	0
 1296 04f8 00       		.byte	0
 1297 04f9 00       		.byte	0
 1298 04fa 00       		.byte	0
 1299 04fb 00       		.byte	0
 1300 04fc 00       		.byte	0
 1301 04fd 00       		.byte	0
 1302 04fe 00       		.byte	0
 1303 04ff 00       		.byte	0
 1304 0500 00       		.byte	0
 1305 0501 00       		.byte	0
 1306 0502 00       		.byte	0
 1307 0503 00       		.byte	0
 1308 0504 7B       		.byte	123
 1309 0505 C0       		.byte	-64
 1310 0506 31       		.byte	49
 1311 0507 80       		.byte	-128
 1312 0508 31       		.byte	49
 1313 0509 80       		.byte	-128
 1314 050a 31       		.byte	49
 1315 050b 80       		.byte	-128
 1316 050c 3F       		.byte	63
 1317 050d 80       		.byte	-128
 1318 050e 31       		.byte	49
 1319 050f 80       		.byte	-128
 1320 0510 31       		.byte	49
 1321 0511 80       		.byte	-128
 1322 0512 31       		.byte	49
 1323 0513 80       		.byte	-128
 1324 0514 7B       		.byte	123
 1325 0515 C0       		.byte	-64
 1326 0516 00       		.byte	0
 1327 0517 00       		.byte	0
 1328 0518 00       		.byte	0
 1329 0519 00       		.byte	0
 1330 051a 00       		.byte	0
 1331 051b 00       		.byte	0
 1332 051c 00       		.byte	0
 1333 051d 00       		.byte	0
 1334 051e 00       		.byte	0
 1335 051f 00       		.byte	0
 1336 0520 00       		.byte	0
 1337 0521 00       		.byte	0
 1338 0522 00       		.byte	0
 1339 0523 00       		.byte	0
 1340 0524 3F       		.byte	63
 1341 0525 C0       		.byte	-64
 1342 0526 06       		.byte	6
 1343 0527 00       		.byte	0
 1344 0528 06       		.byte	6
 1345 0529 00       		.byte	0
 1346 052a 06       		.byte	6
 1347 052b 00       		.byte	0
 1348 052c 06       		.byte	6
 1349 052d 00       		.byte	0
 1350 052e 06       		.byte	6
 1351 052f 00       		.byte	0
 1352 0530 06       		.byte	6
 1353 0531 00       		.byte	0
 1354 0532 06       		.byte	6
 1355 0533 00       		.byte	0
 1356 0534 3F       		.byte	63
 1357 0535 C0       		.byte	-64
 1358 0536 00       		.byte	0
 1359 0537 00       		.byte	0
 1360 0538 00       		.byte	0
 1361 0539 00       		.byte	0
 1362 053a 00       		.byte	0
 1363 053b 00       		.byte	0
 1364 053c 00       		.byte	0
 1365 053d 00       		.byte	0
 1366 053e 00       		.byte	0
 1367 053f 00       		.byte	0
 1368 0540 00       		.byte	0
 1369 0541 00       		.byte	0
 1370 0542 00       		.byte	0
 1371 0543 00       		.byte	0
 1372 0544 1F       		.byte	31
 1373 0545 C0       		.byte	-64
 1374 0546 03       		.byte	3
 1375 0547 00       		.byte	0
 1376 0548 03       		.byte	3
 1377 0549 00       		.byte	0
 1378 054a 03       		.byte	3
 1379 054b 00       		.byte	0
 1380 054c 03       		.byte	3
 1381 054d 00       		.byte	0
 1382 054e 63       		.byte	99
 1383 054f 00       		.byte	0
 1384 0550 63       		.byte	99
 1385 0551 00       		.byte	0
 1386 0552 63       		.byte	99
 1387 0553 00       		.byte	0
 1388 0554 3E       		.byte	62
 1389 0555 00       		.byte	0
 1390 0556 00       		.byte	0
 1391 0557 00       		.byte	0
 1392 0558 00       		.byte	0
 1393 0559 00       		.byte	0
 1394 055a 00       		.byte	0
 1395 055b 00       		.byte	0
 1396 055c 00       		.byte	0
 1397 055d 00       		.byte	0
 1398 055e 00       		.byte	0
 1399 055f 00       		.byte	0
 1400 0560 00       		.byte	0
 1401 0561 00       		.byte	0
 1402 0562 00       		.byte	0
 1403 0563 00       		.byte	0
 1404 0564 7B       		.byte	123
 1405 0565 C0       		.byte	-64
 1406 0566 31       		.byte	49
 1407 0567 80       		.byte	-128
 1408 0568 33       		.byte	51
 1409 0569 00       		.byte	0
 1410 056a 36       		.byte	54
 1411 056b 00       		.byte	0
 1412 056c 3C       		.byte	60
 1413 056d 00       		.byte	0
 1414 056e 3E       		.byte	62
 1415 056f 00       		.byte	0
 1416 0570 33       		.byte	51
 1417 0571 00       		.byte	0
 1418 0572 31       		.byte	49
 1419 0573 80       		.byte	-128
 1420 0574 79       		.byte	121
 1421 0575 C0       		.byte	-64
 1422 0576 00       		.byte	0
 1423 0577 00       		.byte	0
 1424 0578 00       		.byte	0
 1425 0579 00       		.byte	0
 1426 057a 00       		.byte	0
 1427 057b 00       		.byte	0
 1428 057c 00       		.byte	0
 1429 057d 00       		.byte	0
 1430 057e 00       		.byte	0
 1431 057f 00       		.byte	0
 1432 0580 00       		.byte	0
 1433 0581 00       		.byte	0
 1434 0582 00       		.byte	0
 1435 0583 00       		.byte	0
 1436 0584 7E       		.byte	126
 1437 0585 00       		.byte	0
 1438 0586 18       		.byte	24
 1439 0587 00       		.byte	0
 1440 0588 18       		.byte	24
 1441 0589 00       		.byte	0
 1442 058a 18       		.byte	24
 1443 058b 00       		.byte	0
 1444 058c 18       		.byte	24
 1445 058d 00       		.byte	0
 1446 058e 18       		.byte	24
 1447 058f 40       		.byte	64
 1448 0590 18       		.byte	24
 1449 0591 40       		.byte	64
 1450 0592 18       		.byte	24
 1451 0593 40       		.byte	64
 1452 0594 7F       		.byte	127
 1453 0595 C0       		.byte	-64
 1454 0596 00       		.byte	0
 1455 0597 00       		.byte	0
 1456 0598 00       		.byte	0
 1457 0599 00       		.byte	0
 1458 059a 00       		.byte	0
 1459 059b 00       		.byte	0
 1460 059c 00       		.byte	0
 1461 059d 00       		.byte	0
 1462 059e 00       		.byte	0
 1463 059f 00       		.byte	0
 1464 05a0 00       		.byte	0
 1465 05a1 00       		.byte	0
 1466 05a2 00       		.byte	0
 1467 05a3 00       		.byte	0
 1468 05a4 E0       		.byte	-32
 1469 05a5 E0       		.byte	-32
 1470 05a6 60       		.byte	96
 1471 05a7 C0       		.byte	-64
 1472 05a8 71       		.byte	113
 1473 05a9 C0       		.byte	-64
 1474 05aa 7B       		.byte	123
 1475 05ab C0       		.byte	-64
 1476 05ac 6A       		.byte	106
 1477 05ad C0       		.byte	-64
 1478 05ae 6E       		.byte	110
 1479 05af C0       		.byte	-64
 1480 05b0 64       		.byte	100
 1481 05b1 C0       		.byte	-64
 1482 05b2 60       		.byte	96
 1483 05b3 C0       		.byte	-64
 1484 05b4 FB       		.byte	-5
 1485 05b5 E0       		.byte	-32
 1486 05b6 00       		.byte	0
 1487 05b7 00       		.byte	0
 1488 05b8 00       		.byte	0
 1489 05b9 00       		.byte	0
 1490 05ba 00       		.byte	0
 1491 05bb 00       		.byte	0
 1492 05bc 00       		.byte	0
 1493 05bd 00       		.byte	0
 1494 05be 00       		.byte	0
 1495 05bf 00       		.byte	0
 1496 05c0 00       		.byte	0
 1497 05c1 00       		.byte	0
 1498 05c2 00       		.byte	0
 1499 05c3 00       		.byte	0
 1500 05c4 73       		.byte	115
 1501 05c5 C0       		.byte	-64
 1502 05c6 31       		.byte	49
 1503 05c7 80       		.byte	-128
 1504 05c8 39       		.byte	57
 1505 05c9 80       		.byte	-128
 1506 05ca 3D       		.byte	61
 1507 05cb 80       		.byte	-128
 1508 05cc 35       		.byte	53
 1509 05cd 80       		.byte	-128
 1510 05ce 37       		.byte	55
 1511 05cf 80       		.byte	-128
 1512 05d0 33       		.byte	51
 1513 05d1 80       		.byte	-128
 1514 05d2 31       		.byte	49
 1515 05d3 80       		.byte	-128
 1516 05d4 79       		.byte	121
 1517 05d5 80       		.byte	-128
 1518 05d6 00       		.byte	0
 1519 05d7 00       		.byte	0
 1520 05d8 00       		.byte	0
 1521 05d9 00       		.byte	0
 1522 05da 00       		.byte	0
 1523 05db 00       		.byte	0
 1524 05dc 00       		.byte	0
 1525 05dd 00       		.byte	0
 1526 05de 00       		.byte	0
 1527 05df 00       		.byte	0
 1528 05e0 00       		.byte	0
 1529 05e1 00       		.byte	0
 1530 05e2 00       		.byte	0
 1531 05e3 00       		.byte	0
 1532 05e4 1F       		.byte	31
 1533 05e5 00       		.byte	0
 1534 05e6 31       		.byte	49
 1535 05e7 80       		.byte	-128
 1536 05e8 60       		.byte	96
 1537 05e9 C0       		.byte	-64
 1538 05ea 60       		.byte	96
 1539 05eb C0       		.byte	-64
 1540 05ec 60       		.byte	96
 1541 05ed C0       		.byte	-64
 1542 05ee 60       		.byte	96
 1543 05ef C0       		.byte	-64
 1544 05f0 60       		.byte	96
 1545 05f1 C0       		.byte	-64
 1546 05f2 31       		.byte	49
 1547 05f3 80       		.byte	-128
 1548 05f4 1F       		.byte	31
 1549 05f5 00       		.byte	0
 1550 05f6 00       		.byte	0
 1551 05f7 00       		.byte	0
 1552 05f8 00       		.byte	0
 1553 05f9 00       		.byte	0
 1554 05fa 00       		.byte	0
 1555 05fb 00       		.byte	0
 1556 05fc 00       		.byte	0
 1557 05fd 00       		.byte	0
 1558 05fe 00       		.byte	0
 1559 05ff 00       		.byte	0
 1560 0600 00       		.byte	0
 1561 0601 00       		.byte	0
 1562 0602 00       		.byte	0
 1563 0603 00       		.byte	0
 1564 0604 7F       		.byte	127
 1565 0605 00       		.byte	0
 1566 0606 31       		.byte	49
 1567 0607 80       		.byte	-128
 1568 0608 31       		.byte	49
 1569 0609 80       		.byte	-128
 1570 060a 31       		.byte	49
 1571 060b 80       		.byte	-128
 1572 060c 31       		.byte	49
 1573 060d 80       		.byte	-128
 1574 060e 3F       		.byte	63
 1575 060f 00       		.byte	0
 1576 0610 30       		.byte	48
 1577 0611 00       		.byte	0
 1578 0612 30       		.byte	48
 1579 0613 00       		.byte	0
 1580 0614 7E       		.byte	126
 1581 0615 00       		.byte	0
 1582 0616 00       		.byte	0
 1583 0617 00       		.byte	0
 1584 0618 00       		.byte	0
 1585 0619 00       		.byte	0
 1586 061a 00       		.byte	0
 1587 061b 00       		.byte	0
 1588 061c 00       		.byte	0
 1589 061d 00       		.byte	0
 1590 061e 00       		.byte	0
 1591 061f 00       		.byte	0
 1592 0620 00       		.byte	0
 1593 0621 00       		.byte	0
 1594 0622 00       		.byte	0
 1595 0623 00       		.byte	0
 1596 0624 1F       		.byte	31
 1597 0625 00       		.byte	0
 1598 0626 31       		.byte	49
 1599 0627 80       		.byte	-128
 1600 0628 60       		.byte	96
 1601 0629 C0       		.byte	-64
 1602 062a 60       		.byte	96
 1603 062b C0       		.byte	-64
 1604 062c 60       		.byte	96
 1605 062d C0       		.byte	-64
 1606 062e 60       		.byte	96
 1607 062f C0       		.byte	-64
 1608 0630 60       		.byte	96
 1609 0631 C0       		.byte	-64
 1610 0632 31       		.byte	49
 1611 0633 80       		.byte	-128
 1612 0634 1F       		.byte	31
 1613 0635 00       		.byte	0
 1614 0636 0C       		.byte	12
 1615 0637 C0       		.byte	-64
 1616 0638 1F       		.byte	31
 1617 0639 80       		.byte	-128
 1618 063a 00       		.byte	0
 1619 063b 00       		.byte	0
 1620 063c 00       		.byte	0
 1621 063d 00       		.byte	0
 1622 063e 00       		.byte	0
 1623 063f 00       		.byte	0
 1624 0640 00       		.byte	0
 1625 0641 00       		.byte	0
 1626 0642 00       		.byte	0
 1627 0643 00       		.byte	0
 1628 0644 7F       		.byte	127
 1629 0645 00       		.byte	0
 1630 0646 31       		.byte	49
 1631 0647 80       		.byte	-128
 1632 0648 31       		.byte	49
 1633 0649 80       		.byte	-128
 1634 064a 31       		.byte	49
 1635 064b 80       		.byte	-128
 1636 064c 3E       		.byte	62
 1637 064d 00       		.byte	0
 1638 064e 33       		.byte	51
 1639 064f 00       		.byte	0
 1640 0650 31       		.byte	49
 1641 0651 80       		.byte	-128
 1642 0652 31       		.byte	49
 1643 0653 80       		.byte	-128
 1644 0654 7C       		.byte	124
 1645 0655 E0       		.byte	-32
 1646 0656 00       		.byte	0
 1647 0657 00       		.byte	0
 1648 0658 00       		.byte	0
 1649 0659 00       		.byte	0
 1650 065a 00       		.byte	0
 1651 065b 00       		.byte	0
 1652 065c 00       		.byte	0
 1653 065d 00       		.byte	0
 1654 065e 00       		.byte	0
 1655 065f 00       		.byte	0
 1656 0660 00       		.byte	0
 1657 0661 00       		.byte	0
 1658 0662 00       		.byte	0
 1659 0663 00       		.byte	0
 1660 0664 1F       		.byte	31
 1661 0665 80       		.byte	-128
 1662 0666 31       		.byte	49
 1663 0667 80       		.byte	-128
 1664 0668 31       		.byte	49
 1665 0669 80       		.byte	-128
 1666 066a 38       		.byte	56
 1667 066b 00       		.byte	0
 1668 066c 1F       		.byte	31
 1669 066d 00       		.byte	0
 1670 066e 03       		.byte	3
 1671 066f 80       		.byte	-128
 1672 0670 31       		.byte	49
 1673 0671 80       		.byte	-128
 1674 0672 31       		.byte	49
 1675 0673 80       		.byte	-128
 1676 0674 3F       		.byte	63
 1677 0675 00       		.byte	0
 1678 0676 00       		.byte	0
 1679 0677 00       		.byte	0
 1680 0678 00       		.byte	0
 1681 0679 00       		.byte	0
 1682 067a 00       		.byte	0
 1683 067b 00       		.byte	0
 1684 067c 00       		.byte	0
 1685 067d 00       		.byte	0
 1686 067e 00       		.byte	0
 1687 067f 00       		.byte	0
 1688 0680 00       		.byte	0
 1689 0681 00       		.byte	0
 1690 0682 00       		.byte	0
 1691 0683 00       		.byte	0
 1692 0684 7F       		.byte	127
 1693 0685 80       		.byte	-128
 1694 0686 4C       		.byte	76
 1695 0687 80       		.byte	-128
 1696 0688 4C       		.byte	76
 1697 0689 80       		.byte	-128
 1698 068a 4C       		.byte	76
 1699 068b 80       		.byte	-128
 1700 068c 0C       		.byte	12
 1701 068d 00       		.byte	0
 1702 068e 0C       		.byte	12
 1703 068f 00       		.byte	0
 1704 0690 0C       		.byte	12
 1705 0691 00       		.byte	0
 1706 0692 0C       		.byte	12
 1707 0693 00       		.byte	0
 1708 0694 3F       		.byte	63
 1709 0695 00       		.byte	0
 1710 0696 00       		.byte	0
 1711 0697 00       		.byte	0
 1712 0698 00       		.byte	0
 1713 0699 00       		.byte	0
 1714 069a 00       		.byte	0
 1715 069b 00       		.byte	0
 1716 069c 00       		.byte	0
 1717 069d 00       		.byte	0
 1718 069e 00       		.byte	0
 1719 069f 00       		.byte	0
 1720 06a0 00       		.byte	0
 1721 06a1 00       		.byte	0
 1722 06a2 00       		.byte	0
 1723 06a3 00       		.byte	0
 1724 06a4 7B       		.byte	123
 1725 06a5 C0       		.byte	-64
 1726 06a6 31       		.byte	49
 1727 06a7 80       		.byte	-128
 1728 06a8 31       		.byte	49
 1729 06a9 80       		.byte	-128
 1730 06aa 31       		.byte	49
 1731 06ab 80       		.byte	-128
 1732 06ac 31       		.byte	49
 1733 06ad 80       		.byte	-128
 1734 06ae 31       		.byte	49
 1735 06af 80       		.byte	-128
 1736 06b0 31       		.byte	49
 1737 06b1 80       		.byte	-128
 1738 06b2 31       		.byte	49
 1739 06b3 80       		.byte	-128
 1740 06b4 1F       		.byte	31
 1741 06b5 00       		.byte	0
 1742 06b6 00       		.byte	0
 1743 06b7 00       		.byte	0
 1744 06b8 00       		.byte	0
 1745 06b9 00       		.byte	0
 1746 06ba 00       		.byte	0
 1747 06bb 00       		.byte	0
 1748 06bc 00       		.byte	0
 1749 06bd 00       		.byte	0
 1750 06be 00       		.byte	0
 1751 06bf 00       		.byte	0
 1752 06c0 00       		.byte	0
 1753 06c1 00       		.byte	0
 1754 06c2 00       		.byte	0
 1755 06c3 00       		.byte	0
 1756 06c4 7B       		.byte	123
 1757 06c5 C0       		.byte	-64
 1758 06c6 31       		.byte	49
 1759 06c7 80       		.byte	-128
 1760 06c8 31       		.byte	49
 1761 06c9 80       		.byte	-128
 1762 06ca 1B       		.byte	27
 1763 06cb 00       		.byte	0
 1764 06cc 1B       		.byte	27
 1765 06cd 00       		.byte	0
 1766 06ce 1B       		.byte	27
 1767 06cf 00       		.byte	0
 1768 06d0 0A       		.byte	10
 1769 06d1 00       		.byte	0
 1770 06d2 0E       		.byte	14
 1771 06d3 00       		.byte	0
 1772 06d4 0E       		.byte	14
 1773 06d5 00       		.byte	0
 1774 06d6 00       		.byte	0
 1775 06d7 00       		.byte	0
 1776 06d8 00       		.byte	0
 1777 06d9 00       		.byte	0
 1778 06da 00       		.byte	0
 1779 06db 00       		.byte	0
 1780 06dc 00       		.byte	0
 1781 06dd 00       		.byte	0
 1782 06de 00       		.byte	0
 1783 06df 00       		.byte	0
 1784 06e0 00       		.byte	0
 1785 06e1 00       		.byte	0
 1786 06e2 00       		.byte	0
 1787 06e3 00       		.byte	0
 1788 06e4 FB       		.byte	-5
 1789 06e5 E0       		.byte	-32
 1790 06e6 60       		.byte	96
 1791 06e7 C0       		.byte	-64
 1792 06e8 64       		.byte	100
 1793 06e9 C0       		.byte	-64
 1794 06ea 6E       		.byte	110
 1795 06eb C0       		.byte	-64
 1796 06ec 6E       		.byte	110
 1797 06ed C0       		.byte	-64
 1798 06ee 2A       		.byte	42
 1799 06ef 80       		.byte	-128
 1800 06f0 3B       		.byte	59
 1801 06f1 80       		.byte	-128
 1802 06f2 3B       		.byte	59
 1803 06f3 80       		.byte	-128
 1804 06f4 31       		.byte	49
 1805 06f5 80       		.byte	-128
 1806 06f6 00       		.byte	0
 1807 06f7 00       		.byte	0
 1808 06f8 00       		.byte	0
 1809 06f9 00       		.byte	0
 1810 06fa 00       		.byte	0
 1811 06fb 00       		.byte	0
 1812 06fc 00       		.byte	0
 1813 06fd 00       		.byte	0
 1814 06fe 00       		.byte	0
 1815 06ff 00       		.byte	0
 1816 0700 00       		.byte	0
 1817 0701 00       		.byte	0
 1818 0702 00       		.byte	0
 1819 0703 00       		.byte	0
 1820 0704 7B       		.byte	123
 1821 0705 C0       		.byte	-64
 1822 0706 31       		.byte	49
 1823 0707 80       		.byte	-128
 1824 0708 1B       		.byte	27
 1825 0709 00       		.byte	0
 1826 070a 0E       		.byte	14
 1827 070b 00       		.byte	0
 1828 070c 0E       		.byte	14
 1829 070d 00       		.byte	0
 1830 070e 0E       		.byte	14
 1831 070f 00       		.byte	0
 1832 0710 1B       		.byte	27
 1833 0711 00       		.byte	0
 1834 0712 31       		.byte	49
 1835 0713 80       		.byte	-128
 1836 0714 7B       		.byte	123
 1837 0715 C0       		.byte	-64
 1838 0716 00       		.byte	0
 1839 0717 00       		.byte	0
 1840 0718 00       		.byte	0
 1841 0719 00       		.byte	0
 1842 071a 00       		.byte	0
 1843 071b 00       		.byte	0
 1844 071c 00       		.byte	0
 1845 071d 00       		.byte	0
 1846 071e 00       		.byte	0
 1847 071f 00       		.byte	0
 1848 0720 00       		.byte	0
 1849 0721 00       		.byte	0
 1850 0722 00       		.byte	0
 1851 0723 00       		.byte	0
 1852 0724 79       		.byte	121
 1853 0725 E0       		.byte	-32
 1854 0726 30       		.byte	48
 1855 0727 C0       		.byte	-64
 1856 0728 19       		.byte	25
 1857 0729 80       		.byte	-128
 1858 072a 0F       		.byte	15
 1859 072b 00       		.byte	0
 1860 072c 06       		.byte	6
 1861 072d 00       		.byte	0
 1862 072e 06       		.byte	6
 1863 072f 00       		.byte	0
 1864 0730 06       		.byte	6
 1865 0731 00       		.byte	0
 1866 0732 06       		.byte	6
 1867 0733 00       		.byte	0
 1868 0734 1F       		.byte	31
 1869 0735 80       		.byte	-128
 1870 0736 00       		.byte	0
 1871 0737 00       		.byte	0
 1872 0738 00       		.byte	0
 1873 0739 00       		.byte	0
 1874 073a 00       		.byte	0
 1875 073b 00       		.byte	0
 1876 073c 00       		.byte	0
 1877 073d 00       		.byte	0
 1878 073e 00       		.byte	0
 1879 073f 00       		.byte	0
 1880 0740 00       		.byte	0
 1881 0741 00       		.byte	0
 1882 0742 00       		.byte	0
 1883 0743 00       		.byte	0
 1884 0744 3F       		.byte	63
 1885 0745 80       		.byte	-128
 1886 0746 21       		.byte	33
 1887 0747 80       		.byte	-128
 1888 0748 23       		.byte	35
 1889 0749 00       		.byte	0
 1890 074a 06       		.byte	6
 1891 074b 00       		.byte	0
 1892 074c 04       		.byte	4
 1893 074d 00       		.byte	0
 1894 074e 0C       		.byte	12
 1895 074f 00       		.byte	0
 1896 0750 18       		.byte	24
 1897 0751 80       		.byte	-128
 1898 0752 30       		.byte	48
 1899 0753 80       		.byte	-128
 1900 0754 3F       		.byte	63
 1901 0755 80       		.byte	-128
 1902 0756 00       		.byte	0
 1903 0757 00       		.byte	0
 1904 0758 00       		.byte	0
 1905 0759 00       		.byte	0
 1906 075a 00       		.byte	0
 1907 075b 00       		.byte	0
 1908 075c 00       		.byte	0
 1909 075d 00       		.byte	0
 1910 075e 00       		.byte	0
 1911 075f 00       		.byte	0
 1912 0760 00       		.byte	0
 1913 0761 00       		.byte	0
 1914 0762 07       		.byte	7
 1915 0763 80       		.byte	-128
 1916 0764 06       		.byte	6
 1917 0765 00       		.byte	0
 1918 0766 06       		.byte	6
 1919 0767 00       		.byte	0
 1920 0768 06       		.byte	6
 1921 0769 00       		.byte	0
 1922 076a 06       		.byte	6
 1923 076b 00       		.byte	0
 1924 076c 06       		.byte	6
 1925 076d 00       		.byte	0
 1926 076e 06       		.byte	6
 1927 076f 00       		.byte	0
 1928 0770 06       		.byte	6
 1929 0771 00       		.byte	0
 1930 0772 06       		.byte	6
 1931 0773 00       		.byte	0
 1932 0774 06       		.byte	6
 1933 0775 00       		.byte	0
 1934 0776 06       		.byte	6
 1935 0777 00       		.byte	0
 1936 0778 07       		.byte	7
 1937 0779 80       		.byte	-128
 1938 077a 00       		.byte	0
 1939 077b 00       		.byte	0
 1940 077c 00       		.byte	0
 1941 077d 00       		.byte	0
 1942 077e 00       		.byte	0
 1943 077f 00       		.byte	0
 1944 0780 30       		.byte	48
 1945 0781 00       		.byte	0
 1946 0782 30       		.byte	48
 1947 0783 00       		.byte	0
 1948 0784 18       		.byte	24
 1949 0785 00       		.byte	0
 1950 0786 18       		.byte	24
 1951 0787 00       		.byte	0
 1952 0788 0C       		.byte	12
 1953 0789 00       		.byte	0
 1954 078a 0C       		.byte	12
 1955 078b 00       		.byte	0
 1956 078c 06       		.byte	6
 1957 078d 00       		.byte	0
 1958 078e 03       		.byte	3
 1959 078f 00       		.byte	0
 1960 0790 03       		.byte	3
 1961 0791 00       		.byte	0
 1962 0792 01       		.byte	1
 1963 0793 80       		.byte	-128
 1964 0794 01       		.byte	1
 1965 0795 80       		.byte	-128
 1966 0796 00       		.byte	0
 1967 0797 C0       		.byte	-64
 1968 0798 00       		.byte	0
 1969 0799 C0       		.byte	-64
 1970 079a 00       		.byte	0
 1971 079b 00       		.byte	0
 1972 079c 00       		.byte	0
 1973 079d 00       		.byte	0
 1974 079e 00       		.byte	0
 1975 079f 00       		.byte	0
 1976 07a0 00       		.byte	0
 1977 07a1 00       		.byte	0
 1978 07a2 1E       		.byte	30
 1979 07a3 00       		.byte	0
 1980 07a4 06       		.byte	6
 1981 07a5 00       		.byte	0
 1982 07a6 06       		.byte	6
 1983 07a7 00       		.byte	0
 1984 07a8 06       		.byte	6
 1985 07a9 00       		.byte	0
 1986 07aa 06       		.byte	6
 1987 07ab 00       		.byte	0
 1988 07ac 06       		.byte	6
 1989 07ad 00       		.byte	0
 1990 07ae 06       		.byte	6
 1991 07af 00       		.byte	0
 1992 07b0 06       		.byte	6
 1993 07b1 00       		.byte	0
 1994 07b2 06       		.byte	6
 1995 07b3 00       		.byte	0
 1996 07b4 06       		.byte	6
 1997 07b5 00       		.byte	0
 1998 07b6 06       		.byte	6
 1999 07b7 00       		.byte	0
 2000 07b8 1E       		.byte	30
 2001 07b9 00       		.byte	0
 2002 07ba 00       		.byte	0
 2003 07bb 00       		.byte	0
 2004 07bc 00       		.byte	0
 2005 07bd 00       		.byte	0
 2006 07be 00       		.byte	0
 2007 07bf 00       		.byte	0
 2008 07c0 04       		.byte	4
 2009 07c1 00       		.byte	0
 2010 07c2 0A       		.byte	10
 2011 07c3 00       		.byte	0
 2012 07c4 0A       		.byte	10
 2013 07c5 00       		.byte	0
 2014 07c6 11       		.byte	17
 2015 07c7 00       		.byte	0
 2016 07c8 20       		.byte	32
 2017 07c9 80       		.byte	-128
 2018 07ca 20       		.byte	32
 2019 07cb 80       		.byte	-128
 2020 07cc 00       		.byte	0
 2021 07cd 00       		.byte	0
 2022 07ce 00       		.byte	0
 2023 07cf 00       		.byte	0
 2024 07d0 00       		.byte	0
 2025 07d1 00       		.byte	0
 2026 07d2 00       		.byte	0
 2027 07d3 00       		.byte	0
 2028 07d4 00       		.byte	0
 2029 07d5 00       		.byte	0
 2030 07d6 00       		.byte	0
 2031 07d7 00       		.byte	0
 2032 07d8 00       		.byte	0
 2033 07d9 00       		.byte	0
 2034 07da 00       		.byte	0
 2035 07db 00       		.byte	0
 2036 07dc 00       		.byte	0
 2037 07dd 00       		.byte	0
 2038 07de 00       		.byte	0
 2039 07df 00       		.byte	0
 2040 07e0 00       		.byte	0
 2041 07e1 00       		.byte	0
 2042 07e2 00       		.byte	0
 2043 07e3 00       		.byte	0
 2044 07e4 00       		.byte	0
 2045 07e5 00       		.byte	0
 2046 07e6 00       		.byte	0
 2047 07e7 00       		.byte	0
 2048 07e8 00       		.byte	0
 2049 07e9 00       		.byte	0
 2050 07ea 00       		.byte	0
 2051 07eb 00       		.byte	0
 2052 07ec 00       		.byte	0
 2053 07ed 00       		.byte	0
 2054 07ee 00       		.byte	0
 2055 07ef 00       		.byte	0
 2056 07f0 00       		.byte	0
 2057 07f1 00       		.byte	0
 2058 07f2 00       		.byte	0
 2059 07f3 00       		.byte	0
 2060 07f4 00       		.byte	0
 2061 07f5 00       		.byte	0
 2062 07f6 00       		.byte	0
 2063 07f7 00       		.byte	0
 2064 07f8 00       		.byte	0
 2065 07f9 00       		.byte	0
 2066 07fa 00       		.byte	0
 2067 07fb 00       		.byte	0
 2068 07fc 00       		.byte	0
 2069 07fd 00       		.byte	0
 2070 07fe FF       		.byte	-1
 2071 07ff E0       		.byte	-32
 2072 0800 08       		.byte	8
 2073 0801 00       		.byte	0
 2074 0802 04       		.byte	4
 2075 0803 00       		.byte	0
 2076 0804 02       		.byte	2
 2077 0805 00       		.byte	0
 2078 0806 00       		.byte	0
 2079 0807 00       		.byte	0
 2080 0808 00       		.byte	0
 2081 0809 00       		.byte	0
 2082 080a 00       		.byte	0
 2083 080b 00       		.byte	0
 2084 080c 00       		.byte	0
 2085 080d 00       		.byte	0
 2086 080e 00       		.byte	0
 2087 080f 00       		.byte	0
 2088 0810 00       		.byte	0
 2089 0811 00       		.byte	0
 2090 0812 00       		.byte	0
 2091 0813 00       		.byte	0
 2092 0814 00       		.byte	0
 2093 0815 00       		.byte	0
 2094 0816 00       		.byte	0
 2095 0817 00       		.byte	0
 2096 0818 00       		.byte	0
 2097 0819 00       		.byte	0
 2098 081a 00       		.byte	0
 2099 081b 00       		.byte	0
 2100 081c 00       		.byte	0
 2101 081d 00       		.byte	0
 2102 081e 00       		.byte	0
 2103 081f 00       		.byte	0
 2104 0820 00       		.byte	0
 2105 0821 00       		.byte	0
 2106 0822 00       		.byte	0
 2107 0823 00       		.byte	0
 2108 0824 00       		.byte	0
 2109 0825 00       		.byte	0
 2110 0826 00       		.byte	0
 2111 0827 00       		.byte	0
 2112 0828 1F       		.byte	31
 2113 0829 00       		.byte	0
 2114 082a 01       		.byte	1
 2115 082b 80       		.byte	-128
 2116 082c 01       		.byte	1
 2117 082d 80       		.byte	-128
 2118 082e 1F       		.byte	31
 2119 082f 80       		.byte	-128
 2120 0830 31       		.byte	49
 2121 0831 80       		.byte	-128
 2122 0832 33       		.byte	51
 2123 0833 80       		.byte	-128
 2124 0834 1D       		.byte	29
 2125 0835 C0       		.byte	-64
 2126 0836 00       		.byte	0
 2127 0837 00       		.byte	0
 2128 0838 00       		.byte	0
 2129 0839 00       		.byte	0
 2130 083a 00       		.byte	0
 2131 083b 00       		.byte	0
 2132 083c 00       		.byte	0
 2133 083d 00       		.byte	0
 2134 083e 00       		.byte	0
 2135 083f 00       		.byte	0
 2136 0840 00       		.byte	0
 2137 0841 00       		.byte	0
 2138 0842 70       		.byte	112
 2139 0843 00       		.byte	0
 2140 0844 30       		.byte	48
 2141 0845 00       		.byte	0
 2142 0846 30       		.byte	48
 2143 0847 00       		.byte	0
 2144 0848 37       		.byte	55
 2145 0849 00       		.byte	0
 2146 084a 39       		.byte	57
 2147 084b 80       		.byte	-128
 2148 084c 30       		.byte	48
 2149 084d C0       		.byte	-64
 2150 084e 30       		.byte	48
 2151 084f C0       		.byte	-64
 2152 0850 30       		.byte	48
 2153 0851 C0       		.byte	-64
 2154 0852 39       		.byte	57
 2155 0853 80       		.byte	-128
 2156 0854 77       		.byte	119
 2157 0855 00       		.byte	0
 2158 0856 00       		.byte	0
 2159 0857 00       		.byte	0
 2160 0858 00       		.byte	0
 2161 0859 00       		.byte	0
 2162 085a 00       		.byte	0
 2163 085b 00       		.byte	0
 2164 085c 00       		.byte	0
 2165 085d 00       		.byte	0
 2166 085e 00       		.byte	0
 2167 085f 00       		.byte	0
 2168 0860 00       		.byte	0
 2169 0861 00       		.byte	0
 2170 0862 00       		.byte	0
 2171 0863 00       		.byte	0
 2172 0864 00       		.byte	0
 2173 0865 00       		.byte	0
 2174 0866 00       		.byte	0
 2175 0867 00       		.byte	0
 2176 0868 1E       		.byte	30
 2177 0869 80       		.byte	-128
 2178 086a 31       		.byte	49
 2179 086b 80       		.byte	-128
 2180 086c 60       		.byte	96
 2181 086d 80       		.byte	-128
 2182 086e 60       		.byte	96
 2183 086f 00       		.byte	0
 2184 0870 60       		.byte	96
 2185 0871 80       		.byte	-128
 2186 0872 31       		.byte	49
 2187 0873 80       		.byte	-128
 2188 0874 1F       		.byte	31
 2189 0875 00       		.byte	0
 2190 0876 00       		.byte	0
 2191 0877 00       		.byte	0
 2192 0878 00       		.byte	0
 2193 0879 00       		.byte	0
 2194 087a 00       		.byte	0
 2195 087b 00       		.byte	0
 2196 087c 00       		.byte	0
 2197 087d 00       		.byte	0
 2198 087e 00       		.byte	0
 2199 087f 00       		.byte	0
 2200 0880 00       		.byte	0
 2201 0881 00       		.byte	0
 2202 0882 03       		.byte	3
 2203 0883 80       		.byte	-128
 2204 0884 01       		.byte	1
 2205 0885 80       		.byte	-128
 2206 0886 01       		.byte	1
 2207 0887 80       		.byte	-128
 2208 0888 1D       		.byte	29
 2209 0889 80       		.byte	-128
 2210 088a 33       		.byte	51
 2211 088b 80       		.byte	-128
 2212 088c 61       		.byte	97
 2213 088d 80       		.byte	-128
 2214 088e 61       		.byte	97
 2215 088f 80       		.byte	-128
 2216 0890 61       		.byte	97
 2217 0891 80       		.byte	-128
 2218 0892 33       		.byte	51
 2219 0893 80       		.byte	-128
 2220 0894 1D       		.byte	29
 2221 0895 C0       		.byte	-64
 2222 0896 00       		.byte	0
 2223 0897 00       		.byte	0
 2224 0898 00       		.byte	0
 2225 0899 00       		.byte	0
 2226 089a 00       		.byte	0
 2227 089b 00       		.byte	0
 2228 089c 00       		.byte	0
 2229 089d 00       		.byte	0
 2230 089e 00       		.byte	0
 2231 089f 00       		.byte	0
 2232 08a0 00       		.byte	0
 2233 08a1 00       		.byte	0
 2234 08a2 00       		.byte	0
 2235 08a3 00       		.byte	0
 2236 08a4 00       		.byte	0
 2237 08a5 00       		.byte	0
 2238 08a6 00       		.byte	0
 2239 08a7 00       		.byte	0
 2240 08a8 1F       		.byte	31
 2241 08a9 00       		.byte	0
 2242 08aa 31       		.byte	49
 2243 08ab 80       		.byte	-128
 2244 08ac 60       		.byte	96
 2245 08ad C0       		.byte	-64
 2246 08ae 7F       		.byte	127
 2247 08af C0       		.byte	-64
 2248 08b0 60       		.byte	96
 2249 08b1 00       		.byte	0
 2250 08b2 30       		.byte	48
 2251 08b3 C0       		.byte	-64
 2252 08b4 1F       		.byte	31
 2253 08b5 80       		.byte	-128
 2254 08b6 00       		.byte	0
 2255 08b7 00       		.byte	0
 2256 08b8 00       		.byte	0
 2257 08b9 00       		.byte	0
 2258 08ba 00       		.byte	0
 2259 08bb 00       		.byte	0
 2260 08bc 00       		.byte	0
 2261 08bd 00       		.byte	0
 2262 08be 00       		.byte	0
 2263 08bf 00       		.byte	0
 2264 08c0 00       		.byte	0
 2265 08c1 00       		.byte	0
 2266 08c2 07       		.byte	7
 2267 08c3 E0       		.byte	-32
 2268 08c4 0C       		.byte	12
 2269 08c5 00       		.byte	0
 2270 08c6 0C       		.byte	12
 2271 08c7 00       		.byte	0
 2272 08c8 3F       		.byte	63
 2273 08c9 80       		.byte	-128
 2274 08ca 0C       		.byte	12
 2275 08cb 00       		.byte	0
 2276 08cc 0C       		.byte	12
 2277 08cd 00       		.byte	0
 2278 08ce 0C       		.byte	12
 2279 08cf 00       		.byte	0
 2280 08d0 0C       		.byte	12
 2281 08d1 00       		.byte	0
 2282 08d2 0C       		.byte	12
 2283 08d3 00       		.byte	0
 2284 08d4 3F       		.byte	63
 2285 08d5 80       		.byte	-128
 2286 08d6 00       		.byte	0
 2287 08d7 00       		.byte	0
 2288 08d8 00       		.byte	0
 2289 08d9 00       		.byte	0
 2290 08da 00       		.byte	0
 2291 08db 00       		.byte	0
 2292 08dc 00       		.byte	0
 2293 08dd 00       		.byte	0
 2294 08de 00       		.byte	0
 2295 08df 00       		.byte	0
 2296 08e0 00       		.byte	0
 2297 08e1 00       		.byte	0
 2298 08e2 00       		.byte	0
 2299 08e3 00       		.byte	0
 2300 08e4 00       		.byte	0
 2301 08e5 00       		.byte	0
 2302 08e6 00       		.byte	0
 2303 08e7 00       		.byte	0
 2304 08e8 1D       		.byte	29
 2305 08e9 C0       		.byte	-64
 2306 08ea 33       		.byte	51
 2307 08eb 80       		.byte	-128
 2308 08ec 61       		.byte	97
 2309 08ed 80       		.byte	-128
 2310 08ee 61       		.byte	97
 2311 08ef 80       		.byte	-128
 2312 08f0 61       		.byte	97
 2313 08f1 80       		.byte	-128
 2314 08f2 33       		.byte	51
 2315 08f3 80       		.byte	-128
 2316 08f4 1D       		.byte	29
 2317 08f5 80       		.byte	-128
 2318 08f6 01       		.byte	1
 2319 08f7 80       		.byte	-128
 2320 08f8 01       		.byte	1
 2321 08f9 80       		.byte	-128
 2322 08fa 1F       		.byte	31
 2323 08fb 00       		.byte	0
 2324 08fc 00       		.byte	0
 2325 08fd 00       		.byte	0
 2326 08fe 00       		.byte	0
 2327 08ff 00       		.byte	0
 2328 0900 00       		.byte	0
 2329 0901 00       		.byte	0
 2330 0902 70       		.byte	112
 2331 0903 00       		.byte	0
 2332 0904 30       		.byte	48
 2333 0905 00       		.byte	0
 2334 0906 30       		.byte	48
 2335 0907 00       		.byte	0
 2336 0908 37       		.byte	55
 2337 0909 00       		.byte	0
 2338 090a 39       		.byte	57
 2339 090b 80       		.byte	-128
 2340 090c 31       		.byte	49
 2341 090d 80       		.byte	-128
 2342 090e 31       		.byte	49
 2343 090f 80       		.byte	-128
 2344 0910 31       		.byte	49
 2345 0911 80       		.byte	-128
 2346 0912 31       		.byte	49
 2347 0913 80       		.byte	-128
 2348 0914 7B       		.byte	123
 2349 0915 C0       		.byte	-64
 2350 0916 00       		.byte	0
 2351 0917 00       		.byte	0
 2352 0918 00       		.byte	0
 2353 0919 00       		.byte	0
 2354 091a 00       		.byte	0
 2355 091b 00       		.byte	0
 2356 091c 00       		.byte	0
 2357 091d 00       		.byte	0
 2358 091e 00       		.byte	0
 2359 091f 00       		.byte	0
 2360 0920 00       		.byte	0
 2361 0921 00       		.byte	0
 2362 0922 06       		.byte	6
 2363 0923 00       		.byte	0
 2364 0924 06       		.byte	6
 2365 0925 00       		.byte	0
 2366 0926 00       		.byte	0
 2367 0927 00       		.byte	0
 2368 0928 1E       		.byte	30
 2369 0929 00       		.byte	0
 2370 092a 06       		.byte	6
 2371 092b 00       		.byte	0
 2372 092c 06       		.byte	6
 2373 092d 00       		.byte	0
 2374 092e 06       		.byte	6
 2375 092f 00       		.byte	0
 2376 0930 06       		.byte	6
 2377 0931 00       		.byte	0
 2378 0932 06       		.byte	6
 2379 0933 00       		.byte	0
 2380 0934 3F       		.byte	63
 2381 0935 C0       		.byte	-64
 2382 0936 00       		.byte	0
 2383 0937 00       		.byte	0
 2384 0938 00       		.byte	0
 2385 0939 00       		.byte	0
 2386 093a 00       		.byte	0
 2387 093b 00       		.byte	0
 2388 093c 00       		.byte	0
 2389 093d 00       		.byte	0
 2390 093e 00       		.byte	0
 2391 093f 00       		.byte	0
 2392 0940 00       		.byte	0
 2393 0941 00       		.byte	0
 2394 0942 06       		.byte	6
 2395 0943 00       		.byte	0
 2396 0944 06       		.byte	6
 2397 0945 00       		.byte	0
 2398 0946 00       		.byte	0
 2399 0947 00       		.byte	0
 2400 0948 3F       		.byte	63
 2401 0949 00       		.byte	0
 2402 094a 03       		.byte	3
 2403 094b 00       		.byte	0
 2404 094c 03       		.byte	3
 2405 094d 00       		.byte	0
 2406 094e 03       		.byte	3
 2407 094f 00       		.byte	0
 2408 0950 03       		.byte	3
 2409 0951 00       		.byte	0
 2410 0952 03       		.byte	3
 2411 0953 00       		.byte	0
 2412 0954 03       		.byte	3
 2413 0955 00       		.byte	0
 2414 0956 03       		.byte	3
 2415 0957 00       		.byte	0
 2416 0958 03       		.byte	3
 2417 0959 00       		.byte	0
 2418 095a 3E       		.byte	62
 2419 095b 00       		.byte	0
 2420 095c 00       		.byte	0
 2421 095d 00       		.byte	0
 2422 095e 00       		.byte	0
 2423 095f 00       		.byte	0
 2424 0960 00       		.byte	0
 2425 0961 00       		.byte	0
 2426 0962 70       		.byte	112
 2427 0963 00       		.byte	0
 2428 0964 30       		.byte	48
 2429 0965 00       		.byte	0
 2430 0966 30       		.byte	48
 2431 0967 00       		.byte	0
 2432 0968 37       		.byte	55
 2433 0969 80       		.byte	-128
 2434 096a 36       		.byte	54
 2435 096b 00       		.byte	0
 2436 096c 3C       		.byte	60
 2437 096d 00       		.byte	0
 2438 096e 3C       		.byte	60
 2439 096f 00       		.byte	0
 2440 0970 36       		.byte	54
 2441 0971 00       		.byte	0
 2442 0972 33       		.byte	51
 2443 0973 00       		.byte	0
 2444 0974 77       		.byte	119
 2445 0975 C0       		.byte	-64
 2446 0976 00       		.byte	0
 2447 0977 00       		.byte	0
 2448 0978 00       		.byte	0
 2449 0979 00       		.byte	0
 2450 097a 00       		.byte	0
 2451 097b 00       		.byte	0
 2452 097c 00       		.byte	0
 2453 097d 00       		.byte	0
 2454 097e 00       		.byte	0
 2455 097f 00       		.byte	0
 2456 0980 00       		.byte	0
 2457 0981 00       		.byte	0
 2458 0982 1E       		.byte	30
 2459 0983 00       		.byte	0
 2460 0984 06       		.byte	6
 2461 0985 00       		.byte	0
 2462 0986 06       		.byte	6
 2463 0987 00       		.byte	0
 2464 0988 06       		.byte	6
 2465 0989 00       		.byte	0
 2466 098a 06       		.byte	6
 2467 098b 00       		.byte	0
 2468 098c 06       		.byte	6
 2469 098d 00       		.byte	0
 2470 098e 06       		.byte	6
 2471 098f 00       		.byte	0
 2472 0990 06       		.byte	6
 2473 0991 00       		.byte	0
 2474 0992 06       		.byte	6
 2475 0993 00       		.byte	0
 2476 0994 3F       		.byte	63
 2477 0995 C0       		.byte	-64
 2478 0996 00       		.byte	0
 2479 0997 00       		.byte	0
 2480 0998 00       		.byte	0
 2481 0999 00       		.byte	0
 2482 099a 00       		.byte	0
 2483 099b 00       		.byte	0
 2484 099c 00       		.byte	0
 2485 099d 00       		.byte	0
 2486 099e 00       		.byte	0
 2487 099f 00       		.byte	0
 2488 09a0 00       		.byte	0
 2489 09a1 00       		.byte	0
 2490 09a2 00       		.byte	0
 2491 09a3 00       		.byte	0
 2492 09a4 00       		.byte	0
 2493 09a5 00       		.byte	0
 2494 09a6 00       		.byte	0
 2495 09a7 00       		.byte	0
 2496 09a8 7F       		.byte	127
 2497 09a9 80       		.byte	-128
 2498 09aa 36       		.byte	54
 2499 09ab C0       		.byte	-64
 2500 09ac 36       		.byte	54
 2501 09ad C0       		.byte	-64
 2502 09ae 36       		.byte	54
 2503 09af C0       		.byte	-64
 2504 09b0 36       		.byte	54
 2505 09b1 C0       		.byte	-64
 2506 09b2 36       		.byte	54
 2507 09b3 C0       		.byte	-64
 2508 09b4 76       		.byte	118
 2509 09b5 E0       		.byte	-32
 2510 09b6 00       		.byte	0
 2511 09b7 00       		.byte	0
 2512 09b8 00       		.byte	0
 2513 09b9 00       		.byte	0
 2514 09ba 00       		.byte	0
 2515 09bb 00       		.byte	0
 2516 09bc 00       		.byte	0
 2517 09bd 00       		.byte	0
 2518 09be 00       		.byte	0
 2519 09bf 00       		.byte	0
 2520 09c0 00       		.byte	0
 2521 09c1 00       		.byte	0
 2522 09c2 00       		.byte	0
 2523 09c3 00       		.byte	0
 2524 09c4 00       		.byte	0
 2525 09c5 00       		.byte	0
 2526 09c6 00       		.byte	0
 2527 09c7 00       		.byte	0
 2528 09c8 77       		.byte	119
 2529 09c9 00       		.byte	0
 2530 09ca 39       		.byte	57
 2531 09cb 80       		.byte	-128
 2532 09cc 31       		.byte	49
 2533 09cd 80       		.byte	-128
 2534 09ce 31       		.byte	49
 2535 09cf 80       		.byte	-128
 2536 09d0 31       		.byte	49
 2537 09d1 80       		.byte	-128
 2538 09d2 31       		.byte	49
 2539 09d3 80       		.byte	-128
 2540 09d4 7B       		.byte	123
 2541 09d5 C0       		.byte	-64
 2542 09d6 00       		.byte	0
 2543 09d7 00       		.byte	0
 2544 09d8 00       		.byte	0
 2545 09d9 00       		.byte	0
 2546 09da 00       		.byte	0
 2547 09db 00       		.byte	0
 2548 09dc 00       		.byte	0
 2549 09dd 00       		.byte	0
 2550 09de 00       		.byte	0
 2551 09df 00       		.byte	0
 2552 09e0 00       		.byte	0
 2553 09e1 00       		.byte	0
 2554 09e2 00       		.byte	0
 2555 09e3 00       		.byte	0
 2556 09e4 00       		.byte	0
 2557 09e5 00       		.byte	0
 2558 09e6 00       		.byte	0
 2559 09e7 00       		.byte	0
 2560 09e8 1F       		.byte	31
 2561 09e9 00       		.byte	0
 2562 09ea 31       		.byte	49
 2563 09eb 80       		.byte	-128
 2564 09ec 60       		.byte	96
 2565 09ed C0       		.byte	-64
 2566 09ee 60       		.byte	96
 2567 09ef C0       		.byte	-64
 2568 09f0 60       		.byte	96
 2569 09f1 C0       		.byte	-64
 2570 09f2 31       		.byte	49
 2571 09f3 80       		.byte	-128
 2572 09f4 1F       		.byte	31
 2573 09f5 00       		.byte	0
 2574 09f6 00       		.byte	0
 2575 09f7 00       		.byte	0
 2576 09f8 00       		.byte	0
 2577 09f9 00       		.byte	0
 2578 09fa 00       		.byte	0
 2579 09fb 00       		.byte	0
 2580 09fc 00       		.byte	0
 2581 09fd 00       		.byte	0
 2582 09fe 00       		.byte	0
 2583 09ff 00       		.byte	0
 2584 0a00 00       		.byte	0
 2585 0a01 00       		.byte	0
 2586 0a02 00       		.byte	0
 2587 0a03 00       		.byte	0
 2588 0a04 00       		.byte	0
 2589 0a05 00       		.byte	0
 2590 0a06 00       		.byte	0
 2591 0a07 00       		.byte	0
 2592 0a08 77       		.byte	119
 2593 0a09 00       		.byte	0
 2594 0a0a 39       		.byte	57
 2595 0a0b 80       		.byte	-128
 2596 0a0c 30       		.byte	48
 2597 0a0d C0       		.byte	-64
 2598 0a0e 30       		.byte	48
 2599 0a0f C0       		.byte	-64
 2600 0a10 30       		.byte	48
 2601 0a11 C0       		.byte	-64
 2602 0a12 39       		.byte	57
 2603 0a13 80       		.byte	-128
 2604 0a14 37       		.byte	55
 2605 0a15 00       		.byte	0
 2606 0a16 30       		.byte	48
 2607 0a17 00       		.byte	0
 2608 0a18 30       		.byte	48
 2609 0a19 00       		.byte	0
 2610 0a1a 7C       		.byte	124
 2611 0a1b 00       		.byte	0
 2612 0a1c 00       		.byte	0
 2613 0a1d 00       		.byte	0
 2614 0a1e 00       		.byte	0
 2615 0a1f 00       		.byte	0
 2616 0a20 00       		.byte	0
 2617 0a21 00       		.byte	0
 2618 0a22 00       		.byte	0
 2619 0a23 00       		.byte	0
 2620 0a24 00       		.byte	0
 2621 0a25 00       		.byte	0
 2622 0a26 00       		.byte	0
 2623 0a27 00       		.byte	0
 2624 0a28 1D       		.byte	29
 2625 0a29 C0       		.byte	-64
 2626 0a2a 33       		.byte	51
 2627 0a2b 80       		.byte	-128
 2628 0a2c 61       		.byte	97
 2629 0a2d 80       		.byte	-128
 2630 0a2e 61       		.byte	97
 2631 0a2f 80       		.byte	-128
 2632 0a30 61       		.byte	97
 2633 0a31 80       		.byte	-128
 2634 0a32 33       		.byte	51
 2635 0a33 80       		.byte	-128
 2636 0a34 1D       		.byte	29
 2637 0a35 80       		.byte	-128
 2638 0a36 01       		.byte	1
 2639 0a37 80       		.byte	-128
 2640 0a38 01       		.byte	1
 2641 0a39 80       		.byte	-128
 2642 0a3a 07       		.byte	7
 2643 0a3b C0       		.byte	-64
 2644 0a3c 00       		.byte	0
 2645 0a3d 00       		.byte	0
 2646 0a3e 00       		.byte	0
 2647 0a3f 00       		.byte	0
 2648 0a40 00       		.byte	0
 2649 0a41 00       		.byte	0
 2650 0a42 00       		.byte	0
 2651 0a43 00       		.byte	0
 2652 0a44 00       		.byte	0
 2653 0a45 00       		.byte	0
 2654 0a46 00       		.byte	0
 2655 0a47 00       		.byte	0
 2656 0a48 7B       		.byte	123
 2657 0a49 80       		.byte	-128
 2658 0a4a 1C       		.byte	28
 2659 0a4b C0       		.byte	-64
 2660 0a4c 18       		.byte	24
 2661 0a4d 00       		.byte	0
 2662 0a4e 18       		.byte	24
 2663 0a4f 00       		.byte	0
 2664 0a50 18       		.byte	24
 2665 0a51 00       		.byte	0
 2666 0a52 18       		.byte	24
 2667 0a53 00       		.byte	0
 2668 0a54 7F       		.byte	127
 2669 0a55 00       		.byte	0
 2670 0a56 00       		.byte	0
 2671 0a57 00       		.byte	0
 2672 0a58 00       		.byte	0
 2673 0a59 00       		.byte	0
 2674 0a5a 00       		.byte	0
 2675 0a5b 00       		.byte	0
 2676 0a5c 00       		.byte	0
 2677 0a5d 00       		.byte	0
 2678 0a5e 00       		.byte	0
 2679 0a5f 00       		.byte	0
 2680 0a60 00       		.byte	0
 2681 0a61 00       		.byte	0
 2682 0a62 00       		.byte	0
 2683 0a63 00       		.byte	0
 2684 0a64 00       		.byte	0
 2685 0a65 00       		.byte	0
 2686 0a66 00       		.byte	0
 2687 0a67 00       		.byte	0
 2688 0a68 1F       		.byte	31
 2689 0a69 80       		.byte	-128
 2690 0a6a 31       		.byte	49
 2691 0a6b 80       		.byte	-128
 2692 0a6c 3C       		.byte	60
 2693 0a6d 00       		.byte	0
 2694 0a6e 1F       		.byte	31
 2695 0a6f 00       		.byte	0
 2696 0a70 03       		.byte	3
 2697 0a71 80       		.byte	-128
 2698 0a72 31       		.byte	49
 2699 0a73 80       		.byte	-128
 2700 0a74 3F       		.byte	63
 2701 0a75 00       		.byte	0
 2702 0a76 00       		.byte	0
 2703 0a77 00       		.byte	0
 2704 0a78 00       		.byte	0
 2705 0a79 00       		.byte	0
 2706 0a7a 00       		.byte	0
 2707 0a7b 00       		.byte	0
 2708 0a7c 00       		.byte	0
 2709 0a7d 00       		.byte	0
 2710 0a7e 00       		.byte	0
 2711 0a7f 00       		.byte	0
 2712 0a80 00       		.byte	0
 2713 0a81 00       		.byte	0
 2714 0a82 18       		.byte	24
 2715 0a83 00       		.byte	0
 2716 0a84 18       		.byte	24
 2717 0a85 00       		.byte	0
 2718 0a86 18       		.byte	24
 2719 0a87 00       		.byte	0
 2720 0a88 7F       		.byte	127
 2721 0a89 00       		.byte	0
 2722 0a8a 18       		.byte	24
 2723 0a8b 00       		.byte	0
 2724 0a8c 18       		.byte	24
 2725 0a8d 00       		.byte	0
 2726 0a8e 18       		.byte	24
 2727 0a8f 00       		.byte	0
 2728 0a90 18       		.byte	24
 2729 0a91 00       		.byte	0
 2730 0a92 18       		.byte	24
 2731 0a93 80       		.byte	-128
 2732 0a94 0F       		.byte	15
 2733 0a95 00       		.byte	0
 2734 0a96 00       		.byte	0
 2735 0a97 00       		.byte	0
 2736 0a98 00       		.byte	0
 2737 0a99 00       		.byte	0
 2738 0a9a 00       		.byte	0
 2739 0a9b 00       		.byte	0
 2740 0a9c 00       		.byte	0
 2741 0a9d 00       		.byte	0
 2742 0a9e 00       		.byte	0
 2743 0a9f 00       		.byte	0
 2744 0aa0 00       		.byte	0
 2745 0aa1 00       		.byte	0
 2746 0aa2 00       		.byte	0
 2747 0aa3 00       		.byte	0
 2748 0aa4 00       		.byte	0
 2749 0aa5 00       		.byte	0
 2750 0aa6 00       		.byte	0
 2751 0aa7 00       		.byte	0
 2752 0aa8 73       		.byte	115
 2753 0aa9 80       		.byte	-128
 2754 0aaa 31       		.byte	49
 2755 0aab 80       		.byte	-128
 2756 0aac 31       		.byte	49
 2757 0aad 80       		.byte	-128
 2758 0aae 31       		.byte	49
 2759 0aaf 80       		.byte	-128
 2760 0ab0 31       		.byte	49
 2761 0ab1 80       		.byte	-128
 2762 0ab2 33       		.byte	51
 2763 0ab3 80       		.byte	-128
 2764 0ab4 1D       		.byte	29
 2765 0ab5 C0       		.byte	-64
 2766 0ab6 00       		.byte	0
 2767 0ab7 00       		.byte	0
 2768 0ab8 00       		.byte	0
 2769 0ab9 00       		.byte	0
 2770 0aba 00       		.byte	0
 2771 0abb 00       		.byte	0
 2772 0abc 00       		.byte	0
 2773 0abd 00       		.byte	0
 2774 0abe 00       		.byte	0
 2775 0abf 00       		.byte	0
 2776 0ac0 00       		.byte	0
 2777 0ac1 00       		.byte	0
 2778 0ac2 00       		.byte	0
 2779 0ac3 00       		.byte	0
 2780 0ac4 00       		.byte	0
 2781 0ac5 00       		.byte	0
 2782 0ac6 00       		.byte	0
 2783 0ac7 00       		.byte	0
 2784 0ac8 7B       		.byte	123
 2785 0ac9 C0       		.byte	-64
 2786 0aca 31       		.byte	49
 2787 0acb 80       		.byte	-128
 2788 0acc 31       		.byte	49
 2789 0acd 80       		.byte	-128
 2790 0ace 1B       		.byte	27
 2791 0acf 00       		.byte	0
 2792 0ad0 1B       		.byte	27
 2793 0ad1 00       		.byte	0
 2794 0ad2 0E       		.byte	14
 2795 0ad3 00       		.byte	0
 2796 0ad4 0E       		.byte	14
 2797 0ad5 00       		.byte	0
 2798 0ad6 00       		.byte	0
 2799 0ad7 00       		.byte	0
 2800 0ad8 00       		.byte	0
 2801 0ad9 00       		.byte	0
 2802 0ada 00       		.byte	0
 2803 0adb 00       		.byte	0
 2804 0adc 00       		.byte	0
 2805 0add 00       		.byte	0
 2806 0ade 00       		.byte	0
 2807 0adf 00       		.byte	0
 2808 0ae0 00       		.byte	0
 2809 0ae1 00       		.byte	0
 2810 0ae2 00       		.byte	0
 2811 0ae3 00       		.byte	0
 2812 0ae4 00       		.byte	0
 2813 0ae5 00       		.byte	0
 2814 0ae6 00       		.byte	0
 2815 0ae7 00       		.byte	0
 2816 0ae8 F1       		.byte	-15
 2817 0ae9 E0       		.byte	-32
 2818 0aea 60       		.byte	96
 2819 0aeb C0       		.byte	-64
 2820 0aec 64       		.byte	100
 2821 0aed C0       		.byte	-64
 2822 0aee 6E       		.byte	110
 2823 0aef C0       		.byte	-64
 2824 0af0 3B       		.byte	59
 2825 0af1 80       		.byte	-128
 2826 0af2 3B       		.byte	59
 2827 0af3 80       		.byte	-128
 2828 0af4 31       		.byte	49
 2829 0af5 80       		.byte	-128
 2830 0af6 00       		.byte	0
 2831 0af7 00       		.byte	0
 2832 0af8 00       		.byte	0
 2833 0af9 00       		.byte	0
 2834 0afa 00       		.byte	0
 2835 0afb 00       		.byte	0
 2836 0afc 00       		.byte	0
 2837 0afd 00       		.byte	0
 2838 0afe 00       		.byte	0
 2839 0aff 00       		.byte	0
 2840 0b00 00       		.byte	0
 2841 0b01 00       		.byte	0
 2842 0b02 00       		.byte	0
 2843 0b03 00       		.byte	0
 2844 0b04 00       		.byte	0
 2845 0b05 00       		.byte	0
 2846 0b06 00       		.byte	0
 2847 0b07 00       		.byte	0
 2848 0b08 7B       		.byte	123
 2849 0b09 C0       		.byte	-64
 2850 0b0a 1B       		.byte	27
 2851 0b0b 00       		.byte	0
 2852 0b0c 0E       		.byte	14
 2853 0b0d 00       		.byte	0
 2854 0b0e 0E       		.byte	14
 2855 0b0f 00       		.byte	0
 2856 0b10 0E       		.byte	14
 2857 0b11 00       		.byte	0
 2858 0b12 1B       		.byte	27
 2859 0b13 00       		.byte	0
 2860 0b14 7B       		.byte	123
 2861 0b15 C0       		.byte	-64
 2862 0b16 00       		.byte	0
 2863 0b17 00       		.byte	0
 2864 0b18 00       		.byte	0
 2865 0b19 00       		.byte	0
 2866 0b1a 00       		.byte	0
 2867 0b1b 00       		.byte	0
 2868 0b1c 00       		.byte	0
 2869 0b1d 00       		.byte	0
 2870 0b1e 00       		.byte	0
 2871 0b1f 00       		.byte	0
 2872 0b20 00       		.byte	0
 2873 0b21 00       		.byte	0
 2874 0b22 00       		.byte	0
 2875 0b23 00       		.byte	0
 2876 0b24 00       		.byte	0
 2877 0b25 00       		.byte	0
 2878 0b26 00       		.byte	0
 2879 0b27 00       		.byte	0
 2880 0b28 79       		.byte	121
 2881 0b29 E0       		.byte	-32
 2882 0b2a 30       		.byte	48
 2883 0b2b C0       		.byte	-64
 2884 0b2c 19       		.byte	25
 2885 0b2d 80       		.byte	-128
 2886 0b2e 19       		.byte	25
 2887 0b2f 80       		.byte	-128
 2888 0b30 0B       		.byte	11
 2889 0b31 00       		.byte	0
 2890 0b32 0F       		.byte	15
 2891 0b33 00       		.byte	0
 2892 0b34 06       		.byte	6
 2893 0b35 00       		.byte	0
 2894 0b36 06       		.byte	6
 2895 0b37 00       		.byte	0
 2896 0b38 0C       		.byte	12
 2897 0b39 00       		.byte	0
 2898 0b3a 3E       		.byte	62
 2899 0b3b 00       		.byte	0
 2900 0b3c 00       		.byte	0
 2901 0b3d 00       		.byte	0
 2902 0b3e 00       		.byte	0
 2903 0b3f 00       		.byte	0
 2904 0b40 00       		.byte	0
 2905 0b41 00       		.byte	0
 2906 0b42 00       		.byte	0
 2907 0b43 00       		.byte	0
 2908 0b44 00       		.byte	0
 2909 0b45 00       		.byte	0
 2910 0b46 00       		.byte	0
 2911 0b47 00       		.byte	0
 2912 0b48 3F       		.byte	63
 2913 0b49 80       		.byte	-128
 2914 0b4a 21       		.byte	33
 2915 0b4b 80       		.byte	-128
 2916 0b4c 03       		.byte	3
 2917 0b4d 00       		.byte	0
 2918 0b4e 0E       		.byte	14
 2919 0b4f 00       		.byte	0
 2920 0b50 18       		.byte	24
 2921 0b51 00       		.byte	0
 2922 0b52 30       		.byte	48
 2923 0b53 80       		.byte	-128
 2924 0b54 3F       		.byte	63
 2925 0b55 80       		.byte	-128
 2926 0b56 00       		.byte	0
 2927 0b57 00       		.byte	0
 2928 0b58 00       		.byte	0
 2929 0b59 00       		.byte	0
 2930 0b5a 00       		.byte	0
 2931 0b5b 00       		.byte	0
 2932 0b5c 00       		.byte	0
 2933 0b5d 00       		.byte	0
 2934 0b5e 00       		.byte	0
 2935 0b5f 00       		.byte	0
 2936 0b60 00       		.byte	0
 2937 0b61 00       		.byte	0
 2938 0b62 06       		.byte	6
 2939 0b63 00       		.byte	0
 2940 0b64 0C       		.byte	12
 2941 0b65 00       		.byte	0
 2942 0b66 0C       		.byte	12
 2943 0b67 00       		.byte	0
 2944 0b68 0C       		.byte	12
 2945 0b69 00       		.byte	0
 2946 0b6a 0C       		.byte	12
 2947 0b6b 00       		.byte	0
 2948 0b6c 0C       		.byte	12
 2949 0b6d 00       		.byte	0
 2950 0b6e 18       		.byte	24
 2951 0b6f 00       		.byte	0
 2952 0b70 0C       		.byte	12
 2953 0b71 00       		.byte	0
 2954 0b72 0C       		.byte	12
 2955 0b73 00       		.byte	0
 2956 0b74 0C       		.byte	12
 2957 0b75 00       		.byte	0
 2958 0b76 0C       		.byte	12
 2959 0b77 00       		.byte	0
 2960 0b78 06       		.byte	6
 2961 0b79 00       		.byte	0
 2962 0b7a 00       		.byte	0
 2963 0b7b 00       		.byte	0
 2964 0b7c 00       		.byte	0
 2965 0b7d 00       		.byte	0
 2966 0b7e 00       		.byte	0
 2967 0b7f 00       		.byte	0
 2968 0b80 00       		.byte	0
 2969 0b81 00       		.byte	0
 2970 0b82 06       		.byte	6
 2971 0b83 00       		.byte	0
 2972 0b84 06       		.byte	6
 2973 0b85 00       		.byte	0
 2974 0b86 06       		.byte	6
 2975 0b87 00       		.byte	0
 2976 0b88 06       		.byte	6
 2977 0b89 00       		.byte	0
 2978 0b8a 06       		.byte	6
 2979 0b8b 00       		.byte	0
 2980 0b8c 06       		.byte	6
 2981 0b8d 00       		.byte	0
 2982 0b8e 06       		.byte	6
 2983 0b8f 00       		.byte	0
 2984 0b90 06       		.byte	6
 2985 0b91 00       		.byte	0
 2986 0b92 06       		.byte	6
 2987 0b93 00       		.byte	0
 2988 0b94 06       		.byte	6
 2989 0b95 00       		.byte	0
 2990 0b96 06       		.byte	6
 2991 0b97 00       		.byte	0
 2992 0b98 06       		.byte	6
 2993 0b99 00       		.byte	0
 2994 0b9a 00       		.byte	0
 2995 0b9b 00       		.byte	0
 2996 0b9c 00       		.byte	0
 2997 0b9d 00       		.byte	0
 2998 0b9e 00       		.byte	0
 2999 0b9f 00       		.byte	0
 3000 0ba0 00       		.byte	0
 3001 0ba1 00       		.byte	0
 3002 0ba2 0C       		.byte	12
 3003 0ba3 00       		.byte	0
 3004 0ba4 06       		.byte	6
 3005 0ba5 00       		.byte	0
 3006 0ba6 06       		.byte	6
 3007 0ba7 00       		.byte	0
 3008 0ba8 06       		.byte	6
 3009 0ba9 00       		.byte	0
 3010 0baa 06       		.byte	6
 3011 0bab 00       		.byte	0
 3012 0bac 06       		.byte	6
 3013 0bad 00       		.byte	0
 3014 0bae 03       		.byte	3
 3015 0baf 00       		.byte	0
 3016 0bb0 06       		.byte	6
 3017 0bb1 00       		.byte	0
 3018 0bb2 06       		.byte	6
 3019 0bb3 00       		.byte	0
 3020 0bb4 06       		.byte	6
 3021 0bb5 00       		.byte	0
 3022 0bb6 06       		.byte	6
 3023 0bb7 00       		.byte	0
 3024 0bb8 0C       		.byte	12
 3025 0bb9 00       		.byte	0
 3026 0bba 00       		.byte	0
 3027 0bbb 00       		.byte	0
 3028 0bbc 00       		.byte	0
 3029 0bbd 00       		.byte	0
 3030 0bbe 00       		.byte	0
 3031 0bbf 00       		.byte	0
 3032 0bc0 00       		.byte	0
 3033 0bc1 00       		.byte	0
 3034 0bc2 00       		.byte	0
 3035 0bc3 00       		.byte	0
 3036 0bc4 00       		.byte	0
 3037 0bc5 00       		.byte	0
 3038 0bc6 00       		.byte	0
 3039 0bc7 00       		.byte	0
 3040 0bc8 00       		.byte	0
 3041 0bc9 00       		.byte	0
 3042 0bca 18       		.byte	24
 3043 0bcb 00       		.byte	0
 3044 0bcc 24       		.byte	36
 3045 0bcd 80       		.byte	-128
 3046 0bce 03       		.byte	3
 3047 0bcf 00       		.byte	0
 3048 0bd0 00       		.byte	0
 3049 0bd1 00       		.byte	0
 3050 0bd2 00       		.byte	0
 3051 0bd3 00       		.byte	0
 3052 0bd4 00       		.byte	0
 3053 0bd5 00       		.byte	0
 3054 0bd6 00       		.byte	0
 3055 0bd7 00       		.byte	0
 3056 0bd8 00       		.byte	0
 3057 0bd9 00       		.byte	0
 3058 0bda 00       		.byte	0
 3059 0bdb 00       		.byte	0
 3060 0bdc 00       		.byte	0
 3061 0bdd 00       		.byte	0
 3062 0bde 00       		.byte	0
 3063 0bdf 00       		.byte	0
 3064              		.global	Font16
 3065              		.data
 3066              		.align	2
 3069              	Font16:
 3070 0000 00000000 		.word	Font16_Table
 3071 0004 0B00     		.short	11
 3072 0006 1000     		.short	16
 3073              		.text
 3074              	.Letext0:
 3075              		.file 1 "c:\\program files (x86)\\codesourcery\\arm-none-eabi\\include\\stdint.h"
 3076              		.file 2 "../tasks/display/Fonts/fonts.h"
 3077              		.file 3 "../tasks/display/Fonts/font16.c"
DEFINED SYMBOLS
                            *ABS*:00000000 font16.c
C:\Users\sagok\AppData\Local\Temp\ccuuXEo4.s:23     .rodata:00000000 Font16_Table
C:\Users\sagok\AppData\Local\Temp\ccuuXEo4.s:20     .rodata:00000000 $d
C:\Users\sagok\AppData\Local\Temp\ccuuXEo4.s:3069   .data:00000000 Font16
C:\Users\sagok\AppData\Local\Temp\ccuuXEo4.s:3066   .data:00000000 $d
                           .group:00000000 wm4.1.7f551ac7fcad8b79b9df4bfdaa536673
                           .group:00000000 wm4.newlib.h.8.384a112feabb3bef7b573ae48cde2e3b
                           .group:00000000 wm4.features.h.22.6a4ca7cd053637cc1d0db6c16f39b2d7
                           .group:00000000 wm4.config.h.183.aa62afef667fb61d15fa64c48beb2f14
                           .group:00000000 wm4._ansi.h.23.5644b60c990a4800b02a6e654e88f93a
                           .group:00000000 wm4.stdint.h.20.54ad762faa59e3c05491630641c8d8bf

NO UNDEFINED SYMBOLS
