   1              		.syntax unified
   2              		.cpu cortex-m3
   3              		.fpu softvfp
   4              		.eabi_attribute 20, 1
   5              		.eabi_attribute 21, 1
   6              		.eabi_attribute 23, 3
   7              		.eabi_attribute 24, 1
   8              		.eabi_attribute 25, 1
   9              		.eabi_attribute 26, 1
  10              		.eabi_attribute 30, 6
  11              		.eabi_attribute 34, 1
  12              		.eabi_attribute 18, 4
  13              		.thumb
  14              		.file	"font12.c"
  15              		.text
  16              	.Ltext0:
  17              		.cfi_sections	.debug_frame
  18              		.global	Font12_Table
  19              		.section	.rodata
  20              		.align	2
  23              	Font12_Table:
  24 0000 00       		.byte	0
  25 0001 00       		.byte	0
  26 0002 00       		.byte	0
  27 0003 00       		.byte	0
  28 0004 00       		.byte	0
  29 0005 00       		.byte	0
  30 0006 00       		.byte	0
  31 0007 00       		.byte	0
  32 0008 00       		.byte	0
  33 0009 00       		.byte	0
  34 000a 00       		.byte	0
  35 000b 00       		.byte	0
  36 000c 00       		.byte	0
  37 000d 10       		.byte	16
  38 000e 10       		.byte	16
  39 000f 10       		.byte	16
  40 0010 10       		.byte	16
  41 0011 10       		.byte	16
  42 0012 00       		.byte	0
  43 0013 00       		.byte	0
  44 0014 10       		.byte	16
  45 0015 00       		.byte	0
  46 0016 00       		.byte	0
  47 0017 00       		.byte	0
  48 0018 00       		.byte	0
  49 0019 6C       		.byte	108
  50 001a 48       		.byte	72
  51 001b 48       		.byte	72
  52 001c 00       		.byte	0
  53 001d 00       		.byte	0
  54 001e 00       		.byte	0
  55 001f 00       		.byte	0
  56 0020 00       		.byte	0
  57 0021 00       		.byte	0
  58 0022 00       		.byte	0
  59 0023 00       		.byte	0
  60 0024 00       		.byte	0
  61 0025 14       		.byte	20
  62 0026 14       		.byte	20
  63 0027 28       		.byte	40
  64 0028 7C       		.byte	124
  65 0029 28       		.byte	40
  66 002a 7C       		.byte	124
  67 002b 28       		.byte	40
  68 002c 50       		.byte	80
  69 002d 50       		.byte	80
  70 002e 00       		.byte	0
  71 002f 00       		.byte	0
  72 0030 00       		.byte	0
  73 0031 10       		.byte	16
  74 0032 38       		.byte	56
  75 0033 40       		.byte	64
  76 0034 40       		.byte	64
  77 0035 38       		.byte	56
  78 0036 48       		.byte	72
  79 0037 70       		.byte	112
  80 0038 10       		.byte	16
  81 0039 10       		.byte	16
  82 003a 00       		.byte	0
  83 003b 00       		.byte	0
  84 003c 00       		.byte	0
  85 003d 20       		.byte	32
  86 003e 50       		.byte	80
  87 003f 20       		.byte	32
  88 0040 0C       		.byte	12
  89 0041 70       		.byte	112
  90 0042 08       		.byte	8
  91 0043 14       		.byte	20
  92 0044 08       		.byte	8
  93 0045 00       		.byte	0
  94 0046 00       		.byte	0
  95 0047 00       		.byte	0
  96 0048 00       		.byte	0
  97 0049 00       		.byte	0
  98 004a 00       		.byte	0
  99 004b 18       		.byte	24
 100 004c 20       		.byte	32
 101 004d 20       		.byte	32
 102 004e 54       		.byte	84
 103 004f 48       		.byte	72
 104 0050 34       		.byte	52
 105 0051 00       		.byte	0
 106 0052 00       		.byte	0
 107 0053 00       		.byte	0
 108 0054 00       		.byte	0
 109 0055 10       		.byte	16
 110 0056 10       		.byte	16
 111 0057 10       		.byte	16
 112 0058 10       		.byte	16
 113 0059 00       		.byte	0
 114 005a 00       		.byte	0
 115 005b 00       		.byte	0
 116 005c 00       		.byte	0
 117 005d 00       		.byte	0
 118 005e 00       		.byte	0
 119 005f 00       		.byte	0
 120 0060 00       		.byte	0
 121 0061 08       		.byte	8
 122 0062 08       		.byte	8
 123 0063 10       		.byte	16
 124 0064 10       		.byte	16
 125 0065 10       		.byte	16
 126 0066 10       		.byte	16
 127 0067 10       		.byte	16
 128 0068 10       		.byte	16
 129 0069 08       		.byte	8
 130 006a 08       		.byte	8
 131 006b 00       		.byte	0
 132 006c 00       		.byte	0
 133 006d 20       		.byte	32
 134 006e 20       		.byte	32
 135 006f 10       		.byte	16
 136 0070 10       		.byte	16
 137 0071 10       		.byte	16
 138 0072 10       		.byte	16
 139 0073 10       		.byte	16
 140 0074 10       		.byte	16
 141 0075 20       		.byte	32
 142 0076 20       		.byte	32
 143 0077 00       		.byte	0
 144 0078 00       		.byte	0
 145 0079 10       		.byte	16
 146 007a 7C       		.byte	124
 147 007b 10       		.byte	16
 148 007c 28       		.byte	40
 149 007d 28       		.byte	40
 150 007e 00       		.byte	0
 151 007f 00       		.byte	0
 152 0080 00       		.byte	0
 153 0081 00       		.byte	0
 154 0082 00       		.byte	0
 155 0083 00       		.byte	0
 156 0084 00       		.byte	0
 157 0085 00       		.byte	0
 158 0086 10       		.byte	16
 159 0087 10       		.byte	16
 160 0088 10       		.byte	16
 161 0089 FE       		.byte	-2
 162 008a 10       		.byte	16
 163 008b 10       		.byte	16
 164 008c 10       		.byte	16
 165 008d 00       		.byte	0
 166 008e 00       		.byte	0
 167 008f 00       		.byte	0
 168 0090 00       		.byte	0
 169 0091 00       		.byte	0
 170 0092 00       		.byte	0
 171 0093 00       		.byte	0
 172 0094 00       		.byte	0
 173 0095 00       		.byte	0
 174 0096 00       		.byte	0
 175 0097 18       		.byte	24
 176 0098 10       		.byte	16
 177 0099 30       		.byte	48
 178 009a 20       		.byte	32
 179 009b 00       		.byte	0
 180 009c 00       		.byte	0
 181 009d 00       		.byte	0
 182 009e 00       		.byte	0
 183 009f 00       		.byte	0
 184 00a0 00       		.byte	0
 185 00a1 7C       		.byte	124
 186 00a2 00       		.byte	0
 187 00a3 00       		.byte	0
 188 00a4 00       		.byte	0
 189 00a5 00       		.byte	0
 190 00a6 00       		.byte	0
 191 00a7 00       		.byte	0
 192 00a8 00       		.byte	0
 193 00a9 00       		.byte	0
 194 00aa 00       		.byte	0
 195 00ab 00       		.byte	0
 196 00ac 00       		.byte	0
 197 00ad 00       		.byte	0
 198 00ae 00       		.byte	0
 199 00af 30       		.byte	48
 200 00b0 30       		.byte	48
 201 00b1 00       		.byte	0
 202 00b2 00       		.byte	0
 203 00b3 00       		.byte	0
 204 00b4 00       		.byte	0
 205 00b5 04       		.byte	4
 206 00b6 04       		.byte	4
 207 00b7 08       		.byte	8
 208 00b8 08       		.byte	8
 209 00b9 10       		.byte	16
 210 00ba 10       		.byte	16
 211 00bb 20       		.byte	32
 212 00bc 20       		.byte	32
 213 00bd 40       		.byte	64
 214 00be 00       		.byte	0
 215 00bf 00       		.byte	0
 216 00c0 00       		.byte	0
 217 00c1 38       		.byte	56
 218 00c2 44       		.byte	68
 219 00c3 44       		.byte	68
 220 00c4 44       		.byte	68
 221 00c5 44       		.byte	68
 222 00c6 44       		.byte	68
 223 00c7 44       		.byte	68
 224 00c8 38       		.byte	56
 225 00c9 00       		.byte	0
 226 00ca 00       		.byte	0
 227 00cb 00       		.byte	0
 228 00cc 00       		.byte	0
 229 00cd 30       		.byte	48
 230 00ce 10       		.byte	16
 231 00cf 10       		.byte	16
 232 00d0 10       		.byte	16
 233 00d1 10       		.byte	16
 234 00d2 10       		.byte	16
 235 00d3 10       		.byte	16
 236 00d4 7C       		.byte	124
 237 00d5 00       		.byte	0
 238 00d6 00       		.byte	0
 239 00d7 00       		.byte	0
 240 00d8 00       		.byte	0
 241 00d9 38       		.byte	56
 242 00da 44       		.byte	68
 243 00db 04       		.byte	4
 244 00dc 08       		.byte	8
 245 00dd 10       		.byte	16
 246 00de 20       		.byte	32
 247 00df 44       		.byte	68
 248 00e0 7C       		.byte	124
 249 00e1 00       		.byte	0
 250 00e2 00       		.byte	0
 251 00e3 00       		.byte	0
 252 00e4 00       		.byte	0
 253 00e5 38       		.byte	56
 254 00e6 44       		.byte	68
 255 00e7 04       		.byte	4
 256 00e8 18       		.byte	24
 257 00e9 04       		.byte	4
 258 00ea 04       		.byte	4
 259 00eb 44       		.byte	68
 260 00ec 38       		.byte	56
 261 00ed 00       		.byte	0
 262 00ee 00       		.byte	0
 263 00ef 00       		.byte	0
 264 00f0 00       		.byte	0
 265 00f1 0C       		.byte	12
 266 00f2 14       		.byte	20
 267 00f3 14       		.byte	20
 268 00f4 24       		.byte	36
 269 00f5 44       		.byte	68
 270 00f6 7E       		.byte	126
 271 00f7 04       		.byte	4
 272 00f8 0E       		.byte	14
 273 00f9 00       		.byte	0
 274 00fa 00       		.byte	0
 275 00fb 00       		.byte	0
 276 00fc 00       		.byte	0
 277 00fd 3C       		.byte	60
 278 00fe 20       		.byte	32
 279 00ff 20       		.byte	32
 280 0100 38       		.byte	56
 281 0101 04       		.byte	4
 282 0102 04       		.byte	4
 283 0103 44       		.byte	68
 284 0104 38       		.byte	56
 285 0105 00       		.byte	0
 286 0106 00       		.byte	0
 287 0107 00       		.byte	0
 288 0108 00       		.byte	0
 289 0109 1C       		.byte	28
 290 010a 20       		.byte	32
 291 010b 40       		.byte	64
 292 010c 78       		.byte	120
 293 010d 44       		.byte	68
 294 010e 44       		.byte	68
 295 010f 44       		.byte	68
 296 0110 38       		.byte	56
 297 0111 00       		.byte	0
 298 0112 00       		.byte	0
 299 0113 00       		.byte	0
 300 0114 00       		.byte	0
 301 0115 7C       		.byte	124
 302 0116 44       		.byte	68
 303 0117 04       		.byte	4
 304 0118 08       		.byte	8
 305 0119 08       		.byte	8
 306 011a 08       		.byte	8
 307 011b 10       		.byte	16
 308 011c 10       		.byte	16
 309 011d 00       		.byte	0
 310 011e 00       		.byte	0
 311 011f 00       		.byte	0
 312 0120 00       		.byte	0
 313 0121 38       		.byte	56
 314 0122 44       		.byte	68
 315 0123 44       		.byte	68
 316 0124 38       		.byte	56
 317 0125 44       		.byte	68
 318 0126 44       		.byte	68
 319 0127 44       		.byte	68
 320 0128 38       		.byte	56
 321 0129 00       		.byte	0
 322 012a 00       		.byte	0
 323 012b 00       		.byte	0
 324 012c 00       		.byte	0
 325 012d 38       		.byte	56
 326 012e 44       		.byte	68
 327 012f 44       		.byte	68
 328 0130 44       		.byte	68
 329 0131 3C       		.byte	60
 330 0132 04       		.byte	4
 331 0133 08       		.byte	8
 332 0134 70       		.byte	112
 333 0135 00       		.byte	0
 334 0136 00       		.byte	0
 335 0137 00       		.byte	0
 336 0138 00       		.byte	0
 337 0139 00       		.byte	0
 338 013a 00       		.byte	0
 339 013b 30       		.byte	48
 340 013c 30       		.byte	48
 341 013d 00       		.byte	0
 342 013e 00       		.byte	0
 343 013f 30       		.byte	48
 344 0140 30       		.byte	48
 345 0141 00       		.byte	0
 346 0142 00       		.byte	0
 347 0143 00       		.byte	0
 348 0144 00       		.byte	0
 349 0145 00       		.byte	0
 350 0146 00       		.byte	0
 351 0147 18       		.byte	24
 352 0148 18       		.byte	24
 353 0149 00       		.byte	0
 354 014a 00       		.byte	0
 355 014b 18       		.byte	24
 356 014c 30       		.byte	48
 357 014d 20       		.byte	32
 358 014e 00       		.byte	0
 359 014f 00       		.byte	0
 360 0150 00       		.byte	0
 361 0151 00       		.byte	0
 362 0152 0C       		.byte	12
 363 0153 10       		.byte	16
 364 0154 60       		.byte	96
 365 0155 80       		.byte	-128
 366 0156 60       		.byte	96
 367 0157 10       		.byte	16
 368 0158 0C       		.byte	12
 369 0159 00       		.byte	0
 370 015a 00       		.byte	0
 371 015b 00       		.byte	0
 372 015c 00       		.byte	0
 373 015d 00       		.byte	0
 374 015e 00       		.byte	0
 375 015f 00       		.byte	0
 376 0160 7C       		.byte	124
 377 0161 00       		.byte	0
 378 0162 7C       		.byte	124
 379 0163 00       		.byte	0
 380 0164 00       		.byte	0
 381 0165 00       		.byte	0
 382 0166 00       		.byte	0
 383 0167 00       		.byte	0
 384 0168 00       		.byte	0
 385 0169 00       		.byte	0
 386 016a C0       		.byte	-64
 387 016b 20       		.byte	32
 388 016c 18       		.byte	24
 389 016d 04       		.byte	4
 390 016e 18       		.byte	24
 391 016f 20       		.byte	32
 392 0170 C0       		.byte	-64
 393 0171 00       		.byte	0
 394 0172 00       		.byte	0
 395 0173 00       		.byte	0
 396 0174 00       		.byte	0
 397 0175 00       		.byte	0
 398 0176 18       		.byte	24
 399 0177 24       		.byte	36
 400 0178 04       		.byte	4
 401 0179 08       		.byte	8
 402 017a 10       		.byte	16
 403 017b 00       		.byte	0
 404 017c 30       		.byte	48
 405 017d 00       		.byte	0
 406 017e 00       		.byte	0
 407 017f 00       		.byte	0
 408 0180 38       		.byte	56
 409 0181 44       		.byte	68
 410 0182 44       		.byte	68
 411 0183 4C       		.byte	76
 412 0184 54       		.byte	84
 413 0185 54       		.byte	84
 414 0186 4C       		.byte	76
 415 0187 40       		.byte	64
 416 0188 44       		.byte	68
 417 0189 38       		.byte	56
 418 018a 00       		.byte	0
 419 018b 00       		.byte	0
 420 018c 00       		.byte	0
 421 018d 30       		.byte	48
 422 018e 10       		.byte	16
 423 018f 28       		.byte	40
 424 0190 28       		.byte	40
 425 0191 28       		.byte	40
 426 0192 7C       		.byte	124
 427 0193 44       		.byte	68
 428 0194 EE       		.byte	-18
 429 0195 00       		.byte	0
 430 0196 00       		.byte	0
 431 0197 00       		.byte	0
 432 0198 00       		.byte	0
 433 0199 F8       		.byte	-8
 434 019a 44       		.byte	68
 435 019b 44       		.byte	68
 436 019c 78       		.byte	120
 437 019d 44       		.byte	68
 438 019e 44       		.byte	68
 439 019f 44       		.byte	68
 440 01a0 F8       		.byte	-8
 441 01a1 00       		.byte	0
 442 01a2 00       		.byte	0
 443 01a3 00       		.byte	0
 444 01a4 00       		.byte	0
 445 01a5 3C       		.byte	60
 446 01a6 44       		.byte	68
 447 01a7 40       		.byte	64
 448 01a8 40       		.byte	64
 449 01a9 40       		.byte	64
 450 01aa 40       		.byte	64
 451 01ab 44       		.byte	68
 452 01ac 38       		.byte	56
 453 01ad 00       		.byte	0
 454 01ae 00       		.byte	0
 455 01af 00       		.byte	0
 456 01b0 00       		.byte	0
 457 01b1 F0       		.byte	-16
 458 01b2 48       		.byte	72
 459 01b3 44       		.byte	68
 460 01b4 44       		.byte	68
 461 01b5 44       		.byte	68
 462 01b6 44       		.byte	68
 463 01b7 48       		.byte	72
 464 01b8 F0       		.byte	-16
 465 01b9 00       		.byte	0
 466 01ba 00       		.byte	0
 467 01bb 00       		.byte	0
 468 01bc 00       		.byte	0
 469 01bd FC       		.byte	-4
 470 01be 44       		.byte	68
 471 01bf 50       		.byte	80
 472 01c0 70       		.byte	112
 473 01c1 50       		.byte	80
 474 01c2 40       		.byte	64
 475 01c3 44       		.byte	68
 476 01c4 FC       		.byte	-4
 477 01c5 00       		.byte	0
 478 01c6 00       		.byte	0
 479 01c7 00       		.byte	0
 480 01c8 00       		.byte	0
 481 01c9 7E       		.byte	126
 482 01ca 22       		.byte	34
 483 01cb 28       		.byte	40
 484 01cc 38       		.byte	56
 485 01cd 28       		.byte	40
 486 01ce 20       		.byte	32
 487 01cf 20       		.byte	32
 488 01d0 70       		.byte	112
 489 01d1 00       		.byte	0
 490 01d2 00       		.byte	0
 491 01d3 00       		.byte	0
 492 01d4 00       		.byte	0
 493 01d5 3C       		.byte	60
 494 01d6 44       		.byte	68
 495 01d7 40       		.byte	64
 496 01d8 40       		.byte	64
 497 01d9 4E       		.byte	78
 498 01da 44       		.byte	68
 499 01db 44       		.byte	68
 500 01dc 38       		.byte	56
 501 01dd 00       		.byte	0
 502 01de 00       		.byte	0
 503 01df 00       		.byte	0
 504 01e0 00       		.byte	0
 505 01e1 EE       		.byte	-18
 506 01e2 44       		.byte	68
 507 01e3 44       		.byte	68
 508 01e4 7C       		.byte	124
 509 01e5 44       		.byte	68
 510 01e6 44       		.byte	68
 511 01e7 44       		.byte	68
 512 01e8 EE       		.byte	-18
 513 01e9 00       		.byte	0
 514 01ea 00       		.byte	0
 515 01eb 00       		.byte	0
 516 01ec 00       		.byte	0
 517 01ed 7C       		.byte	124
 518 01ee 10       		.byte	16
 519 01ef 10       		.byte	16
 520 01f0 10       		.byte	16
 521 01f1 10       		.byte	16
 522 01f2 10       		.byte	16
 523 01f3 10       		.byte	16
 524 01f4 7C       		.byte	124
 525 01f5 00       		.byte	0
 526 01f6 00       		.byte	0
 527 01f7 00       		.byte	0
 528 01f8 00       		.byte	0
 529 01f9 3C       		.byte	60
 530 01fa 08       		.byte	8
 531 01fb 08       		.byte	8
 532 01fc 08       		.byte	8
 533 01fd 48       		.byte	72
 534 01fe 48       		.byte	72
 535 01ff 48       		.byte	72
 536 0200 30       		.byte	48
 537 0201 00       		.byte	0
 538 0202 00       		.byte	0
 539 0203 00       		.byte	0
 540 0204 00       		.byte	0
 541 0205 EE       		.byte	-18
 542 0206 44       		.byte	68
 543 0207 48       		.byte	72
 544 0208 50       		.byte	80
 545 0209 70       		.byte	112
 546 020a 48       		.byte	72
 547 020b 44       		.byte	68
 548 020c E6       		.byte	-26
 549 020d 00       		.byte	0
 550 020e 00       		.byte	0
 551 020f 00       		.byte	0
 552 0210 00       		.byte	0
 553 0211 70       		.byte	112
 554 0212 20       		.byte	32
 555 0213 20       		.byte	32
 556 0214 20       		.byte	32
 557 0215 20       		.byte	32
 558 0216 24       		.byte	36
 559 0217 24       		.byte	36
 560 0218 7C       		.byte	124
 561 0219 00       		.byte	0
 562 021a 00       		.byte	0
 563 021b 00       		.byte	0
 564 021c 00       		.byte	0
 565 021d EE       		.byte	-18
 566 021e 6C       		.byte	108
 567 021f 6C       		.byte	108
 568 0220 54       		.byte	84
 569 0221 54       		.byte	84
 570 0222 44       		.byte	68
 571 0223 44       		.byte	68
 572 0224 EE       		.byte	-18
 573 0225 00       		.byte	0
 574 0226 00       		.byte	0
 575 0227 00       		.byte	0
 576 0228 00       		.byte	0
 577 0229 EE       		.byte	-18
 578 022a 64       		.byte	100
 579 022b 64       		.byte	100
 580 022c 54       		.byte	84
 581 022d 54       		.byte	84
 582 022e 54       		.byte	84
 583 022f 4C       		.byte	76
 584 0230 EC       		.byte	-20
 585 0231 00       		.byte	0
 586 0232 00       		.byte	0
 587 0233 00       		.byte	0
 588 0234 00       		.byte	0
 589 0235 38       		.byte	56
 590 0236 44       		.byte	68
 591 0237 44       		.byte	68
 592 0238 44       		.byte	68
 593 0239 44       		.byte	68
 594 023a 44       		.byte	68
 595 023b 44       		.byte	68
 596 023c 38       		.byte	56
 597 023d 00       		.byte	0
 598 023e 00       		.byte	0
 599 023f 00       		.byte	0
 600 0240 00       		.byte	0
 601 0241 78       		.byte	120
 602 0242 24       		.byte	36
 603 0243 24       		.byte	36
 604 0244 24       		.byte	36
 605 0245 38       		.byte	56
 606 0246 20       		.byte	32
 607 0247 20       		.byte	32
 608 0248 70       		.byte	112
 609 0249 00       		.byte	0
 610 024a 00       		.byte	0
 611 024b 00       		.byte	0
 612 024c 00       		.byte	0
 613 024d 38       		.byte	56
 614 024e 44       		.byte	68
 615 024f 44       		.byte	68
 616 0250 44       		.byte	68
 617 0251 44       		.byte	68
 618 0252 44       		.byte	68
 619 0253 44       		.byte	68
 620 0254 38       		.byte	56
 621 0255 1C       		.byte	28
 622 0256 00       		.byte	0
 623 0257 00       		.byte	0
 624 0258 00       		.byte	0
 625 0259 F8       		.byte	-8
 626 025a 44       		.byte	68
 627 025b 44       		.byte	68
 628 025c 44       		.byte	68
 629 025d 78       		.byte	120
 630 025e 48       		.byte	72
 631 025f 44       		.byte	68
 632 0260 E2       		.byte	-30
 633 0261 00       		.byte	0
 634 0262 00       		.byte	0
 635 0263 00       		.byte	0
 636 0264 00       		.byte	0
 637 0265 34       		.byte	52
 638 0266 4C       		.byte	76
 639 0267 40       		.byte	64
 640 0268 38       		.byte	56
 641 0269 04       		.byte	4
 642 026a 04       		.byte	4
 643 026b 64       		.byte	100
 644 026c 58       		.byte	88
 645 026d 00       		.byte	0
 646 026e 00       		.byte	0
 647 026f 00       		.byte	0
 648 0270 00       		.byte	0
 649 0271 FE       		.byte	-2
 650 0272 92       		.byte	-110
 651 0273 10       		.byte	16
 652 0274 10       		.byte	16
 653 0275 10       		.byte	16
 654 0276 10       		.byte	16
 655 0277 10       		.byte	16
 656 0278 38       		.byte	56
 657 0279 00       		.byte	0
 658 027a 00       		.byte	0
 659 027b 00       		.byte	0
 660 027c 00       		.byte	0
 661 027d EE       		.byte	-18
 662 027e 44       		.byte	68
 663 027f 44       		.byte	68
 664 0280 44       		.byte	68
 665 0281 44       		.byte	68
 666 0282 44       		.byte	68
 667 0283 44       		.byte	68
 668 0284 38       		.byte	56
 669 0285 00       		.byte	0
 670 0286 00       		.byte	0
 671 0287 00       		.byte	0
 672 0288 00       		.byte	0
 673 0289 EE       		.byte	-18
 674 028a 44       		.byte	68
 675 028b 44       		.byte	68
 676 028c 28       		.byte	40
 677 028d 28       		.byte	40
 678 028e 28       		.byte	40
 679 028f 10       		.byte	16
 680 0290 10       		.byte	16
 681 0291 00       		.byte	0
 682 0292 00       		.byte	0
 683 0293 00       		.byte	0
 684 0294 00       		.byte	0
 685 0295 EE       		.byte	-18
 686 0296 44       		.byte	68
 687 0297 44       		.byte	68
 688 0298 54       		.byte	84
 689 0299 54       		.byte	84
 690 029a 54       		.byte	84
 691 029b 54       		.byte	84
 692 029c 28       		.byte	40
 693 029d 00       		.byte	0
 694 029e 00       		.byte	0
 695 029f 00       		.byte	0
 696 02a0 00       		.byte	0
 697 02a1 C6       		.byte	-58
 698 02a2 44       		.byte	68
 699 02a3 28       		.byte	40
 700 02a4 10       		.byte	16
 701 02a5 10       		.byte	16
 702 02a6 28       		.byte	40
 703 02a7 44       		.byte	68
 704 02a8 C6       		.byte	-58
 705 02a9 00       		.byte	0
 706 02aa 00       		.byte	0
 707 02ab 00       		.byte	0
 708 02ac 00       		.byte	0
 709 02ad EE       		.byte	-18
 710 02ae 44       		.byte	68
 711 02af 28       		.byte	40
 712 02b0 28       		.byte	40
 713 02b1 10       		.byte	16
 714 02b2 10       		.byte	16
 715 02b3 10       		.byte	16
 716 02b4 38       		.byte	56
 717 02b5 00       		.byte	0
 718 02b6 00       		.byte	0
 719 02b7 00       		.byte	0
 720 02b8 00       		.byte	0
 721 02b9 7C       		.byte	124
 722 02ba 44       		.byte	68
 723 02bb 08       		.byte	8
 724 02bc 10       		.byte	16
 725 02bd 10       		.byte	16
 726 02be 20       		.byte	32
 727 02bf 44       		.byte	68
 728 02c0 7C       		.byte	124
 729 02c1 00       		.byte	0
 730 02c2 00       		.byte	0
 731 02c3 00       		.byte	0
 732 02c4 00       		.byte	0
 733 02c5 38       		.byte	56
 734 02c6 20       		.byte	32
 735 02c7 20       		.byte	32
 736 02c8 20       		.byte	32
 737 02c9 20       		.byte	32
 738 02ca 20       		.byte	32
 739 02cb 20       		.byte	32
 740 02cc 20       		.byte	32
 741 02cd 20       		.byte	32
 742 02ce 38       		.byte	56
 743 02cf 00       		.byte	0
 744 02d0 00       		.byte	0
 745 02d1 40       		.byte	64
 746 02d2 20       		.byte	32
 747 02d3 20       		.byte	32
 748 02d4 20       		.byte	32
 749 02d5 10       		.byte	16
 750 02d6 10       		.byte	16
 751 02d7 08       		.byte	8
 752 02d8 08       		.byte	8
 753 02d9 08       		.byte	8
 754 02da 00       		.byte	0
 755 02db 00       		.byte	0
 756 02dc 00       		.byte	0
 757 02dd 38       		.byte	56
 758 02de 08       		.byte	8
 759 02df 08       		.byte	8
 760 02e0 08       		.byte	8
 761 02e1 08       		.byte	8
 762 02e2 08       		.byte	8
 763 02e3 08       		.byte	8
 764 02e4 08       		.byte	8
 765 02e5 08       		.byte	8
 766 02e6 38       		.byte	56
 767 02e7 00       		.byte	0
 768 02e8 00       		.byte	0
 769 02e9 10       		.byte	16
 770 02ea 10       		.byte	16
 771 02eb 28       		.byte	40
 772 02ec 44       		.byte	68
 773 02ed 00       		.byte	0
 774 02ee 00       		.byte	0
 775 02ef 00       		.byte	0
 776 02f0 00       		.byte	0
 777 02f1 00       		.byte	0
 778 02f2 00       		.byte	0
 779 02f3 00       		.byte	0
 780 02f4 00       		.byte	0
 781 02f5 00       		.byte	0
 782 02f6 00       		.byte	0
 783 02f7 00       		.byte	0
 784 02f8 00       		.byte	0
 785 02f9 00       		.byte	0
 786 02fa 00       		.byte	0
 787 02fb 00       		.byte	0
 788 02fc 00       		.byte	0
 789 02fd 00       		.byte	0
 790 02fe 00       		.byte	0
 791 02ff FE       		.byte	-2
 792 0300 00       		.byte	0
 793 0301 10       		.byte	16
 794 0302 08       		.byte	8
 795 0303 00       		.byte	0
 796 0304 00       		.byte	0
 797 0305 00       		.byte	0
 798 0306 00       		.byte	0
 799 0307 00       		.byte	0
 800 0308 00       		.byte	0
 801 0309 00       		.byte	0
 802 030a 00       		.byte	0
 803 030b 00       		.byte	0
 804 030c 00       		.byte	0
 805 030d 00       		.byte	0
 806 030e 00       		.byte	0
 807 030f 38       		.byte	56
 808 0310 44       		.byte	68
 809 0311 3C       		.byte	60
 810 0312 44       		.byte	68
 811 0313 44       		.byte	68
 812 0314 3E       		.byte	62
 813 0315 00       		.byte	0
 814 0316 00       		.byte	0
 815 0317 00       		.byte	0
 816 0318 00       		.byte	0
 817 0319 C0       		.byte	-64
 818 031a 40       		.byte	64
 819 031b 58       		.byte	88
 820 031c 64       		.byte	100
 821 031d 44       		.byte	68
 822 031e 44       		.byte	68
 823 031f 44       		.byte	68
 824 0320 F8       		.byte	-8
 825 0321 00       		.byte	0
 826 0322 00       		.byte	0
 827 0323 00       		.byte	0
 828 0324 00       		.byte	0
 829 0325 00       		.byte	0
 830 0326 00       		.byte	0
 831 0327 3C       		.byte	60
 832 0328 44       		.byte	68
 833 0329 40       		.byte	64
 834 032a 40       		.byte	64
 835 032b 44       		.byte	68
 836 032c 38       		.byte	56
 837 032d 00       		.byte	0
 838 032e 00       		.byte	0
 839 032f 00       		.byte	0
 840 0330 00       		.byte	0
 841 0331 0C       		.byte	12
 842 0332 04       		.byte	4
 843 0333 34       		.byte	52
 844 0334 4C       		.byte	76
 845 0335 44       		.byte	68
 846 0336 44       		.byte	68
 847 0337 44       		.byte	68
 848 0338 3E       		.byte	62
 849 0339 00       		.byte	0
 850 033a 00       		.byte	0
 851 033b 00       		.byte	0
 852 033c 00       		.byte	0
 853 033d 00       		.byte	0
 854 033e 00       		.byte	0
 855 033f 38       		.byte	56
 856 0340 44       		.byte	68
 857 0341 7C       		.byte	124
 858 0342 40       		.byte	64
 859 0343 40       		.byte	64
 860 0344 3C       		.byte	60
 861 0345 00       		.byte	0
 862 0346 00       		.byte	0
 863 0347 00       		.byte	0
 864 0348 00       		.byte	0
 865 0349 1C       		.byte	28
 866 034a 20       		.byte	32
 867 034b 7C       		.byte	124
 868 034c 20       		.byte	32
 869 034d 20       		.byte	32
 870 034e 20       		.byte	32
 871 034f 20       		.byte	32
 872 0350 7C       		.byte	124
 873 0351 00       		.byte	0
 874 0352 00       		.byte	0
 875 0353 00       		.byte	0
 876 0354 00       		.byte	0
 877 0355 00       		.byte	0
 878 0356 00       		.byte	0
 879 0357 36       		.byte	54
 880 0358 4C       		.byte	76
 881 0359 44       		.byte	68
 882 035a 44       		.byte	68
 883 035b 44       		.byte	68
 884 035c 3C       		.byte	60
 885 035d 04       		.byte	4
 886 035e 38       		.byte	56
 887 035f 00       		.byte	0
 888 0360 00       		.byte	0
 889 0361 C0       		.byte	-64
 890 0362 40       		.byte	64
 891 0363 58       		.byte	88
 892 0364 64       		.byte	100
 893 0365 44       		.byte	68
 894 0366 44       		.byte	68
 895 0367 44       		.byte	68
 896 0368 EE       		.byte	-18
 897 0369 00       		.byte	0
 898 036a 00       		.byte	0
 899 036b 00       		.byte	0
 900 036c 00       		.byte	0
 901 036d 10       		.byte	16
 902 036e 00       		.byte	0
 903 036f 70       		.byte	112
 904 0370 10       		.byte	16
 905 0371 10       		.byte	16
 906 0372 10       		.byte	16
 907 0373 10       		.byte	16
 908 0374 7C       		.byte	124
 909 0375 00       		.byte	0
 910 0376 00       		.byte	0
 911 0377 00       		.byte	0
 912 0378 00       		.byte	0
 913 0379 10       		.byte	16
 914 037a 00       		.byte	0
 915 037b 78       		.byte	120
 916 037c 08       		.byte	8
 917 037d 08       		.byte	8
 918 037e 08       		.byte	8
 919 037f 08       		.byte	8
 920 0380 08       		.byte	8
 921 0381 08       		.byte	8
 922 0382 70       		.byte	112
 923 0383 00       		.byte	0
 924 0384 00       		.byte	0
 925 0385 C0       		.byte	-64
 926 0386 40       		.byte	64
 927 0387 5C       		.byte	92
 928 0388 48       		.byte	72
 929 0389 70       		.byte	112
 930 038a 50       		.byte	80
 931 038b 48       		.byte	72
 932 038c DC       		.byte	-36
 933 038d 00       		.byte	0
 934 038e 00       		.byte	0
 935 038f 00       		.byte	0
 936 0390 00       		.byte	0
 937 0391 30       		.byte	48
 938 0392 10       		.byte	16
 939 0393 10       		.byte	16
 940 0394 10       		.byte	16
 941 0395 10       		.byte	16
 942 0396 10       		.byte	16
 943 0397 10       		.byte	16
 944 0398 7C       		.byte	124
 945 0399 00       		.byte	0
 946 039a 00       		.byte	0
 947 039b 00       		.byte	0
 948 039c 00       		.byte	0
 949 039d 00       		.byte	0
 950 039e 00       		.byte	0
 951 039f E8       		.byte	-24
 952 03a0 54       		.byte	84
 953 03a1 54       		.byte	84
 954 03a2 54       		.byte	84
 955 03a3 54       		.byte	84
 956 03a4 FE       		.byte	-2
 957 03a5 00       		.byte	0
 958 03a6 00       		.byte	0
 959 03a7 00       		.byte	0
 960 03a8 00       		.byte	0
 961 03a9 00       		.byte	0
 962 03aa 00       		.byte	0
 963 03ab D8       		.byte	-40
 964 03ac 64       		.byte	100
 965 03ad 44       		.byte	68
 966 03ae 44       		.byte	68
 967 03af 44       		.byte	68
 968 03b0 EE       		.byte	-18
 969 03b1 00       		.byte	0
 970 03b2 00       		.byte	0
 971 03b3 00       		.byte	0
 972 03b4 00       		.byte	0
 973 03b5 00       		.byte	0
 974 03b6 00       		.byte	0
 975 03b7 38       		.byte	56
 976 03b8 44       		.byte	68
 977 03b9 44       		.byte	68
 978 03ba 44       		.byte	68
 979 03bb 44       		.byte	68
 980 03bc 38       		.byte	56
 981 03bd 00       		.byte	0
 982 03be 00       		.byte	0
 983 03bf 00       		.byte	0
 984 03c0 00       		.byte	0
 985 03c1 00       		.byte	0
 986 03c2 00       		.byte	0
 987 03c3 D8       		.byte	-40
 988 03c4 64       		.byte	100
 989 03c5 44       		.byte	68
 990 03c6 44       		.byte	68
 991 03c7 44       		.byte	68
 992 03c8 78       		.byte	120
 993 03c9 40       		.byte	64
 994 03ca E0       		.byte	-32
 995 03cb 00       		.byte	0
 996 03cc 00       		.byte	0
 997 03cd 00       		.byte	0
 998 03ce 00       		.byte	0
 999 03cf 36       		.byte	54
 1000 03d0 4C       		.byte	76
 1001 03d1 44       		.byte	68
 1002 03d2 44       		.byte	68
 1003 03d3 44       		.byte	68
 1004 03d4 3C       		.byte	60
 1005 03d5 04       		.byte	4
 1006 03d6 0E       		.byte	14
 1007 03d7 00       		.byte	0
 1008 03d8 00       		.byte	0
 1009 03d9 00       		.byte	0
 1010 03da 00       		.byte	0
 1011 03db 6C       		.byte	108
 1012 03dc 30       		.byte	48
 1013 03dd 20       		.byte	32
 1014 03de 20       		.byte	32
 1015 03df 20       		.byte	32
 1016 03e0 7C       		.byte	124
 1017 03e1 00       		.byte	0
 1018 03e2 00       		.byte	0
 1019 03e3 00       		.byte	0
 1020 03e4 00       		.byte	0
 1021 03e5 00       		.byte	0
 1022 03e6 00       		.byte	0
 1023 03e7 3C       		.byte	60
 1024 03e8 44       		.byte	68
 1025 03e9 38       		.byte	56
 1026 03ea 04       		.byte	4
 1027 03eb 44       		.byte	68
 1028 03ec 78       		.byte	120
 1029 03ed 00       		.byte	0
 1030 03ee 00       		.byte	0
 1031 03ef 00       		.byte	0
 1032 03f0 00       		.byte	0
 1033 03f1 00       		.byte	0
 1034 03f2 20       		.byte	32
 1035 03f3 7C       		.byte	124
 1036 03f4 20       		.byte	32
 1037 03f5 20       		.byte	32
 1038 03f6 20       		.byte	32
 1039 03f7 22       		.byte	34
 1040 03f8 1C       		.byte	28
 1041 03f9 00       		.byte	0
 1042 03fa 00       		.byte	0
 1043 03fb 00       		.byte	0
 1044 03fc 00       		.byte	0
 1045 03fd 00       		.byte	0
 1046 03fe 00       		.byte	0
 1047 03ff CC       		.byte	-52
 1048 0400 44       		.byte	68
 1049 0401 44       		.byte	68
 1050 0402 44       		.byte	68
 1051 0403 4C       		.byte	76
 1052 0404 36       		.byte	54
 1053 0405 00       		.byte	0
 1054 0406 00       		.byte	0
 1055 0407 00       		.byte	0
 1056 0408 00       		.byte	0
 1057 0409 00       		.byte	0
 1058 040a 00       		.byte	0
 1059 040b EE       		.byte	-18
 1060 040c 44       		.byte	68
 1061 040d 44       		.byte	68
 1062 040e 28       		.byte	40
 1063 040f 28       		.byte	40
 1064 0410 10       		.byte	16
 1065 0411 00       		.byte	0
 1066 0412 00       		.byte	0
 1067 0413 00       		.byte	0
 1068 0414 00       		.byte	0
 1069 0415 00       		.byte	0
 1070 0416 00       		.byte	0
 1071 0417 EE       		.byte	-18
 1072 0418 44       		.byte	68
 1073 0419 54       		.byte	84
 1074 041a 54       		.byte	84
 1075 041b 54       		.byte	84
 1076 041c 28       		.byte	40
 1077 041d 00       		.byte	0
 1078 041e 00       		.byte	0
 1079 041f 00       		.byte	0
 1080 0420 00       		.byte	0
 1081 0421 00       		.byte	0
 1082 0422 00       		.byte	0
 1083 0423 CC       		.byte	-52
 1084 0424 48       		.byte	72
 1085 0425 30       		.byte	48
 1086 0426 30       		.byte	48
 1087 0427 48       		.byte	72
 1088 0428 CC       		.byte	-52
 1089 0429 00       		.byte	0
 1090 042a 00       		.byte	0
 1091 042b 00       		.byte	0
 1092 042c 00       		.byte	0
 1093 042d 00       		.byte	0
 1094 042e 00       		.byte	0
 1095 042f EE       		.byte	-18
 1096 0430 44       		.byte	68
 1097 0431 24       		.byte	36
 1098 0432 28       		.byte	40
 1099 0433 18       		.byte	24
 1100 0434 10       		.byte	16
 1101 0435 10       		.byte	16
 1102 0436 78       		.byte	120
 1103 0437 00       		.byte	0
 1104 0438 00       		.byte	0
 1105 0439 00       		.byte	0
 1106 043a 00       		.byte	0
 1107 043b 7C       		.byte	124
 1108 043c 48       		.byte	72
 1109 043d 10       		.byte	16
 1110 043e 20       		.byte	32
 1111 043f 44       		.byte	68
 1112 0440 7C       		.byte	124
 1113 0441 00       		.byte	0
 1114 0442 00       		.byte	0
 1115 0443 00       		.byte	0
 1116 0444 00       		.byte	0
 1117 0445 08       		.byte	8
 1118 0446 10       		.byte	16
 1119 0447 10       		.byte	16
 1120 0448 10       		.byte	16
 1121 0449 10       		.byte	16
 1122 044a 20       		.byte	32
 1123 044b 10       		.byte	16
 1124 044c 10       		.byte	16
 1125 044d 10       		.byte	16
 1126 044e 08       		.byte	8
 1127 044f 00       		.byte	0
 1128 0450 00       		.byte	0
 1129 0451 10       		.byte	16
 1130 0452 10       		.byte	16
 1131 0453 10       		.byte	16
 1132 0454 10       		.byte	16
 1133 0455 10       		.byte	16
 1134 0456 10       		.byte	16
 1135 0457 10       		.byte	16
 1136 0458 10       		.byte	16
 1137 0459 10       		.byte	16
 1138 045a 00       		.byte	0
 1139 045b 00       		.byte	0
 1140 045c 00       		.byte	0
 1141 045d 20       		.byte	32
 1142 045e 10       		.byte	16
 1143 045f 10       		.byte	16
 1144 0460 10       		.byte	16
 1145 0461 10       		.byte	16
 1146 0462 08       		.byte	8
 1147 0463 10       		.byte	16
 1148 0464 10       		.byte	16
 1149 0465 10       		.byte	16
 1150 0466 20       		.byte	32
 1151 0467 00       		.byte	0
 1152 0468 00       		.byte	0
 1153 0469 00       		.byte	0
 1154 046a 00       		.byte	0
 1155 046b 00       		.byte	0
 1156 046c 00       		.byte	0
 1157 046d 24       		.byte	36
 1158 046e 58       		.byte	88
 1159 046f 00       		.byte	0
 1160 0470 00       		.byte	0
 1161 0471 00       		.byte	0
 1162 0472 00       		.byte	0
 1163 0473 00       		.byte	0
 1164              		.global	Font12
 1165              		.data
 1166              		.align	2
 1169              	Font12:
 1170 0000 00000000 		.word	Font12_Table
 1171 0004 0700     		.short	7
 1172 0006 0C00     		.short	12
 1173              		.text
 1174              	.Letext0:
 1175              		.file 1 "c:\\program files (x86)\\codesourcery\\arm-none-eabi\\include\\stdint.h"
 1176              		.file 2 "../tasks/display/Fonts/fonts.h"
 1177              		.file 3 "../tasks/display/Fonts/font12.c"
DEFINED SYMBOLS
                            *ABS*:00000000 font12.c
C:\Users\sagok\AppData\Local\Temp\cccpDjNp.s:23     .rodata:00000000 Font12_Table
C:\Users\sagok\AppData\Local\Temp\cccpDjNp.s:20     .rodata:00000000 $d
C:\Users\sagok\AppData\Local\Temp\cccpDjNp.s:1169   .data:00000000 Font12
C:\Users\sagok\AppData\Local\Temp\cccpDjNp.s:1166   .data:00000000 $d
                           .group:00000000 wm4.1.7f551ac7fcad8b79b9df4bfdaa536673
                           .group:00000000 wm4.newlib.h.8.384a112feabb3bef7b573ae48cde2e3b
                           .group:00000000 wm4.features.h.22.6a4ca7cd053637cc1d0db6c16f39b2d7
                           .group:00000000 wm4.config.h.183.aa62afef667fb61d15fa64c48beb2f14
                           .group:00000000 wm4._ansi.h.23.5644b60c990a4800b02a6e654e88f93a
                           .group:00000000 wm4.stdint.h.20.54ad762faa59e3c05491630641c8d8bf

NO UNDEFINED SYMBOLS
