   1              		.syntax unified
   2              		.cpu cortex-m3
   3              		.fpu softvfp
   4              		.eabi_attribute 20, 1
   5              		.eabi_attribute 21, 1
   6              		.eabi_attribute 23, 3
   7              		.eabi_attribute 24, 1
   8              		.eabi_attribute 25, 1
   9              		.eabi_attribute 26, 1
  10              		.eabi_attribute 30, 6
  11              		.eabi_attribute 34, 1
  12              		.eabi_attribute 18, 4
  13              		.thumb
  14              		.file	"main.c"
  15              		.text
  16              	.Ltext0:
  17              		.cfi_sections	.debug_frame
  18              		.comm	data_size,2,2
  19              		.comm	cnt_back,2,2
  20              		.comm	timeout,1,1
  21              		.comm	comd,1,1
  22              		.comm	RtcHandle,32,4
  23              		.global	aShowTime
  24              		.bss
  25              		.align	2
  28              	aShowTime:
  29 0000 00000000 		.space	50
  29      00000000 
  29      00000000 
  29      00000000 
  29      00000000 
  30              		.global	aShowDate
  31 0032 0000     		.align	2
  34              	aShowDate:
  35 0034 00000000 		.space	50
  35      00000000 
  35      00000000 
  35      00000000 
  35      00000000 
  36              		.comm	xSemaphore_USBInt,4,4
  37              		.comm	DisplayBuf,64,4
  38              		.global	Terminal_Numb_Line
  39 0066 0000     		.data
  40              		.align	1
  43              	Terminal_Numb_Line:
  44 0000 0100     		.short	1
  45              		.section	.rodata
  46              		.align	2
  47              	.LC0:
  48 0000 44495350 		.ascii	"DISP\000"
  48      00
  49 0005 000000   		.align	2
  50              	.LC1:
  51 0008 55534200 		.ascii	"USB\000"
  52              		.align	2
  53              	.LC2:
  54 000c 53444D43 		.ascii	"SDMC\000"
  54      00
  55              		.text
  56              		.align	2
  57              		.global	main
  58              		.thumb
  59              		.thumb_func
  61              	main:
  62              	.LFB55:
  63              		.file 1 "../main.c"
   1:../main.c     **** /*
   2:../main.c     ****  * main.c
   3:../main.c     ****  *
   4:../main.c     ****  *  Created on: 08.08.2014
   5:../main.c     ****  *      Author: sagok
   6:../main.c     ****  */
   7:../main.c     **** 
   8:../main.c     **** /* Includes ------------------------------------------------------------------*/
   9:../main.c     **** #include <stdio.h>
  10:../main.c     **** #include <stdint.h>
  11:../main.c     **** 
  12:../main.c     **** /* Scheduler includes. */
  13:../main.c     **** #include "FreeRTOS.h"
  14:../main.c     **** #include "task.h"
  15:../main.c     **** #include "queue.h"
  16:../main.c     **** #include "semphr.h"
  17:../main.c     **** #include "timers.h"
  18:../main.c     **** 
  19:../main.c     **** #include "stm32f2xx_hal.h"
  20:../main.c     **** #include "board.h"
  21:../main.c     **** #include "board_lcd.h"
  22:../main.c     **** 
  23:../main.c     **** #include "LEDs.h"
  24:../main.c     **** #include "RTC.h"
  25:../main.c     **** 
  26:../main.c     **** #include "usb_task.h"
  27:../main.c     **** #include "SD_task.h"
  28:../main.c     **** #include "Display.h"
  29:../main.c     **** 
  30:../main.c     **** 
  31:../main.c     **** //#include  "usbd_hid_core.h"
  32:../main.c     **** //#include  "usbd_usr.h"
  33:../main.c     **** //#include  "usbd_desc.h"
  34:../main.c     **** 
  35:../main.c     **** /* Private variables ---------------------------------------------------------*/
  36:../main.c     **** //FATFS 	SDFatFs;  /* File system object for SD card logical drive */
  37:../main.c     **** //FIL 	MyFile;     /* File object */
  38:../main.c     **** //char 	SDPath[4]; /* SD card logical drive path */
  39:../main.c     **** 
  40:../main.c     **** 
  41:../main.c     **** //#include "usbd_def.h"
  42:../main.c     **** 
  43:../main.c     **** /* Private funtcion ---------------------------------------------------------*/
  44:../main.c     **** 
  45:../main.c     **** 
  46:../main.c     **** /*************************************************************************
  47:../main.c     ****  * приоритеты тасков. 1 - самый низкий
  48:../main.c     ****  *************************************************************************/
  49:../main.c     **** #define vTaskDisplay_PRIORITY               (tskIDLE_PRIORITY + 2)		//2
  50:../main.c     **** #define vTaskUSB_PRIORITY               	(tskIDLE_PRIORITY + 2)		//1
  51:../main.c     **** #define vTaskSDMMC_PRIORITY               	(tskIDLE_PRIORITY + 2)		//1
  52:../main.c     **** 
  53:../main.c     **** #define	vTaskUSB_STACK_SIZE					configMINIMAL_STACK_SIZE*4
  54:../main.c     **** #define	vTaskSDMMC_STACK_SIZE				configMINIMAL_STACK_SIZE*4
  55:../main.c     **** /* Private function prototypes -----------------------------------------------*/
  56:../main.c     **** 
  57:../main.c     **** /* Global variables ---------------------------------------------------------*/
  58:../main.c     **** 
  59:../main.c     **** //LCD_DrawPropTypeDef DrawProp;
  60:../main.c     **** 
  61:../main.c     **** RTC_HandleTypeDef RtcHandle;
  62:../main.c     **** uint8_t aShowTime[50] = {0};					// текущее время
  63:../main.c     **** uint8_t aShowDate[50] = {0};					// текущее дата
  64:../main.c     **** 
  65:../main.c     **** xSemaphoreHandle 	xSemaphore_USBInt;			// семафор обработчика USB запросов
  66:../main.c     **** 
  67:../main.c     **** uint8_t 		DisplayBuf[64];					// глобальный буфер экрана.
  68:../main.c     **** 
  69:../main.c     **** uint16_t 		Terminal_Numb_Line = 1;				// позиция курсора в окне терминала
  70:../main.c     **** 
  71:../main.c     **** /*---------------------------------------------------------------------------*/
  72:../main.c     **** 
  73:../main.c     **** int main(void) {
  64              		.loc 1 73 0
  65              		.cfi_startproc
  66              		@ args = 0, pretend = 0, frame = 0
  67              		@ frame_needed = 1, uses_anonymous_args = 0
  68 0000 80B5     		push	{r7, lr}
  69              		.cfi_def_cfa_offset 8
  70              		.cfi_offset 7, -8
  71              		.cfi_offset 14, -4
  72 0002 84B0     		sub	sp, sp, #16
  73              		.cfi_def_cfa_offset 24
  74 0004 04AF     		add	r7, sp, #16
  75              		.cfi_def_cfa 7, 8
  74:../main.c     **** 
  75:../main.c     **** 	HAL_Init();										// initialize the HAL Library
  76              		.loc 1 75 0
  77 0006 FFF7FEFF 		bl	HAL_Init
  76:../main.c     **** 
  77:../main.c     **** 	SystemClock_Config();							// конфиг осциллятора
  78              		.loc 1 77 0
  79 000a FFF7FEFF 		bl	SystemClock_Config
  78:../main.c     **** 	NVIC_Configuration();							// конфиг прерываний
  80              		.loc 1 78 0
  81 000e FFF7FEFF 		bl	NVIC_Configuration
  79:../main.c     **** 
  80:../main.c     **** //	Init_RTC();
  81:../main.c     **** 
  82:../main.c     **** 
  83:../main.c     **** 	AllLEDs_Init();									// конфиг светодиодов
  82              		.loc 1 83 0
  83 0012 FFF7FEFF 		bl	AllLEDs_Init
  84:../main.c     **** 	AllTSTs_Init();									// конфиг сервисных светодиодов
  84              		.loc 1 84 0
  85 0016 FFF7FEFF 		bl	AllTSTs_Init
  85:../main.c     ****     Uart1_Init();									// конфиг усарта для дебагера
  86              		.loc 1 85 0
  87 001a FFF7FEFF 		bl	Uart1_Init
  86:../main.c     **** 
  87:../main.c     **** //    RTC_CalendarConfig();
  88:../main.c     **** 
  89:../main.c     **** 	xTaskCreate( vTaskDisplay,  (char*)"DISP",   configMINIMAL_STACK_SIZE*8/*8*/,   NULL, vTaskDisplay
  88              		.loc 1 89 0
  89 001e 0223     		movs	r3, #2
  90 0020 0093     		str	r3, [sp]
  91 0022 0023     		movs	r3, #0
  92 0024 0193     		str	r3, [sp, #4]
  93 0026 0023     		movs	r3, #0
  94 0028 0293     		str	r3, [sp, #8]
  95 002a 0023     		movs	r3, #0
  96 002c 0393     		str	r3, [sp, #12]
  97 002e 40F20000 		movw	r0, #:lower16:vTaskDisplay
  98 0032 C0F20000 		movt	r0, #:upper16:vTaskDisplay
  99 0036 40F20001 		movw	r1, #:lower16:.LC0
 100 003a C0F20001 		movt	r1, #:upper16:.LC0
 101 003e 4FF48062 		mov	r2, #1024
 102 0042 0023     		movs	r3, #0
 103 0044 FFF7FEFF 		bl	xTaskGenericCreate
  90:../main.c     **** 	xTaskCreate( vTaskUSB,      (char*)"USB",    vTaskUSB_STACK_SIZE,        NULL, vTaskUSB_PRIORITY, 
 104              		.loc 1 90 0
 105 0048 0223     		movs	r3, #2
 106 004a 0093     		str	r3, [sp]
 107 004c 0023     		movs	r3, #0
 108 004e 0193     		str	r3, [sp, #4]
 109 0050 0023     		movs	r3, #0
 110 0052 0293     		str	r3, [sp, #8]
 111 0054 0023     		movs	r3, #0
 112 0056 0393     		str	r3, [sp, #12]
 113 0058 40F20000 		movw	r0, #:lower16:vTaskUSB
 114 005c C0F20000 		movt	r0, #:upper16:vTaskUSB
 115 0060 40F20001 		movw	r1, #:lower16:.LC1
 116 0064 C0F20001 		movt	r1, #:upper16:.LC1
 117 0068 4FF40072 		mov	r2, #512
 118 006c 0023     		movs	r3, #0
 119 006e FFF7FEFF 		bl	xTaskGenericCreate
  91:../main.c     **** 	xTaskCreate( vTaskSDMMC,    (char*)"SDMC",   vTaskSDMMC_STACK_SIZE,      NULL, vTaskSDMMC_PRIORITY
 120              		.loc 1 91 0
 121 0072 0223     		movs	r3, #2
 122 0074 0093     		str	r3, [sp]
 123 0076 0023     		movs	r3, #0
 124 0078 0193     		str	r3, [sp, #4]
 125 007a 0023     		movs	r3, #0
 126 007c 0293     		str	r3, [sp, #8]
 127 007e 0023     		movs	r3, #0
 128 0080 0393     		str	r3, [sp, #12]
 129 0082 40F20000 		movw	r0, #:lower16:vTaskSDMMC
 130 0086 C0F20000 		movt	r0, #:upper16:vTaskSDMMC
 131 008a 40F20001 		movw	r1, #:lower16:.LC2
 132 008e C0F20001 		movt	r1, #:upper16:.LC2
 133 0092 4FF40072 		mov	r2, #512
 134 0096 0023     		movs	r3, #0
 135 0098 FFF7FEFF 		bl	xTaskGenericCreate
  92:../main.c     **** 
  93:../main.c     **** 
  94:../main.c     **** 
  95:../main.c     **** 	vTaskStartScheduler();							// Запускаем планировщик
 136              		.loc 1 95 0
 137 009c FFF7FEFF 		bl	vTaskStartScheduler
 138              	.L2:
  96:../main.c     **** 
  97:../main.c     **** 
  98:../main.c     **** 	while (1) {
  99:../main.c     **** 
 100:../main.c     **** 	}
 139              		.loc 1 100 0 discriminator 1
 140 00a0 FEE7     		b	.L2
 141              		.cfi_endproc
 142              	.LFE55:
 144 00a2 00BF     		.align	2
 145              		.global	vApplicationStackOverflowHook
 146              		.thumb
 147              		.thumb_func
 149              	vApplicationStackOverflowHook:
 150              	.LFB56:
 101:../main.c     **** 	return 0;
 102:../main.c     **** }
 103:../main.c     **** 
 104:../main.c     **** /*************************************************************************
 105:../main.c     ****  * vApplicationStackOverflowHook   при переполнении стека
 106:../main.c     ****  *************************************************************************/
 107:../main.c     **** void vApplicationStackOverflowHook( xTaskHandle pxTask, signed char *pcTaskName )
 108:../main.c     **** {
 151              		.loc 1 108 0
 152              		.cfi_startproc
 153              		@ args = 0, pretend = 0, frame = 8
 154              		@ frame_needed = 1, uses_anonymous_args = 0
 155              		@ link register save eliminated.
 156 00a4 80B4     		push	{r7}
 157              		.cfi_def_cfa_offset 4
 158              		.cfi_offset 7, -4
 159 00a6 83B0     		sub	sp, sp, #12
 160              		.cfi_def_cfa_offset 16
 161 00a8 00AF     		add	r7, sp, #0
 162              		.cfi_def_cfa_register 7
 163 00aa 7860     		str	r0, [r7, #4]
 164 00ac 3960     		str	r1, [r7]
 165              	.L4:
 109:../main.c     **** 	( void ) pxTask;
 110:../main.c     **** 	( void ) pcTaskName;
 111:../main.c     **** 	for( ;; );
 166              		.loc 1 111 0 discriminator 1
 167 00ae FEE7     		b	.L4
 168              		.cfi_endproc
 169              	.LFE56:
 171              		.align	2
 172              		.global	vApplicationIdleHook
 173              		.thumb
 174              		.thumb_func
 176              	vApplicationIdleHook:
 177              	.LFB57:
 112:../main.c     **** }
 113:../main.c     **** /*******************************************************
 114:../main.c     ****  *
 115:../main.c     ****  ******************************************************/
 116:../main.c     **** /**
 117:../main.c     ****  * \brief This function is called by FreeRTOS idle task
 118:../main.c     ****  */
 119:../main.c     **** extern void vApplicationIdleHook(void)
 120:../main.c     **** {
 178              		.loc 1 120 0
 179              		.cfi_startproc
 180              		@ args = 0, pretend = 0, frame = 0
 181              		@ frame_needed = 1, uses_anonymous_args = 0
 182              		@ link register save eliminated.
 183 00b0 80B4     		push	{r7}
 184              		.cfi_def_cfa_offset 4
 185              		.cfi_offset 7, -4
 186 00b2 00AF     		add	r7, sp, #0
 187              		.cfi_def_cfa_register 7
 121:../main.c     **** 
 122:../main.c     **** }
 188              		.loc 1 122 0
 189 00b4 BD46     		mov	sp, r7
 190              		@ sp needed
 191 00b6 5DF8047B 		ldr	r7, [sp], #4
 192 00ba 7047     		bx	lr
 193              		.cfi_endproc
 194              	.LFE57:
 196              		.align	2
 197              		.global	TerminalIncNumbLine
 198              		.thumb
 199              		.thumb_func
 201              	TerminalIncNumbLine:
 202              	.LFB58:
 123:../main.c     **** 
 124:../main.c     **** /*
 125:../main.c     ****  int *x;	// указатель 			переменная *x хранит адрес чего либо в памяти.
 126:../main.c     ****  int y;		// обычная переменная
 127:../main.c     ****  int d;		// обычная переменная
 128:../main.c     **** 
 129:../main.c     ****  x=&y;		// теперь в указателе x лежит адрес y;
 130:../main.c     ****  y = 15;	// после этого z = *x; вернёт значение 15.
 131:../main.c     ****  *x = 23;	// по адресу *x записали новое значение, после этого в переменной у лежит новое значение 
 132:../main.c     **** 
 133:../main.c     ****  x=&d;		// теперь указатель указывает на новую переменную d;
 134:../main.c     ****  *x = 23;	// теперь изменили cjlth;bvjt переменной d;
 135:../main.c     **** 
 136:../main.c     **** 
 137:../main.c     **** чтобы записать или прочитать значение по адресу указателя используется разименовывание y = *x;
 138:../main.c     **** 
 139:../main.c     **** у любой переменной можно взять адрес: &y;
 140:../main.c     **** 
 141:../main.c     **** */
 142:../main.c     **** 
 143:../main.c     **** uint16_t TerminalIncNumbLine(void){
 203              		.loc 1 143 0
 204              		.cfi_startproc
 205              		@ args = 0, pretend = 0, frame = 0
 206              		@ frame_needed = 1, uses_anonymous_args = 0
 207              		@ link register save eliminated.
 208 00bc 80B4     		push	{r7}
 209              		.cfi_def_cfa_offset 4
 210              		.cfi_offset 7, -4
 211 00be 00AF     		add	r7, sp, #0
 212              		.cfi_def_cfa_register 7
 144:../main.c     **** //	Terminal_Numb_Line += DrawProp.pFont->Height;
 145:../main.c     **** //	if (Terminal_Numb_Line >= BSP_LCD_GetYSize()) Terminal_Numb_Line = DrawProp.pFont->Height;
 146:../main.c     **** //	return Terminal_Numb_Line;
 147:../main.c     **** }
 213              		.loc 1 147 0
 214 00c0 1846     		mov	r0, r3
 215 00c2 BD46     		mov	sp, r7
 216              		@ sp needed
 217 00c4 5DF8047B 		ldr	r7, [sp], #4
 218 00c8 7047     		bx	lr
 219              		.cfi_endproc
 220              	.LFE58:
 222              		.section	.rodata
 223 0011 000000   		.align	2
 224              	.LC3:
 225 0014 4552524F 		.ascii	"ERROR: [Global] Error_Handler\000"
 225      523A205B 
 225      476C6F62 
 225      616C5D20 
 225      4572726F 
 226 0032 0000     		.text
 227 00ca 00BF     		.align	2
 228              		.global	Error_Handler_Main
 229              		.thumb
 230              		.thumb_func
 232              	Error_Handler_Main:
 233              	.LFB59:
 148:../main.c     **** 
 149:../main.c     **** /*****************************************************************
 150:../main.c     **** * @brief  This function is executed in case of error occurrence.
 151:../main.c     **** ******************************************************************/
 152:../main.c     **** void Error_Handler_Main(void)
 153:../main.c     **** {
 234              		.loc 1 153 0
 235              		.cfi_startproc
 236              		@ args = 0, pretend = 0, frame = 0
 237              		@ frame_needed = 1, uses_anonymous_args = 0
 238 00cc 80B5     		push	{r7, lr}
 239              		.cfi_def_cfa_offset 8
 240              		.cfi_offset 7, -8
 241              		.cfi_offset 14, -4
 242 00ce 00AF     		add	r7, sp, #0
 243              		.cfi_def_cfa_register 7
 154:../main.c     ****   TST_High(TST4);
 244              		.loc 1 154 0
 245 00d0 0220     		movs	r0, #2
 246 00d2 FFF7FEFF 		bl	TST_High
 155:../main.c     ****   printf("ERROR: [Global] Error_Handler\n");
 247              		.loc 1 155 0
 248 00d6 40F20000 		movw	r0, #:lower16:.LC3
 249 00da C0F20000 		movt	r0, #:upper16:.LC3
 250 00de FFF7FEFF 		bl	puts
 251              	.L8:
 156:../main.c     ****   while(1)  {  }
 252              		.loc 1 156 0 discriminator 1
 253 00e2 FEE7     		b	.L8
 254              		.cfi_endproc
 255              	.LFE59:
 257              	.Letext0:
 258              		.file 2 "c:\\program files (x86)\\codesourcery\\arm-none-eabi\\include\\stdint.h"
 259              		.file 3 "D:\\workspace\\console800480\\FreeRTOS\\portable\\GCC\\ARM_CM3/portmacro.h"
 260              		.file 4 "D:\\workspace\\console800480\\FreeRTOS\\include/task.h"
 261              		.file 5 "D:\\workspace\\console800480\\FreeRTOS\\include/queue.h"
 262              		.file 6 "D:\\workspace\\console800480\\FreeRTOS\\include/semphr.h"
 263              		.file 7 "D:\\workspace\\console800480\\system/stm32f217xx.h"
 264              		.file 8 "D:\\workspace\\console800480\\STM32F2xx_HAL_Driver\\Inc/stm32f2xx_hal_def.h"
 265              		.file 9 "D:\\workspace\\console800480\\STM32F2xx_HAL_Driver\\Inc/stm32f2xx_hal_rtc.h"
 266              		.file 10 "D:\\workspace\\console800480\\src/LEDs.h"
 267              		.file 11 "D:\\workspace\\console800480\\system/core_cm3.h"
 268              		.file 12 "D:\\workspace\\console800480\\tasks\\usb/usb_task.h"
DEFINED SYMBOLS
                            *ABS*:00000000 main.c
                            *COM*:00000002 data_size
                            *COM*:00000002 cnt_back
                            *COM*:00000001 timeout
                            *COM*:00000001 comd
                            *COM*:00000020 RtcHandle
C:\Users\sagok\AppData\Local\Temp\ccKiQM8k.s:28     .bss:00000000 aShowTime
C:\Users\sagok\AppData\Local\Temp\ccKiQM8k.s:25     .bss:00000000 $d
C:\Users\sagok\AppData\Local\Temp\ccKiQM8k.s:34     .bss:00000034 aShowDate
                            *COM*:00000004 xSemaphore_USBInt
                            *COM*:00000040 DisplayBuf
C:\Users\sagok\AppData\Local\Temp\ccKiQM8k.s:43     .data:00000000 Terminal_Numb_Line
C:\Users\sagok\AppData\Local\Temp\ccKiQM8k.s:40     .data:00000000 $d
C:\Users\sagok\AppData\Local\Temp\ccKiQM8k.s:46     .rodata:00000000 $d
C:\Users\sagok\AppData\Local\Temp\ccKiQM8k.s:47     .rodata:00000000 .LC0
C:\Users\sagok\AppData\Local\Temp\ccKiQM8k.s:50     .rodata:00000008 .LC1
C:\Users\sagok\AppData\Local\Temp\ccKiQM8k.s:53     .rodata:0000000c .LC2
C:\Users\sagok\AppData\Local\Temp\ccKiQM8k.s:56     .text:00000000 $t
C:\Users\sagok\AppData\Local\Temp\ccKiQM8k.s:61     .text:00000000 main
C:\Users\sagok\AppData\Local\Temp\ccKiQM8k.s:149    .text:000000a4 vApplicationStackOverflowHook
C:\Users\sagok\AppData\Local\Temp\ccKiQM8k.s:176    .text:000000b0 vApplicationIdleHook
C:\Users\sagok\AppData\Local\Temp\ccKiQM8k.s:201    .text:000000bc TerminalIncNumbLine
C:\Users\sagok\AppData\Local\Temp\ccKiQM8k.s:224    .rodata:00000014 .LC3
C:\Users\sagok\AppData\Local\Temp\ccKiQM8k.s:232    .text:000000cc Error_Handler_Main
                     .debug_frame:00000010 $d
                           .group:00000000 wm4.1.7f551ac7fcad8b79b9df4bfdaa536673
                           .group:00000000 wm4.newlib.h.8.384a112feabb3bef7b573ae48cde2e3b
                           .group:00000000 wm4.features.h.22.6a4ca7cd053637cc1d0db6c16f39b2d7
                           .group:00000000 wm4.config.h.183.aa62afef667fb61d15fa64c48beb2f14
                           .group:00000000 wm4._ansi.h.23.5644b60c990a4800b02a6e654e88f93a
                           .group:00000000 wm4.stdio.h.31.7c0e28c411445f3f9c5b11accf882760
                           .group:00000000 wm4.stddef.h.184.159df79b4ca79c76561572a55985524c
                           .group:00000000 wm4.stdarg.h.34.3a23a216c0c293b3d2ea2e89281481e6
                           .group:00000000 wm4._default_types.h.6.5e12cd604db8ce00b62bb2f02708eaf3
                           .group:00000000 wm4.lock.h.2.9bc98482741e5e2a9450b12934a684ea
                           .group:00000000 wm4._types.h.59.db8450f33c1f6150c0372fa1091a887a
                           .group:00000000 wm4.stddef.h.348.9a99de77b6ba3b4278b57e9cc6d6e349
                           .group:00000000 wm4.reent.h.16.567d760e6ae9ad7f917851a308bd7a57
                           .group:00000000 wm4.types.h.23.0d949686bbcadd1621462d4fa1f884f9
                           .group:00000000 wm4.stddef.h.39.7e3d906ac58942e0b374c527445f5de5
                           .group:00000000 wm4.types.h.2.e9cec8c90ab35f77d9f499e06ae02400
                           .group:00000000 wm4.types.h.80.5759fe41f87f5211a5952dfb1fc64f19
                           .group:00000000 wm4.stdio.h.2.4aa87247282eca6c8f36f9de33d8df1a
                           .group:00000000 wm4.stdio.h.64.f9f1bb6b0d3d7e12f6a27968d859709c
                           .group:00000000 wm4.stdint.h.10.90b695f550ca6cc3fb08fa83baf01e05
                           .group:00000000 wm4.projdefs.h.67.1891ed3aab788f154f6e7a8ff42f2cfd
                           .group:00000000 wm4.FreeRTOSConfig.h.51.b259e2e835793b5f31e6fb224a543b76
                           .group:00000000 wm4.portmacro.h.68.b9ad41c1c2fd3fb36d97939d17ebacd9
                           .group:00000000 wm4.portable.h.325.a31e8973a246cd28421ddb595e37fd13
                           .group:00000000 wm4.mpu_wrappers.h.67.4bcfd12ce15e5313ce3efd77400f8168
                           .group:00000000 wm4.FreeRTOS.h.177.d801ec107caaf24697618049ed7605b1
                           .group:00000000 wm4.list.h.96.eaa3d29743bd681933f9f5e726c756a1
                           .group:00000000 wm4.task.h.84.ff846741c7bdac87bd4a7636d5320d68
                           .group:00000000 wm4.queue.h.68.1266563298ebacb4a83c08ead1e4111f
                           .group:00000000 wm4.semphr.h.77.cfc41285e8d228b828c00c3fce52801f
                           .group:00000000 wm4.timers.h.92.7e7e1a9bf65701faf3dfc9cf90e720c0
                           .group:00000000 wm4.stm32f2xx_hal_conf.h.40.007126baefb9f966c36646edbf8040d2
                           .group:00000000 wm4.stm32f2xx.h.57.5ec1581efc43612c411d33a8686e9ec7
                           .group:00000000 wm4.stm32f217xx.h.52.9c940d76d00294b78837dc334c172fdd
                           .group:00000000 wm4.core_cm3.h.32.49180ccb4d36cabd2d7016d2a51d91ae
                           .group:00000000 wm4.core_cmInstr.h.25.f50f886f2edf670cf199b35fd96f5c91
                           .group:00000000 wm4.core_cm3.h.130.63ab2348a6eed0fdb318040d970b676c
                           .group:00000000 wm4.stm32f217xx.h.978.a5c681952b2f704a0e7f2ba21d08adf5
                           .group:00000000 wm4.stm32f2xx.h.142.bc2155a1f7498bab16371e38413a9e41
                           .group:00000000 wm4.stm32f2xx_hal_def.h.77.f01e0b08acb70880298bffe6e4d93d24
                           .group:00000000 wm4.stm32f2xx_hal_rcc.h.142.ec0f91cc6576a6acebd17e6dd85829ae
                           .group:00000000 wm4.stm32f2xx_hal_rcc_ex.h.40.0829033e864455c6bdd0db01f8ba5a50
                           .group:00000000 wm4.stm32f2xx_hal_gpio.h.40.ba64e0bb94d9a68835f80159f39a86f1
                           .group:00000000 wm4.stm32f2xx_hal_gpio_ex.h.40.24e547fd402281923f446b510381083f
                           .group:00000000 wm4.stm32f2xx_hal_dma.h.40.5d9732ace2a21a4526ce8f0c52428fff
                           .group:00000000 wm4.stm32f2xx_hal_cortex.h.40.e10263d2ec5d4fa79b4180ce1a38aff1
                           .group:00000000 wm4.stm32f2xx_hal_adc.h.40.89ac8b78113cac4cf63847587daabac9
                           .group:00000000 wm4.stm32f2xx_hal_adc_ex.h.40.7de68ed256ef25526ee31cc017f2c291
                           .group:00000000 wm4.stm32f2xx_hal_flash.h.40.c3171719ce015e9cff20c795e44e886d
                           .group:00000000 wm4.stm32f2xx_hal_flash_ex.h.40.7389508bd24a0aeb077bde0c9fb651eb
                           .group:00000000 wm4.stm32f2xx_ll_fsmc.h.40.c1c32f2e1862f4dd342bd9b80fb895bb
                           .group:00000000 wm4.stm32f2xx_hal_pwr.h.40.812df32e5c31b609a128e9db0eb4cbd0
                           .group:00000000 wm4.stm32f2xx_hal_rtc.h.40.850fda5fe2cce8797446913dee18382f
                           .group:00000000 wm4.stm32f2xx_hal_rtc_ex.h.40.f3e0c408e3bf4e8a0352d7ec9a18a822
                           .group:00000000 wm4.stm32f2xx_ll_sdmmc.h.40.3719ab487c4b77401c572f459adf6eb7
                           .group:00000000 wm4.stm32f2xx_hal_sd.h.58.760215394dcc316161a6482c0af9b866
                           .group:00000000 wm4.stm32f2xx_hal_spi.h.40.7984243dbaba8b21c6392998a47e6987
                           .group:00000000 wm4.stm32f2xx_hal_tim.h.40.d79172f25d0e9a15dc346aba8515bdd6
                           .group:00000000 wm4.stm32f2xx_hal_tim_ex.h.40.361f280a7a3f60b4b238bb99ca728d83
                           .group:00000000 wm4.stm32f2xx_hal_uart.h.40.d74def561ae6f78f40f477c8426ecbef
                           .group:00000000 wm4.stm32f2xx_ll_usb.h.40.9b0206a05bc6ce3bec1648b51f22cb81
                           .group:00000000 wm4.stm32f2xx_hal_pcd.h.99.11faba414c39e357b2f23364912d0605
                           .group:00000000 wm4.stm32f2xx_hal_hcd.h.40.44ee5e972983ae0139ddbacdc75c44ef
                           .group:00000000 wm4.stm32f2xx_hal.h.64.ed79ee83e52b151b3c365392b398f866
                           .group:00000000 wm4.board.h.9.ca6a3a7983a4f498f7ee9ff88019bd2b
                           .group:00000000 wm4.ampire800480.h.41.5ff3ff7f2f2f1dee044ea79164b8097b
                           .group:00000000 wm4.ili9320.h.50.f761f52cfdd99924b98cb91d8ee9ccd3
                           .group:00000000 wm4.fonts.h.40.da354735f9216c5e20df37a85cbaf4e6
                           .group:00000000 wm4.diskio.h.6.8da7330f9b93c43e88f440080fbc00d0
                           .group:00000000 wm4.diskio.h.43.17c6f92f3f6ff58b941e8553c0aeafe2
                           .group:00000000 wm4.stdlib.h.18.8bab2fb43ac4e90235390733c30a4530
                           .group:00000000 wm4.stddef.h.158.a7efb00f6cbc6f43213b50e183c9830c
                           .group:00000000 wm4.alloca.h.8.dfc0c703c47ec3e69746825b17d9e66d
                           .group:00000000 wm4.stdlib.h.55.7091a050e07f1c4abd225630fe3d62f1
                           .group:00000000 wm4.cdefs.h.56.efab90f4d89fbc41d6b3a5c5fb0d3d0f
                           .group:00000000 wm4.string.h.15.dab3980bf35408a4c507182805e2de3a
                           .group:00000000 wm4.string.h.126.6ff3aa59129e7f66b2c273baf353e066
                           .group:00000000 wm4.LEDs.h.9.36ffa4b30bd168dc58d64fa6e53a9a30
                           .group:00000000 wm4.usbh_conf.h.41.d72a4a1e5e10d8f062cf3fa4bcd8aa54
                           .group:00000000 wm4.usbh_def.h.42.e5773f0fe2e07d0c2c7284f319cefcfb
                           .group:00000000 wm4.usbh_ioreq.h.53.3586266a62e1adb6014256f47bfe28ae
                           .group:00000000 wm4.usbh_ctlreq.h.30.baf76fe1032fc0ccc3b759e321acc69d
                           .group:00000000 wm4.usbh_core.h.60.126ed10f424484efe8e3332cf8789488
                           .group:00000000 wm4.usbh_msc_bot.h.150.7a573dd4700e98f78a08f0e60cd8a2e8
                           .group:00000000 wm4.usbh_msc_scsi.h.30.7ac65aef8ad2b1cb473eb44388537ea2
                           .group:00000000 wm4.usbh_msc.h.92.1eaed72009e45245618cff3cc0ab5900
                           .group:00000000 wm4.ffconf.h.19.cf478c53f215b23144e0b163e0b92c6c
                           .group:00000000 wm4.ff.h.45.ea85cd9763a25d97ae88799c83ef7c63
                           .group:00000000 wm4.board_lcd.h.71.7c41836bcc6ef6378c5f61621a36b530
                           .group:00000000 wm4.RTC.h.9.d2e9f8e3c405bedc3cda5764e7f71017
                           .group:00000000 wm4.Display.h.39.49592f1e6d055d6383457fd20cdd98de

UNDEFINED SYMBOLS
HAL_Init
SystemClock_Config
NVIC_Configuration
AllLEDs_Init
AllTSTs_Init
Uart1_Init
vTaskDisplay
xTaskGenericCreate
vTaskUSB
vTaskSDMMC
vTaskStartScheduler
TST_High
puts
