   1              	# 1 "../system/startup_stm32f217xx.S"
   1              	/**
   0              	
   2              	  ******************************************************************************
   0              	
   3              	  * @file      startup_stm32f217xx.s
   4              	  * @author    MCD Application Team
   5              	  * @version   V2.0.1
   6              	  * @date      25-March-2014 
   7              	  * @brief     STM32F217xx Devices vector table for Atollic TrueSTUDIO toolchain. 
   8              	  *            This module performs:
   9              	  *                - Set the initial SP
  10              	  *                - Set the initial PC == Reset_Handler,
  11              	  *                - Set the vector table entries with the exceptions ISR address
  12              	  *                - Branches to main in the C library (which eventually
  13              	  *                  calls main()).
  14              	  *            After Reset the Cortex-M3 processor is in Thread mode,
  15              	  *            priority is Privileged, and the Stack is set to Main.
  16              	  ******************************************************************************
  17              	  * @attention
  18              	  *
  19              	  * <h2><center>&copy; COPYRIGHT 2014 STMicroelectronics</center></h2>
  20              	  *
  21              	  * Redistribution and use in source and binary forms, with or without modification,
  22              	  * are permitted provided that the following conditions are met:
  23              	  *   1. Redistributions of source code must retain the above copyright notice,
  24              	  *      this list of conditions and the following disclaimer.
  25              	  *   2. Redistributions in binary form must reproduce the above copyright notice,
  26              	  *      this list of conditions and the following disclaimer in the documentation
  27              	  *      and/or other materials provided with the distribution.
  28              	  *   3. Neither the name of STMicroelectronics nor the names of its contributors
  29              	  *      may be used to endorse or promote products derived from this software
  30              	  *      without specific prior written permission.
  31              	  *
  32              	  * THIS SOFTWARE IS PROVIDED BY THE COPYRIGHT HOLDERS AND CONTRIBUTORS "AS IS"
  33              	  * AND ANY EXPRESS OR IMPLIED WARRANTIES, INCLUDING, BUT NOT LIMITED TO, THE
  34              	  * IMPLIED WARRANTIES OF MERCHANTABILITY AND FITNESS FOR A PARTICULAR PURPOSE ARE
  35              	  * DISCLAIMED. IN NO EVENT SHALL THE COPYRIGHT HOLDER OR CONTRIBUTORS BE LIABLE
  36              	  * FOR ANY DIRECT, INDIRECT, INCIDENTAL, SPECIAL, EXEMPLARY, OR CONSEQUENTIAL
  37              	  * DAMAGES (INCLUDING, BUT NOT LIMITED TO, PROCUREMENT OF SUBSTITUTE GOODS OR
  38              	  * SERVICES; LOSS OF USE, DATA, OR PROFITS; OR BUSINESS INTERRUPTION) HOWEVER
  39              	  * CAUSED AND ON ANY THEORY OF LIABILITY, WHETHER IN CONTRACT, STRICT LIABILITY,
  40              	  * OR TORT (INCLUDING NEGLIGENCE OR OTHERWISE) ARISING IN ANY WAY OUT OF THE USE
  41              	  * OF THIS SOFTWARE, EVEN IF ADVISED OF THE POSSIBILITY OF SUCH DAMAGE.
  42              	  *
  43              	  ******************************************************************************
  44              	  */
  45              	    
  46              	  .syntax unified
  47              	  .cpu cortex-m3
  48              	  .thumb
  49              	
  50              	.global  g_pfnVectors
  51              	.global  Default_Handler
  52              	
  53              	/* start address for the initialization values of the .data section. 
  54              	defined in linker script */
  55 0000 00000000 	.word  _sidata
  56              	/* start address for the .data section. defined in linker script */  
  57 0004 00000000 	.word  _sdata
  58              	/* end address for the .data section. defined in linker script */
  59 0008 00000000 	.word  _edata
  60              	/* start address for the .bss section. defined in linker script */
  61 000c 00000000 	.word  _sbss
  62              	/* end address for the .bss section. defined in linker script */
  63 0010 00000000 	.word  _ebss
  64              	/* stack used for SystemInit_ExtMemCtl; always internal RAM used */
  65              	
  66              	/**
  67              	 * @brief  This is the code that gets called when the processor first
  68              	 *          starts execution following a reset event. Only the absolutely
  69              	 *          necessary set is performed, after which the application
  70              	 *          supplied main() routine is called. 
  71              	 * @param  None
  72              	 * @retval : None
  73              	*/
  74              	
  75              	    .section  .text.Reset_Handler
  76              	  .weak  Reset_Handler
  78              	Reset_Handler:  
  79 0000 DFF834D0 	  ldr   sp, =_estack     /* set stack pointer */
  80              	
  81              	/* Copy the data segment initializers from flash to SRAM */  
  82 0004 0021     	  movs  r1, #0
  83 0006 03E0     	  b  LoopCopyDataInit
  84              	
  85              	CopyDataInit:
  86 0008 0C4B     	  ldr  r3, =_sidata
  87 000a 5B58     	  ldr  r3, [r3, r1]
  88 000c 4350     	  str  r3, [r0, r1]
  89 000e 0431     	  adds  r1, r1, #4
  90              	    
  91              	LoopCopyDataInit:
  92 0010 0B48     	  ldr  r0, =_sdata
  93 0012 0C4B     	  ldr  r3, =_edata
  94 0014 4218     	  adds  r2, r0, r1
  95 0016 9A42     	  cmp  r2, r3
  96 0018 F6D3     	  bcc  CopyDataInit
  97 001a 0B4A     	  ldr  r2, =_sbss
  98 001c 02E0     	  b  LoopFillZerobss
  99              	/* Zero fill the bss segment. */  
 100              	FillZerobss:
 101 001e 0023     	  movs  r3, #0
 102 0020 42F8043B 	  str  r3, [r2], #4
 103              	    
 104              	LoopFillZerobss:
 105 0024 094B     	  ldr  r3, = _ebss
 106 0026 9A42     	  cmp  r2, r3
 107 0028 F9D3     	  bcc  FillZerobss
 108              	
 109              	/* Call the clock system intitialization function.*/
 110 002a FFF7FEFF 	  bl  SystemInit   
 111              	/* Call static constructors */
 112 002e FFF7FEFF 	    bl __libc_init_array
 113              	/* Call the application's entry point.*/
 114 0032 FFF7FEFF 	  bl  main
 115 0036 7047     	  bx  lr    
 117              	
 118              	/**
 119              	 * @brief  This is the code that gets called when the processor receives an 
 120              	 *         unexpected interrupt.  This simply enters an infinite loop, preserving
 121              	 *         the system state for examination by a debugger.
 122              	 * @param  None     
 123              	 * @retval None       
 124              	*/
 125              	    .section  .text.Default_Handler,"ax",%progbits
 126              	Default_Handler:
 127              	Infinite_Loop:
 128 0000 FEE7     	  b  Infinite_Loop
 130              	/******************************************************************************
 131              	*
 132              	* The minimal vector table for a Cortex M3. Note that the proper constructs
 133              	* must be placed on this to ensure that it ends up at physical address
 134              	* 0x0000.0000.
 135              	* 
 136              	*******************************************************************************/
 137              	   .section  .isr_vector,"a",%progbits
 140              	    
 141              	g_pfnVectors:
 142 0000 00000000 	  .word  _estack
 143 0004 00000000 	  .word  Reset_Handler
 144              	
 145 0008 00000000 	  .word  NMI_Handler
 146 000c 00000000 	  .word  HardFault_Handler
 147 0010 00000000 	  .word  MemManage_Handler
 148 0014 00000000 	  .word  BusFault_Handler
 149 0018 00000000 	  .word  UsageFault_Handler
 150 001c 00000000 	  .word  0
 151 0020 00000000 	  .word  0
 152 0024 00000000 	  .word  0
 153 0028 00000000 	  .word  0
 154 002c 00000000 	  .word  SVC_Handler
 155 0030 00000000 	  .word  DebugMon_Handler
 156 0034 00000000 	  .word  0
 157 0038 00000000 	  .word  PendSV_Handler
 158 003c 00000000 	  .word  SysTick_Handler
 159              	  
 160              	  /* External Interrupts */
 161 0040 00000000 	  .word     WWDG_IRQHandler                   /* Window WatchDog              */                   
 162 0044 00000000 	  .word     PVD_IRQHandler                    /* PVD through EXTI Line detection */                
 163 0048 00000000 	  .word     TAMP_STAMP_IRQHandler             /* Tamper and TimeStamps through the EXTI line */    
 164 004c 00000000 	  .word     RTC_WKUP_IRQHandler               /* RTC Wakeup through the EXTI line */               
 165 0050 00000000 	  .word     FLASH_IRQHandler                  /* FLASH                        */                   
 166 0054 00000000 	  .word     RCC_IRQHandler                    /* RCC                          */                   
 167 0058 00000000 	  .word     EXTI0_IRQHandler                  /* EXTI Line0                   */                   
 168 005c 00000000 	  .word     EXTI1_IRQHandler                  /* EXTI Line1                   */                   
 169 0060 00000000 	  .word     EXTI2_IRQHandler                  /* EXTI Line2                   */                   
 170 0064 00000000 	  .word     EXTI3_IRQHandler                  /* EXTI Line3                   */                   
 171 0068 00000000 	  .word     EXTI4_IRQHandler                  /* EXTI Line4                   */                   
 172 006c 00000000 	  .word     DMA1_Stream0_IRQHandler           /* DMA1 Stream 0                */                  
 173 0070 00000000 	  .word     DMA1_Stream1_IRQHandler           /* DMA1 Stream 1                */                   
 174 0074 00000000 	  .word     DMA1_Stream2_IRQHandler           /* DMA1 Stream 2                */                   
 175 0078 00000000 	  .word     DMA1_Stream3_IRQHandler           /* DMA1 Stream 3                */                   
 176 007c 00000000 	  .word     DMA1_Stream4_IRQHandler           /* DMA1 Stream 4                */                   
 177 0080 00000000 	  .word     DMA1_Stream5_IRQHandler           /* DMA1 Stream 5                */                   
 178 0084 00000000 	  .word     DMA1_Stream6_IRQHandler           /* DMA1 Stream 6                */                   
 179 0088 00000000 	  .word     ADC_IRQHandler                    /* ADC1, ADC2 and ADC3s         */                   
 180 008c 00000000 	  .word     CAN1_TX_IRQHandler                /* CAN1 TX                      */                   
 181 0090 00000000 	  .word     CAN1_RX0_IRQHandler               /* CAN1 RX0                     */                   
 182 0094 00000000 	  .word     CAN1_RX1_IRQHandler               /* CAN1 RX1                     */                   
 183 0098 00000000 	  .word     CAN1_SCE_IRQHandler               /* CAN1 SCE                     */                   
 184 009c 00000000 	  .word     EXTI9_5_IRQHandler                /* External Line[9:5]s          */                   
 185 00a0 00000000 	  .word     TIM1_BRK_TIM9_IRQHandler          /* TIM1 Break and TIM9          */         
 186 00a4 00000000 	  .word     TIM1_UP_TIM10_IRQHandler          /* TIM1 Update and TIM10        */         
 187 00a8 00000000 	  .word     TIM1_TRG_COM_TIM11_IRQHandler     /* TIM1 Trigger and Commutation and TIM11 */
 188 00ac 00000000 	  .word     TIM1_CC_IRQHandler                /* TIM1 Capture Compare         */                   
 189 00b0 00000000 	  .word     TIM2_IRQHandler                   /* TIM2                         */                   
 190 00b4 00000000 	  .word     TIM3_IRQHandler                   /* TIM3                         */                   
 191 00b8 00000000 	  .word     TIM4_IRQHandler                   /* TIM4                         */                   
 192 00bc 00000000 	  .word     I2C1_EV_IRQHandler                /* I2C1 Event                   */                   
 193 00c0 00000000 	  .word     I2C1_ER_IRQHandler                /* I2C1 Error                   */                   
 194 00c4 00000000 	  .word     I2C2_EV_IRQHandler                /* I2C2 Event                   */                   
 195 00c8 00000000 	  .word     I2C2_ER_IRQHandler                /* I2C2 Error                   */                   
 196 00cc 00000000 	  .word     SPI1_IRQHandler                   /* SPI1                         */                   
 197 00d0 00000000 	  .word     SPI2_IRQHandler                   /* SPI2                         */                   
 198 00d4 00000000 	  .word     USART1_IRQHandler                 /* USART1                       */                   
 199 00d8 00000000 	  .word     USART2_IRQHandler                 /* USART2                       */                   
 200 00dc 00000000 	  .word     USART3_IRQHandler                 /* USART3                       */                   
 201 00e0 00000000 	  .word     EXTI15_10_IRQHandler              /* External Line[15:10]s        */                   
 202 00e4 00000000 	  .word     RTC_Alarm_IRQHandler              /* RTC Alarm (A and B) through EXTI Line */          
 203 00e8 00000000 	  .word     OTG_FS_WKUP_IRQHandler            /* USB OTG FS Wakeup through EXTI line */            
 204 00ec 00000000 	  .word     TIM8_BRK_TIM12_IRQHandler         /* TIM8 Break and TIM12         */         
 205 00f0 00000000 	  .word     TIM8_UP_TIM13_IRQHandler          /* TIM8 Update and TIM13        */         
 206 00f4 00000000 	  .word     TIM8_TRG_COM_TIM14_IRQHandler     /* TIM8 Trigger and Commutation and TIM14 */
 207 00f8 00000000 	  .word     TIM8_CC_IRQHandler                /* TIM8 Capture Compare         */                   
 208 00fc 00000000 	  .word     DMA1_Stream7_IRQHandler           /* DMA1 Stream7                 */                   
 209 0100 00000000 	  .word     FSMC_IRQHandler                   /* FSMC                         */                   
 210 0104 00000000 	  .word     SDIO_IRQHandler                   /* SDIO                         */                   
 211 0108 00000000 	  .word     TIM5_IRQHandler                   /* TIM5                         */                   
 212 010c 00000000 	  .word     SPI3_IRQHandler                   /* SPI3                         */                   
 213 0110 00000000 	  .word     UART4_IRQHandler                  /* UART4                        */                   
 214 0114 00000000 	  .word     UART5_IRQHandler                  /* UART5                        */                   
 215 0118 00000000 	  .word     TIM6_DAC_IRQHandler               /* TIM6 and DAC1&2 underrun errors */                
 216 011c 00000000 	  .word     TIM7_IRQHandler                   /* TIM7                         */
 217 0120 00000000 	  .word     DMA2_Stream0_IRQHandler           /* DMA2 Stream 0                */                   
 218 0124 00000000 	  .word     DMA2_Stream1_IRQHandler           /* DMA2 Stream 1                */                   
 219 0128 00000000 	  .word     DMA2_Stream2_IRQHandler           /* DMA2 Stream 2                */                   
 220 012c 00000000 	  .word     DMA2_Stream3_IRQHandler           /* DMA2 Stream 3                */                   
 221 0130 00000000 	  .word     DMA2_Stream4_IRQHandler           /* DMA2 Stream 4                */                   
 222 0134 00000000 	  .word     ETH_IRQHandler                    /* Ethernet                     */                   
 223 0138 00000000 	  .word     ETH_WKUP_IRQHandler               /* Ethernet Wakeup through EXTI line */              
 224 013c 00000000 	  .word     CAN2_TX_IRQHandler                /* CAN2 TX                      */                   
 225 0140 00000000 	  .word     CAN2_RX0_IRQHandler               /* CAN2 RX0                     */                   
 226 0144 00000000 	  .word     CAN2_RX1_IRQHandler               /* CAN2 RX1                     */                   
 227 0148 00000000 	  .word     CAN2_SCE_IRQHandler               /* CAN2 SCE                     */                   
 228 014c 00000000 	  .word     OTG_FS_IRQHandler                 /* USB OTG FS                   */                   
 229 0150 00000000 	  .word     DMA2_Stream5_IRQHandler           /* DMA2 Stream 5                */                   
 230 0154 00000000 	  .word     DMA2_Stream6_IRQHandler           /* DMA2 Stream 6                */                   
 231 0158 00000000 	  .word     DMA2_Stream7_IRQHandler           /* DMA2 Stream 7                */                   
 232 015c 00000000 	  .word     USART6_IRQHandler                 /* USART6                       */                   
 233 0160 00000000 	  .word     I2C3_EV_IRQHandler                /* I2C3 event                   */                   
 234 0164 00000000 	  .word     I2C3_ER_IRQHandler                /* I2C3 error                   */                   
 235 0168 00000000 	  .word     OTG_HS_EP1_OUT_IRQHandler         /* USB OTG HS End Point 1 Out   */                   
 236 016c 00000000 	  .word     OTG_HS_EP1_IN_IRQHandler          /* USB OTG HS End Point 1 In    */                   
 237 0170 00000000 	  .word     OTG_HS_WKUP_IRQHandler            /* USB OTG HS Wakeup through EXTI */                 
 238 0174 00000000 	  .word     OTG_HS_IRQHandler                 /* USB OTG HS                   */                   
 239 0178 00000000 	  .word     DCMI_IRQHandler                   /* DCMI                         */                   
 240 017c 00000000 	  .word     CRYP_IRQHandler                   /* CRYP crypto                  */                   
 241 0180 00000000 	  .word     HASH_RNG_IRQHandler               /* Hash and Rng                 */
 242              	             
 243              	/*******************************************************************************
 244              	*
 245              	* Provide weak aliases for each Exception handler to the Default_Handler. 
 246              	* As they are weak aliases, any function with the same name will override 
 247              	* this definition.
 248              	* 
 249              	*******************************************************************************/
 250              	   .weak      NMI_Handler
 251              	   .thumb_set NMI_Handler,Default_Handler
 252              	  
 253              	   .weak      HardFault_Handler
 254              	   .thumb_set HardFault_Handler,Default_Handler
 255              	  
 256              	   .weak      MemManage_Handler
 257              	   .thumb_set MemManage_Handler,Default_Handler
 258              	  
 259              	   .weak      BusFault_Handler
 260              	   .thumb_set BusFault_Handler,Default_Handler
 261              	
 262              	   .weak      UsageFault_Handler
 263              	   .thumb_set UsageFault_Handler,Default_Handler
 264              	
 265              	   .weak      SVC_Handler
 266              	   .thumb_set SVC_Handler,Default_Handler
 267              	
 268              	   .weak      DebugMon_Handler
 269              	   .thumb_set DebugMon_Handler,Default_Handler
 270              	
 271              	   .weak      PendSV_Handler
 272              	   .thumb_set PendSV_Handler,Default_Handler
 273              	
 274              	   .weak      SysTick_Handler
 275              	   .thumb_set SysTick_Handler,Default_Handler              
 276              	  
 277              	   .weak      WWDG_IRQHandler                   
 278              	   .thumb_set WWDG_IRQHandler,Default_Handler      
 279              	                  
 280              	   .weak      PVD_IRQHandler      
 281              	   .thumb_set PVD_IRQHandler,Default_Handler
 282              	               
 283              	   .weak      TAMP_STAMP_IRQHandler            
 284              	   .thumb_set TAMP_STAMP_IRQHandler,Default_Handler
 285              	            
 286              	   .weak      RTC_WKUP_IRQHandler                  
 287              	   .thumb_set RTC_WKUP_IRQHandler,Default_Handler
 288              	            
 289              	   .weak      FLASH_IRQHandler         
 290              	   .thumb_set FLASH_IRQHandler,Default_Handler
 291              	                  
 292              	   .weak      RCC_IRQHandler      
 293              	   .thumb_set RCC_IRQHandler,Default_Handler
 294              	                  
 295              	   .weak      EXTI0_IRQHandler         
 296              	   .thumb_set EXTI0_IRQHandler,Default_Handler
 297              	                  
 298              	   .weak      EXTI1_IRQHandler         
 299              	   .thumb_set EXTI1_IRQHandler,Default_Handler
 300              	                     
 301              	   .weak      EXTI2_IRQHandler         
 302              	   .thumb_set EXTI2_IRQHandler,Default_Handler 
 303              	                 
 304              	   .weak      EXTI3_IRQHandler         
 305              	   .thumb_set EXTI3_IRQHandler,Default_Handler
 306              	                        
 307              	   .weak      EXTI4_IRQHandler         
 308              	   .thumb_set EXTI4_IRQHandler,Default_Handler
 309              	                  
 310              	   .weak      DMA1_Stream0_IRQHandler               
 311              	   .thumb_set DMA1_Stream0_IRQHandler,Default_Handler
 312              	         
 313              	   .weak      DMA1_Stream1_IRQHandler               
 314              	   .thumb_set DMA1_Stream1_IRQHandler,Default_Handler
 315              	                  
 316              	   .weak      DMA1_Stream2_IRQHandler               
 317              	   .thumb_set DMA1_Stream2_IRQHandler,Default_Handler
 318              	                  
 319              	   .weak      DMA1_Stream3_IRQHandler               
 320              	   .thumb_set DMA1_Stream3_IRQHandler,Default_Handler 
 321              	                 
 322              	   .weak      DMA1_Stream4_IRQHandler              
 323              	   .thumb_set DMA1_Stream4_IRQHandler,Default_Handler
 324              	                  
 325              	   .weak      DMA1_Stream5_IRQHandler               
 326              	   .thumb_set DMA1_Stream5_IRQHandler,Default_Handler
 327              	                  
 328              	   .weak      DMA1_Stream6_IRQHandler               
 329              	   .thumb_set DMA1_Stream6_IRQHandler,Default_Handler
 330              	                  
 331              	   .weak      ADC_IRQHandler      
 332              	   .thumb_set ADC_IRQHandler,Default_Handler
 333              	               
 334              	   .weak      CAN1_TX_IRQHandler   
 335              	   .thumb_set CAN1_TX_IRQHandler,Default_Handler
 336              	            
 337              	   .weak      CAN1_RX0_IRQHandler                  
 338              	   .thumb_set CAN1_RX0_IRQHandler,Default_Handler
 339              	                           
 340              	   .weak      CAN1_RX1_IRQHandler                  
 341              	   .thumb_set CAN1_RX1_IRQHandler,Default_Handler
 342              	            
 343              	   .weak      CAN1_SCE_IRQHandler                  
 344              	   .thumb_set CAN1_SCE_IRQHandler,Default_Handler
 345              	            
 346              	   .weak      EXTI9_5_IRQHandler   
 347              	   .thumb_set EXTI9_5_IRQHandler,Default_Handler
 348              	            
 349              	   .weak      TIM1_BRK_TIM9_IRQHandler            
 350              	   .thumb_set TIM1_BRK_TIM9_IRQHandler,Default_Handler
 351              	            
 352              	   .weak      TIM1_UP_TIM10_IRQHandler            
 353              	   .thumb_set TIM1_UP_TIM10_IRQHandler,Default_Handler
 354              	
 355              	   .weak      TIM1_TRG_COM_TIM11_IRQHandler      
 356              	   .thumb_set TIM1_TRG_COM_TIM11_IRQHandler,Default_Handler
 357              	      
 358              	   .weak      TIM1_CC_IRQHandler   
 359              	   .thumb_set TIM1_CC_IRQHandler,Default_Handler
 360              	                  
 361              	   .weak      TIM2_IRQHandler            
 362              	   .thumb_set TIM2_IRQHandler,Default_Handler
 363              	                  
 364              	   .weak      TIM3_IRQHandler            
 365              	   .thumb_set TIM3_IRQHandler,Default_Handler
 366              	                  
 367              	   .weak      TIM4_IRQHandler            
 368              	   .thumb_set TIM4_IRQHandler,Default_Handler
 369              	                  
 370              	   .weak      I2C1_EV_IRQHandler   
 371              	   .thumb_set I2C1_EV_IRQHandler,Default_Handler
 372              	                     
 373              	   .weak      I2C1_ER_IRQHandler   
 374              	   .thumb_set I2C1_ER_IRQHandler,Default_Handler
 375              	                     
 376              	   .weak      I2C2_EV_IRQHandler   
 377              	   .thumb_set I2C2_EV_IRQHandler,Default_Handler
 378              	                  
 379              	   .weak      I2C2_ER_IRQHandler   
 380              	   .thumb_set I2C2_ER_IRQHandler,Default_Handler
 381              	                           
 382              	   .weak      SPI1_IRQHandler            
 383              	   .thumb_set SPI1_IRQHandler,Default_Handler
 384              	                        
 385              	   .weak      SPI2_IRQHandler            
 386              	   .thumb_set SPI2_IRQHandler,Default_Handler
 387              	                  
 388              	   .weak      USART1_IRQHandler      
 389              	   .thumb_set USART1_IRQHandler,Default_Handler
 390              	                     
 391              	   .weak      USART2_IRQHandler      
 392              	   .thumb_set USART2_IRQHandler,Default_Handler
 393              	                     
 394              	   .weak      USART3_IRQHandler      
 395              	   .thumb_set USART3_IRQHandler,Default_Handler
 396              	                  
 397              	   .weak      EXTI15_10_IRQHandler               
 398              	   .thumb_set EXTI15_10_IRQHandler,Default_Handler
 399              	               
 400              	   .weak      RTC_Alarm_IRQHandler               
 401              	   .thumb_set RTC_Alarm_IRQHandler,Default_Handler
 402              	            
 403              	   .weak      OTG_FS_WKUP_IRQHandler         
 404              	   .thumb_set OTG_FS_WKUP_IRQHandler,Default_Handler
 405              	            
 406              	   .weak      TIM8_BRK_TIM12_IRQHandler         
 407              	   .thumb_set TIM8_BRK_TIM12_IRQHandler,Default_Handler
 408              	         
 409              	   .weak      TIM8_UP_TIM13_IRQHandler            
 410              	   .thumb_set TIM8_UP_TIM13_IRQHandler,Default_Handler
 411              	         
 412              	   .weak      TIM8_TRG_COM_TIM14_IRQHandler      
 413              	   .thumb_set TIM8_TRG_COM_TIM14_IRQHandler,Default_Handler
 414              	      
 415              	   .weak      TIM8_CC_IRQHandler   
 416              	   .thumb_set TIM8_CC_IRQHandler,Default_Handler
 417              	                  
 418              	   .weak      DMA1_Stream7_IRQHandler               
 419              	   .thumb_set DMA1_Stream7_IRQHandler,Default_Handler
 420              	                     
 421              	   .weak      FSMC_IRQHandler            
 422              	   .thumb_set FSMC_IRQHandler,Default_Handler
 423              	                     
 424              	   .weak      SDIO_IRQHandler            
 425              	   .thumb_set SDIO_IRQHandler,Default_Handler
 426              	                     
 427              	   .weak      TIM5_IRQHandler            
 428              	   .thumb_set TIM5_IRQHandler,Default_Handler
 429              	                     
 430              	   .weak      SPI3_IRQHandler            
 431              	   .thumb_set SPI3_IRQHandler,Default_Handler
 432              	                     
 433              	   .weak      UART4_IRQHandler         
 434              	   .thumb_set UART4_IRQHandler,Default_Handler
 435              	                  
 436              	   .weak      UART5_IRQHandler         
 437              	   .thumb_set UART5_IRQHandler,Default_Handler
 438              	                  
 439              	   .weak      TIM6_DAC_IRQHandler                  
 440              	   .thumb_set TIM6_DAC_IRQHandler,Default_Handler
 441              	               
 442              	   .weak      TIM7_IRQHandler            
 443              	   .thumb_set TIM7_IRQHandler,Default_Handler
 444              	         
 445              	   .weak      DMA2_Stream0_IRQHandler               
 446              	   .thumb_set DMA2_Stream0_IRQHandler,Default_Handler
 447              	               
 448              	   .weak      DMA2_Stream1_IRQHandler               
 449              	   .thumb_set DMA2_Stream1_IRQHandler,Default_Handler
 450              	                  
 451              	   .weak      DMA2_Stream2_IRQHandler               
 452              	   .thumb_set DMA2_Stream2_IRQHandler,Default_Handler
 453              	            
 454              	   .weak      DMA2_Stream3_IRQHandler               
 455              	   .thumb_set DMA2_Stream3_IRQHandler,Default_Handler
 456              	            
 457              	   .weak      DMA2_Stream4_IRQHandler               
 458              	   .thumb_set DMA2_Stream4_IRQHandler,Default_Handler
 459              	   
 460              	   .weak      ETH_IRQHandler               
 461              	   .thumb_set ETH_IRQHandler,Default_Handler
 462              	
 463              	   .weak      ETH_WKUP_IRQHandler               
 464              	   .thumb_set ETH_WKUP_IRQHandler,Default_Handler
 465              	
 466              	   .weak      CAN2_TX_IRQHandler   
 467              	   .thumb_set CAN2_TX_IRQHandler,Default_Handler
 468              	                           
 469              	   .weak      CAN2_RX0_IRQHandler                  
 470              	   .thumb_set CAN2_RX0_IRQHandler,Default_Handler
 471              	                           
 472              	   .weak      CAN2_RX1_IRQHandler                  
 473              	   .thumb_set CAN2_RX1_IRQHandler,Default_Handler
 474              	                           
 475              	   .weak      CAN2_SCE_IRQHandler                  
 476              	   .thumb_set CAN2_SCE_IRQHandler,Default_Handler
 477              	                           
 478              	   .weak      OTG_FS_IRQHandler      
 479              	   .thumb_set OTG_FS_IRQHandler,Default_Handler
 480              	                     
 481              	   .weak      DMA2_Stream5_IRQHandler               
 482              	   .thumb_set DMA2_Stream5_IRQHandler,Default_Handler
 483              	                  
 484              	   .weak      DMA2_Stream6_IRQHandler               
 485              	   .thumb_set DMA2_Stream6_IRQHandler,Default_Handler
 486              	                  
 487              	   .weak      DMA2_Stream7_IRQHandler               
 488              	   .thumb_set DMA2_Stream7_IRQHandler,Default_Handler
 489              	                  
 490              	   .weak      USART6_IRQHandler      
 491              	   .thumb_set USART6_IRQHandler,Default_Handler
 492              	                        
 493              	   .weak      I2C3_EV_IRQHandler   
 494              	   .thumb_set I2C3_EV_IRQHandler,Default_Handler
 495              	                        
 496              	   .weak      I2C3_ER_IRQHandler   
 497              	   .thumb_set I2C3_ER_IRQHandler,Default_Handler
 498              	                        
 499              	   .weak      OTG_HS_EP1_OUT_IRQHandler         
 500              	   .thumb_set OTG_HS_EP1_OUT_IRQHandler,Default_Handler
 501              	               
 502              	   .weak      OTG_HS_EP1_IN_IRQHandler            
 503              	   .thumb_set OTG_HS_EP1_IN_IRQHandler,Default_Handler
 504              	               
 505              	   .weak      OTG_HS_WKUP_IRQHandler         
 506              	   .thumb_set OTG_HS_WKUP_IRQHandler,Default_Handler
 507              	            
 508              	   .weak      OTG_HS_IRQHandler      
 509              	   .thumb_set OTG_HS_IRQHandler,Default_Handler
 510              	                  
 511              	   .weak      DCMI_IRQHandler            
 512              	   .thumb_set DCMI_IRQHandler,Default_Handler
 513              	
 514              	   .weak      CRYP_IRQHandler            
 515              	   .thumb_set CRYP_IRQHandler,Default_Handler
 516              	                                   
 517              	   .weak      HASH_RNG_IRQHandler                  
 518              	   .thumb_set HASH_RNG_IRQHandler,Default_Handler   
DEFINED SYMBOLS
../system/startup_stm32f217xx.S:141    .isr_vector:00000000 g_pfnVectors
../system/startup_stm32f217xx.S:126    .text.Default_Handler:00000000 Default_Handler
../system/startup_stm32f217xx.S:78     .text.Reset_Handler:00000000 Reset_Handler
../system/startup_stm32f217xx.S:79     .text.Reset_Handler:00000000 $t
../system/startup_stm32f217xx.S:91     .text.Reset_Handler:00000010 LoopCopyDataInit
../system/startup_stm32f217xx.S:85     .text.Reset_Handler:00000008 CopyDataInit
../system/startup_stm32f217xx.S:104    .text.Reset_Handler:00000024 LoopFillZerobss
../system/startup_stm32f217xx.S:100    .text.Reset_Handler:0000001e FillZerobss
../system/startup_stm32f217xx.S:127    .text.Default_Handler:00000000 Infinite_Loop
../system/startup_stm32f217xx.S:128    .text.Default_Handler:00000000 $t
../system/startup_stm32f217xx.S:126    .text.Default_Handler:00000000 NMI_Handler
../system/startup_stm32f217xx.S:126    .text.Default_Handler:00000000 HardFault_Handler
../system/startup_stm32f217xx.S:126    .text.Default_Handler:00000000 MemManage_Handler
../system/startup_stm32f217xx.S:126    .text.Default_Handler:00000000 BusFault_Handler
../system/startup_stm32f217xx.S:126    .text.Default_Handler:00000000 UsageFault_Handler
../system/startup_stm32f217xx.S:126    .text.Default_Handler:00000000 SVC_Handler
../system/startup_stm32f217xx.S:126    .text.Default_Handler:00000000 DebugMon_Handler
../system/startup_stm32f217xx.S:126    .text.Default_Handler:00000000 PendSV_Handler
../system/startup_stm32f217xx.S:126    .text.Default_Handler:00000000 SysTick_Handler
../system/startup_stm32f217xx.S:126    .text.Default_Handler:00000000 WWDG_IRQHandler
../system/startup_stm32f217xx.S:126    .text.Default_Handler:00000000 PVD_IRQHandler
../system/startup_stm32f217xx.S:126    .text.Default_Handler:00000000 TAMP_STAMP_IRQHandler
../system/startup_stm32f217xx.S:126    .text.Default_Handler:00000000 RTC_WKUP_IRQHandler
../system/startup_stm32f217xx.S:126    .text.Default_Handler:00000000 FLASH_IRQHandler
../system/startup_stm32f217xx.S:126    .text.Default_Handler:00000000 RCC_IRQHandler
../system/startup_stm32f217xx.S:126    .text.Default_Handler:00000000 EXTI0_IRQHandler
../system/startup_stm32f217xx.S:126    .text.Default_Handler:00000000 EXTI1_IRQHandler
../system/startup_stm32f217xx.S:126    .text.Default_Handler:00000000 EXTI2_IRQHandler
../system/startup_stm32f217xx.S:126    .text.Default_Handler:00000000 EXTI3_IRQHandler
../system/startup_stm32f217xx.S:126    .text.Default_Handler:00000000 EXTI4_IRQHandler
../system/startup_stm32f217xx.S:126    .text.Default_Handler:00000000 DMA1_Stream0_IRQHandler
../system/startup_stm32f217xx.S:126    .text.Default_Handler:00000000 DMA1_Stream1_IRQHandler
../system/startup_stm32f217xx.S:126    .text.Default_Handler:00000000 DMA1_Stream2_IRQHandler
../system/startup_stm32f217xx.S:126    .text.Default_Handler:00000000 DMA1_Stream3_IRQHandler
../system/startup_stm32f217xx.S:126    .text.Default_Handler:00000000 DMA1_Stream4_IRQHandler
../system/startup_stm32f217xx.S:126    .text.Default_Handler:00000000 DMA1_Stream5_IRQHandler
../system/startup_stm32f217xx.S:126    .text.Default_Handler:00000000 DMA1_Stream6_IRQHandler
../system/startup_stm32f217xx.S:126    .text.Default_Handler:00000000 ADC_IRQHandler
../system/startup_stm32f217xx.S:126    .text.Default_Handler:00000000 CAN1_TX_IRQHandler
../system/startup_stm32f217xx.S:126    .text.Default_Handler:00000000 CAN1_RX0_IRQHandler
../system/startup_stm32f217xx.S:126    .text.Default_Handler:00000000 CAN1_RX1_IRQHandler
../system/startup_stm32f217xx.S:126    .text.Default_Handler:00000000 CAN1_SCE_IRQHandler
../system/startup_stm32f217xx.S:126    .text.Default_Handler:00000000 EXTI9_5_IRQHandler
../system/startup_stm32f217xx.S:126    .text.Default_Handler:00000000 TIM1_BRK_TIM9_IRQHandler
../system/startup_stm32f217xx.S:126    .text.Default_Handler:00000000 TIM1_UP_TIM10_IRQHandler
../system/startup_stm32f217xx.S:126    .text.Default_Handler:00000000 TIM1_TRG_COM_TIM11_IRQHandler
../system/startup_stm32f217xx.S:126    .text.Default_Handler:00000000 TIM1_CC_IRQHandler
../system/startup_stm32f217xx.S:126    .text.Default_Handler:00000000 TIM2_IRQHandler
../system/startup_stm32f217xx.S:126    .text.Default_Handler:00000000 TIM3_IRQHandler
../system/startup_stm32f217xx.S:126    .text.Default_Handler:00000000 TIM4_IRQHandler
../system/startup_stm32f217xx.S:126    .text.Default_Handler:00000000 I2C1_EV_IRQHandler
../system/startup_stm32f217xx.S:126    .text.Default_Handler:00000000 I2C1_ER_IRQHandler
../system/startup_stm32f217xx.S:126    .text.Default_Handler:00000000 I2C2_EV_IRQHandler
../system/startup_stm32f217xx.S:126    .text.Default_Handler:00000000 I2C2_ER_IRQHandler
../system/startup_stm32f217xx.S:126    .text.Default_Handler:00000000 SPI1_IRQHandler
../system/startup_stm32f217xx.S:126    .text.Default_Handler:00000000 SPI2_IRQHandler
../system/startup_stm32f217xx.S:126    .text.Default_Handler:00000000 USART1_IRQHandler
../system/startup_stm32f217xx.S:126    .text.Default_Handler:00000000 USART2_IRQHandler
../system/startup_stm32f217xx.S:126    .text.Default_Handler:00000000 USART3_IRQHandler
../system/startup_stm32f217xx.S:126    .text.Default_Handler:00000000 EXTI15_10_IRQHandler
../system/startup_stm32f217xx.S:126    .text.Default_Handler:00000000 RTC_Alarm_IRQHandler
../system/startup_stm32f217xx.S:126    .text.Default_Handler:00000000 OTG_FS_WKUP_IRQHandler
../system/startup_stm32f217xx.S:126    .text.Default_Handler:00000000 TIM8_BRK_TIM12_IRQHandler
../system/startup_stm32f217xx.S:126    .text.Default_Handler:00000000 TIM8_UP_TIM13_IRQHandler
../system/startup_stm32f217xx.S:126    .text.Default_Handler:00000000 TIM8_TRG_COM_TIM14_IRQHandler
../system/startup_stm32f217xx.S:126    .text.Default_Handler:00000000 TIM8_CC_IRQHandler
../system/startup_stm32f217xx.S:126    .text.Default_Handler:00000000 DMA1_Stream7_IRQHandler
../system/startup_stm32f217xx.S:126    .text.Default_Handler:00000000 FSMC_IRQHandler
../system/startup_stm32f217xx.S:126    .text.Default_Handler:00000000 SDIO_IRQHandler
../system/startup_stm32f217xx.S:126    .text.Default_Handler:00000000 TIM5_IRQHandler
../system/startup_stm32f217xx.S:126    .text.Default_Handler:00000000 SPI3_IRQHandler
../system/startup_stm32f217xx.S:126    .text.Default_Handler:00000000 UART4_IRQHandler
../system/startup_stm32f217xx.S:126    .text.Default_Handler:00000000 UART5_IRQHandler
../system/startup_stm32f217xx.S:126    .text.Default_Handler:00000000 TIM6_DAC_IRQHandler
../system/startup_stm32f217xx.S:126    .text.Default_Handler:00000000 TIM7_IRQHandler
../system/startup_stm32f217xx.S:126    .text.Default_Handler:00000000 DMA2_Stream0_IRQHandler
../system/startup_stm32f217xx.S:126    .text.Default_Handler:00000000 DMA2_Stream1_IRQHandler
../system/startup_stm32f217xx.S:126    .text.Default_Handler:00000000 DMA2_Stream2_IRQHandler
../system/startup_stm32f217xx.S:126    .text.Default_Handler:00000000 DMA2_Stream3_IRQHandler
../system/startup_stm32f217xx.S:126    .text.Default_Handler:00000000 DMA2_Stream4_IRQHandler
../system/startup_stm32f217xx.S:126    .text.Default_Handler:00000000 ETH_IRQHandler
../system/startup_stm32f217xx.S:126    .text.Default_Handler:00000000 ETH_WKUP_IRQHandler
../system/startup_stm32f217xx.S:126    .text.Default_Handler:00000000 CAN2_TX_IRQHandler
../system/startup_stm32f217xx.S:126    .text.Default_Handler:00000000 CAN2_RX0_IRQHandler
../system/startup_stm32f217xx.S:126    .text.Default_Handler:00000000 CAN2_RX1_IRQHandler
../system/startup_stm32f217xx.S:126    .text.Default_Handler:00000000 CAN2_SCE_IRQHandler
../system/startup_stm32f217xx.S:126    .text.Default_Handler:00000000 OTG_FS_IRQHandler
../system/startup_stm32f217xx.S:126    .text.Default_Handler:00000000 DMA2_Stream5_IRQHandler
../system/startup_stm32f217xx.S:126    .text.Default_Handler:00000000 DMA2_Stream6_IRQHandler
../system/startup_stm32f217xx.S:126    .text.Default_Handler:00000000 DMA2_Stream7_IRQHandler
../system/startup_stm32f217xx.S:126    .text.Default_Handler:00000000 USART6_IRQHandler
../system/startup_stm32f217xx.S:126    .text.Default_Handler:00000000 I2C3_EV_IRQHandler
../system/startup_stm32f217xx.S:126    .text.Default_Handler:00000000 I2C3_ER_IRQHandler
../system/startup_stm32f217xx.S:126    .text.Default_Handler:00000000 OTG_HS_EP1_OUT_IRQHandler
../system/startup_stm32f217xx.S:126    .text.Default_Handler:00000000 OTG_HS_EP1_IN_IRQHandler
../system/startup_stm32f217xx.S:126    .text.Default_Handler:00000000 OTG_HS_WKUP_IRQHandler
../system/startup_stm32f217xx.S:126    .text.Default_Handler:00000000 OTG_HS_IRQHandler
../system/startup_stm32f217xx.S:126    .text.Default_Handler:00000000 DCMI_IRQHandler
../system/startup_stm32f217xx.S:126    .text.Default_Handler:00000000 CRYP_IRQHandler
../system/startup_stm32f217xx.S:126    .text.Default_Handler:00000000 HASH_RNG_IRQHandler
../system/startup_stm32f217xx.S:125    .text.Reset_Handler:00000038 $d
                   .debug_aranges:0000000c $d

UNDEFINED SYMBOLS
_sidata
_sdata
_edata
_sbss
_ebss
_estack
SystemInit
__libc_init_array
main
