   1              		.syntax unified
   2              		.cpu cortex-m3
   3              		.fpu softvfp
   4              		.eabi_attribute 20, 1
   5              		.eabi_attribute 21, 1
   6              		.eabi_attribute 23, 3
   7              		.eabi_attribute 24, 1
   8              		.eabi_attribute 25, 1
   9              		.eabi_attribute 26, 1
  10              		.eabi_attribute 30, 6
  11              		.eabi_attribute 34, 1
  12              		.eabi_attribute 18, 4
  13              		.thumb
  14              		.file	"syscalls.c"
  15              		.text
  16              	.Ltext0:
  17              		.cfi_sections	.debug_frame
  18              		.align	2
  19              		.global	_sbrk
  20              		.thumb
  21              		.thumb_func
  23              	_sbrk:
  24              	.LFB0:
  25              		.file 1 "../system/syscalls.c"
   1:../system/syscalls.c **** /* Support files for GNU libc.  Files in the system namespace go here.
   2:../system/syscalls.c ****    Files in the C namespace (ie those that do not start with an
   3:../system/syscalls.c ****    underscore) go in .c.  */
   4:../system/syscalls.c **** 
   5:../system/syscalls.c **** #include <_ansi.h>
   6:../system/syscalls.c **** #include <sys/types.h>
   7:../system/syscalls.c **** #include <sys/stat.h>
   8:../system/syscalls.c **** #include <sys/fcntl.h>
   9:../system/syscalls.c **** #include <stdio.h>
  10:../system/syscalls.c **** #include <string.h>
  11:../system/syscalls.c **** #include <time.h>
  12:../system/syscalls.c **** #include <sys/time.h>
  13:../system/syscalls.c **** #include <sys/times.h>
  14:../system/syscalls.c **** #include <errno.h>
  15:../system/syscalls.c **** #include <reent.h>
  16:../system/syscalls.c **** #include <unistd.h>
  17:../system/syscalls.c **** #include <sys/wait.h>
  18:../system/syscalls.c **** 
  19:../system/syscalls.c **** #undef errno
  20:../system/syscalls.c **** extern int errno;
  21:../system/syscalls.c **** 
  22:../system/syscalls.c **** #define FreeRTOS
  23:../system/syscalls.c **** #define MAX_STACK_SIZE 0x200
  24:../system/syscalls.c **** 
  25:../system/syscalls.c **** extern int __io_putchar(int ch) __attribute__((weak));
  26:../system/syscalls.c **** extern int __io_getchar(void) __attribute__((weak));
  27:../system/syscalls.c **** 
  28:../system/syscalls.c **** #ifndef FreeRTOS
  29:../system/syscalls.c ****   register char * stack_ptr asm("sp");
  30:../system/syscalls.c **** #endif
  31:../system/syscalls.c **** 
  32:../system/syscalls.c **** 
  33:../system/syscalls.c **** 
  34:../system/syscalls.c **** 
  35:../system/syscalls.c **** caddr_t _sbrk(int incr)
  36:../system/syscalls.c **** {
  26              		.loc 1 36 0
  27              		.cfi_startproc
  28              		@ args = 0, pretend = 0, frame = 16
  29              		@ frame_needed = 1, uses_anonymous_args = 0
  30              		@ link register save eliminated.
  31 0000 80B4     		push	{r7}
  32              		.cfi_def_cfa_offset 4
  33              		.cfi_offset 7, -4
  34 0002 85B0     		sub	sp, sp, #20
  35              		.cfi_def_cfa_offset 24
  36 0004 00AF     		add	r7, sp, #0
  37              		.cfi_def_cfa_register 7
  38 0006 7860     		str	r0, [r7, #4]
  37:../system/syscalls.c **** 	extern char end asm("end");
  38:../system/syscalls.c **** 	static char *heap_end;
  39:../system/syscalls.c **** 	char *prev_heap_end,*min_stack_ptr;
  40:../system/syscalls.c **** 
  41:../system/syscalls.c **** 	if (heap_end == 0)
  39              		.loc 1 41 0
  40 0008 40F20003 		movw	r3, #:lower16:heap_end.5617
  41 000c C0F20003 		movt	r3, #:upper16:heap_end.5617
  42 0010 1B68     		ldr	r3, [r3]
  43 0012 002B     		cmp	r3, #0
  44 0014 08D1     		bne	.L2
  42:../system/syscalls.c **** 		heap_end = &end;
  45              		.loc 1 42 0
  46 0016 40F20003 		movw	r3, #:lower16:heap_end.5617
  47 001a C0F20003 		movt	r3, #:upper16:heap_end.5617
  48 001e 40F20002 		movw	r2, #:lower16:end
  49 0022 C0F20002 		movt	r2, #:upper16:end
  50 0026 1A60     		str	r2, [r3]
  51              	.L2:
  43:../system/syscalls.c **** 
  44:../system/syscalls.c **** 	prev_heap_end = heap_end;
  52              		.loc 1 44 0
  53 0028 40F20003 		movw	r3, #:lower16:heap_end.5617
  54 002c C0F20003 		movt	r3, #:upper16:heap_end.5617
  55 0030 1B68     		ldr	r3, [r3]
  56 0032 FB60     		str	r3, [r7, #12]
  45:../system/syscalls.c **** 
  46:../system/syscalls.c **** #ifdef FreeRTOS
  47:../system/syscalls.c **** 	/* Use the NVIC offset register to locate the main stack pointer. */
  48:../system/syscalls.c **** 	min_stack_ptr = (char*)(*(unsigned int *)*(unsigned int *)0xE000ED08);
  57              		.loc 1 48 0
  58 0034 4EF60853 		movw	r3, #60680
  59 0038 CEF20003 		movt	r3, 57344
  60 003c 1B68     		ldr	r3, [r3]
  61 003e 1B68     		ldr	r3, [r3]
  62 0040 BB60     		str	r3, [r7, #8]
  49:../system/syscalls.c **** 	/* Locate the STACK bottom address */
  50:../system/syscalls.c **** 	min_stack_ptr -= MAX_STACK_SIZE;
  63              		.loc 1 50 0
  64 0042 BB68     		ldr	r3, [r7, #8]
  65 0044 A3F50073 		sub	r3, r3, #512
  66 0048 BB60     		str	r3, [r7, #8]
  51:../system/syscalls.c **** 
  52:../system/syscalls.c **** 	if (heap_end + incr > min_stack_ptr)
  67              		.loc 1 52 0
  68 004a 40F20003 		movw	r3, #:lower16:heap_end.5617
  69 004e C0F20003 		movt	r3, #:upper16:heap_end.5617
  70 0052 1A68     		ldr	r2, [r3]
  71 0054 7B68     		ldr	r3, [r7, #4]
  72 0056 1A44     		add	r2, r2, r3
  73 0058 BB68     		ldr	r3, [r7, #8]
  74 005a 9A42     		cmp	r2, r3
  75 005c 08D9     		bls	.L3
  53:../system/syscalls.c **** #else
  54:../system/syscalls.c **** 	if (heap_end + incr > stack_ptr)
  55:../system/syscalls.c **** #endif
  56:../system/syscalls.c **** 	{
  57:../system/syscalls.c **** //		write(1, "Heap and stack collision\n", 25);
  58:../system/syscalls.c **** //		abort();
  59:../system/syscalls.c **** 		errno = ENOMEM;
  76              		.loc 1 59 0
  77 005e 40F20003 		movw	r3, #:lower16:errno
  78 0062 C0F20003 		movt	r3, #:upper16:errno
  79 0066 0C22     		movs	r2, #12
  80 0068 1A60     		str	r2, [r3]
  60:../system/syscalls.c **** 		return (caddr_t) -1;
  81              		.loc 1 60 0
  82 006a 4FF0FF33 		mov	r3, #-1
  83 006e 0CE0     		b	.L4
  84              	.L3:
  61:../system/syscalls.c **** 	}
  62:../system/syscalls.c **** 
  63:../system/syscalls.c **** 	heap_end += incr;
  85              		.loc 1 63 0
  86 0070 40F20003 		movw	r3, #:lower16:heap_end.5617
  87 0074 C0F20003 		movt	r3, #:upper16:heap_end.5617
  88 0078 1A68     		ldr	r2, [r3]
  89 007a 7B68     		ldr	r3, [r7, #4]
  90 007c 1A44     		add	r2, r2, r3
  91 007e 40F20003 		movw	r3, #:lower16:heap_end.5617
  92 0082 C0F20003 		movt	r3, #:upper16:heap_end.5617
  93 0086 1A60     		str	r2, [r3]
  64:../system/syscalls.c **** 
  65:../system/syscalls.c **** 	return (caddr_t) prev_heap_end;
  94              		.loc 1 65 0
  95 0088 FB68     		ldr	r3, [r7, #12]
  96              	.L4:
  66:../system/syscalls.c **** }
  97              		.loc 1 66 0
  98 008a 1846     		mov	r0, r3
  99 008c 1437     		adds	r7, r7, #20
 100 008e BD46     		mov	sp, r7
 101              		@ sp needed
 102 0090 5DF8047B 		ldr	r7, [sp], #4
 103 0094 7047     		bx	lr
 104              		.cfi_endproc
 105              	.LFE0:
 107 0096 00BF     		.align	2
 108              		.global	_gettimeofday
 109              		.thumb
 110              		.thumb_func
 112              	_gettimeofday:
 113              	.LFB1:
  67:../system/syscalls.c **** 
  68:../system/syscalls.c **** /*
  69:../system/syscalls.c ****  * _gettimeofday primitive (Stub function)
  70:../system/syscalls.c ****  * */
  71:../system/syscalls.c **** int _gettimeofday (struct timeval * tp, struct timezone * tzp)
  72:../system/syscalls.c **** {
 114              		.loc 1 72 0
 115              		.cfi_startproc
 116              		@ args = 0, pretend = 0, frame = 8
 117              		@ frame_needed = 1, uses_anonymous_args = 0
 118              		@ link register save eliminated.
 119 0098 80B4     		push	{r7}
 120              		.cfi_def_cfa_offset 4
 121              		.cfi_offset 7, -4
 122 009a 83B0     		sub	sp, sp, #12
 123              		.cfi_def_cfa_offset 16
 124 009c 00AF     		add	r7, sp, #0
 125              		.cfi_def_cfa_register 7
 126 009e 7860     		str	r0, [r7, #4]
 127 00a0 3960     		str	r1, [r7]
  73:../system/syscalls.c ****   /* Return fixed data for the timezone.  */
  74:../system/syscalls.c ****   if (tzp)
 128              		.loc 1 74 0
 129 00a2 3B68     		ldr	r3, [r7]
 130 00a4 002B     		cmp	r3, #0
 131 00a6 05D0     		beq	.L6
  75:../system/syscalls.c ****     {
  76:../system/syscalls.c ****       tzp->tz_minuteswest = 0;
 132              		.loc 1 76 0
 133 00a8 3B68     		ldr	r3, [r7]
 134 00aa 0022     		movs	r2, #0
 135 00ac 1A60     		str	r2, [r3]
  77:../system/syscalls.c ****       tzp->tz_dsttime = 0;
 136              		.loc 1 77 0
 137 00ae 3B68     		ldr	r3, [r7]
 138 00b0 0022     		movs	r2, #0
 139 00b2 5A60     		str	r2, [r3, #4]
 140              	.L6:
  78:../system/syscalls.c ****     }
  79:../system/syscalls.c **** 
  80:../system/syscalls.c ****   return 0;
 141              		.loc 1 80 0
 142 00b4 0023     		movs	r3, #0
  81:../system/syscalls.c **** }
 143              		.loc 1 81 0
 144 00b6 1846     		mov	r0, r3
 145 00b8 0C37     		adds	r7, r7, #12
 146 00ba BD46     		mov	sp, r7
 147              		@ sp needed
 148 00bc 5DF8047B 		ldr	r7, [sp], #4
 149 00c0 7047     		bx	lr
 150              		.cfi_endproc
 151              	.LFE1:
 153 00c2 00BF     		.align	2
 154              		.global	initialise_monitor_handles
 155              		.thumb
 156              		.thumb_func
 158              	initialise_monitor_handles:
 159              	.LFB2:
  82:../system/syscalls.c **** void initialise_monitor_handles()
  83:../system/syscalls.c **** {
 160              		.loc 1 83 0
 161              		.cfi_startproc
 162              		@ args = 0, pretend = 0, frame = 0
 163              		@ frame_needed = 1, uses_anonymous_args = 0
 164              		@ link register save eliminated.
 165 00c4 80B4     		push	{r7}
 166              		.cfi_def_cfa_offset 4
 167              		.cfi_offset 7, -4
 168 00c6 00AF     		add	r7, sp, #0
 169              		.cfi_def_cfa_register 7
  84:../system/syscalls.c **** }
 170              		.loc 1 84 0
 171 00c8 BD46     		mov	sp, r7
 172              		@ sp needed
 173 00ca 5DF8047B 		ldr	r7, [sp], #4
 174 00ce 7047     		bx	lr
 175              		.cfi_endproc
 176              	.LFE2:
 178              		.align	2
 179              		.global	_getpid
 180              		.thumb
 181              		.thumb_func
 183              	_getpid:
 184              	.LFB3:
  85:../system/syscalls.c **** 
  86:../system/syscalls.c **** int _getpid(void)
  87:../system/syscalls.c **** {
 185              		.loc 1 87 0
 186              		.cfi_startproc
 187              		@ args = 0, pretend = 0, frame = 0
 188              		@ frame_needed = 1, uses_anonymous_args = 0
 189              		@ link register save eliminated.
 190 00d0 80B4     		push	{r7}
 191              		.cfi_def_cfa_offset 4
 192              		.cfi_offset 7, -4
 193 00d2 00AF     		add	r7, sp, #0
 194              		.cfi_def_cfa_register 7
  88:../system/syscalls.c **** 	return 1;
 195              		.loc 1 88 0
 196 00d4 0123     		movs	r3, #1
  89:../system/syscalls.c **** }
 197              		.loc 1 89 0
 198 00d6 1846     		mov	r0, r3
 199 00d8 BD46     		mov	sp, r7
 200              		@ sp needed
 201 00da 5DF8047B 		ldr	r7, [sp], #4
 202 00de 7047     		bx	lr
 203              		.cfi_endproc
 204              	.LFE3:
 206              		.align	2
 207              		.global	_kill
 208              		.thumb
 209              		.thumb_func
 211              	_kill:
 212              	.LFB4:
  90:../system/syscalls.c **** 
  91:../system/syscalls.c **** int _kill(int pid, int sig)
  92:../system/syscalls.c **** {
 213              		.loc 1 92 0
 214              		.cfi_startproc
 215              		@ args = 0, pretend = 0, frame = 8
 216              		@ frame_needed = 1, uses_anonymous_args = 0
 217              		@ link register save eliminated.
 218 00e0 80B4     		push	{r7}
 219              		.cfi_def_cfa_offset 4
 220              		.cfi_offset 7, -4
 221 00e2 83B0     		sub	sp, sp, #12
 222              		.cfi_def_cfa_offset 16
 223 00e4 00AF     		add	r7, sp, #0
 224              		.cfi_def_cfa_register 7
 225 00e6 7860     		str	r0, [r7, #4]
 226 00e8 3960     		str	r1, [r7]
  93:../system/syscalls.c **** 	errno = EINVAL;
 227              		.loc 1 93 0
 228 00ea 40F20003 		movw	r3, #:lower16:errno
 229 00ee C0F20003 		movt	r3, #:upper16:errno
 230 00f2 1622     		movs	r2, #22
 231 00f4 1A60     		str	r2, [r3]
  94:../system/syscalls.c **** 	return -1;
 232              		.loc 1 94 0
 233 00f6 4FF0FF33 		mov	r3, #-1
  95:../system/syscalls.c **** }
 234              		.loc 1 95 0
 235 00fa 1846     		mov	r0, r3
 236 00fc 0C37     		adds	r7, r7, #12
 237 00fe BD46     		mov	sp, r7
 238              		@ sp needed
 239 0100 5DF8047B 		ldr	r7, [sp], #4
 240 0104 7047     		bx	lr
 241              		.cfi_endproc
 242              	.LFE4:
 244 0106 00BF     		.align	2
 245              		.global	_exit
 246              		.thumb
 247              		.thumb_func
 249              	_exit:
 250              	.LFB5:
  96:../system/syscalls.c **** 
  97:../system/syscalls.c **** void _exit (int status)
  98:../system/syscalls.c **** {
 251              		.loc 1 98 0
 252              		.cfi_startproc
 253              		@ args = 0, pretend = 0, frame = 8
 254              		@ frame_needed = 1, uses_anonymous_args = 0
 255 0108 80B5     		push	{r7, lr}
 256              		.cfi_def_cfa_offset 8
 257              		.cfi_offset 7, -8
 258              		.cfi_offset 14, -4
 259 010a 82B0     		sub	sp, sp, #8
 260              		.cfi_def_cfa_offset 16
 261 010c 00AF     		add	r7, sp, #0
 262              		.cfi_def_cfa_register 7
 263 010e 7860     		str	r0, [r7, #4]
  99:../system/syscalls.c **** 	_kill(status, -1);
 264              		.loc 1 99 0
 265 0110 7868     		ldr	r0, [r7, #4]
 266 0112 4FF0FF31 		mov	r1, #-1
 267 0116 FFF7FEFF 		bl	_kill
 268              	.L14:
 100:../system/syscalls.c **** 	while (1) {}
 269              		.loc 1 100 0 discriminator 1
 270 011a FEE7     		b	.L14
 271              		.cfi_endproc
 272              	.LFE5:
 274              		.align	2
 275              		.global	_write
 276              		.thumb
 277              		.thumb_func
 279              	_write:
 280              	.LFB6:
 101:../system/syscalls.c **** }
 102:../system/syscalls.c **** 
 103:../system/syscalls.c **** int _write(int file, char *ptr, int len)
 104:../system/syscalls.c **** {
 281              		.loc 1 104 0
 282              		.cfi_startproc
 283              		@ args = 0, pretend = 0, frame = 24
 284              		@ frame_needed = 1, uses_anonymous_args = 0
 285 011c 80B5     		push	{r7, lr}
 286              		.cfi_def_cfa_offset 8
 287              		.cfi_offset 7, -8
 288              		.cfi_offset 14, -4
 289 011e 86B0     		sub	sp, sp, #24
 290              		.cfi_def_cfa_offset 32
 291 0120 00AF     		add	r7, sp, #0
 292              		.cfi_def_cfa_register 7
 293 0122 F860     		str	r0, [r7, #12]
 294 0124 B960     		str	r1, [r7, #8]
 295 0126 7A60     		str	r2, [r7, #4]
 105:../system/syscalls.c **** 	int DataIdx;
 106:../system/syscalls.c **** 
 107:../system/syscalls.c **** 		for (DataIdx = 0; DataIdx < len; DataIdx++)
 296              		.loc 1 107 0
 297 0128 0023     		movs	r3, #0
 298 012a 7B61     		str	r3, [r7, #20]
 299 012c 09E0     		b	.L16
 300              	.L17:
 108:../system/syscalls.c **** 		{
 109:../system/syscalls.c **** 		   __io_putchar( *ptr++ );
 301              		.loc 1 109 0 discriminator 2
 302 012e BB68     		ldr	r3, [r7, #8]
 303 0130 5A1C     		adds	r2, r3, #1
 304 0132 BA60     		str	r2, [r7, #8]
 305 0134 1B78     		ldrb	r3, [r3]	@ zero_extendqisi2
 306 0136 1846     		mov	r0, r3
 307 0138 FFF7FEFF 		bl	__io_putchar
 107:../system/syscalls.c **** 		{
 308              		.loc 1 107 0 discriminator 2
 309 013c 7B69     		ldr	r3, [r7, #20]
 310 013e 0133     		adds	r3, r3, #1
 311 0140 7B61     		str	r3, [r7, #20]
 312              	.L16:
 107:../system/syscalls.c **** 		{
 313              		.loc 1 107 0 is_stmt 0 discriminator 1
 314 0142 7A69     		ldr	r2, [r7, #20]
 315 0144 7B68     		ldr	r3, [r7, #4]
 316 0146 9A42     		cmp	r2, r3
 317 0148 F1DB     		blt	.L17
 110:../system/syscalls.c **** 		}
 111:../system/syscalls.c **** 	return len;
 318              		.loc 1 111 0 is_stmt 1
 319 014a 7B68     		ldr	r3, [r7, #4]
 112:../system/syscalls.c **** }
 320              		.loc 1 112 0
 321 014c 1846     		mov	r0, r3
 322 014e 1837     		adds	r7, r7, #24
 323 0150 BD46     		mov	sp, r7
 324              		@ sp needed
 325 0152 80BD     		pop	{r7, pc}
 326              		.cfi_endproc
 327              	.LFE6:
 329              		.align	2
 330              		.global	_close
 331              		.thumb
 332              		.thumb_func
 334              	_close:
 335              	.LFB7:
 113:../system/syscalls.c **** 
 114:../system/syscalls.c **** int _close(int file)
 115:../system/syscalls.c **** {
 336              		.loc 1 115 0
 337              		.cfi_startproc
 338              		@ args = 0, pretend = 0, frame = 8
 339              		@ frame_needed = 1, uses_anonymous_args = 0
 340              		@ link register save eliminated.
 341 0154 80B4     		push	{r7}
 342              		.cfi_def_cfa_offset 4
 343              		.cfi_offset 7, -4
 344 0156 83B0     		sub	sp, sp, #12
 345              		.cfi_def_cfa_offset 16
 346 0158 00AF     		add	r7, sp, #0
 347              		.cfi_def_cfa_register 7
 348 015a 7860     		str	r0, [r7, #4]
 116:../system/syscalls.c **** 	return -1;
 349              		.loc 1 116 0
 350 015c 4FF0FF33 		mov	r3, #-1
 117:../system/syscalls.c **** }
 351              		.loc 1 117 0
 352 0160 1846     		mov	r0, r3
 353 0162 0C37     		adds	r7, r7, #12
 354 0164 BD46     		mov	sp, r7
 355              		@ sp needed
 356 0166 5DF8047B 		ldr	r7, [sp], #4
 357 016a 7047     		bx	lr
 358              		.cfi_endproc
 359              	.LFE7:
 361              		.align	2
 362              		.global	_fstat
 363              		.thumb
 364              		.thumb_func
 366              	_fstat:
 367              	.LFB8:
 118:../system/syscalls.c **** 
 119:../system/syscalls.c **** int _fstat(int file, struct stat *st)
 120:../system/syscalls.c **** {
 368              		.loc 1 120 0
 369              		.cfi_startproc
 370              		@ args = 0, pretend = 0, frame = 8
 371              		@ frame_needed = 1, uses_anonymous_args = 0
 372              		@ link register save eliminated.
 373 016c 80B4     		push	{r7}
 374              		.cfi_def_cfa_offset 4
 375              		.cfi_offset 7, -4
 376 016e 83B0     		sub	sp, sp, #12
 377              		.cfi_def_cfa_offset 16
 378 0170 00AF     		add	r7, sp, #0
 379              		.cfi_def_cfa_register 7
 380 0172 7860     		str	r0, [r7, #4]
 381 0174 3960     		str	r1, [r7]
 121:../system/syscalls.c **** 	st->st_mode = S_IFCHR;
 382              		.loc 1 121 0
 383 0176 3B68     		ldr	r3, [r7]
 384 0178 4FF40052 		mov	r2, #8192
 385 017c 5A60     		str	r2, [r3, #4]
 122:../system/syscalls.c **** 	return 0;
 386              		.loc 1 122 0
 387 017e 0023     		movs	r3, #0
 123:../system/syscalls.c **** }
 388              		.loc 1 123 0
 389 0180 1846     		mov	r0, r3
 390 0182 0C37     		adds	r7, r7, #12
 391 0184 BD46     		mov	sp, r7
 392              		@ sp needed
 393 0186 5DF8047B 		ldr	r7, [sp], #4
 394 018a 7047     		bx	lr
 395              		.cfi_endproc
 396              	.LFE8:
 398              		.align	2
 399              		.global	_isatty
 400              		.thumb
 401              		.thumb_func
 403              	_isatty:
 404              	.LFB9:
 124:../system/syscalls.c **** 
 125:../system/syscalls.c **** int _isatty(int file)
 126:../system/syscalls.c **** {
 405              		.loc 1 126 0
 406              		.cfi_startproc
 407              		@ args = 0, pretend = 0, frame = 8
 408              		@ frame_needed = 1, uses_anonymous_args = 0
 409              		@ link register save eliminated.
 410 018c 80B4     		push	{r7}
 411              		.cfi_def_cfa_offset 4
 412              		.cfi_offset 7, -4
 413 018e 83B0     		sub	sp, sp, #12
 414              		.cfi_def_cfa_offset 16
 415 0190 00AF     		add	r7, sp, #0
 416              		.cfi_def_cfa_register 7
 417 0192 7860     		str	r0, [r7, #4]
 127:../system/syscalls.c **** 	return 1;
 418              		.loc 1 127 0
 419 0194 0123     		movs	r3, #1
 128:../system/syscalls.c **** }
 420              		.loc 1 128 0
 421 0196 1846     		mov	r0, r3
 422 0198 0C37     		adds	r7, r7, #12
 423 019a BD46     		mov	sp, r7
 424              		@ sp needed
 425 019c 5DF8047B 		ldr	r7, [sp], #4
 426 01a0 7047     		bx	lr
 427              		.cfi_endproc
 428              	.LFE9:
 430 01a2 00BF     		.align	2
 431              		.global	_lseek
 432              		.thumb
 433              		.thumb_func
 435              	_lseek:
 436              	.LFB10:
 129:../system/syscalls.c **** 
 130:../system/syscalls.c **** int _lseek(int file, int ptr, int dir)
 131:../system/syscalls.c **** {
 437              		.loc 1 131 0
 438              		.cfi_startproc
 439              		@ args = 0, pretend = 0, frame = 16
 440              		@ frame_needed = 1, uses_anonymous_args = 0
 441              		@ link register save eliminated.
 442 01a4 80B4     		push	{r7}
 443              		.cfi_def_cfa_offset 4
 444              		.cfi_offset 7, -4
 445 01a6 85B0     		sub	sp, sp, #20
 446              		.cfi_def_cfa_offset 24
 447 01a8 00AF     		add	r7, sp, #0
 448              		.cfi_def_cfa_register 7
 449 01aa F860     		str	r0, [r7, #12]
 450 01ac B960     		str	r1, [r7, #8]
 451 01ae 7A60     		str	r2, [r7, #4]
 132:../system/syscalls.c **** 	return 0;
 452              		.loc 1 132 0
 453 01b0 0023     		movs	r3, #0
 133:../system/syscalls.c **** }
 454              		.loc 1 133 0
 455 01b2 1846     		mov	r0, r3
 456 01b4 1437     		adds	r7, r7, #20
 457 01b6 BD46     		mov	sp, r7
 458              		@ sp needed
 459 01b8 5DF8047B 		ldr	r7, [sp], #4
 460 01bc 7047     		bx	lr
 461              		.cfi_endproc
 462              	.LFE10:
 464 01be 00BF     		.align	2
 465              		.global	_read
 466              		.thumb
 467              		.thumb_func
 469              	_read:
 470              	.LFB11:
 134:../system/syscalls.c **** 
 135:../system/syscalls.c **** int _read(int file, char *ptr, int len)
 136:../system/syscalls.c **** {
 471              		.loc 1 136 0
 472              		.cfi_startproc
 473              		@ args = 0, pretend = 0, frame = 24
 474              		@ frame_needed = 1, uses_anonymous_args = 0
 475 01c0 90B5     		push	{r4, r7, lr}
 476              		.cfi_def_cfa_offset 12
 477              		.cfi_offset 4, -12
 478              		.cfi_offset 7, -8
 479              		.cfi_offset 14, -4
 480 01c2 87B0     		sub	sp, sp, #28
 481              		.cfi_def_cfa_offset 40
 482 01c4 00AF     		add	r7, sp, #0
 483              		.cfi_def_cfa_register 7
 484 01c6 F860     		str	r0, [r7, #12]
 485 01c8 B960     		str	r1, [r7, #8]
 486 01ca 7A60     		str	r2, [r7, #4]
 137:../system/syscalls.c **** 	int DataIdx;
 138:../system/syscalls.c **** 
 139:../system/syscalls.c **** 	for (DataIdx = 0; DataIdx < len; DataIdx++)
 487              		.loc 1 139 0
 488 01cc 0023     		movs	r3, #0
 489 01ce 7B61     		str	r3, [r7, #20]
 490 01d0 0AE0     		b	.L28
 491              	.L29:
 140:../system/syscalls.c **** 	{
 141:../system/syscalls.c **** 	  *ptr++ = __io_getchar();
 492              		.loc 1 141 0 discriminator 2
 493 01d2 BC68     		ldr	r4, [r7, #8]
 494 01d4 631C     		adds	r3, r4, #1
 495 01d6 BB60     		str	r3, [r7, #8]
 496 01d8 FFF7FEFF 		bl	__io_getchar
 497 01dc 0346     		mov	r3, r0
 498 01de DBB2     		uxtb	r3, r3
 499 01e0 2370     		strb	r3, [r4]
 139:../system/syscalls.c **** 	{
 500              		.loc 1 139 0 discriminator 2
 501 01e2 7B69     		ldr	r3, [r7, #20]
 502 01e4 0133     		adds	r3, r3, #1
 503 01e6 7B61     		str	r3, [r7, #20]
 504              	.L28:
 139:../system/syscalls.c **** 	{
 505              		.loc 1 139 0 is_stmt 0 discriminator 1
 506 01e8 7A69     		ldr	r2, [r7, #20]
 507 01ea 7B68     		ldr	r3, [r7, #4]
 508 01ec 9A42     		cmp	r2, r3
 509 01ee F0DB     		blt	.L29
 142:../system/syscalls.c **** 	}
 143:../system/syscalls.c **** 
 144:../system/syscalls.c ****    return len;
 510              		.loc 1 144 0 is_stmt 1
 511 01f0 7B68     		ldr	r3, [r7, #4]
 145:../system/syscalls.c **** }
 512              		.loc 1 145 0
 513 01f2 1846     		mov	r0, r3
 514 01f4 1C37     		adds	r7, r7, #28
 515 01f6 BD46     		mov	sp, r7
 516              		@ sp needed
 517 01f8 90BD     		pop	{r4, r7, pc}
 518              		.cfi_endproc
 519              	.LFE11:
 521 01fa 00BF     		.align	2
 522              		.global	_open
 523              		.thumb
 524              		.thumb_func
 526              	_open:
 527              	.LFB12:
 146:../system/syscalls.c **** 
 147:../system/syscalls.c **** int _open(char *path, int flags, ...)
 148:../system/syscalls.c **** {
 528              		.loc 1 148 0
 529              		.cfi_startproc
 530              		@ args = 4, pretend = 12, frame = 8
 531              		@ frame_needed = 1, uses_anonymous_args = 1
 532              		@ link register save eliminated.
 533 01fc 0EB4     		push	{r1, r2, r3}
 534              		.cfi_def_cfa_offset 12
 535              		.cfi_offset 1, -12
 536              		.cfi_offset 2, -8
 537              		.cfi_offset 3, -4
 538 01fe 80B4     		push	{r7}
 539              		.cfi_def_cfa_offset 16
 540              		.cfi_offset 7, -16
 541 0200 82B0     		sub	sp, sp, #8
 542              		.cfi_def_cfa_offset 24
 543 0202 00AF     		add	r7, sp, #0
 544              		.cfi_def_cfa_register 7
 545 0204 7860     		str	r0, [r7, #4]
 149:../system/syscalls.c **** 	/* Pretend like we always fail */
 150:../system/syscalls.c **** 	return -1;
 546              		.loc 1 150 0
 547 0206 4FF0FF33 		mov	r3, #-1
 151:../system/syscalls.c **** }
 548              		.loc 1 151 0
 549 020a 1846     		mov	r0, r3
 550 020c 0837     		adds	r7, r7, #8
 551 020e BD46     		mov	sp, r7
 552              		@ sp needed
 553 0210 5DF8047B 		ldr	r7, [sp], #4
 554 0214 03B0     		add	sp, sp, #12
 555 0216 7047     		bx	lr
 556              		.cfi_endproc
 557              	.LFE12:
 559              		.align	2
 560              		.global	_wait
 561              		.thumb
 562              		.thumb_func
 564              	_wait:
 565              	.LFB13:
 152:../system/syscalls.c **** 
 153:../system/syscalls.c **** int _wait(int *status)
 154:../system/syscalls.c **** {
 566              		.loc 1 154 0
 567              		.cfi_startproc
 568              		@ args = 0, pretend = 0, frame = 8
 569              		@ frame_needed = 1, uses_anonymous_args = 0
 570              		@ link register save eliminated.
 571 0218 80B4     		push	{r7}
 572              		.cfi_def_cfa_offset 4
 573              		.cfi_offset 7, -4
 574 021a 83B0     		sub	sp, sp, #12
 575              		.cfi_def_cfa_offset 16
 576 021c 00AF     		add	r7, sp, #0
 577              		.cfi_def_cfa_register 7
 578 021e 7860     		str	r0, [r7, #4]
 155:../system/syscalls.c **** 	errno = ECHILD;
 579              		.loc 1 155 0
 580 0220 40F20003 		movw	r3, #:lower16:errno
 581 0224 C0F20003 		movt	r3, #:upper16:errno
 582 0228 0A22     		movs	r2, #10
 583 022a 1A60     		str	r2, [r3]
 156:../system/syscalls.c **** 	return -1;
 584              		.loc 1 156 0
 585 022c 4FF0FF33 		mov	r3, #-1
 157:../system/syscalls.c **** }
 586              		.loc 1 157 0
 587 0230 1846     		mov	r0, r3
 588 0232 0C37     		adds	r7, r7, #12
 589 0234 BD46     		mov	sp, r7
 590              		@ sp needed
 591 0236 5DF8047B 		ldr	r7, [sp], #4
 592 023a 7047     		bx	lr
 593              		.cfi_endproc
 594              	.LFE13:
 596              		.align	2
 597              		.global	_unlink
 598              		.thumb
 599              		.thumb_func
 601              	_unlink:
 602              	.LFB14:
 158:../system/syscalls.c **** 
 159:../system/syscalls.c **** int _unlink(char *name)
 160:../system/syscalls.c **** {
 603              		.loc 1 160 0
 604              		.cfi_startproc
 605              		@ args = 0, pretend = 0, frame = 8
 606              		@ frame_needed = 1, uses_anonymous_args = 0
 607              		@ link register save eliminated.
 608 023c 80B4     		push	{r7}
 609              		.cfi_def_cfa_offset 4
 610              		.cfi_offset 7, -4
 611 023e 83B0     		sub	sp, sp, #12
 612              		.cfi_def_cfa_offset 16
 613 0240 00AF     		add	r7, sp, #0
 614              		.cfi_def_cfa_register 7
 615 0242 7860     		str	r0, [r7, #4]
 161:../system/syscalls.c **** 	errno = ENOENT;
 616              		.loc 1 161 0
 617 0244 40F20003 		movw	r3, #:lower16:errno
 618 0248 C0F20003 		movt	r3, #:upper16:errno
 619 024c 0222     		movs	r2, #2
 620 024e 1A60     		str	r2, [r3]
 162:../system/syscalls.c **** 	return -1;
 621              		.loc 1 162 0
 622 0250 4FF0FF33 		mov	r3, #-1
 163:../system/syscalls.c **** }
 623              		.loc 1 163 0
 624 0254 1846     		mov	r0, r3
 625 0256 0C37     		adds	r7, r7, #12
 626 0258 BD46     		mov	sp, r7
 627              		@ sp needed
 628 025a 5DF8047B 		ldr	r7, [sp], #4
 629 025e 7047     		bx	lr
 630              		.cfi_endproc
 631              	.LFE14:
 633              		.align	2
 634              		.global	_times
 635              		.thumb
 636              		.thumb_func
 638              	_times:
 639              	.LFB15:
 164:../system/syscalls.c **** 
 165:../system/syscalls.c **** int _times(struct tms *buf)
 166:../system/syscalls.c **** {
 640              		.loc 1 166 0
 641              		.cfi_startproc
 642              		@ args = 0, pretend = 0, frame = 8
 643              		@ frame_needed = 1, uses_anonymous_args = 0
 644              		@ link register save eliminated.
 645 0260 80B4     		push	{r7}
 646              		.cfi_def_cfa_offset 4
 647              		.cfi_offset 7, -4
 648 0262 83B0     		sub	sp, sp, #12
 649              		.cfi_def_cfa_offset 16
 650 0264 00AF     		add	r7, sp, #0
 651              		.cfi_def_cfa_register 7
 652 0266 7860     		str	r0, [r7, #4]
 167:../system/syscalls.c **** 	return -1;
 653              		.loc 1 167 0
 654 0268 4FF0FF33 		mov	r3, #-1
 168:../system/syscalls.c **** }
 655              		.loc 1 168 0
 656 026c 1846     		mov	r0, r3
 657 026e 0C37     		adds	r7, r7, #12
 658 0270 BD46     		mov	sp, r7
 659              		@ sp needed
 660 0272 5DF8047B 		ldr	r7, [sp], #4
 661 0276 7047     		bx	lr
 662              		.cfi_endproc
 663              	.LFE15:
 665              		.align	2
 666              		.global	_stat
 667              		.thumb
 668              		.thumb_func
 670              	_stat:
 671              	.LFB16:
 169:../system/syscalls.c **** 
 170:../system/syscalls.c **** int _stat(char *file, struct stat *st)
 171:../system/syscalls.c **** {
 672              		.loc 1 171 0
 673              		.cfi_startproc
 674              		@ args = 0, pretend = 0, frame = 8
 675              		@ frame_needed = 1, uses_anonymous_args = 0
 676              		@ link register save eliminated.
 677 0278 80B4     		push	{r7}
 678              		.cfi_def_cfa_offset 4
 679              		.cfi_offset 7, -4
 680 027a 83B0     		sub	sp, sp, #12
 681              		.cfi_def_cfa_offset 16
 682 027c 00AF     		add	r7, sp, #0
 683              		.cfi_def_cfa_register 7
 684 027e 7860     		str	r0, [r7, #4]
 685 0280 3960     		str	r1, [r7]
 172:../system/syscalls.c **** 	st->st_mode = S_IFCHR;
 686              		.loc 1 172 0
 687 0282 3B68     		ldr	r3, [r7]
 688 0284 4FF40052 		mov	r2, #8192
 689 0288 5A60     		str	r2, [r3, #4]
 173:../system/syscalls.c **** 	return 0;
 690              		.loc 1 173 0
 691 028a 0023     		movs	r3, #0
 174:../system/syscalls.c **** }
 692              		.loc 1 174 0
 693 028c 1846     		mov	r0, r3
 694 028e 0C37     		adds	r7, r7, #12
 695 0290 BD46     		mov	sp, r7
 696              		@ sp needed
 697 0292 5DF8047B 		ldr	r7, [sp], #4
 698 0296 7047     		bx	lr
 699              		.cfi_endproc
 700              	.LFE16:
 702              		.align	2
 703              		.global	_link
 704              		.thumb
 705              		.thumb_func
 707              	_link:
 708              	.LFB17:
 175:../system/syscalls.c **** 
 176:../system/syscalls.c **** int _link(char *old, char *new)
 177:../system/syscalls.c **** {
 709              		.loc 1 177 0
 710              		.cfi_startproc
 711              		@ args = 0, pretend = 0, frame = 8
 712              		@ frame_needed = 1, uses_anonymous_args = 0
 713              		@ link register save eliminated.
 714 0298 80B4     		push	{r7}
 715              		.cfi_def_cfa_offset 4
 716              		.cfi_offset 7, -4
 717 029a 83B0     		sub	sp, sp, #12
 718              		.cfi_def_cfa_offset 16
 719 029c 00AF     		add	r7, sp, #0
 720              		.cfi_def_cfa_register 7
 721 029e 7860     		str	r0, [r7, #4]
 722 02a0 3960     		str	r1, [r7]
 178:../system/syscalls.c **** 	errno = EMLINK;
 723              		.loc 1 178 0
 724 02a2 40F20003 		movw	r3, #:lower16:errno
 725 02a6 C0F20003 		movt	r3, #:upper16:errno
 726 02aa 1F22     		movs	r2, #31
 727 02ac 1A60     		str	r2, [r3]
 179:../system/syscalls.c **** 	return -1;
 728              		.loc 1 179 0
 729 02ae 4FF0FF33 		mov	r3, #-1
 180:../system/syscalls.c **** }
 730              		.loc 1 180 0
 731 02b2 1846     		mov	r0, r3
 732 02b4 0C37     		adds	r7, r7, #12
 733 02b6 BD46     		mov	sp, r7
 734              		@ sp needed
 735 02b8 5DF8047B 		ldr	r7, [sp], #4
 736 02bc 7047     		bx	lr
 737              		.cfi_endproc
 738              	.LFE17:
 740 02be 00BF     		.align	2
 741              		.global	_fork
 742              		.thumb
 743              		.thumb_func
 745              	_fork:
 746              	.LFB18:
 181:../system/syscalls.c **** 
 182:../system/syscalls.c **** int _fork(void)
 183:../system/syscalls.c **** {
 747              		.loc 1 183 0
 748              		.cfi_startproc
 749              		@ args = 0, pretend = 0, frame = 0
 750              		@ frame_needed = 1, uses_anonymous_args = 0
 751              		@ link register save eliminated.
 752 02c0 80B4     		push	{r7}
 753              		.cfi_def_cfa_offset 4
 754              		.cfi_offset 7, -4
 755 02c2 00AF     		add	r7, sp, #0
 756              		.cfi_def_cfa_register 7
 184:../system/syscalls.c **** 	errno = EAGAIN;
 757              		.loc 1 184 0
 758 02c4 40F20003 		movw	r3, #:lower16:errno
 759 02c8 C0F20003 		movt	r3, #:upper16:errno
 760 02cc 0B22     		movs	r2, #11
 761 02ce 1A60     		str	r2, [r3]
 185:../system/syscalls.c **** 	return -1;
 762              		.loc 1 185 0
 763 02d0 4FF0FF33 		mov	r3, #-1
 186:../system/syscalls.c **** }
 764              		.loc 1 186 0
 765 02d4 1846     		mov	r0, r3
 766 02d6 BD46     		mov	sp, r7
 767              		@ sp needed
 768 02d8 5DF8047B 		ldr	r7, [sp], #4
 769 02dc 7047     		bx	lr
 770              		.cfi_endproc
 771              	.LFE18:
 773 02de 00BF     		.align	2
 774              		.global	_execve
 775              		.thumb
 776              		.thumb_func
 778              	_execve:
 779              	.LFB19:
 187:../system/syscalls.c **** 
 188:../system/syscalls.c **** int _execve(char *name, char **argv, char **env)
 189:../system/syscalls.c **** {
 780              		.loc 1 189 0
 781              		.cfi_startproc
 782              		@ args = 0, pretend = 0, frame = 16
 783              		@ frame_needed = 1, uses_anonymous_args = 0
 784              		@ link register save eliminated.
 785 02e0 80B4     		push	{r7}
 786              		.cfi_def_cfa_offset 4
 787              		.cfi_offset 7, -4
 788 02e2 85B0     		sub	sp, sp, #20
 789              		.cfi_def_cfa_offset 24
 790 02e4 00AF     		add	r7, sp, #0
 791              		.cfi_def_cfa_register 7
 792 02e6 F860     		str	r0, [r7, #12]
 793 02e8 B960     		str	r1, [r7, #8]
 794 02ea 7A60     		str	r2, [r7, #4]
 190:../system/syscalls.c **** 	errno = ENOMEM;
 795              		.loc 1 190 0
 796 02ec 40F20003 		movw	r3, #:lower16:errno
 797 02f0 C0F20003 		movt	r3, #:upper16:errno
 798 02f4 0C22     		movs	r2, #12
 799 02f6 1A60     		str	r2, [r3]
 191:../system/syscalls.c **** 	return -1;
 800              		.loc 1 191 0
 801 02f8 4FF0FF33 		mov	r3, #-1
 192:../system/syscalls.c **** }
 802              		.loc 1 192 0
 803 02fc 1846     		mov	r0, r3
 804 02fe 1437     		adds	r7, r7, #20
 805 0300 BD46     		mov	sp, r7
 806              		@ sp needed
 807 0302 5DF8047B 		ldr	r7, [sp], #4
 808 0306 7047     		bx	lr
 809              		.cfi_endproc
 810              	.LFE19:
 812              		.bss
 813              		.align	2
 814              	heap_end.5617:
 815 0000 00000000 		.space	4
 816              		.weak	__io_getchar
 817              		.weak	__io_putchar
 818              		.text
 819              	.Letext0:
 820              		.file 2 "c:\\program files (x86)\\codesourcery\\arm-none-eabi\\include\\sys\\_types.h"
 821              		.file 3 "c:\\program files (x86)\\codesourcery\\arm-none-eabi\\include\\sys\\types.h"
 822              		.file 4 "c:\\program files (x86)\\codesourcery\\arm-none-eabi\\include\\sys\\stat.h"
 823              		.file 5 "c:\\program files (x86)\\codesourcery\\arm-none-eabi\\include\\sys\\time.h"
 824              		.file 6 "c:\\program files (x86)\\codesourcery\\arm-none-eabi\\include\\sys\\times.h"
 825              		.file 7 "c:\\program files (x86)\\codesourcery\\arm-none-eabi\\include\\sys\\wait.h"
 826              		.file 8 "c:\\program files (x86)\\codesourcery\\arm-none-eabi\\include\\sys\\unistd.h"
DEFINED SYMBOLS
                            *ABS*:00000000 syscalls.c
C:\Users\sagok\AppData\Local\Temp\ccycBLIN.s:18     .text:00000000 $t
C:\Users\sagok\AppData\Local\Temp\ccycBLIN.s:23     .text:00000000 _sbrk
C:\Users\sagok\AppData\Local\Temp\ccycBLIN.s:814    .bss:00000000 heap_end.5617
C:\Users\sagok\AppData\Local\Temp\ccycBLIN.s:112    .text:00000098 _gettimeofday
C:\Users\sagok\AppData\Local\Temp\ccycBLIN.s:158    .text:000000c4 initialise_monitor_handles
C:\Users\sagok\AppData\Local\Temp\ccycBLIN.s:183    .text:000000d0 _getpid
C:\Users\sagok\AppData\Local\Temp\ccycBLIN.s:211    .text:000000e0 _kill
C:\Users\sagok\AppData\Local\Temp\ccycBLIN.s:249    .text:00000108 _exit
C:\Users\sagok\AppData\Local\Temp\ccycBLIN.s:279    .text:0000011c _write
C:\Users\sagok\AppData\Local\Temp\ccycBLIN.s:334    .text:00000154 _close
C:\Users\sagok\AppData\Local\Temp\ccycBLIN.s:366    .text:0000016c _fstat
C:\Users\sagok\AppData\Local\Temp\ccycBLIN.s:403    .text:0000018c _isatty
C:\Users\sagok\AppData\Local\Temp\ccycBLIN.s:435    .text:000001a4 _lseek
C:\Users\sagok\AppData\Local\Temp\ccycBLIN.s:469    .text:000001c0 _read
C:\Users\sagok\AppData\Local\Temp\ccycBLIN.s:526    .text:000001fc _open
C:\Users\sagok\AppData\Local\Temp\ccycBLIN.s:564    .text:00000218 _wait
C:\Users\sagok\AppData\Local\Temp\ccycBLIN.s:601    .text:0000023c _unlink
C:\Users\sagok\AppData\Local\Temp\ccycBLIN.s:638    .text:00000260 _times
C:\Users\sagok\AppData\Local\Temp\ccycBLIN.s:670    .text:00000278 _stat
C:\Users\sagok\AppData\Local\Temp\ccycBLIN.s:707    .text:00000298 _link
C:\Users\sagok\AppData\Local\Temp\ccycBLIN.s:745    .text:000002c0 _fork
C:\Users\sagok\AppData\Local\Temp\ccycBLIN.s:778    .text:000002e0 _execve
C:\Users\sagok\AppData\Local\Temp\ccycBLIN.s:813    .bss:00000000 $d
                     .debug_frame:00000010 $d
                           .group:00000000 wm4.1.7f551ac7fcad8b79b9df4bfdaa536673
                           .group:00000000 wm4.newlib.h.8.384a112feabb3bef7b573ae48cde2e3b
                           .group:00000000 wm4.features.h.22.6a4ca7cd053637cc1d0db6c16f39b2d7
                           .group:00000000 wm4.config.h.183.aa62afef667fb61d15fa64c48beb2f14
                           .group:00000000 wm4._ansi.h.23.5644b60c990a4800b02a6e654e88f93a
                           .group:00000000 wm4._default_types.h.6.5e12cd604db8ce00b62bb2f02708eaf3
                           .group:00000000 wm4.lock.h.2.9bc98482741e5e2a9450b12934a684ea
                           .group:00000000 wm4._types.h.59.db8450f33c1f6150c0372fa1091a887a
                           .group:00000000 wm4.stddef.h.348.9a99de77b6ba3b4278b57e9cc6d6e349
                           .group:00000000 wm4.stddef.h.39.daafd3d79fe2f3a84d2d73d7d4e706f8
                           .group:00000000 wm4.types.h.2.e9cec8c90ab35f77d9f499e06ae02400
                           .group:00000000 wm4.types.h.80.5759fe41f87f5211a5952dfb1fc64f19
                           .group:00000000 wm4.reent.h.11.cdc6b9835fd4377c5e4e792d4b8b5c92
                           .group:00000000 wm4.time.h.18.1e44bc92a804b8ed5883bff67e942ef3
                           .group:00000000 wm4.stddef.h.158.a7efb00f6cbc6f43213b50e183c9830c
                           .group:00000000 wm4.time.h.2.9857e62ad6ac99431e29d58067232314
                           .group:00000000 wm4.time.h.33.2db942e4813f409d84064add1c13087b
                           .group:00000000 wm4.stat.h.69.169a67369ef31f6ea38a12bc9ba4e5dd
                           .group:00000000 wm4._default_fcntl.h.6.d036cf640d0f9a06bcff1be55acd66be
                           .group:00000000 wm4.fcntl.h.9.9336f33d7f5028f694c75e6e224e0cf7
                           .group:00000000 wm4.stdio.h.27.3fc80220048df77954e38daec3bb9670
                           .group:00000000 wm4.stdarg.h.34.3a23a216c0c293b3d2ea2e89281481e6
                           .group:00000000 wm4.stdio.h.2.4aa87247282eca6c8f36f9de33d8df1a
                           .group:00000000 wm4.stdio.h.64.f9f1bb6b0d3d7e12f6a27968d859709c
                           .group:00000000 wm4.stdint.h.10.90b695f550ca6cc3fb08fa83baf01e05
                           .group:00000000 wm4.cdefs.h.56.efab90f4d89fbc41d6b3a5c5fb0d3d0f
                           .group:00000000 wm4.string.h.15.dab3980bf35408a4c507182805e2de3a
                           .group:00000000 wm4.string.h.126.6ff3aa59129e7f66b2c273baf353e066
                           .group:00000000 wm4.time.h.6.45883bffa9c9968c5b4b5ace5f5b1c66
                           .group:00000000 wm4.errno.h.2.5b3f581717bc0b96d84329979b470db5
                           .group:00000000 wm4.errno.h.9.27c0e4675a4953ac89728c8920f6fca7
                           .group:00000000 wm4.reent.h.91.faac4d0ac97c0fcf23d10d0786197642
                           .group:00000000 wm4.unistd.h.2.6ce1b91c4223f6078c1b210c7538c1d2
                           .group:00000000 wm4.unistd.h.257.b16c83b1e0348c477904c5e48c921565
                           .group:00000000 wm4.wait.h.2.c6881838e675605d6b0b25538f5f97e0

UNDEFINED SYMBOLS
end
errno
__io_putchar
__io_getchar
